2025-08-22 11:27:01,644 | INFO |   写出: xyz_output\feet\001_foot_L.xyz | 点数=4096 | 含法向量
2025-08-22 11:27:01,666 | INFO |   写出: xyz_output\feet\001_foot_R.xyz | 点数=4068 | 含法向量
2025-08-22 11:27:01,685 | INFO |   写出: xyz_output\feet\002_foot_L.xyz | 点数=4094 | 含法向量
2025-08-22 11:27:01,705 | INFO |   写出: xyz_output\feet\002_foot_R.xyz | 点数=4095 | 含法向量
2025-08-22 11:27:01,723 | INFO |   写出: xyz_output\feet\003_foot_L.xyz | 点数=4096 | 含法向量
2025-08-22 11:27:01,740 | INFO |   写出: xyz_output\feet\003_foot_R.xyz | 点数=4096 | 含法向量
2025-08-22 11:27:01,758 | INFO |   写出: xyz_output\feet\004_foot_L.xyz | 点数=4072 | 含法向量
2025-08-22 11:27:01,777 | INFO |   写出: xyz_output\feet\004_foot_R.xyz | 点数=4079 | 含法向量
2025-08-22 11:27:01,795 | INFO |   写出: xyz_output\feet\005_foot_L.xyz | 点数=4095 | 含法向量
2025-08-22 11:27:01,812 | INFO |   写出: xyz_output\feet\005_foot_R.xyz | 点数=4081 | 含法向量
2025-08-22 11:27:01,831 | INFO |   写出: xyz_output\feet\006_foot_L.xyz | 点数=4080 | 含法向量
2025-08-22 11:27:01,848 | INFO |   写出: xyz_output\feet\006_foot_R.xyz | 点数=4057 | 含法向量
2025-08-22 11:27:01,869 | INFO |   写出: xyz_output\feet\007_foot_L.xyz | 点数=4096 | 含法向量
2025-08-22 11:27:01,886 | INFO |   写出: xyz_output\feet\007_foot_R.xyz | 点数=4096 | 含法向量
2025-08-22 11:27:01,896 | INFO |   写出: xyz_output\feet\008_foot_L.xyz | 点数=2147 | 含法向量
2025-08-22 11:27:01,914 | INFO |   写出: xyz_output\feet\008_foot_R.xyz | 点数=3866 | 含法向量
2025-08-22 11:27:01,931 | INFO |   写出: xyz_output\feet\009_foot_L.xyz | 点数=4096 | 含法向量
2025-08-22 11:27:01,941 | INFO |   写出: xyz_output\feet\009_foot_R.xyz | 点数=1805 | 含法向量
2025-08-22 11:27:01,947 | INFO |   写出: xyz_output\feet\010_foot_L.xyz | 点数=1050 | 含法向量
2025-08-22 11:27:01,957 | INFO |   写出: xyz_output\feet\010_foot_R.xyz | 点数=1784 | 含法向量
2025-08-22 11:27:01,968 | INFO |   写出: xyz_output\feet\011_foot_L.xyz | 点数=2745 | 含法向量
2025-08-22 11:27:01,982 | INFO |   写出: xyz_output\feet\011_foot_R.xyz | 点数=2745 | 含法向量
2025-08-22 11:27:01,990 | INFO |   写出: xyz_output\feet\012_foot_L.xyz | 点数=1931 | 含法向量
2025-08-22 11:27:02,010 | INFO |   写出: xyz_output\feet\012_foot_R.xyz | 点数=4075 | 含法向量
2025-08-22 11:27:02,026 | INFO |   写出: xyz_output\feet\013_foot_L.xyz | 点数=4075 | 含法向量
2025-08-22 11:27:02,044 | INFO |   写出: xyz_output\feet\013_foot_R.xyz | 点数=4075 | 含法向量
2025-08-22 11:27:02,064 | INFO |   写出: xyz_output\feet\014_foot_L.xyz | 点数=4075 | 含法向量
2025-08-22 11:27:02,080 | INFO |   写出: xyz_output\feet\014_foot_R.xyz | 点数=4096 | 含法向量
2025-08-22 11:27:02,101 | INFO |   写出: xyz_output\feet\015_foot_L.xyz | 点数=4096 | 含法向量
2025-08-22 11:27:02,119 | INFO |   写出: xyz_output\feet\015_foot_R.xyz | 点数=4096 | 含法向量
2025-08-22 11:27:02,139 | INFO |   写出: xyz_output\feet\016_foot_L.xyz | 点数=4096 | 含法向量
2025-08-22 11:27:02,157 | INFO |   写出: xyz_output\feet\016_foot_R.xyz | 点数=4096 | 含法向量
2025-08-22 11:27:02,175 | INFO |   写出: xyz_output\feet\017_foot_L.xyz | 点数=4096 | 含法向量
2025-08-22 11:27:02,198 | INFO |   写出: xyz_output\feet\017_foot_R.xyz | 点数=4096 | 含法向量
2025-08-22 11:27:02,221 | INFO |   写出: xyz_output\feet\018_foot_L.xyz | 点数=4096 | 含法向量
2025-08-22 11:27:02,247 | INFO |   写出: xyz_output\feet\018_foot_R.xyz | 点数=4096 | 含法向量
2025-08-22 11:27:02,265 | INFO |   写出: xyz_output\feet\019_foot_L.xyz | 点数=4096 | 含法向量
2025-08-22 11:27:02,285 | INFO |   写出: xyz_output\feet\019_foot_R.xyz | 点数=4096 | 含法向量
2025-08-22 11:27:02,304 | INFO |   写出: xyz_output\feet\020_foot_L.xyz | 点数=4096 | 含法向量
2025-08-22 11:27:02,325 | INFO |   写出: xyz_output\feet\020_foot_R.xyz | 点数=4096 | 含法向量
2025-08-22 11:27:02,346 | INFO |   写出: xyz_output\feet\021_foot_L.xyz | 点数=4096 | 含法向量
2025-08-22 11:27:02,363 | INFO |   写出: xyz_output\feet\021_foot_R.xyz | 点数=4096 | 含法向量
2025-08-22 11:27:02,381 | INFO |   写出: xyz_output\feet\022_foot_L.xyz | 点数=4096 | 含法向量
2025-08-22 11:27:02,401 | INFO |   写出: xyz_output\feet\022_foot_R.xyz | 点数=4096 | 含法向量
2025-08-22 11:27:02,420 | INFO |   写出: xyz_output\feet\023_foot_L.xyz | 点数=4096 | 含法向量
2025-08-22 11:27:02,440 | INFO |   写出: xyz_output\feet\023_foot_R.xyz | 点数=4096 | 含法向量
2025-08-22 11:27:02,460 | INFO |   写出: xyz_output\feet\024_foot_L.xyz | 点数=4096 | 含法向量
2025-08-22 11:27:02,480 | INFO |   写出: xyz_output\feet\024_foot_R.xyz | 点数=4096 | 含法向量
2025-08-22 11:27:02,499 | INFO |   写出: xyz_output\feet\025_foot_L.xyz | 点数=4096 | 含法向量
2025-08-22 11:27:02,521 | INFO |   写出: xyz_output\feet\025_foot_R.xyz | 点数=4096 | 含法向量
2025-08-22 11:27:02,537 | INFO |   写出: xyz_output\feet\026_foot_L.xyz | 点数=4096 | 含法向量
2025-08-22 11:27:02,554 | INFO |   写出: xyz_output\feet\026_foot_R.xyz | 点数=4096 | 含法向量
2025-08-22 11:27:02,573 | INFO |   写出: xyz_output\feet\027_foot_L.xyz | 点数=4096 | 含法向量
2025-08-22 11:27:02,591 | INFO |   写出: xyz_output\feet\027_foot_R.xyz | 点数=4096 | 含法向量
2025-08-22 11:27:02,612 | INFO |   写出: xyz_output\feet\028_foot_L.xyz | 点数=4096 | 含法向量
2025-08-22 11:27:02,631 | INFO |   写出: xyz_output\feet\028_foot_R.xyz | 点数=4096 | 含法向量
2025-08-22 11:27:02,649 | INFO |   写出: xyz_output\feet\029_foot_L.xyz | 点数=4096 | 含法向量
2025-08-22 11:27:02,666 | INFO |   写出: xyz_output\feet\029_foot_R.xyz | 点数=4096 | 含法向量
2025-08-22 11:27:02,684 | INFO |   写出: xyz_output\feet\030_foot_L.xyz | 点数=4096 | 含法向量
2025-08-22 11:27:02,702 | INFO |   写出: xyz_output\feet\030_foot_R.xyz | 点数=4096 | 含法向量
2025-08-22 11:27:02,719 | INFO |   写出: xyz_output\feet\031_foot_L.xyz | 点数=4096 | 含法向量
2025-08-22 11:27:02,736 | INFO |   写出: xyz_output\feet\031_foot_R.xyz | 点数=4096 | 含法向量
2025-08-22 11:27:02,755 | INFO |   写出: xyz_output\feet\032_foot_L.xyz | 点数=4096 | 含法向量
2025-08-22 11:27:02,773 | INFO |   写出: xyz_output\feet\032_foot_R.xyz | 点数=4096 | 含法向量
2025-08-22 11:27:02,792 | INFO |   写出: xyz_output\feet\033_foot_L.xyz | 点数=4096 | 含法向量
2025-08-22 11:27:02,813 | INFO |   写出: xyz_output\feet\033_foot_R.xyz | 点数=4096 | 含法向量
2025-08-22 11:27:02,833 | INFO |   写出: xyz_output\feet\034_foot_L.xyz | 点数=4096 | 含法向量
2025-08-22 11:27:02,878 | INFO |   写出: xyz_output\feet\034_foot_R.xyz | 点数=4096 | 含法向量
2025-08-22 11:27:02,917 | INFO |   写出: xyz_output\feet\035_foot_L.xyz | 点数=4096 | 含法向量
2025-08-22 11:27:03,018 | INFO |   写出: xyz_output\feet\035_foot_R.xyz | 点数=4096 | 含法向量
2025-08-22 11:27:03,060 | INFO |   写出: xyz_output\feet\036_foot_L.xyz | 点数=4096 | 含法向量
2025-08-22 11:27:03,080 | INFO |   写出: xyz_output\feet\036_foot_R.xyz | 点数=4096 | 含法向量
2025-08-22 11:27:03,098 | INFO |   写出: xyz_output\feet\037_foot_L.xyz | 点数=4096 | 含法向量
2025-08-22 11:27:03,121 | INFO |   写出: xyz_output\feet\037_foot_R.xyz | 点数=4096 | 含法向量
2025-08-22 11:27:03,143 | INFO |   写出: xyz_output\feet\038_foot_L.xyz | 点数=4096 | 含法向量
2025-08-22 11:27:03,163 | INFO |   写出: xyz_output\feet\038_foot_R.xyz | 点数=4096 | 含法向量
2025-08-22 11:27:03,181 | INFO |   写出: xyz_output\feet\039_foot_L.xyz | 点数=4096 | 含法向量
2025-08-22 11:27:03,203 | INFO |   写出: xyz_output\feet\039_foot_R.xyz | 点数=4096 | 含法向量
2025-08-22 11:27:03,221 | INFO |   写出: xyz_output\feet\040_foot_L.xyz | 点数=4096 | 含法向量
2025-08-22 11:27:03,245 | INFO |   写出: xyz_output\feet\040_foot_R.xyz | 点数=4096 | 含法向量
2025-08-22 11:27:03,273 | INFO |   写出: xyz_output\feet\041_foot_L.xyz | 点数=4096 | 含法向量
2025-08-22 11:27:03,293 | INFO |   写出: xyz_output\feet\041_foot_R.xyz | 点数=4096 | 含法向量
2025-08-22 11:27:03,313 | INFO |   写出: xyz_output\feet\042_foot_L.xyz | 点数=4096 | 含法向量
2025-08-22 11:27:03,332 | INFO |   写出: xyz_output\feet\042_foot_R.xyz | 点数=4096 | 含法向量
2025-08-22 11:27:03,350 | INFO |   写出: xyz_output\feet\043_foot_L.xyz | 点数=4096 | 含法向量
2025-08-22 11:27:03,367 | INFO |   写出: xyz_output\feet\043_foot_R.xyz | 点数=4096 | 含法向量
2025-08-22 11:27:03,385 | INFO |   写出: xyz_output\feet\044_foot_L.xyz | 点数=4096 | 含法向量
2025-08-22 11:27:03,403 | INFO |   写出: xyz_output\feet\044_foot_R.xyz | 点数=4096 | 含法向量
2025-08-22 11:27:03,423 | INFO |   写出: xyz_output\feet\045_foot_L.xyz | 点数=4096 | 含法向量
2025-08-22 11:27:03,441 | INFO |   写出: xyz_output\feet\045_foot_R.xyz | 点数=4096 | 含法向量
2025-08-22 11:27:03,460 | INFO |   写出: xyz_output\feet\046_foot_L.xyz | 点数=4096 | 含法向量
2025-08-22 11:27:03,477 | INFO |   写出: xyz_output\feet\046_foot_R.xyz | 点数=4096 | 含法向量
2025-08-22 11:27:03,493 | INFO |   写出: xyz_output\feet\047_foot_L.xyz | 点数=4096 | 含法向量
2025-08-22 11:27:03,513 | INFO |   写出: xyz_output\feet\047_foot_R.xyz | 点数=4096 | 含法向量
2025-08-22 11:27:03,530 | INFO |   写出: xyz_output\feet\048_foot_L.xyz | 点数=4096 | 含法向量
2025-08-22 11:27:03,547 | INFO |   写出: xyz_output\feet\048_foot_R.xyz | 点数=4096 | 含法向量
2025-08-22 11:27:03,564 | INFO |   写出: xyz_output\feet\049_foot_L.xyz | 点数=4096 | 含法向量
2025-08-22 11:27:03,582 | INFO |   写出: xyz_output\feet\049_foot_R.xyz | 点数=4096 | 含法向量
2025-08-22 11:27:03,601 | INFO |   写出: xyz_output\feet\050_foot_L.xyz | 点数=4096 | 含法向量
2025-08-22 11:27:03,618 | INFO |   写出: xyz_output\feet\050_foot_R.xyz | 点数=4096 | 含法向量
2025-08-22 11:27:03,636 | INFO |   写出: xyz_output\feet\051_foot_L.xyz | 点数=4096 | 含法向量
2025-08-22 11:27:03,655 | INFO |   写出: xyz_output\feet\051_foot_R.xyz | 点数=4096 | 含法向量
2025-08-22 11:27:03,673 | INFO |   写出: xyz_output\feet\052_foot_L.xyz | 点数=4096 | 含法向量
2025-08-22 11:27:03,690 | INFO |   写出: xyz_output\feet\052_foot_R.xyz | 点数=4096 | 含法向量
2025-08-22 11:27:03,707 | INFO |   写出: xyz_output\feet\053_foot_L.xyz | 点数=4096 | 含法向量
2025-08-22 11:27:03,726 | INFO |   写出: xyz_output\feet\053_foot_R.xyz | 点数=4096 | 含法向量
2025-08-22 11:27:03,748 | INFO |   写出: xyz_output\feet\054_foot_L.xyz | 点数=4096 | 含法向量
2025-08-22 11:27:03,768 | INFO |   写出: xyz_output\feet\054_foot_R.xyz | 点数=4096 | 含法向量
2025-08-22 11:27:03,787 | INFO |   写出: xyz_output\feet\055_foot_L.xyz | 点数=4096 | 含法向量
2025-08-22 11:27:03,807 | INFO |   写出: xyz_output\feet\055_foot_R.xyz | 点数=4096 | 含法向量
2025-08-22 11:27:03,827 | INFO |   写出: xyz_output\feet\056_foot_L.xyz | 点数=4096 | 含法向量
2025-08-22 11:27:03,849 | INFO |   写出: xyz_output\feet\056_foot_R.xyz | 点数=4096 | 含法向量
2025-08-22 11:27:03,874 | INFO |   写出: xyz_output\feet\057_foot_L.xyz | 点数=4096 | 含法向量
2025-08-22 11:27:03,896 | INFO |   写出: xyz_output\feet\057_foot_R.xyz | 点数=4096 | 含法向量
2025-08-22 11:27:03,915 | INFO |   写出: xyz_output\feet\058_foot_L.xyz | 点数=4096 | 含法向量
2025-08-22 11:27:03,935 | INFO |   写出: xyz_output\feet\058_foot_R.xyz | 点数=4096 | 含法向量
2025-08-22 11:27:03,953 | INFO |   写出: xyz_output\feet\059_foot_L.xyz | 点数=4096 | 含法向量
2025-08-22 11:27:03,974 | INFO |   写出: xyz_output\feet\059_foot_R.xyz | 点数=4096 | 含法向量
2025-08-22 11:27:03,995 | INFO |   写出: xyz_output\feet\060_foot_L.xyz | 点数=4096 | 含法向量
2025-08-22 11:27:04,016 | INFO |   写出: xyz_output\feet\060_foot_R.xyz | 点数=4096 | 含法向量
2025-08-22 11:27:04,036 | INFO |   写出: xyz_output\feet\061_foot_L.xyz | 点数=4096 | 含法向量
2025-08-22 11:27:04,059 | INFO |   写出: xyz_output\feet\061_foot_R.xyz | 点数=4096 | 含法向量
2025-08-22 11:27:04,083 | INFO |   写出: xyz_output\feet\062_foot_L.xyz | 点数=4096 | 含法向量
2025-08-22 11:27:04,103 | INFO |   写出: xyz_output\feet\062_foot_R.xyz | 点数=4096 | 含法向量
2025-08-22 11:27:04,123 | INFO |   写出: xyz_output\feet\063_foot_L.xyz | 点数=4096 | 含法向量
2025-08-22 11:27:04,141 | INFO |   写出: xyz_output\feet\063_foot_R.xyz | 点数=4096 | 含法向量
2025-08-22 11:27:04,161 | INFO |   写出: xyz_output\feet\064_foot_L.xyz | 点数=4096 | 含法向量
2025-08-22 11:27:04,178 | INFO |   写出: xyz_output\feet\064_foot_R.xyz | 点数=4096 | 含法向量
2025-08-22 11:27:04,194 | INFO |   写出: xyz_output\feet\065_foot_L.xyz | 点数=4096 | 含法向量
2025-08-22 11:27:04,213 | INFO |   写出: xyz_output\feet\065_foot_R.xyz | 点数=4096 | 含法向量
2025-08-22 11:27:04,229 | INFO |   写出: xyz_output\feet\066_foot_L.xyz | 点数=4096 | 含法向量
2025-08-22 11:27:04,249 | INFO |   写出: xyz_output\feet\066_foot_R.xyz | 点数=4096 | 含法向量
2025-08-22 11:27:04,277 | INFO |   写出: xyz_output\feet\067_foot_L.xyz | 点数=4096 | 含法向量
2025-08-22 11:27:04,295 | INFO |   写出: xyz_output\feet\067_foot_R.xyz | 点数=4096 | 含法向量
2025-08-22 11:27:04,312 | INFO |   写出: xyz_output\feet\068_foot_L.xyz | 点数=4096 | 含法向量
2025-08-22 11:27:04,329 | INFO |   写出: xyz_output\feet\068_foot_R.xyz | 点数=4096 | 含法向量
2025-08-22 11:27:04,346 | INFO |   写出: xyz_output\feet\069_foot_L.xyz | 点数=4096 | 含法向量
2025-08-22 11:27:04,364 | INFO |   写出: xyz_output\feet\069_foot_R.xyz | 点数=4096 | 含法向量
2025-08-22 11:27:04,383 | INFO |   写出: xyz_output\feet\070_foot_L.xyz | 点数=4096 | 含法向量
2025-08-22 11:27:04,401 | INFO |   写出: xyz_output\feet\070_foot_R.xyz | 点数=4096 | 含法向量
2025-08-22 11:27:04,422 | INFO |   写出: xyz_output\feet\071_foot_L.xyz | 点数=4096 | 含法向量
2025-08-22 11:27:04,445 | INFO |   写出: xyz_output\feet\071_foot_R.xyz | 点数=4096 | 含法向量
2025-08-22 11:27:04,465 | INFO |   写出: xyz_output\feet\072_foot_L.xyz | 点数=4096 | 含法向量
2025-08-22 11:27:04,485 | INFO |   写出: xyz_output\feet\072_foot_R.xyz | 点数=4096 | 含法向量
2025-08-22 11:27:04,507 | INFO |   写出: xyz_output\feet\073_foot_L.xyz | 点数=4096 | 含法向量
2025-08-22 11:27:04,525 | INFO |   写出: xyz_output\feet\073_foot_R.xyz | 点数=4096 | 含法向量
2025-08-22 11:27:04,545 | INFO |   写出: xyz_output\feet\074_foot_L.xyz | 点数=4096 | 含法向量
2025-08-22 11:27:04,562 | INFO |   写出: xyz_output\feet\074_foot_R.xyz | 点数=4096 | 含法向量
2025-08-22 11:27:04,580 | INFO |   写出: xyz_output\feet\075_foot_L.xyz | 点数=4096 | 含法向量
2025-08-22 11:27:04,596 | INFO |   写出: xyz_output\feet\075_foot_R.xyz | 点数=4096 | 含法向量
2025-08-22 11:27:04,613 | INFO |   写出: xyz_output\feet\076_foot_L.xyz | 点数=4096 | 含法向量
2025-08-22 11:27:04,631 | INFO |   写出: xyz_output\feet\076_foot_R.xyz | 点数=4096 | 含法向量
2025-08-22 11:27:04,648 | INFO |   写出: xyz_output\feet\077_foot_L.xyz | 点数=4096 | 含法向量
2025-08-22 11:27:04,667 | INFO |   写出: xyz_output\feet\077_foot_R.xyz | 点数=4096 | 含法向量
2025-08-22 11:27:04,686 | INFO |   写出: xyz_output\feet\078_foot_L.xyz | 点数=4096 | 含法向量
2025-08-22 11:27:04,704 | INFO |   写出: xyz_output\feet\078_foot_R.xyz | 点数=4096 | 含法向量
2025-08-22 11:27:04,720 | INFO |   写出: xyz_output\feet\079_foot_L.xyz | 点数=4096 | 含法向量
2025-08-22 11:27:04,738 | INFO |   写出: xyz_output\feet\079_foot_R.xyz | 点数=4096 | 含法向量
2025-08-22 11:27:04,758 | INFO |   写出: xyz_output\feet\080_foot_L.xyz | 点数=4096 | 含法向量
2025-08-22 11:27:04,781 | INFO |   写出: xyz_output\feet\080_foot_R.xyz | 点数=4096 | 含法向量
2025-08-22 11:27:04,799 | INFO |   写出: xyz_output\feet\081_foot_L.xyz | 点数=4096 | 含法向量
2025-08-22 11:27:04,820 | INFO |   写出: xyz_output\feet\081_foot_R.xyz | 点数=4096 | 含法向量
2025-08-22 11:27:04,838 | INFO |   写出: xyz_output\feet\082_foot_L.xyz | 点数=4096 | 含法向量
2025-08-22 11:27:04,859 | INFO |   写出: xyz_output\feet\082_foot_R.xyz | 点数=4096 | 含法向量
2025-08-22 11:27:04,878 | INFO |   写出: xyz_output\feet\083_foot_L.xyz | 点数=4096 | 含法向量
2025-08-22 11:27:04,893 | INFO |   写出: xyz_output\feet\083_foot_R.xyz | 点数=4096 | 含法向量
2025-08-22 11:27:04,914 | INFO |   写出: xyz_output\feet\084_foot_L.xyz | 点数=4096 | 含法向量
2025-08-22 11:27:04,932 | INFO |   写出: xyz_output\feet\084_foot_R.xyz | 点数=4096 | 含法向量
2025-08-22 11:27:04,948 | INFO |   写出: xyz_output\feet\085_foot_L.xyz | 点数=4096 | 含法向量
2025-08-22 11:27:04,969 | INFO |   写出: xyz_output\feet\085_foot_R.xyz | 点数=4096 | 含法向量
2025-08-22 11:27:04,987 | INFO |   写出: xyz_output\feet\086_foot_L.xyz | 点数=4096 | 含法向量
2025-08-22 11:27:05,006 | INFO |   写出: xyz_output\feet\086_foot_R.xyz | 点数=4096 | 含法向量
2025-08-22 11:27:05,028 | INFO |   写出: xyz_output\feet\087_foot_L.xyz | 点数=4096 | 含法向量
2025-08-22 11:27:05,051 | INFO |   写出: xyz_output\feet\087_foot_R.xyz | 点数=4096 | 含法向量
2025-08-22 11:27:05,070 | INFO |   写出: xyz_output\feet\088_foot_L.xyz | 点数=4096 | 含法向量
2025-08-22 11:27:05,090 | INFO |   写出: xyz_output\feet\088_foot_R.xyz | 点数=4096 | 含法向量
2025-08-22 11:27:05,107 | INFO |   写出: xyz_output\feet\089_foot_L.xyz | 点数=4096 | 含法向量
2025-08-22 11:27:05,125 | INFO |   写出: xyz_output\feet\089_foot_R.xyz | 点数=4096 | 含法向量
2025-08-22 11:27:05,144 | INFO |   写出: xyz_output\feet\090_foot_L.xyz | 点数=4096 | 含法向量
2025-08-22 11:27:05,162 | INFO |   写出: xyz_output\feet\090_foot_R.xyz | 点数=4096 | 含法向量
2025-08-22 11:27:05,179 | INFO |   写出: xyz_output\feet\091_foot_L.xyz | 点数=4096 | 含法向量
2025-08-22 11:27:05,199 | INFO |   写出: xyz_output\feet\091_foot_R.xyz | 点数=4096 | 含法向量
2025-08-22 11:27:05,217 | INFO |   写出: xyz_output\feet\092_foot_L.xyz | 点数=4096 | 含法向量
2025-08-22 11:27:05,234 | INFO |   写出: xyz_output\feet\092_foot_R.xyz | 点数=4096 | 含法向量
2025-08-22 11:27:05,252 | INFO |   写出: xyz_output\feet\093_foot_L.xyz | 点数=4096 | 含法向量
2025-08-22 11:27:05,269 | INFO |   写出: xyz_output\feet\093_foot_R.xyz | 点数=4096 | 含法向量
2025-08-22 11:27:05,288 | INFO |   写出: xyz_output\feet\094_foot_L.xyz | 点数=4096 | 含法向量
2025-08-22 11:27:05,306 | INFO |   写出: xyz_output\feet\094_foot_R.xyz | 点数=4096 | 含法向量
2025-08-22 11:27:05,328 | INFO |   写出: xyz_output\feet\095_foot_L.xyz | 点数=4096 | 含法向量
2025-08-22 11:27:05,347 | INFO |   写出: xyz_output\feet\095_foot_R.xyz | 点数=4096 | 含法向量
2025-08-22 11:27:05,370 | INFO |   写出: xyz_output\feet\096_foot_L.xyz | 点数=4096 | 含法向量
2025-08-22 11:27:05,394 | INFO |   写出: xyz_output\feet\096_foot_R.xyz | 点数=4096 | 含法向量
2025-08-22 11:27:05,418 | INFO |   写出: xyz_output\feet\097_foot_L.xyz | 点数=4096 | 含法向量
2025-08-22 11:27:05,441 | INFO |   写出: xyz_output\feet\097_foot_R.xyz | 点数=4096 | 含法向量
2025-08-22 11:27:05,461 | INFO |   写出: xyz_output\feet\098_foot_L.xyz | 点数=4096 | 含法向量
2025-08-22 11:27:05,481 | INFO |   写出: xyz_output\feet\098_foot_R.xyz | 点数=4096 | 含法向量
2025-08-22 11:27:05,500 | INFO |   写出: xyz_output\feet\099_foot_L.xyz | 点数=4096 | 含法向量
2025-08-22 11:27:05,522 | INFO |   写出: xyz_output\feet\099_foot_R.xyz | 点数=4096 | 含法向量
2025-08-22 11:27:05,540 | INFO |   写出: xyz_output\feet\100_foot_L.xyz | 点数=4096 | 含法向量
2025-08-22 11:27:05,558 | INFO |   写出: xyz_output\feet\100_foot_R.xyz | 点数=4096 | 含法向量
2025-08-22 11:27:05,583 | INFO |   写出: xyz_output\feet\101_foot_L.xyz | 点数=4096 | 含法向量
2025-08-22 11:27:05,602 | INFO |   写出: xyz_output\feet\101_foot_R.xyz | 点数=4096 | 含法向量
2025-08-22 11:27:05,624 | INFO |   写出: xyz_output\feet\102_foot_L.xyz | 点数=4096 | 含法向量
2025-08-22 11:27:05,644 | INFO |   写出: xyz_output\feet\102_foot_R.xyz | 点数=4096 | 含法向量
2025-08-22 11:27:05,661 | INFO |   写出: xyz_output\feet\103_foot_L.xyz | 点数=4096 | 含法向量
2025-08-22 11:27:05,683 | INFO |   写出: xyz_output\feet\103_foot_R.xyz | 点数=4096 | 含法向量
2025-08-22 11:27:05,708 | INFO |   写出: xyz_output\feet\104_foot_L.xyz | 点数=4096 | 含法向量
2025-08-22 11:27:05,726 | INFO |   写出: xyz_output\feet\104_foot_R.xyz | 点数=4096 | 含法向量
2025-08-22 11:27:05,743 | INFO |   写出: xyz_output\feet\105_foot_L.xyz | 点数=4096 | 含法向量
2025-08-22 11:27:05,762 | INFO |   写出: xyz_output\feet\105_foot_R.xyz | 点数=4096 | 含法向量
2025-08-22 11:27:05,782 | INFO |   写出: xyz_output\feet\106_foot_L.xyz | 点数=4096 | 含法向量
2025-08-22 11:27:05,801 | INFO |   写出: xyz_output\feet\106_foot_R.xyz | 点数=4096 | 含法向量
2025-08-22 11:27:05,822 | INFO |   写出: xyz_output\feet\107_foot_L.xyz | 点数=4096 | 含法向量
2025-08-22 11:27:05,839 | INFO |   写出: xyz_output\feet\107_foot_R.xyz | 点数=4096 | 含法向量
2025-08-22 11:27:05,857 | INFO |   写出: xyz_output\feet\108_foot_L.xyz | 点数=4096 | 含法向量
2025-08-22 11:27:05,878 | INFO |   写出: xyz_output\feet\108_foot_R.xyz | 点数=4096 | 含法向量
2025-08-22 11:27:05,897 | INFO |   写出: xyz_output\feet\109_foot_L.xyz | 点数=4096 | 含法向量
2025-08-22 11:27:05,915 | INFO |   写出: xyz_output\feet\109_foot_R.xyz | 点数=4096 | 含法向量
2025-08-22 11:27:05,932 | INFO |   写出: xyz_output\feet\110_foot_L.xyz | 点数=4096 | 含法向量
2025-08-22 11:27:05,949 | INFO |   写出: xyz_output\feet\110_foot_R.xyz | 点数=4096 | 含法向量
2025-08-22 11:27:05,967 | INFO |   写出: xyz_output\feet\111_foot_L.xyz | 点数=4096 | 含法向量
2025-08-22 11:27:05,985 | INFO |   写出: xyz_output\feet\111_foot_R.xyz | 点数=4096 | 含法向量
2025-08-22 11:27:06,005 | INFO |   写出: xyz_output\feet\112_foot_L.xyz | 点数=4096 | 含法向量
2025-08-22 11:27:06,027 | INFO |   写出: xyz_output\feet\112_foot_R.xyz | 点数=4096 | 含法向量
2025-08-22 11:27:06,045 | INFO |   写出: xyz_output\feet\113_foot_L.xyz | 点数=4096 | 含法向量
2025-08-22 11:27:06,065 | INFO |   写出: xyz_output\feet\113_foot_R.xyz | 点数=4096 | 含法向量
2025-08-22 11:27:06,086 | INFO |   写出: xyz_output\feet\114_foot_L.xyz | 点数=4096 | 含法向量
2025-08-22 11:27:06,105 | INFO |   写出: xyz_output\feet\114_foot_R.xyz | 点数=4096 | 含法向量
2025-08-22 11:27:06,126 | INFO |   写出: xyz_output\feet\115_foot_L.xyz | 点数=4096 | 含法向量
2025-08-22 11:27:06,149 | INFO |   写出: xyz_output\feet\115_foot_R.xyz | 点数=4096 | 含法向量
2025-08-22 11:27:06,168 | INFO |   写出: xyz_output\feet\116_foot_L.xyz | 点数=4096 | 含法向量
2025-08-22 11:27:06,189 | INFO |   写出: xyz_output\feet\116_foot_R.xyz | 点数=4096 | 含法向量
2025-08-22 11:27:06,208 | INFO |   写出: xyz_output\feet\117_foot_L.xyz | 点数=4096 | 含法向量
2025-08-22 11:27:06,228 | INFO |   写出: xyz_output\feet\117_foot_R.xyz | 点数=4096 | 含法向量
2025-08-22 11:27:06,248 | INFO |   写出: xyz_output\feet\118_foot_L.xyz | 点数=4096 | 含法向量
2025-08-22 11:27:06,266 | INFO |   写出: xyz_output\feet\118_foot_R.xyz | 点数=4096 | 含法向量
2025-08-22 11:27:06,285 | INFO |   写出: xyz_output\feet\119_foot_L.xyz | 点数=4096 | 含法向量
2025-08-22 11:27:06,305 | INFO |   写出: xyz_output\feet\119_foot_R.xyz | 点数=4096 | 含法向量
2025-08-22 11:27:06,323 | INFO |   写出: xyz_output\feet\120_foot_L.xyz | 点数=4096 | 含法向量
2025-08-22 11:27:06,342 | INFO |   写出: xyz_output\feet\120_foot_R.xyz | 点数=4096 | 含法向量
2025-08-22 11:27:06,360 | INFO |   写出: xyz_output\feet\121_foot_L.xyz | 点数=4096 | 含法向量
2025-08-22 11:27:06,378 | INFO |   写出: xyz_output\feet\121_foot_R.xyz | 点数=4096 | 含法向量
2025-08-22 11:27:06,396 | INFO |   写出: xyz_output\feet\122_foot_L.xyz | 点数=4096 | 含法向量
2025-08-22 11:27:06,414 | INFO |   写出: xyz_output\feet\122_foot_R.xyz | 点数=4096 | 含法向量
2025-08-22 11:27:06,434 | INFO |   写出: xyz_output\feet\123_foot_L.xyz | 点数=4096 | 含法向量
2025-08-22 11:27:06,452 | INFO |   写出: xyz_output\feet\123_foot_R.xyz | 点数=4096 | 含法向量
2025-08-22 11:27:06,472 | INFO |   写出: xyz_output\feet\124_foot_L.xyz | 点数=4096 | 含法向量
2025-08-22 11:27:06,492 | INFO |   写出: xyz_output\feet\124_foot_R.xyz | 点数=4096 | 含法向量
2025-08-22 11:27:06,511 | INFO |   写出: xyz_output\feet\125_foot_L.xyz | 点数=4096 | 含法向量
2025-08-22 11:27:06,532 | INFO |   写出: xyz_output\feet\125_foot_R.xyz | 点数=4096 | 含法向量
2025-08-22 11:27:06,551 | INFO |   写出: xyz_output\feet\126_foot_L.xyz | 点数=4096 | 含法向量
2025-08-22 11:27:06,571 | INFO |   写出: xyz_output\feet\126_foot_R.xyz | 点数=4096 | 含法向量
2025-08-22 11:27:06,590 | INFO |   写出: xyz_output\feet\127_foot_L.xyz | 点数=4096 | 含法向量
2025-08-22 11:27:06,609 | INFO |   写出: xyz_output\feet\127_foot_R.xyz | 点数=4096 | 含法向量
2025-08-22 11:27:06,628 | INFO |   写出: xyz_output\feet\128_foot_L.xyz | 点数=4096 | 含法向量
2025-08-22 11:27:06,648 | INFO |   写出: xyz_output\feet\128_foot_R.xyz | 点数=4096 | 含法向量
2025-08-22 11:27:06,670 | INFO |   写出: xyz_output\feet\129_foot_L.xyz | 点数=4096 | 含法向量
2025-08-22 11:27:06,690 | INFO |   写出: xyz_output\feet\129_foot_R.xyz | 点数=4096 | 含法向量
2025-08-22 11:27:06,710 | INFO |   写出: xyz_output\feet\130_foot_L.xyz | 点数=4096 | 含法向量
2025-08-22 11:27:06,728 | INFO |   写出: xyz_output\feet\130_foot_R.xyz | 点数=4096 | 含法向量
2025-08-22 11:27:06,748 | INFO |   写出: xyz_output\feet\131_foot_L.xyz | 点数=4096 | 含法向量
2025-08-22 11:27:06,768 | INFO |   写出: xyz_output\feet\131_foot_R.xyz | 点数=4096 | 含法向量
2025-08-22 11:27:06,788 | INFO |   写出: xyz_output\feet\132_foot_L.xyz | 点数=4096 | 含法向量
2025-08-22 11:27:06,810 | INFO |   写出: xyz_output\feet\132_foot_R.xyz | 点数=4096 | 含法向量
2025-08-22 11:27:06,831 | INFO |   写出: xyz_output\feet\133_foot_L.xyz | 点数=4096 | 含法向量
2025-08-22 11:27:06,848 | INFO |   写出: xyz_output\feet\133_foot_R.xyz | 点数=4096 | 含法向量
2025-08-22 11:27:06,867 | INFO |   写出: xyz_output\feet\134_foot_L.xyz | 点数=4096 | 含法向量
2025-08-22 11:27:06,888 | INFO |   写出: xyz_output\feet\134_foot_R.xyz | 点数=4096 | 含法向量
2025-08-22 11:27:06,908 | INFO |   写出: xyz_output\feet\135_foot_L.xyz | 点数=4096 | 含法向量
2025-08-22 11:27:06,925 | INFO |   写出: xyz_output\feet\135_foot_R.xyz | 点数=4096 | 含法向量
2025-08-22 11:27:06,942 | INFO |   写出: xyz_output\feet\136_foot_L.xyz | 点数=4096 | 含法向量
2025-08-22 11:27:06,959 | INFO |   写出: xyz_output\feet\136_foot_R.xyz | 点数=4096 | 含法向量
2025-08-22 11:27:06,980 | INFO |   写出: xyz_output\feet\137_foot_L.xyz | 点数=4096 | 含法向量
2025-08-22 11:27:06,998 | INFO |   写出: xyz_output\feet\137_foot_R.xyz | 点数=4096 | 含法向量
2025-08-22 11:27:07,018 | INFO |   写出: xyz_output\feet\138_foot_L.xyz | 点数=4096 | 含法向量
2025-08-22 11:27:07,038 | INFO |   写出: xyz_output\feet\138_foot_R.xyz | 点数=4096 | 含法向量
2025-08-22 11:27:07,056 | INFO |   写出: xyz_output\feet\139_foot_L.xyz | 点数=4096 | 含法向量
2025-08-22 11:27:07,077 | INFO |   写出: xyz_output\feet\139_foot_R.xyz | 点数=4096 | 含法向量
2025-08-22 11:27:07,094 | INFO |   写出: xyz_output\feet\140_foot_L.xyz | 点数=4096 | 含法向量
2025-08-22 11:27:07,112 | INFO |   写出: xyz_output\feet\140_foot_R.xyz | 点数=4096 | 含法向量
2025-08-22 11:27:07,129 | INFO |   写出: xyz_output\feet\141_foot_L.xyz | 点数=4096 | 含法向量
2025-08-22 11:27:07,148 | INFO |   写出: xyz_output\feet\141_foot_R.xyz | 点数=4096 | 含法向量
2025-08-22 11:27:07,165 | INFO |   写出: xyz_output\feet\142_foot_L.xyz | 点数=4096 | 含法向量
2025-08-22 11:27:07,184 | INFO |   写出: xyz_output\feet\142_foot_R.xyz | 点数=4096 | 含法向量
2025-08-22 11:27:07,203 | INFO |   写出: xyz_output\feet\143_foot_L.xyz | 点数=4096 | 含法向量
2025-08-22 11:27:07,223 | INFO |   写出: xyz_output\feet\143_foot_R.xyz | 点数=4096 | 含法向量
2025-08-22 11:27:07,240 | INFO |   写出: xyz_output\feet\144_foot_L.xyz | 点数=4096 | 含法向量
2025-08-22 11:27:07,260 | INFO |   写出: xyz_output\feet\144_foot_R.xyz | 点数=4096 | 含法向量
2025-08-22 11:27:07,278 | INFO |   写出: xyz_output\feet\145_foot_L.xyz | 点数=4096 | 含法向量
2025-08-22 11:27:07,294 | INFO |   写出: xyz_output\feet\145_foot_R.xyz | 点数=4096 | 含法向量
2025-08-22 11:27:07,316 | INFO |   写出: xyz_output\insoles\001_insole_L.xyz | 点数=4096 | 含法向量
2025-08-22 11:27:07,334 | INFO |   写出: xyz_output\insoles\001_insole_R.xyz | 点数=4096 | 含法向量
2025-08-22 11:27:07,356 | INFO |   写出: xyz_output\insoles\002_insole_L.xyz | 点数=4096 | 含法向量
2025-08-22 11:27:07,376 | INFO |   写出: xyz_output\insoles\002_insole_R.xyz | 点数=4096 | 含法向量
2025-08-22 11:27:07,394 | INFO |   写出: xyz_output\insoles\003_insole_L.xyz | 点数=4096 | 含法向量
2025-08-22 11:27:07,411 | INFO |   写出: xyz_output\insoles\003_insole_R.xyz | 点数=4096 | 含法向量
2025-08-22 11:27:07,430 | INFO |   写出: xyz_output\insoles\004_insole_L.xyz | 点数=4096 | 含法向量
2025-08-22 11:27:07,448 | INFO |   写出: xyz_output\insoles\004_insole_R.xyz | 点数=4096 | 含法向量
2025-08-22 11:27:07,466 | INFO |   写出: xyz_output\insoles\005_insole_L.xyz | 点数=4096 | 含法向量
2025-08-22 11:27:07,485 | INFO |   写出: xyz_output\insoles\005_insole_R.xyz | 点数=4096 | 含法向量
2025-08-22 11:27:07,502 | INFO |   写出: xyz_output\insoles\006_insole_L.xyz | 点数=4096 | 含法向量
2025-08-22 11:27:07,519 | INFO |   写出: xyz_output\insoles\006_insole_R.xyz | 点数=4096 | 含法向量
2025-08-22 11:27:07,538 | INFO |   写出: xyz_output\insoles\007_insole_L.xyz | 点数=4096 | 含法向量
2025-08-22 11:27:07,557 | INFO |   写出: xyz_output\insoles\007_insole_R.xyz | 点数=4096 | 含法向量
2025-08-22 11:27:07,576 | INFO |   写出: xyz_output\insoles\008_insole_L.xyz | 点数=4096 | 含法向量
2025-08-22 11:27:07,595 | INFO |   写出: xyz_output\insoles\008_insole_R.xyz | 点数=4096 | 含法向量
2025-08-22 11:27:07,612 | INFO |   写出: xyz_output\insoles\009_insole_L.xyz | 点数=4096 | 含法向量
2025-08-22 11:27:07,631 | INFO |   写出: xyz_output\insoles\009_insole_R.xyz | 点数=4096 | 含法向量
2025-08-22 11:27:07,648 | INFO |   写出: xyz_output\insoles\010_insole_L.xyz | 点数=4096 | 含法向量
2025-08-22 11:27:07,666 | INFO |   写出: xyz_output\insoles\010_insole_R.xyz | 点数=4096 | 含法向量
2025-08-22 11:27:07,684 | INFO |   写出: xyz_output\insoles\011_insole_L.xyz | 点数=4096 | 含法向量
2025-08-22 11:27:07,703 | INFO |   写出: xyz_output\insoles\011_insole_R.xyz | 点数=4096 | 含法向量
2025-08-22 11:27:07,721 | INFO |   写出: xyz_output\insoles\012_insole_L.xyz | 点数=4096 | 含法向量
2025-08-22 11:27:07,740 | INFO |   写出: xyz_output\insoles\012_insole_R.xyz | 点数=4096 | 含法向量
2025-08-22 11:27:07,758 | INFO |   写出: xyz_output\insoles\013_insole_L.xyz | 点数=4096 | 含法向量
2025-08-22 11:27:07,775 | INFO |   写出: xyz_output\insoles\013_insole_R.xyz | 点数=4096 | 含法向量
2025-08-22 11:27:07,797 | INFO |   写出: xyz_output\insoles\014_insole_L.xyz | 点数=4096 | 含法向量
2025-08-22 11:27:07,818 | INFO |   写出: xyz_output\insoles\014_insole_R.xyz | 点数=4096 | 含法向量
2025-08-22 11:27:07,844 | INFO |   写出: xyz_output\insoles\015_insole_L.xyz | 点数=4096 | 含法向量
2025-08-22 11:27:07,873 | INFO |   写出: xyz_output\insoles\015_insole_R.xyz | 点数=4096 | 含法向量
2025-08-22 11:27:07,899 | INFO |   写出: xyz_output\insoles\016_insole_L.xyz | 点数=4096 | 含法向量
2025-08-22 11:27:07,930 | INFO |   写出: xyz_output\insoles\016_insole_R.xyz | 点数=4096 | 含法向量
2025-08-22 11:27:07,957 | INFO |   写出: xyz_output\insoles\017_insole_L.xyz | 点数=4096 | 含法向量
2025-08-22 11:27:07,981 | INFO |   写出: xyz_output\insoles\017_insole_R.xyz | 点数=4096 | 含法向量
2025-08-22 11:27:08,012 | INFO |   写出: xyz_output\insoles\018_insole_L.xyz | 点数=4096 | 含法向量
2025-08-22 11:27:08,042 | INFO |   写出: xyz_output\insoles\018_insole_R.xyz | 点数=4096 | 含法向量
2025-08-22 11:27:08,068 | INFO |   写出: xyz_output\insoles\019_insole_L.xyz | 点数=4096 | 含法向量
2025-08-22 11:27:08,094 | INFO |   写出: xyz_output\insoles\019_insole_R.xyz | 点数=4096 | 含法向量
2025-08-22 11:27:08,122 | INFO |   写出: xyz_output\insoles\020_insole_L.xyz | 点数=4096 | 含法向量
2025-08-22 11:27:08,153 | INFO |   写出: xyz_output\insoles\020_insole_R.xyz | 点数=4096 | 含法向量
2025-08-22 11:27:08,181 | INFO |   写出: xyz_output\insoles\021_insole_L.xyz | 点数=4096 | 含法向量
2025-08-22 11:27:08,212 | INFO |   写出: xyz_output\insoles\021_insole_R.xyz | 点数=4096 | 含法向量
2025-08-22 11:27:08,240 | INFO |   写出: xyz_output\insoles\022_insole_L.xyz | 点数=4096 | 含法向量
2025-08-22 11:27:08,271 | INFO |   写出: xyz_output\insoles\022_insole_R.xyz | 点数=4096 | 含法向量
2025-08-22 11:27:08,296 | INFO |   写出: xyz_output\insoles\023_insole_L.xyz | 点数=4096 | 含法向量
2025-08-22 11:27:08,320 | INFO |   写出: xyz_output\insoles\023_insole_R.xyz | 点数=4096 | 含法向量
2025-08-22 11:27:08,361 | INFO |   写出: xyz_output\insoles\024_insole_L.xyz | 点数=4096 | 含法向量
2025-08-22 11:27:08,387 | INFO |   写出: xyz_output\insoles\024_insole_R.xyz | 点数=4096 | 含法向量
2025-08-22 11:27:08,411 | INFO |   写出: xyz_output\insoles\025_insole_L.xyz | 点数=4096 | 含法向量
2025-08-22 11:27:08,439 | INFO |   写出: xyz_output\insoles\025_insole_R.xyz | 点数=4096 | 含法向量
2025-08-22 11:27:08,464 | INFO |   写出: xyz_output\insoles\026_insole_L.xyz | 点数=4096 | 含法向量
2025-08-22 11:27:08,491 | INFO |   写出: xyz_output\insoles\026_insole_R.xyz | 点数=4096 | 含法向量
2025-08-22 11:27:08,517 | INFO |   写出: xyz_output\insoles\027_insole_L.xyz | 点数=4096 | 含法向量
2025-08-22 11:27:08,542 | INFO |   写出: xyz_output\insoles\027_insole_R.xyz | 点数=4096 | 含法向量
2025-08-22 11:27:08,565 | INFO |   写出: xyz_output\insoles\028_insole_L.xyz | 点数=4096 | 含法向量
2025-08-22 11:27:08,593 | INFO |   写出: xyz_output\insoles\028_insole_R.xyz | 点数=4096 | 含法向量
2025-08-22 11:27:08,622 | INFO |   写出: xyz_output\insoles\029_insole_L.xyz | 点数=4096 | 含法向量
2025-08-22 11:27:08,645 | INFO |   写出: xyz_output\insoles\029_insole_R.xyz | 点数=4096 | 含法向量
2025-08-22 11:27:08,673 | INFO |   写出: xyz_output\insoles\030_insole_L.xyz | 点数=4096 | 含法向量
2025-08-22 11:27:08,696 | INFO |   写出: xyz_output\insoles\030_insole_R.xyz | 点数=4096 | 含法向量
2025-08-22 11:27:08,724 | INFO |   写出: xyz_output\insoles\031_insole_L.xyz | 点数=4096 | 含法向量
2025-08-22 11:27:08,750 | INFO |   写出: xyz_output\insoles\031_insole_R.xyz | 点数=4096 | 含法向量
2025-08-22 11:27:08,778 | INFO |   写出: xyz_output\insoles\032_insole_L.xyz | 点数=4096 | 含法向量
2025-08-22 11:27:08,804 | INFO |   写出: xyz_output\insoles\032_insole_R.xyz | 点数=4096 | 含法向量
2025-08-22 11:27:08,830 | INFO |   写出: xyz_output\insoles\033_insole_L.xyz | 点数=4096 | 含法向量
2025-08-22 11:27:08,858 | INFO |   写出: xyz_output\insoles\033_insole_R.xyz | 点数=4096 | 含法向量
2025-08-22 11:27:08,887 | INFO |   写出: xyz_output\insoles\034_insole_L.xyz | 点数=4096 | 含法向量
2025-08-22 11:27:08,913 | INFO |   写出: xyz_output\insoles\034_insole_R.xyz | 点数=4096 | 含法向量
2025-08-22 11:27:08,937 | INFO |   写出: xyz_output\insoles\035_insole_L.xyz | 点数=4096 | 含法向量
2025-08-22 11:27:08,963 | INFO |   写出: xyz_output\insoles\035_insole_R.xyz | 点数=4096 | 含法向量
2025-08-22 11:27:08,989 | INFO |   写出: xyz_output\insoles\036_insole_L.xyz | 点数=4096 | 含法向量
2025-08-22 11:27:09,016 | INFO |   写出: xyz_output\insoles\036_insole_R.xyz | 点数=4096 | 含法向量
2025-08-22 11:27:09,040 | INFO |   写出: xyz_output\insoles\037_insole_L.xyz | 点数=4096 | 含法向量
2025-08-22 11:27:09,069 | INFO |   写出: xyz_output\insoles\037_insole_R.xyz | 点数=4096 | 含法向量
2025-08-22 11:27:09,096 | INFO |   写出: xyz_output\insoles\038_insole_L.xyz | 点数=4096 | 含法向量
2025-08-22 11:27:09,126 | INFO |   写出: xyz_output\insoles\038_insole_R.xyz | 点数=4096 | 含法向量
2025-08-22 11:27:09,151 | INFO |   写出: xyz_output\insoles\039_insole_L.xyz | 点数=4096 | 含法向量
2025-08-22 11:27:09,180 | INFO |   写出: xyz_output\insoles\039_insole_R.xyz | 点数=4096 | 含法向量
2025-08-22 11:27:09,211 | INFO |   写出: xyz_output\insoles\040_insole_L.xyz | 点数=4096 | 含法向量
2025-08-22 11:27:09,237 | INFO |   写出: xyz_output\insoles\040_insole_R.xyz | 点数=4096 | 含法向量
2025-08-22 11:27:09,261 | INFO |   写出: xyz_output\insoles\041_insole_L.xyz | 点数=4096 | 含法向量
2025-08-22 11:27:09,286 | INFO |   写出: xyz_output\insoles\041_insole_R.xyz | 点数=4096 | 含法向量
2025-08-22 11:27:09,311 | INFO |   写出: xyz_output\insoles\042_insole_L.xyz | 点数=4096 | 含法向量
2025-08-22 11:27:09,338 | INFO |   写出: xyz_output\insoles\042_insole_R.xyz | 点数=4096 | 含法向量
2025-08-22 11:27:09,364 | INFO |   写出: xyz_output\insoles\043_insole_L.xyz | 点数=4096 | 含法向量
2025-08-22 11:27:09,388 | INFO |   写出: xyz_output\insoles\043_insole_R.xyz | 点数=4096 | 含法向量
2025-08-22 11:27:09,417 | INFO |   写出: xyz_output\insoles\044_insole_L.xyz | 点数=4096 | 含法向量
2025-08-22 11:27:09,442 | INFO |   写出: xyz_output\insoles\044_insole_R.xyz | 点数=4096 | 含法向量
2025-08-22 11:27:09,466 | INFO |   写出: xyz_output\insoles\045_insole_L.xyz | 点数=4096 | 含法向量
2025-08-22 11:27:09,490 | INFO |   写出: xyz_output\insoles\045_insole_R.xyz | 点数=4096 | 含法向量
2025-08-22 11:27:09,519 | INFO |   写出: xyz_output\insoles\046_insole_L.xyz | 点数=4096 | 含法向量
2025-08-22 11:27:09,547 | INFO |   写出: xyz_output\insoles\046_insole_R.xyz | 点数=4096 | 含法向量
2025-08-22 11:27:09,573 | INFO |   写出: xyz_output\insoles\047_insole_L.xyz | 点数=4096 | 含法向量
2025-08-22 11:27:09,599 | INFO |   写出: xyz_output\insoles\047_insole_R.xyz | 点数=4096 | 含法向量
2025-08-22 11:27:09,626 | INFO |   写出: xyz_output\insoles\048_insole_L.xyz | 点数=4096 | 含法向量
2025-08-22 11:27:09,654 | INFO |   写出: xyz_output\insoles\048_insole_R.xyz | 点数=4096 | 含法向量
2025-08-22 11:27:09,683 | INFO |   写出: xyz_output\insoles\049_insole_L.xyz | 点数=4096 | 含法向量
2025-08-22 11:27:09,710 | INFO |   写出: xyz_output\insoles\049_insole_R.xyz | 点数=4096 | 含法向量
2025-08-22 11:27:09,734 | INFO |   写出: xyz_output\insoles\050_insole_L.xyz | 点数=4096 | 含法向量
2025-08-22 11:27:09,764 | INFO |   写出: xyz_output\insoles\050_insole_R.xyz | 点数=4096 | 含法向量
2025-08-22 11:27:09,789 | INFO |   写出: xyz_output\insoles\051_insole_L.xyz | 点数=4096 | 含法向量
2025-08-22 11:27:09,815 | INFO |   写出: xyz_output\insoles\051_insole_R.xyz | 点数=4096 | 含法向量
2025-08-22 11:27:09,839 | INFO |   写出: xyz_output\insoles\052_insole_L.xyz | 点数=4096 | 含法向量
2025-08-22 11:27:09,864 | INFO |   写出: xyz_output\insoles\052_insole_R.xyz | 点数=4096 | 含法向量
2025-08-22 11:27:09,890 | INFO |   写出: xyz_output\insoles\053_insole_L.xyz | 点数=4096 | 含法向量
2025-08-22 11:27:09,914 | INFO |   写出: xyz_output\insoles\053_insole_R.xyz | 点数=4096 | 含法向量
2025-08-22 11:27:09,942 | INFO |   写出: xyz_output\insoles\054_insole_L.xyz | 点数=4096 | 含法向量
2025-08-22 11:27:09,967 | INFO |   写出: xyz_output\insoles\054_insole_R.xyz | 点数=4096 | 含法向量
2025-08-22 11:27:09,993 | INFO |   写出: xyz_output\insoles\055_insole_L.xyz | 点数=4096 | 含法向量
2025-08-22 11:27:10,019 | INFO |   写出: xyz_output\insoles\055_insole_R.xyz | 点数=4096 | 含法向量
2025-08-22 11:27:10,046 | INFO |   写出: xyz_output\insoles\056_insole_L.xyz | 点数=4096 | 含法向量
2025-08-22 11:27:10,071 | INFO |   写出: xyz_output\insoles\056_insole_R.xyz | 点数=4096 | 含法向量
2025-08-22 11:27:10,098 | INFO |   写出: xyz_output\insoles\057_insole_L.xyz | 点数=4096 | 含法向量
2025-08-22 11:27:10,126 | INFO |   写出: xyz_output\insoles\057_insole_R.xyz | 点数=4096 | 含法向量
2025-08-22 11:27:10,154 | INFO |   写出: xyz_output\insoles\058_insole_L.xyz | 点数=4096 | 含法向量
2025-08-22 11:27:10,182 | INFO |   写出: xyz_output\insoles\058_insole_R.xyz | 点数=4096 | 含法向量
2025-08-22 11:27:10,207 | INFO |   写出: xyz_output\insoles\059_insole_L.xyz | 点数=4096 | 含法向量
2025-08-22 11:27:10,234 | INFO |   写出: xyz_output\insoles\059_insole_R.xyz | 点数=4096 | 含法向量
2025-08-22 11:27:10,262 | INFO |   写出: xyz_output\insoles\060_insole_L.xyz | 点数=4096 | 含法向量
2025-08-22 11:27:10,290 | INFO |   写出: xyz_output\insoles\060_insole_R.xyz | 点数=4096 | 含法向量
2025-08-22 11:27:10,317 | INFO |   写出: xyz_output\insoles\061_insole_L.xyz | 点数=4096 | 含法向量
2025-08-22 11:27:10,345 | INFO |   写出: xyz_output\insoles\061_insole_R.xyz | 点数=4096 | 含法向量
2025-08-22 11:27:10,375 | INFO |   写出: xyz_output\insoles\062_insole_L.xyz | 点数=4096 | 含法向量
2025-08-22 11:27:10,403 | INFO |   写出: xyz_output\insoles\062_insole_R.xyz | 点数=4096 | 含法向量
2025-08-22 11:27:10,428 | INFO |   写出: xyz_output\insoles\063_insole_L.xyz | 点数=4096 | 含法向量
2025-08-22 11:27:10,456 | INFO |   写出: xyz_output\insoles\063_insole_R.xyz | 点数=4096 | 含法向量
2025-08-22 11:27:10,483 | INFO |   写出: xyz_output\insoles\064_insole_L.xyz | 点数=4096 | 含法向量
2025-08-22 11:27:10,511 | INFO |   写出: xyz_output\insoles\064_insole_R.xyz | 点数=4096 | 含法向量
2025-08-22 11:27:10,537 | INFO |   写出: xyz_output\insoles\065_insole_L.xyz | 点数=4096 | 含法向量
2025-08-22 11:27:10,563 | INFO |   写出: xyz_output\insoles\065_insole_R.xyz | 点数=4096 | 含法向量
2025-08-22 11:27:10,589 | INFO |   写出: xyz_output\insoles\066_insole_L.xyz | 点数=4096 | 含法向量
2025-08-22 11:27:10,619 | INFO |   写出: xyz_output\insoles\066_insole_R.xyz | 点数=4096 | 含法向量
2025-08-22 11:27:10,646 | INFO |   写出: xyz_output\insoles\067_insole_L.xyz | 点数=4096 | 含法向量
2025-08-22 11:27:10,670 | INFO |   写出: xyz_output\insoles\067_insole_R.xyz | 点数=4096 | 含法向量
2025-08-22 11:27:10,698 | INFO |   写出: xyz_output\insoles\068_insole_L.xyz | 点数=4096 | 含法向量
2025-08-22 11:27:10,728 | INFO |   写出: xyz_output\insoles\068_insole_R.xyz | 点数=4096 | 含法向量
2025-08-22 11:27:10,754 | INFO |   写出: xyz_output\insoles\069_insole_L.xyz | 点数=4096 | 含法向量
2025-08-22 11:27:10,780 | INFO |   写出: xyz_output\insoles\069_insole_R.xyz | 点数=4096 | 含法向量
2025-08-22 11:27:10,806 | INFO |   写出: xyz_output\insoles\070_insole_L.xyz | 点数=4096 | 含法向量
2025-08-22 11:27:10,831 | INFO |   写出: xyz_output\insoles\070_insole_R.xyz | 点数=4096 | 含法向量
2025-08-22 11:27:10,859 | INFO |   写出: xyz_output\insoles\071_insole_L.xyz | 点数=4096 | 含法向量
2025-08-22 11:27:10,890 | INFO |   写出: xyz_output\insoles\071_insole_R.xyz | 点数=4096 | 含法向量
2025-08-22 11:27:10,919 | INFO |   写出: xyz_output\insoles\072_insole_L.xyz | 点数=4096 | 含法向量
2025-08-22 11:27:10,947 | INFO |   写出: xyz_output\insoles\072_insole_R.xyz | 点数=4096 | 含法向量
2025-08-22 11:27:10,975 | INFO |   写出: xyz_output\insoles\073_insole_L.xyz | 点数=4096 | 含法向量
2025-08-22 11:27:11,004 | INFO |   写出: xyz_output\insoles\073_insole_R.xyz | 点数=4096 | 含法向量
2025-08-22 11:27:11,032 | INFO |   写出: xyz_output\insoles\074_insole_L.xyz | 点数=4096 | 含法向量
2025-08-22 11:27:11,058 | INFO |   写出: xyz_output\insoles\074_insole_R.xyz | 点数=4096 | 含法向量
2025-08-22 11:27:11,087 | INFO |   写出: xyz_output\insoles\075_insole_L.xyz | 点数=4096 | 含法向量
2025-08-22 11:27:11,116 | INFO |   写出: xyz_output\insoles\075_insole_R.xyz | 点数=4096 | 含法向量
2025-08-22 11:27:11,145 | INFO |   写出: xyz_output\insoles\076_insole_L.xyz | 点数=4096 | 含法向量
2025-08-22 11:27:11,173 | INFO |   写出: xyz_output\insoles\076_insole_R.xyz | 点数=4096 | 含法向量
2025-08-22 11:27:11,198 | INFO |   写出: xyz_output\insoles\077_insole_L.xyz | 点数=4096 | 含法向量
2025-08-22 11:27:11,224 | INFO |   写出: xyz_output\insoles\077_insole_R.xyz | 点数=4096 | 含法向量
2025-08-22 11:27:11,250 | INFO |   写出: xyz_output\insoles\078_insole_L.xyz | 点数=4096 | 含法向量
2025-08-22 11:27:11,275 | INFO |   写出: xyz_output\insoles\078_insole_R.xyz | 点数=4096 | 含法向量
2025-08-22 11:27:11,302 | INFO |   写出: xyz_output\insoles\079_insole_L.xyz | 点数=4096 | 含法向量
2025-08-22 11:27:11,330 | INFO |   写出: xyz_output\insoles\079_insole_R.xyz | 点数=4096 | 含法向量
2025-08-22 11:27:11,357 | INFO |   写出: xyz_output\insoles\080_insole_L.xyz | 点数=4096 | 含法向量
2025-08-22 11:27:11,383 | INFO |   写出: xyz_output\insoles\080_insole_R.xyz | 点数=4096 | 含法向量
2025-08-22 11:27:11,411 | INFO |   写出: xyz_output\insoles\081_insole_L.xyz | 点数=4096 | 含法向量
2025-08-22 11:27:11,437 | INFO |   写出: xyz_output\insoles\081_insole_R.xyz | 点数=4096 | 含法向量
2025-08-22 11:27:11,461 | INFO |   写出: xyz_output\insoles\082_insole_L.xyz | 点数=4096 | 含法向量
2025-08-22 11:27:11,489 | INFO |   写出: xyz_output\insoles\082_insole_R.xyz | 点数=4096 | 含法向量
2025-08-22 11:27:11,515 | INFO |   写出: xyz_output\insoles\083_insole_L.xyz | 点数=4096 | 含法向量
2025-08-22 11:27:11,543 | INFO |   写出: xyz_output\insoles\083_insole_R.xyz | 点数=4096 | 含法向量
2025-08-22 11:27:11,569 | INFO |   写出: xyz_output\insoles\084_insole_L.xyz | 点数=4096 | 含法向量
2025-08-22 11:27:11,592 | INFO |   写出: xyz_output\insoles\084_insole_R.xyz | 点数=4096 | 含法向量
2025-08-22 11:27:11,619 | INFO |   写出: xyz_output\insoles\085_insole_L.xyz | 点数=4096 | 含法向量
2025-08-22 11:27:11,646 | INFO |   写出: xyz_output\insoles\085_insole_R.xyz | 点数=4096 | 含法向量
2025-08-22 11:27:11,672 | INFO |   写出: xyz_output\insoles\086_insole_L.xyz | 点数=4096 | 含法向量
2025-08-22 11:27:11,699 | INFO |   写出: xyz_output\insoles\086_insole_R.xyz | 点数=4096 | 含法向量
2025-08-22 11:27:11,723 | INFO |   写出: xyz_output\insoles\087_insole_L.xyz | 点数=4096 | 含法向量
2025-08-22 11:27:11,749 | INFO |   写出: xyz_output\insoles\087_insole_R.xyz | 点数=4096 | 含法向量
2025-08-22 11:27:11,775 | INFO |   写出: xyz_output\insoles\088_insole_L.xyz | 点数=4096 | 含法向量
2025-08-22 11:27:11,799 | INFO |   写出: xyz_output\insoles\088_insole_R.xyz | 点数=4096 | 含法向量
2025-08-22 11:27:11,826 | INFO |   写出: xyz_output\insoles\089_insole_L.xyz | 点数=4096 | 含法向量
2025-08-22 11:27:11,852 | INFO |   写出: xyz_output\insoles\089_insole_R.xyz | 点数=4096 | 含法向量
2025-08-22 11:27:11,879 | INFO |   写出: xyz_output\insoles\090_insole_L.xyz | 点数=4096 | 含法向量
2025-08-22 11:27:11,907 | INFO |   写出: xyz_output\insoles\090_insole_R.xyz | 点数=4096 | 含法向量
2025-08-22 11:27:11,934 | INFO |   写出: xyz_output\insoles\091_insole_L.xyz | 点数=4096 | 含法向量
2025-08-22 11:27:11,957 | INFO |   写出: xyz_output\insoles\091_insole_R.xyz | 点数=4096 | 含法向量
2025-08-22 11:27:11,985 | INFO |   写出: xyz_output\insoles\092_insole_L.xyz | 点数=4096 | 含法向量
2025-08-22 11:27:12,013 | INFO |   写出: xyz_output\insoles\092_insole_R.xyz | 点数=4096 | 含法向量
2025-08-22 11:27:12,040 | INFO |   写出: xyz_output\insoles\093_insole_L.xyz | 点数=4096 | 含法向量
2025-08-22 11:27:12,063 | INFO |   写出: xyz_output\insoles\093_insole_R.xyz | 点数=4096 | 含法向量
2025-08-22 11:27:12,090 | INFO |   写出: xyz_output\insoles\094_insole_L.xyz | 点数=4096 | 含法向量
2025-08-22 11:27:12,117 | INFO |   写出: xyz_output\insoles\094_insole_R.xyz | 点数=4096 | 含法向量
2025-08-22 11:27:12,140 | INFO |   写出: xyz_output\insoles\095_insole_L.xyz | 点数=4096 | 含法向量
2025-08-22 11:27:12,172 | INFO |   写出: xyz_output\insoles\095_insole_R.xyz | 点数=4096 | 含法向量
2025-08-22 11:27:12,201 | INFO |   写出: xyz_output\insoles\096_insole_L.xyz | 点数=4096 | 含法向量
2025-08-22 11:27:12,230 | INFO |   写出: xyz_output\insoles\096_insole_R.xyz | 点数=4096 | 含法向量
2025-08-22 11:27:12,259 | INFO |   写出: xyz_output\insoles\097_insole_L.xyz | 点数=4096 | 含法向量
2025-08-22 11:27:12,285 | INFO |   写出: xyz_output\insoles\097_insole_R.xyz | 点数=4096 | 含法向量
2025-08-22 11:27:12,310 | INFO |   写出: xyz_output\insoles\098_insole_L.xyz | 点数=4096 | 含法向量
2025-08-22 11:27:12,337 | INFO |   写出: xyz_output\insoles\098_insole_R.xyz | 点数=4096 | 含法向量
2025-08-22 11:27:12,364 | INFO |   写出: xyz_output\insoles\099_insole_L.xyz | 点数=4096 | 含法向量
2025-08-22 11:27:12,389 | INFO |   写出: xyz_output\insoles\099_insole_R.xyz | 点数=4096 | 含法向量
2025-08-22 11:27:12,417 | INFO |   写出: xyz_output\insoles\100_insole_L.xyz | 点数=4096 | 含法向量
2025-08-22 11:27:12,442 | INFO |   写出: xyz_output\insoles\100_insole_R.xyz | 点数=4096 | 含法向量
2025-08-22 11:27:12,465 | INFO |   写出: xyz_output\insoles\101_insole_L.xyz | 点数=4096 | 含法向量
2025-08-22 11:27:12,500 | INFO |   写出: xyz_output\insoles\101_insole_R.xyz | 点数=4096 | 含法向量
2025-08-22 11:27:12,525 | INFO |   写出: xyz_output\insoles\102_insole_L.xyz | 点数=4096 | 含法向量
2025-08-22 11:27:12,555 | INFO |   写出: xyz_output\insoles\102_insole_R.xyz | 点数=4096 | 含法向量
2025-08-22 11:27:12,581 | INFO |   写出: xyz_output\insoles\103_insole_L.xyz | 点数=4096 | 含法向量
2025-08-22 11:27:12,607 | INFO |   写出: xyz_output\insoles\103_insole_R.xyz | 点数=4096 | 含法向量
2025-08-22 11:27:12,631 | INFO |   写出: xyz_output\insoles\104_insole_L.xyz | 点数=4096 | 含法向量
2025-08-22 11:27:12,657 | INFO |   写出: xyz_output\insoles\104_insole_R.xyz | 点数=4096 | 含法向量
2025-08-22 11:27:12,688 | INFO |   写出: xyz_output\insoles\105_insole_L.xyz | 点数=4096 | 含法向量
2025-08-22 11:27:12,713 | INFO |   写出: xyz_output\insoles\105_insole_R.xyz | 点数=4096 | 含法向量
2025-08-22 11:27:12,742 | INFO |   写出: xyz_output\insoles\106_insole_R.xyz | 点数=4096 | 含法向量
2025-08-22 11:27:12,772 | INFO |   写出: xyz_output\insoles\107_insole_L.xyz | 点数=4096 | 含法向量
2025-08-22 11:27:12,801 | INFO |   写出: xyz_output\insoles\107_insole_R.xyz | 点数=4096 | 含法向量
2025-08-22 11:27:12,829 | INFO |   写出: xyz_output\insoles\108_insole_L.xyz | 点数=4096 | 含法向量
2025-08-22 11:27:12,857 | INFO |   写出: xyz_output\insoles\108_insole_R.xyz | 点数=4096 | 含法向量
2025-08-22 11:27:12,887 | INFO |   写出: xyz_output\insoles\109_insole_L.xyz | 点数=4096 | 含法向量
2025-08-22 11:27:12,912 | INFO |   写出: xyz_output\insoles\109_insole_R.xyz | 点数=4096 | 含法向量
2025-08-22 11:27:12,939 | INFO |   写出: xyz_output\insoles\110_insole_L.xyz | 点数=4096 | 含法向量
2025-08-22 11:27:12,963 | INFO |   写出: xyz_output\insoles\110_insole_R.xyz | 点数=4096 | 含法向量
2025-08-22 11:27:12,993 | INFO |   写出: xyz_output\insoles\111_insole_L.xyz | 点数=4096 | 含法向量
2025-08-22 11:27:13,022 | INFO |   写出: xyz_output\insoles\111_insole_R.xyz | 点数=4096 | 含法向量
2025-08-22 11:27:13,047 | INFO |   写出: xyz_output\insoles\112_insole_L.xyz | 点数=4096 | 含法向量
2025-08-22 11:27:13,070 | INFO |   写出: xyz_output\insoles\112_insole_R.xyz | 点数=4096 | 含法向量
2025-08-22 11:27:13,099 | INFO |   写出: xyz_output\insoles\113_insole_L.xyz | 点数=4096 | 含法向量
2025-08-22 11:27:13,126 | INFO |   写出: xyz_output\insoles\113_insole_R.xyz | 点数=4096 | 含法向量
2025-08-22 11:27:13,153 | INFO |   写出: xyz_output\insoles\114_insole_L.xyz | 点数=4096 | 含法向量
2025-08-22 11:27:13,179 | INFO |   写出: xyz_output\insoles\114_insole_R.xyz | 点数=4096 | 含法向量
2025-08-22 11:27:13,208 | INFO |   写出: xyz_output\insoles\115_insole_L.xyz | 点数=4096 | 含法向量
2025-08-22 11:27:13,238 | INFO |   写出: xyz_output\insoles\115_insole_R.xyz | 点数=4096 | 含法向量
2025-08-22 11:27:13,263 | INFO |   写出: xyz_output\insoles\116_insole_L.xyz | 点数=4096 | 含法向量
2025-08-22 11:27:13,290 | INFO |   写出: xyz_output\insoles\116_insole_R.xyz | 点数=4096 | 含法向量
2025-08-22 11:27:13,320 | INFO |   写出: xyz_output\insoles\117_insole_L.xyz | 点数=4096 | 含法向量
2025-08-22 11:27:13,344 | INFO |   写出: xyz_output\insoles\117_insole_R.xyz | 点数=4096 | 含法向量
2025-08-22 11:27:13,368 | INFO |   写出: xyz_output\insoles\118_insole_L.xyz | 点数=4096 | 含法向量
2025-08-22 11:27:13,394 | INFO |   写出: xyz_output\insoles\118_insole_R.xyz | 点数=4096 | 含法向量
2025-08-22 11:27:13,422 | INFO |   写出: xyz_output\insoles\119_insole_L.xyz | 点数=4096 | 含法向量
2025-08-22 11:27:13,446 | INFO |   写出: xyz_output\insoles\119_insole_R.xyz | 点数=4096 | 含法向量
2025-08-22 11:27:13,472 | INFO |   写出: xyz_output\insoles\120_insole_L.xyz | 点数=4096 | 含法向量
2025-08-22 11:27:13,496 | INFO |   写出: xyz_output\insoles\120_insole_R.xyz | 点数=4096 | 含法向量
2025-08-22 11:27:13,524 | INFO |   写出: xyz_output\insoles\121_insole_L.xyz | 点数=4096 | 含法向量
2025-08-22 11:27:13,548 | INFO |   写出: xyz_output\insoles\121_insole_R.xyz | 点数=4096 | 含法向量
2025-08-22 11:27:13,573 | INFO |   写出: xyz_output\insoles\122_insole_L.xyz | 点数=4096 | 含法向量
2025-08-22 11:27:13,598 | INFO |   写出: xyz_output\insoles\122_insole_R.xyz | 点数=4096 | 含法向量
2025-08-22 11:27:13,622 | INFO |   写出: xyz_output\insoles\123_insole_L.xyz | 点数=4096 | 含法向量
2025-08-22 11:27:13,648 | INFO |   写出: xyz_output\insoles\123_insole_R.xyz | 点数=4096 | 含法向量
2025-08-22 11:27:13,673 | INFO |   写出: xyz_output\insoles\124_insole_L.xyz | 点数=4096 | 含法向量
2025-08-22 11:27:13,699 | INFO |   写出: xyz_output\insoles\124_insole_R.xyz | 点数=4096 | 含法向量
2025-08-22 11:27:13,725 | INFO |   写出: xyz_output\insoles\125_insole_L.xyz | 点数=4096 | 含法向量
2025-08-22 11:27:13,753 | INFO |   写出: xyz_output\insoles\125_insole_R.xyz | 点数=4096 | 含法向量
2025-08-22 11:27:13,779 | INFO |   写出: xyz_output\insoles\126_insole_L.xyz | 点数=4096 | 含法向量
2025-08-22 11:27:13,803 | INFO |   写出: xyz_output\insoles\126_insole_R.xyz | 点数=4096 | 含法向量
2025-08-22 11:27:13,844 | INFO |   写出: xyz_output\insoles\127_insole_L.xyz | 点数=4096 | 含法向量
2025-08-22 11:27:13,871 | INFO |   写出: xyz_output\insoles\127_insole_R.xyz | 点数=4096 | 含法向量
2025-08-22 11:27:13,895 | INFO |   写出: xyz_output\insoles\128_insole_L.xyz | 点数=4096 | 含法向量
2025-08-22 11:27:13,921 | INFO |   写出: xyz_output\insoles\128_insole_R.xyz | 点数=4096 | 含法向量
2025-08-22 11:27:13,952 | INFO |   写出: xyz_output\insoles\129_insole_L.xyz | 点数=4096 | 含法向量
2025-08-22 11:27:13,981 | INFO |   写出: xyz_output\insoles\129_insole_R.xyz | 点数=4096 | 含法向量
2025-08-22 11:27:14,005 | INFO |   写出: xyz_output\insoles\130_insole_L.xyz | 点数=4096 | 含法向量
2025-08-22 11:27:14,031 | INFO |   写出: xyz_output\insoles\130_insole_R.xyz | 点数=4096 | 含法向量
2025-08-22 11:27:14,058 | INFO |   写出: xyz_output\insoles\131_insole_L.xyz | 点数=4096 | 含法向量
2025-08-22 11:27:14,083 | INFO |   写出: xyz_output\insoles\131_insole_R.xyz | 点数=4096 | 含法向量
2025-08-22 11:27:14,111 | INFO |   写出: xyz_output\insoles\132_insole_L.xyz | 点数=4096 | 含法向量
2025-08-22 11:27:14,138 | INFO |   写出: xyz_output\insoles\132_insole_R.xyz | 点数=4096 | 含法向量
2025-08-22 11:27:14,162 | INFO |   写出: xyz_output\insoles\133_insole_L.xyz | 点数=4096 | 含法向量
2025-08-22 11:27:14,192 | INFO |   写出: xyz_output\insoles\133_insole_R.xyz | 点数=4096 | 含法向量
2025-08-22 11:27:14,218 | INFO |   写出: xyz_output\insoles\134_insole_L.xyz | 点数=4096 | 含法向量
2025-08-22 11:27:14,246 | INFO |   写出: xyz_output\insoles\134_insole_R.xyz | 点数=4096 | 含法向量
2025-08-22 11:27:14,272 | INFO |   写出: xyz_output\insoles\135_insole_L.xyz | 点数=4096 | 含法向量
2025-08-22 11:27:14,305 | INFO |   写出: xyz_output\insoles\135_insole_R.xyz | 点数=4096 | 含法向量
2025-08-22 11:27:14,329 | INFO |   写出: xyz_output\insoles\136_insole_L.xyz | 点数=4096 | 含法向量
2025-08-22 11:27:14,359 | INFO |   写出: xyz_output\insoles\136_insole_R.xyz | 点数=4096 | 含法向量
2025-08-22 11:27:14,387 | INFO |   写出: xyz_output\insoles\137_insole_L.xyz | 点数=4096 | 含法向量
2025-08-22 11:27:14,415 | INFO |   写出: xyz_output\insoles\137_insole_R.xyz | 点数=4096 | 含法向量
2025-08-22 11:27:14,439 | INFO |   写出: xyz_output\insoles\138_insole_L.xyz | 点数=4096 | 含法向量
2025-08-22 11:27:14,467 | INFO |   写出: xyz_output\insoles\138_insole_R.xyz | 点数=4096 | 含法向量
2025-08-22 11:27:14,493 | INFO |   写出: xyz_output\insoles\139_insole_L.xyz | 点数=4096 | 含法向量
2025-08-22 11:27:14,519 | INFO |   写出: xyz_output\insoles\139_insole_R.xyz | 点数=4096 | 含法向量
2025-08-22 11:27:14,547 | INFO |   写出: xyz_output\insoles\140_insole_L.xyz | 点数=4096 | 含法向量
2025-08-22 11:27:14,571 | INFO |   写出: xyz_output\insoles\140_insole_R.xyz | 点数=4096 | 含法向量
2025-08-22 11:27:14,599 | INFO |   写出: xyz_output\insoles\141_insole_L.xyz | 点数=4096 | 含法向量
2025-08-22 11:27:14,626 | INFO |   写出: xyz_output\insoles\141_insole_R.xyz | 点数=4096 | 含法向量
2025-08-22 11:27:14,650 | INFO |   写出: xyz_output\insoles\142_insole_L.xyz | 点数=4096 | 含法向量
2025-08-22 11:27:14,679 | INFO |   写出: xyz_output\insoles\142_insole_R.xyz | 点数=4096 | 含法向量
2025-08-22 11:27:14,708 | INFO |   写出: xyz_output\insoles\143_insole_L.xyz | 点数=4096 | 含法向量
2025-08-22 11:27:14,734 | INFO |   写出: xyz_output\insoles\143_insole_R.xyz | 点数=4096 | 含法向量
2025-08-22 11:27:14,760 | INFO |   写出: xyz_output\insoles\144_insole_L.xyz | 点数=4096 | 含法向量
2025-08-22 11:27:14,786 | INFO |   写出: xyz_output\insoles\144_insole_R.xyz | 点数=4096 | 含法向量
2025-08-22 11:27:14,815 | INFO |   写出: xyz_output\insoles\145_insole_L.xyz | 点数=4096 | 含法向量
2025-08-22 11:27:14,839 | INFO |   写出: xyz_output\insoles\145_insole_R.xyz | 点数=4096 | 含法向量
2025-08-22 11:27:14,840 | INFO | 完成：共处理 579 个文件（npy=0, npz=579），总点数=2356662，含法向量文件数=579，模板鞋垫数量=0，输出目录: xyz_output
