2025-08-21 14:47:17,783 | INFO | 日志文件: Log\infer\infer_deformnet.log
2025-08-21 14:47:17,784 | INFO | 输入目录: test\pointcloud | 输出目录: output\pointcloud
2025-08-21 14:47:17,784 | INFO | 权重: single=checkpoints\best.pth | L=checkpoints\L\best.pth | R=checkpoints\R\best.pth
2025-08-21 14:47:17,788 | INFO | 模板(L)目录匹配: Templates\insoles\average_insoles_template_L.npz
2025-08-21 14:47:17,789 | INFO | 模板(R)目录匹配: Templates\insoles\average_insoles_template_R.npz
2025-08-21 14:47:17,790 | INFO | 设备: cpu
2025-08-21 14:47:17,791 | INFO | [1/20] 017_insole_L.npz
2025-08-21 14:47:17,791 | INFO | 开始推理: 017_insole_L.npz | 侧别: L | 使用权重: checkpoints\L\best.pth
2025-08-21 14:47:17,850 | INFO | 配置: use_normals=False | num_points=4096 | normalize=center
2025-08-21 14:47:17,854 | INFO | 模板选择: L | 点数: foot=4096 tpl=4096
2025-08-21 14:47:17,854 | INFO | 下采样: foot 4096->4096 | tpl 4096->4096
2025-08-21 14:47:18,527 | INFO | 已保存: output\pointcloud\017_insole_L.npz
2025-08-21 14:47:18,527 | INFO | [2/20] 017_insole_R.npz
2025-08-21 14:47:18,529 | INFO | 开始推理: 017_insole_R.npz | 侧别: R | 使用权重: checkpoints\R\best.pth
2025-08-21 14:47:18,565 | INFO | 配置: use_normals=False | num_points=4096 | normalize=center
2025-08-21 14:47:18,567 | INFO | 模板选择: R | 点数: foot=4096 tpl=4096
2025-08-21 14:47:18,567 | INFO | 下采样: foot 4096->4096 | tpl 4096->4096
2025-08-21 14:47:19,082 | INFO | 已保存: output\pointcloud\017_insole_R.npz
2025-08-21 14:47:19,082 | INFO | [3/20] 018_insole_L.npz
2025-08-21 14:47:19,083 | INFO | 开始推理: 018_insole_L.npz | 侧别: L | 使用权重: checkpoints\L\best.pth
2025-08-21 14:47:19,119 | INFO | 配置: use_normals=False | num_points=4096 | normalize=center
2025-08-21 14:47:19,121 | INFO | 模板选择: L | 点数: foot=4096 tpl=4096
2025-08-21 14:47:19,121 | INFO | 下采样: foot 4096->4096 | tpl 4096->4096
2025-08-21 14:47:19,632 | INFO | 已保存: output\pointcloud\018_insole_L.npz
2025-08-21 14:47:19,633 | INFO | [4/20] 018_insole_R.npz
2025-08-21 14:47:19,634 | INFO | 开始推理: 018_insole_R.npz | 侧别: R | 使用权重: checkpoints\R\best.pth
2025-08-21 14:47:19,670 | INFO | 配置: use_normals=False | num_points=4096 | normalize=center
2025-08-21 14:47:19,672 | INFO | 模板选择: R | 点数: foot=4096 tpl=4096
2025-08-21 14:47:19,673 | INFO | 下采样: foot 4096->4096 | tpl 4096->4096
2025-08-21 14:47:20,181 | INFO | 已保存: output\pointcloud\018_insole_R.npz
2025-08-21 14:47:20,182 | INFO | [5/20] 019_insole_L.npz
2025-08-21 14:47:20,183 | INFO | 开始推理: 019_insole_L.npz | 侧别: L | 使用权重: checkpoints\L\best.pth
2025-08-21 14:47:20,221 | INFO | 配置: use_normals=False | num_points=4096 | normalize=center
2025-08-21 14:47:20,223 | INFO | 模板选择: L | 点数: foot=4096 tpl=4096
2025-08-21 14:47:20,223 | INFO | 下采样: foot 4096->4096 | tpl 4096->4096
2025-08-21 14:47:20,732 | INFO | 已保存: output\pointcloud\019_insole_L.npz
2025-08-21 14:47:20,732 | INFO | [6/20] 019_insole_R.npz
2025-08-21 14:47:20,733 | INFO | 开始推理: 019_insole_R.npz | 侧别: R | 使用权重: checkpoints\R\best.pth
2025-08-21 14:47:20,774 | INFO | 配置: use_normals=False | num_points=4096 | normalize=center
2025-08-21 14:47:20,776 | INFO | 模板选择: R | 点数: foot=4096 tpl=4096
2025-08-21 14:47:20,776 | INFO | 下采样: foot 4096->4096 | tpl 4096->4096
2025-08-21 14:47:21,294 | INFO | 已保存: output\pointcloud\019_insole_R.npz
2025-08-21 14:47:21,294 | INFO | [7/20] 020_insole_L.npz
2025-08-21 14:47:21,295 | INFO | 开始推理: 020_insole_L.npz | 侧别: L | 使用权重: checkpoints\L\best.pth
2025-08-21 14:47:21,337 | INFO | 配置: use_normals=False | num_points=4096 | normalize=center
2025-08-21 14:47:21,339 | INFO | 模板选择: L | 点数: foot=4096 tpl=4096
2025-08-21 14:47:21,340 | INFO | 下采样: foot 4096->4096 | tpl 4096->4096
2025-08-21 14:47:21,867 | INFO | 已保存: output\pointcloud\020_insole_L.npz
2025-08-21 14:47:21,868 | INFO | [8/20] 020_insole_R.npz
2025-08-21 14:47:21,868 | INFO | 开始推理: 020_insole_R.npz | 侧别: R | 使用权重: checkpoints\R\best.pth
2025-08-21 14:47:21,910 | INFO | 配置: use_normals=False | num_points=4096 | normalize=center
2025-08-21 14:47:21,913 | INFO | 模板选择: R | 点数: foot=4096 tpl=4096
2025-08-21 14:47:21,913 | INFO | 下采样: foot 4096->4096 | tpl 4096->4096
2025-08-21 14:47:22,429 | INFO | 已保存: output\pointcloud\020_insole_R.npz
2025-08-21 14:47:22,429 | INFO | [9/20] 140_insole_L.npz
2025-08-21 14:47:22,430 | INFO | 开始推理: 140_insole_L.npz | 侧别: L | 使用权重: checkpoints\L\best.pth
2025-08-21 14:47:22,468 | INFO | 配置: use_normals=False | num_points=4096 | normalize=center
2025-08-21 14:47:22,469 | INFO | 模板选择: L | 点数: foot=4096 tpl=4096
2025-08-21 14:47:22,469 | INFO | 下采样: foot 4096->4096 | tpl 4096->4096
2025-08-21 14:47:22,996 | INFO | 已保存: output\pointcloud\140_insole_L.npz
2025-08-21 14:47:23,000 | INFO | [10/20] 140_insole_R.npz
2025-08-21 14:47:23,000 | INFO | 开始推理: 140_insole_R.npz | 侧别: R | 使用权重: checkpoints\R\best.pth
2025-08-21 14:47:23,037 | INFO | 配置: use_normals=False | num_points=4096 | normalize=center
2025-08-21 14:47:23,039 | INFO | 模板选择: R | 点数: foot=4096 tpl=4096
2025-08-21 14:47:23,039 | INFO | 下采样: foot 4096->4096 | tpl 4096->4096
2025-08-21 14:47:23,547 | INFO | 已保存: output\pointcloud\140_insole_R.npz
2025-08-21 14:47:23,548 | INFO | [11/20] 141_insole_L.npz
2025-08-21 14:47:23,548 | INFO | 开始推理: 141_insole_L.npz | 侧别: L | 使用权重: checkpoints\L\best.pth
2025-08-21 14:47:23,582 | INFO | 配置: use_normals=False | num_points=4096 | normalize=center
2025-08-21 14:47:23,584 | INFO | 模板选择: L | 点数: foot=4096 tpl=4096
2025-08-21 14:47:23,584 | INFO | 下采样: foot 4096->4096 | tpl 4096->4096
2025-08-21 14:47:24,099 | INFO | 已保存: output\pointcloud\141_insole_L.npz
2025-08-21 14:47:24,102 | INFO | [12/20] 141_insole_R.npz
2025-08-21 14:47:24,103 | INFO | 开始推理: 141_insole_R.npz | 侧别: R | 使用权重: checkpoints\R\best.pth
2025-08-21 14:47:24,137 | INFO | 配置: use_normals=False | num_points=4096 | normalize=center
2025-08-21 14:47:24,139 | INFO | 模板选择: R | 点数: foot=4096 tpl=4096
2025-08-21 14:47:24,139 | INFO | 下采样: foot 4096->4096 | tpl 4096->4096
2025-08-21 14:47:24,659 | INFO | 已保存: output\pointcloud\141_insole_R.npz
2025-08-21 14:47:24,663 | INFO | [13/20] 142_insole_L.npz
2025-08-21 14:47:24,664 | INFO | 开始推理: 142_insole_L.npz | 侧别: L | 使用权重: checkpoints\L\best.pth
2025-08-21 14:47:24,700 | INFO | 配置: use_normals=False | num_points=4096 | normalize=center
2025-08-21 14:47:24,702 | INFO | 模板选择: L | 点数: foot=4096 tpl=4096
2025-08-21 14:47:24,702 | INFO | 下采样: foot 4096->4096 | tpl 4096->4096
2025-08-21 14:47:25,231 | INFO | 已保存: output\pointcloud\142_insole_L.npz
2025-08-21 14:47:25,233 | INFO | [14/20] 142_insole_R.npz
2025-08-21 14:47:25,234 | INFO | 开始推理: 142_insole_R.npz | 侧别: R | 使用权重: checkpoints\R\best.pth
2025-08-21 14:47:25,273 | INFO | 配置: use_normals=False | num_points=4096 | normalize=center
2025-08-21 14:47:25,275 | INFO | 模板选择: R | 点数: foot=4096 tpl=4096
2025-08-21 14:47:25,275 | INFO | 下采样: foot 4096->4096 | tpl 4096->4096
2025-08-21 14:47:25,810 | INFO | 已保存: output\pointcloud\142_insole_R.npz
2025-08-21 14:47:25,811 | INFO | [15/20] 143_insole_L.npz
2025-08-21 14:47:25,812 | INFO | 开始推理: 143_insole_L.npz | 侧别: L | 使用权重: checkpoints\L\best.pth
2025-08-21 14:47:25,847 | INFO | 配置: use_normals=False | num_points=4096 | normalize=center
2025-08-21 14:47:25,848 | INFO | 模板选择: L | 点数: foot=4096 tpl=4096
2025-08-21 14:47:25,848 | INFO | 下采样: foot 4096->4096 | tpl 4096->4096
2025-08-21 14:47:26,357 | INFO | 已保存: output\pointcloud\143_insole_L.npz
2025-08-21 14:47:26,361 | INFO | [16/20] 143_insole_R.npz
2025-08-21 14:47:26,361 | INFO | 开始推理: 143_insole_R.npz | 侧别: R | 使用权重: checkpoints\R\best.pth
2025-08-21 14:47:26,399 | INFO | 配置: use_normals=False | num_points=4096 | normalize=center
2025-08-21 14:47:26,400 | INFO | 模板选择: R | 点数: foot=4096 tpl=4096
2025-08-21 14:47:26,400 | INFO | 下采样: foot 4096->4096 | tpl 4096->4096
2025-08-21 14:47:26,921 | INFO | 已保存: output\pointcloud\143_insole_R.npz
2025-08-21 14:47:26,925 | INFO | [17/20] 144_insole_L.npz
2025-08-21 14:47:26,926 | INFO | 开始推理: 144_insole_L.npz | 侧别: L | 使用权重: checkpoints\L\best.pth
2025-08-21 14:47:26,967 | INFO | 配置: use_normals=False | num_points=4096 | normalize=center
2025-08-21 14:47:26,969 | INFO | 模板选择: L | 点数: foot=4096 tpl=4096
2025-08-21 14:47:26,969 | INFO | 下采样: foot 4096->4096 | tpl 4096->4096
2025-08-21 14:47:27,495 | INFO | 已保存: output\pointcloud\144_insole_L.npz
2025-08-21 14:47:27,498 | INFO | [18/20] 144_insole_R.npz
2025-08-21 14:47:27,499 | INFO | 开始推理: 144_insole_R.npz | 侧别: R | 使用权重: checkpoints\R\best.pth
2025-08-21 14:47:27,542 | INFO | 配置: use_normals=False | num_points=4096 | normalize=center
2025-08-21 14:47:27,544 | INFO | 模板选择: R | 点数: foot=4096 tpl=4096
2025-08-21 14:47:27,544 | INFO | 下采样: foot 4096->4096 | tpl 4096->4096
2025-08-21 14:47:28,055 | INFO | 已保存: output\pointcloud\144_insole_R.npz
2025-08-21 14:47:28,060 | INFO | [19/20] 145_insole_L.npz
2025-08-21 14:47:28,060 | INFO | 开始推理: 145_insole_L.npz | 侧别: L | 使用权重: checkpoints\L\best.pth
2025-08-21 14:47:28,093 | INFO | 配置: use_normals=False | num_points=4096 | normalize=center
2025-08-21 14:47:28,094 | INFO | 模板选择: L | 点数: foot=4096 tpl=4096
2025-08-21 14:47:28,094 | INFO | 下采样: foot 4096->4096 | tpl 4096->4096
2025-08-21 14:47:28,611 | INFO | 已保存: output\pointcloud\145_insole_L.npz
2025-08-21 14:47:28,614 | INFO | [20/20] 145_insole_R.npz
2025-08-21 14:47:28,615 | INFO | 开始推理: 145_insole_R.npz | 侧别: R | 使用权重: checkpoints\R\best.pth
2025-08-21 14:47:28,661 | INFO | 配置: use_normals=False | num_points=4096 | normalize=center
2025-08-21 14:47:28,663 | INFO | 模板选择: R | 点数: foot=4096 tpl=4096
2025-08-21 14:47:28,664 | INFO | 下采样: foot 4096->4096 | tpl 4096->4096
2025-08-21 14:47:29,185 | INFO | 已保存: output\pointcloud\145_insole_R.npz
2025-08-21 14:47:29,185 | INFO | 推理完成，结果已保存到: output\pointcloud
