2025-08-19 12:53:21,983 | INFO | Input STL: D:\Cursor Repos\From p2p\data\raw\feet\001_foot_R.stl
2025-08-19 12:53:21,983 | INFO | Output log: D:\Cursor Repos\From p2p\Log\preprocess\feet\001_foot_R.log
2025-08-19 12:53:21,983 | INFO | Parameters: num_points=4096, candidate_multiplier=4, z_low_percent=None, z_high_percent=None, seed=None
2025-08-19 12:53:21,983 | INFO | File: size_bytes=1206984, mtime=2025-08-14 10:06:02
2025-08-19 12:53:21,983 | INFO | Env: python=3.11.13, numpy=2.1.2, trimesh=4.7.4, platform=Windows-10-10.0.26100-SP0
2025-08-19 12:53:22,026 | INFO | Mesh: vertices=12409, faces=24138
2025-08-19 12:53:22,038 | WARNING | Mesh is not watertight; surface sampling may include boundary artifacts
2025-08-19 12:53:22,041 | INFO | Mesh surface area: 17319.145728
2025-08-19 12:53:22,050 | INFO | Mesh volume: 102905.647210
2025-08-19 12:53:22,052 | INFO | Mesh AABB min=[-43.43115997314453, 0.0, -19.806198120117188] max=[43.537933349609375, 225.17532348632812, 0.0]
2025-08-19 12:53:22,052 | INFO | Boundary edges: 0
2025-08-19 12:53:22,052 | INFO | Load mesh time: 68.9 ms
2025-08-19 12:53:22,052 | INFO | Surface sampling: candidates=16384 (target=4096, multiplier=4)
2025-08-19 12:53:22,065 | INFO | Running Farthest Point Sampling (FPS) to enforce even spacing
2025-08-19 12:53:22,149 | INFO | FPS progress: 409/4096
2025-08-19 12:53:22,228 | INFO | FPS progress: 818/4096
2025-08-19 12:53:22,308 | INFO | FPS progress: 1227/4096
2025-08-19 12:53:22,384 | INFO | FPS progress: 1636/4096
2025-08-19 12:53:22,463 | INFO | FPS progress: 2045/4096
2025-08-19 12:53:22,539 | INFO | FPS progress: 2454/4096
2025-08-19 12:53:22,619 | INFO | FPS progress: 2863/4096
2025-08-19 12:53:22,709 | INFO | FPS progress: 3272/4096
2025-08-19 12:53:22,793 | INFO | FPS progress: 3681/4096
2025-08-19 12:53:22,868 | INFO | FPS progress: 4090/4096
2025-08-19 12:53:22,869 | INFO | Round 1: accumulated=4096, kept=4096 (100.00%), time=817.6 ms
2025-08-19 12:53:22,870 | INFO | Requested samples 4096 >= candidates 4096; returning all indices.
2025-08-19 12:53:22,870 | INFO | Sampled points: (4096, 3), normals: (4096, 3)
2025-08-19 12:53:22,870 | INFO | Sampling time: 818.0 ms
2025-08-19 12:53:22,870 | INFO | Centering only: centroid=[3.9862374921907135, 112.60453401376516, -2.894477211588969] | scale fixed to 1.000000 (no scaling)
2025-08-19 12:53:22,870 | INFO | Axis x stats (centered): min=-47.308562, mean=0.000000, std=22.762568, max=39.444195
2025-08-19 12:53:22,870 | INFO | Axis y stats (centered): min=-112.534466, mean=-0.000000, std=59.973243, max=112.443410
2025-08-19 12:53:22,870 | INFO | Axis z stats (centered): min=-16.563682, mean=-0.000000, std=3.633652, max=2.888913
2025-08-19 12:53:22,870 | INFO | Centering time: 0.6 ms
2025-08-19 12:53:22,871 | INFO | PCA alignment: explained variance ratio=0.8732, 0.1243, 0.0026
2025-08-19 12:53:22,871 | INFO | Rotation matrix (columns are principal axes):
[[-0.045948 -0.997567 -0.052421]
 [-0.998775  0.044911  0.02079 ]
 [-0.018385  0.053312 -0.998409]]
2025-08-19 12:53:22,871 | INFO | Rotation matrix det=1.000000
2025-08-19 12:53:22,871 | INFO | Orientation enforcement: mean_nz=-0.876959 -> sz=-1, width_low=66.369851, width_high=55.094216 -> sx=-1, sy=1
2025-08-19 12:53:22,871 | INFO | Orientation signs diag(S)=[-1.0, 1.0, -1.0]
2025-08-19 12:53:22,873 | INFO | PCA time: 1.6 ms
2025-08-19 12:53:22,873 | INFO | Requested samples 4096 >= candidates 4096; returning all indices.
2025-08-19 12:53:22,873 | INFO | Final points: (4096, 3), normals: (4096, 3)
2025-08-19 12:53:22,873 | INFO | Aligned normalized AABB min=[-112.97675550785111, -39.04961204061312, -14.254789631385977] max=[113.44628367864847, 48.58098271474754, 4.758284673468083]
2025-08-19 12:53:22,873 | INFO | Final radii percentiles: p5=16.938088, p50=55.973207, p95=105.339895; centroid_norm=0.000000
2025-08-19 12:53:22,874 | INFO | Axis x stats (final): min=-112.976756, mean=-0.000000, std=60.038146, max=113.446284
2025-08-19 12:53:22,874 | INFO | Axis y stats (final): min=-39.049612, mean=-0.000000, std=22.649242, max=48.580983
2025-08-19 12:53:22,874 | INFO | Axis z stats (final): min=-14.254790, mean=-0.000000, std=3.249718, max=4.758285
2025-08-19 12:53:22,874 | INFO | Normal lengths: min=1.000000, mean=1.000000, max=1.000000
2025-08-19 12:53:22,874 | INFO | Final FPS time: 1.4 ms
2025-08-19 12:53:22,883 | INFO | Saved bundle (npz): D:\Cursor Repos\From p2p\data\pointcloud\feet\001_foot_R.npz | points=(4096, 3) normals=(4096, 3)
2025-08-19 12:53:22,883 | INFO | Completed successfully.
