2025-08-22 11:30:36,775 | INFO | Input STL: D:\Cursor Repos\From p2p\data\raw\feet\003_foot_R.stl
2025-08-22 11:30:36,776 | INFO | Output log: D:\Cursor Repos\From p2p\Log\preprocess\feet\003_foot_R.log
2025-08-22 11:30:36,776 | INFO | Parameters: num_points=4096, candidate_multiplier=4, z_low_percent=None, z_high_percent=None, seed=None
2025-08-22 11:30:36,776 | INFO | File: size_bytes=1407534, mtime=2025-08-07 13:33:32
2025-08-22 11:30:36,776 | INFO | Env: python=3.11.13, numpy=2.3.2, trimesh=4.7.4, platform=Windows-10-10.0.26100-SP0
2025-08-22 11:30:36,849 | INFO | Mesh: vertices=14470, faces=28149
2025-08-22 11:30:36,867 | WARNING | Mesh is not watertight; surface sampling may include boundary artifacts
2025-08-22 11:30:36,870 | INFO | Mesh surface area: 10335.914320
2025-08-22 11:30:36,883 | INFO | Mesh volume: 49788.244926
2025-08-22 11:30:36,884 | INFO | Mesh AABB min=[-35.035823822021484, 0.0, -14.051502227783203] max=[34.52788543701172, 163.16424560546875, 0.0]
2025-08-22 11:30:36,884 | INFO | Boundary edges: 0
2025-08-22 11:30:36,884 | INFO | Load mesh time: 108.0 ms
2025-08-22 11:30:36,930 | INFO | Surface sampling: candidates=16384 (target=4096, multiplier=4)
2025-08-22 11:30:36,940 | INFO | Running Farthest Point Sampling (FPS) to enforce even spacing
2025-08-22 11:30:37,015 | INFO | FPS progress: 409/4096
2025-08-22 11:30:37,100 | INFO | FPS progress: 818/4096
2025-08-22 11:30:37,178 | INFO | FPS progress: 1227/4096
2025-08-22 11:30:37,254 | INFO | FPS progress: 1636/4096
2025-08-22 11:30:37,328 | INFO | FPS progress: 2045/4096
2025-08-22 11:30:37,402 | INFO | FPS progress: 2454/4096
2025-08-22 11:30:37,472 | INFO | FPS progress: 2863/4096
2025-08-22 11:30:37,546 | INFO | FPS progress: 3272/4096
2025-08-22 11:30:37,745 | INFO | FPS progress: 3681/4096
2025-08-22 11:30:37,819 | INFO | FPS progress: 4090/4096
2025-08-22 11:30:37,821 | INFO | Round 1: accumulated=4096, kept=4096 (100.00%), time=890.6 ms
2025-08-22 11:30:37,821 | INFO | Requested samples 4096 >= candidates 4096; returning all indices.
2025-08-22 11:30:37,821 | INFO | Sampled points: (4096, 3), normals: (4096, 3)
2025-08-22 11:30:37,821 | INFO | Sampling time: 891.0 ms
2025-08-22 11:30:37,821 | INFO | Centering only: centroid=[1.6531988466781868, 86.58749680071374, -2.6172802017756527] | scale fixed to 1.000000 (no scaling)
2025-08-22 11:30:37,821 | INFO | Axis x stats (centered): min=-36.261056, mean=-0.000000, std=17.654005, max=32.519119
2025-08-22 11:30:37,821 | INFO | Axis y stats (centered): min=-86.449598, mean=0.000000, std=45.080923, max=76.278110
2025-08-22 11:30:37,821 | INFO | Axis z stats (centered): min=-11.432629, mean=0.000000, std=2.720491, max=2.598713
2025-08-22 11:30:37,821 | INFO | Centering time: 0.4 ms
2025-08-22 11:30:37,822 | INFO | PCA alignment: explained variance ratio=0.8649, 0.1321, 0.0030
2025-08-22 11:30:37,822 | INFO | Rotation matrix (columns are principal axes):
[[-0.025697 -0.999442 -0.021358]
 [-0.999598  0.025433  0.012553]
 [-0.012003  0.021672 -0.999693]]
2025-08-22 11:30:37,822 | INFO | Rotation matrix det=1.000000
2025-08-22 11:30:37,823 | INFO | Orientation enforcement (concave-to-pos-z (corr_pos=0.2927, corr_neg=-0.2927)): sz=1, width_low=57.329464, width_high=41.211043 -> sx=-1, sy=-1
2025-08-22 11:30:37,823 | INFO | Orientation signs diag(S)=[-1.0, -1.0, 1.0]
2025-08-22 11:30:37,823 | INFO | PCA time: 1.5 ms
2025-08-22 11:30:37,823 | INFO | Requested samples 4096 >= candidates 4096; returning all indices.
2025-08-22 11:30:37,823 | INFO | Final points: (4096, 3), normals: (4096, 3)
2025-08-22 11:30:37,824 | INFO | Aligned normalized AABB min=[-86.56469061371911, -37.24772417717817, -2.8986625486500186] max=[76.60569700730899, 31.427851547041634, 10.412016324930184]
2025-08-22 11:30:37,824 | INFO | Final radii percentiles: p5=12.976064, p50=43.566304, p95=77.863231; centroid_norm=0.000000
2025-08-22 11:30:37,824 | INFO | Axis x stats (final): min=-86.564691, mean=0.000000, std=45.096823, max=76.605697
2025-08-22 11:30:37,824 | INFO | Axis y stats (final): min=-37.247724, mean=-0.000000, std=17.625682, max=31.427852
2025-08-22 11:30:37,824 | INFO | Axis z stats (final): min=-2.898663, mean=-0.000000, std=2.639405, max=10.412016
2025-08-22 11:30:37,824 | INFO | Normal lengths: min=1.000000, mean=1.000000, max=1.000000
2025-08-22 11:30:37,824 | INFO | Final FPS time: 1.2 ms
2025-08-22 11:30:37,831 | INFO | Saved bundle (npz): D:\Cursor Repos\From p2p\data\pointcloud\feet\003_foot_R.npz | points=(4096, 3) normals=(4096, 3)
2025-08-22 11:30:37,831 | INFO | Completed successfully.
