2025-08-22 11:30:39,744 | INFO | Input STL: D:\Cursor Repos\From p2p\data\raw\feet\005_foot_L.stl
2025-08-22 11:30:39,744 | INFO | Output log: D:\Cursor Repos\From p2p\Log\preprocess\feet\005_foot_L.log
2025-08-22 11:30:39,744 | INFO | Parameters: num_points=4096, candidate_multiplier=4, z_low_percent=None, z_high_percent=None, seed=None
2025-08-22 11:30:39,745 | INFO | File: size_bytes=1241434, mtime=2025-08-13 11:27:56
2025-08-22 11:30:39,745 | INFO | Env: python=3.11.13, numpy=2.3.2, trimesh=4.7.4, platform=Windows-10-10.0.26100-SP0
2025-08-22 11:30:39,791 | INFO | Mesh: vertices=12802, faces=24827
2025-08-22 11:30:39,805 | WARNING | Mesh is not watertight; surface sampling may include boundary artifacts
2025-08-22 11:30:39,811 | INFO | Mesh surface area: 17381.775851
2025-08-22 11:30:39,820 | INFO | Mesh volume: 88035.863340
2025-08-22 11:30:39,822 | INFO | Mesh AABB min=[-42.200077056884766, 0.0, -18.872310638427734] max=[44.47861862182617, 223.20809936523438, 0.0]
2025-08-22 11:30:39,823 | INFO | Boundary edges: 0
2025-08-22 11:30:39,823 | INFO | Load mesh time: 77.9 ms
2025-08-22 11:30:39,892 | INFO | Surface sampling: candidates=16384 (target=4096, multiplier=4)
2025-08-22 11:30:39,903 | INFO | Running Farthest Point Sampling (FPS) to enforce even spacing
2025-08-22 11:30:39,985 | INFO | FPS progress: 409/4096
2025-08-22 11:30:40,061 | INFO | FPS progress: 818/4096
2025-08-22 11:30:40,138 | INFO | FPS progress: 1227/4096
2025-08-22 11:30:40,224 | INFO | FPS progress: 1636/4096
2025-08-22 11:30:40,303 | INFO | FPS progress: 2045/4096
2025-08-22 11:30:40,382 | INFO | FPS progress: 2454/4096
2025-08-22 11:30:40,464 | INFO | FPS progress: 2863/4096
2025-08-22 11:30:40,551 | INFO | FPS progress: 3272/4096
2025-08-22 11:30:40,630 | INFO | FPS progress: 3681/4096
2025-08-22 11:30:40,698 | INFO | FPS progress: 4090/4096
2025-08-22 11:30:40,700 | INFO | Round 1: accumulated=4096, kept=4096 (100.00%), time=807.8 ms
2025-08-22 11:30:40,700 | INFO | Requested samples 4096 >= candidates 4096; returning all indices.
2025-08-22 11:30:40,700 | INFO | Sampled points: (4096, 3), normals: (4096, 3)
2025-08-22 11:30:40,700 | INFO | Sampling time: 808.3 ms
2025-08-22 11:30:40,700 | INFO | Centering only: centroid=[-0.48152146762902676, 117.6218121664795, -3.1144732572477714] | scale fixed to 1.000000 (no scaling)
2025-08-22 11:30:40,700 | INFO | Axis x stats (centered): min=-41.566826, mean=0.000000, std=21.716965, max=44.190609
2025-08-22 11:30:40,701 | INFO | Axis y stats (centered): min=-117.450815, mean=0.000000, std=61.221897, max=105.529479
2025-08-22 11:30:40,701 | INFO | Axis z stats (centered): min=-15.332473, mean=0.000000, std=3.361512, max=3.067537
2025-08-22 11:30:40,701 | INFO | Centering time: 0.5 ms
2025-08-22 11:30:40,701 | INFO | PCA alignment: explained variance ratio=0.8862, 0.1117, 0.0021
2025-08-22 11:30:40,701 | INFO | Rotation matrix (columns are principal axes):
[[-0.017884  0.997791  0.063985]
 [ 0.999794  0.017234  0.010699]
 [ 0.009573  0.064164 -0.997893]]
2025-08-22 11:30:40,701 | INFO | Rotation matrix det=1.000000
2025-08-22 11:30:40,702 | INFO | Orientation enforcement (concave-to-pos-z (corr_pos=0.1537, corr_neg=-0.1537)): sz=1, width_low=53.529964, width_high=66.410734 -> sx=1, sy=1
2025-08-22 11:30:40,702 | INFO | Orientation signs diag(S)=[1.0, 1.0, 1.0]
2025-08-22 11:30:40,702 | INFO | PCA time: 1.5 ms
2025-08-22 11:30:40,702 | INFO | Requested samples 4096 >= candidates 4096; returning all indices.
2025-08-22 11:30:40,702 | INFO | Final points: (4096, 3), normals: (4096, 3)
2025-08-22 11:30:40,703 | INFO | Aligned normalized AABB min=[-117.55929098778589, -40.85119987021567, -3.5943278575482114] max=[105.92740259388803, 45.07594541656298, 12.565647110526468]
2025-08-22 11:30:40,703 | INFO | Final radii percentiles: p5=16.517466, p50=57.556435, p95=104.683944; centroid_norm=0.000000
2025-08-22 11:30:40,703 | INFO | Axis x stats (final): min=-117.559291, mean=0.000000, std=61.233343, max=105.927403
2025-08-22 11:30:40,703 | INFO | Axis y stats (final): min=-40.851200, mean=0.000000, std=21.736507, max=45.075945
2025-08-22 11:30:40,703 | INFO | Axis z stats (final): min=-3.594328, mean=0.000000, std=3.008164, max=12.565647
2025-08-22 11:30:40,703 | INFO | Normal lengths: min=1.000000, mean=1.000000, max=1.000000
2025-08-22 11:30:40,703 | INFO | Final FPS time: 1.2 ms
2025-08-22 11:30:40,714 | INFO | Saved bundle (npz): D:\Cursor Repos\From p2p\data\pointcloud\feet\005_foot_L.npz | points=(4096, 3) normals=(4096, 3)
2025-08-22 11:30:40,714 | INFO | Completed successfully.
