2025-08-22 11:30:40,715 | INFO | Input STL: D:\Cursor Repos\From p2p\data\raw\feet\005_foot_R.stl
2025-08-22 11:30:40,715 | INFO | Output log: D:\Cursor Repos\From p2p\Log\preprocess\feet\005_foot_R.log
2025-08-22 11:30:40,716 | INFO | Parameters: num_points=4096, candidate_multiplier=4, z_low_percent=None, z_high_percent=None, seed=None
2025-08-22 11:30:40,716 | INFO | File: size_bytes=1211534, mtime=2025-08-13 11:27:57
2025-08-22 11:30:40,716 | INFO | Env: python=3.11.13, numpy=2.3.2, trimesh=4.7.4, platform=Windows-10-10.0.26100-SP0
2025-08-22 11:30:40,759 | INFO | Mesh: vertices=12494, faces=24229
2025-08-22 11:30:40,770 | WARNING | Mesh is not watertight; surface sampling may include boundary artifacts
2025-08-22 11:30:40,773 | INFO | Mesh surface area: 17217.329698
2025-08-22 11:30:40,783 | INFO | Mesh volume: 93408.683397
2025-08-22 11:30:40,785 | INFO | Mesh AABB min=[-42.69044494628906, 0.0, -19.589332580566406] max=[44.14357376098633, 223.81455993652344, 0.0]
2025-08-22 11:30:40,785 | INFO | Boundary edges: 0
2025-08-22 11:30:40,785 | INFO | Load mesh time: 69.2 ms
2025-08-22 11:30:40,828 | INFO | Surface sampling: candidates=16384 (target=4096, multiplier=4)
2025-08-22 11:30:40,838 | INFO | Running Farthest Point Sampling (FPS) to enforce even spacing
2025-08-22 11:30:40,914 | INFO | FPS progress: 409/4096
2025-08-22 11:30:40,991 | INFO | FPS progress: 818/4096
2025-08-22 11:30:41,072 | INFO | FPS progress: 1227/4096
2025-08-22 11:30:41,150 | INFO | FPS progress: 1636/4096
2025-08-22 11:30:41,231 | INFO | FPS progress: 2045/4096
2025-08-22 11:30:41,308 | INFO | FPS progress: 2454/4096
2025-08-22 11:30:41,386 | INFO | FPS progress: 2863/4096
2025-08-22 11:30:41,460 | INFO | FPS progress: 3272/4096
2025-08-22 11:30:41,539 | INFO | FPS progress: 3681/4096
2025-08-22 11:30:41,618 | INFO | FPS progress: 4090/4096
2025-08-22 11:30:41,619 | INFO | Round 1: accumulated=4096, kept=4096 (100.00%), time=791.9 ms
2025-08-22 11:30:41,619 | INFO | Requested samples 4096 >= candidates 4096; returning all indices.
2025-08-22 11:30:41,620 | INFO | Sampled points: (4096, 3), normals: (4096, 3)
2025-08-22 11:30:41,620 | INFO | Sampling time: 792.3 ms
2025-08-22 11:30:41,620 | INFO | Centering only: centroid=[1.4202726476342107, 117.36878533490774, -2.989990866977877] | scale fixed to 1.000000 (no scaling)
2025-08-22 11:30:41,620 | INFO | Axis x stats (centered): min=-44.073714, mean=0.000000, std=21.895359, max=42.332690
2025-08-22 11:30:41,620 | INFO | Axis y stats (centered): min=-117.271826, mean=-0.000000, std=61.524444, max=106.122007
2025-08-22 11:30:41,620 | INFO | Axis z stats (centered): min=-16.167720, mean=-0.000000, std=3.447628, max=2.959823
2025-08-22 11:30:41,620 | INFO | Centering time: 0.4 ms
2025-08-22 11:30:41,621 | INFO | PCA alignment: explained variance ratio=0.8867, 0.1107, 0.0026
2025-08-22 11:30:41,621 | INFO | Rotation matrix (columns are principal axes):
[[-0.044236 -0.998285 -0.038333]
 [-0.99899   0.043898  0.009599]
 [-0.0079    0.038719 -0.999219]]
2025-08-22 11:30:41,621 | INFO | Rotation matrix det=1.000000
2025-08-22 11:30:41,622 | INFO | Orientation enforcement (concave-to-pos-z (corr_pos=0.0176, corr_neg=-0.0176)): sz=1, width_low=67.433495, width_high=55.310660 -> sx=-1, sy=-1
2025-08-22 11:30:41,622 | INFO | Orientation signs diag(S)=[-1.0, -1.0, 1.0]
2025-08-22 11:30:41,622 | INFO | PCA time: 2.3 ms
2025-08-22 11:30:41,622 | INFO | Requested samples 4096 >= candidates 4096; returning all indices.
2025-08-22 11:30:41,623 | INFO | Final points: (4096, 3), normals: (4096, 3)
2025-08-22 11:30:41,623 | INFO | Aligned normalized AABB min=[-117.15691534768833, -45.289264189230146, -4.266973612091725] max=[107.04033303073491, 39.02425602427423, 14.626602262090092]
2025-08-22 11:30:41,623 | INFO | Final radii percentiles: p5=16.681304, p50=57.806953, p95=105.383150; centroid_norm=0.000000
2025-08-22 11:30:41,623 | INFO | Axis x stats (final): min=-117.156915, mean=-0.000000, std=61.579220, max=107.040333
2025-08-22 11:30:41,623 | INFO | Axis y stats (final): min=-45.289264, mean=0.000000, std=21.762194, max=39.024256
2025-08-22 11:30:41,624 | INFO | Axis z stats (final): min=-4.266974, mean=-0.000000, std=3.310077, max=14.626602
2025-08-22 11:30:41,624 | INFO | Normal lengths: min=1.000000, mean=1.000000, max=1.000000
2025-08-22 11:30:41,624 | INFO | Final FPS time: 1.4 ms
2025-08-22 11:30:41,635 | INFO | Saved bundle (npz): D:\Cursor Repos\From p2p\data\pointcloud\feet\005_foot_R.npz | points=(4096, 3) normals=(4096, 3)
2025-08-22 11:30:41,635 | INFO | Completed successfully.
