2025-08-22 11:30:44,730 | INFO | Input STL: D:\Cursor Repos\From p2p\data\raw\feet\007_foot_R.stl
2025-08-22 11:30:44,730 | INFO | Output log: D:\Cursor Repos\From p2p\Log\preprocess\feet\007_foot_R.log
2025-08-22 11:30:44,730 | INFO | Parameters: num_points=4096, candidate_multiplier=4, z_low_percent=None, z_high_percent=None, seed=None
2025-08-22 11:30:44,730 | INFO | File: size_bytes=1436634, mtime=2025-08-13 13:00:51
2025-08-22 11:30:44,730 | INFO | Env: python=3.11.13, numpy=2.3.2, trimesh=4.7.4, platform=Windows-10-10.0.26100-SP0
2025-08-22 11:30:44,782 | INFO | Mesh: vertices=14758, faces=28731
2025-08-22 11:30:44,797 | WARNING | Mesh is not watertight; surface sampling may include boundary artifacts
2025-08-22 11:30:44,801 | INFO | Mesh surface area: 9319.851202
2025-08-22 11:30:44,813 | INFO | Mesh volume: 42037.903586
2025-08-22 11:30:44,816 | INFO | Mesh AABB min=[-33.6871337890625, 0.0, -13.395731925964355] max=[37.6483268737793, 151.84376525878906, 0.0]
2025-08-22 11:30:44,816 | INFO | Boundary edges: 0
2025-08-22 11:30:44,816 | INFO | Load mesh time: 84.5 ms
2025-08-22 11:30:44,897 | INFO | Surface sampling: candidates=16384 (target=4096, multiplier=4)
2025-08-22 11:30:44,908 | INFO | Running Farthest Point Sampling (FPS) to enforce even spacing
2025-08-22 11:30:44,986 | INFO | FPS progress: 409/4096
2025-08-22 11:30:45,078 | INFO | FPS progress: 818/4096
2025-08-22 11:30:45,161 | INFO | FPS progress: 1227/4096
2025-08-22 11:30:45,261 | INFO | FPS progress: 1636/4096
2025-08-22 11:30:45,369 | INFO | FPS progress: 2045/4096
2025-08-22 11:30:45,461 | INFO | FPS progress: 2454/4096
2025-08-22 11:30:45,539 | INFO | FPS progress: 2863/4096
2025-08-22 11:30:45,620 | INFO | FPS progress: 3272/4096
2025-08-22 11:30:45,724 | INFO | FPS progress: 3681/4096
2025-08-22 11:30:45,809 | INFO | FPS progress: 4090/4096
2025-08-22 11:30:45,811 | INFO | Round 1: accumulated=4096, kept=4096 (100.00%), time=913.7 ms
2025-08-22 11:30:45,811 | INFO | Requested samples 4096 >= candidates 4096; returning all indices.
2025-08-22 11:30:45,811 | INFO | Sampled points: (4096, 3), normals: (4096, 3)
2025-08-22 11:30:45,811 | INFO | Sampling time: 914.2 ms
2025-08-22 11:30:45,812 | INFO | Centering only: centroid=[1.7730146098874116, 80.7267253869824, -2.1533438830783127] | scale fixed to 1.000000 (no scaling)
2025-08-22 11:30:45,812 | INFO | Axis x stats (centered): min=-35.064998, mean=-0.000000, std=17.444519, max=35.456129
2025-08-22 11:30:45,812 | INFO | Axis y stats (centered): min=-80.557277, mean=-0.000000, std=41.724398, max=70.950041
2025-08-22 11:30:45,812 | INFO | Axis z stats (centered): min=-11.238358, mean=0.000000, std=2.585689, max=2.137986
2025-08-22 11:30:45,812 | INFO | Centering time: 0.5 ms
2025-08-22 11:30:45,812 | INFO | PCA alignment: explained variance ratio=0.8505, 0.1465, 0.0030
2025-08-22 11:30:45,813 | INFO | Rotation matrix (columns are principal axes):
[[-0.051922 -0.998446 -0.020233]
 [-0.99854   0.051603  0.015958]
 [-0.014889  0.021032 -0.999668]]
2025-08-22 11:30:45,813 | INFO | Rotation matrix det=1.000000
2025-08-22 11:30:45,815 | INFO | Orientation enforcement (concave-to-pos-z (corr_pos=0.3151, corr_neg=-0.3151)): sz=1, width_low=58.044625, width_high=38.934243 -> sx=-1, sy=-1
2025-08-22 11:30:45,815 | INFO | Orientation signs diag(S)=[-1.0, -1.0, 1.0]
2025-08-22 11:30:45,815 | INFO | PCA time: 2.8 ms
2025-08-22 11:30:45,815 | INFO | Requested samples 4096 >= candidates 4096; returning all indices.
2025-08-22 11:30:45,815 | INFO | Final points: (4096, 3), normals: (4096, 3)
2025-08-22 11:30:45,815 | INFO | Aligned normalized AABB min=[-80.68681671483006, -36.438929038109094, -3.1699994815900037] max=[71.05645465426845, 32.628760686186396, 10.27745511966145]
2025-08-22 11:30:45,816 | INFO | Final radii percentiles: p5=12.228722, p50=40.152824, p95=72.557111; centroid_norm=0.000000
2025-08-22 11:30:45,816 | INFO | Axis x stats (final): min=-80.686817, mean=-0.000000, std=41.775774, max=71.056455
2025-08-22 11:30:45,816 | INFO | Axis y stats (final): min=-36.438929, mean=0.000000, std=17.336005, max=32.628761
2025-08-22 11:30:45,816 | INFO | Axis z stats (final): min=-3.169999, mean=-0.000000, std=2.483956, max=10.277455
2025-08-22 11:30:45,816 | INFO | Normal lengths: min=1.000000, mean=1.000000, max=1.000000
2025-08-22 11:30:45,816 | INFO | Final FPS time: 1.2 ms
2025-08-22 11:30:45,826 | INFO | Saved bundle (npz): D:\Cursor Repos\From p2p\data\pointcloud\feet\007_foot_R.npz | points=(4096, 3) normals=(4096, 3)
2025-08-22 11:30:45,826 | INFO | Completed successfully.
