2025-08-22 11:30:45,827 | INFO | Input STL: D:\Cursor Repos\From p2p\data\raw\feet\008_foot_L.stl
2025-08-22 11:30:45,827 | INFO | Output log: D:\Cursor Repos\From p2p\Log\preprocess\feet\008_foot_L.log
2025-08-22 11:30:45,827 | INFO | Parameters: num_points=4096, candidate_multiplier=4, z_low_percent=None, z_high_percent=None, seed=None
2025-08-22 11:30:45,827 | INFO | File: size_bytes=1913684, mtime=2025-08-13 12:59:33
2025-08-22 11:30:45,827 | INFO | Env: python=3.11.13, numpy=2.3.2, trimesh=4.7.4, platform=Windows-10-10.0.26100-SP0
2025-08-22 11:30:45,905 | INFO | Mesh: vertices=19814, faces=38272
2025-08-22 11:30:45,936 | WARNING | Mesh is not watertight; surface sampling may include boundary artifacts
2025-08-22 11:30:45,944 | INFO | Mesh surface area: 12131.713001
2025-08-22 11:30:45,964 | INFO | Mesh volume: 72424.487647
2025-08-22 11:30:45,966 | INFO | Mesh AABB min=[-33.23549270629883, 0.0, -79.15302276611328] max=[31.98910140991211, 154.97216796875, 0.0]
2025-08-22 11:30:45,966 | INFO | Boundary edges: 0
2025-08-22 11:30:45,967 | INFO | Load mesh time: 139.3 ms
2025-08-22 11:30:46,056 | INFO | Surface sampling: candidates=16384 (target=4096, multiplier=4)
2025-08-22 11:30:46,071 | INFO | Running Farthest Point Sampling (FPS) to enforce even spacing
2025-08-22 11:30:46,146 | INFO | FPS progress: 409/4096
2025-08-22 11:30:46,243 | INFO | FPS progress: 818/4096
2025-08-22 11:30:46,323 | INFO | FPS progress: 1227/4096
2025-08-22 11:30:46,399 | INFO | FPS progress: 1636/4096
2025-08-22 11:30:46,493 | INFO | FPS progress: 2045/4096
2025-08-22 11:30:46,571 | INFO | FPS progress: 2454/4096
2025-08-22 11:30:46,717 | INFO | FPS progress: 2863/4096
2025-08-22 11:30:46,808 | INFO | FPS progress: 3272/4096
2025-08-22 11:30:46,894 | INFO | FPS progress: 3681/4096
2025-08-22 11:30:46,972 | INFO | FPS progress: 4090/4096
2025-08-22 11:30:46,974 | INFO | Round 1: accumulated=4096, kept=4096 (100.00%), time=917.7 ms
2025-08-22 11:30:46,974 | INFO | Requested samples 4096 >= candidates 4096; returning all indices.
2025-08-22 11:30:46,974 | INFO | Sampled points: (4096, 3), normals: (4096, 3)
2025-08-22 11:30:46,974 | INFO | Sampling time: 918.2 ms
2025-08-22 11:30:46,974 | INFO | Centering only: centroid=[-3.4268871876014217, 68.04546810900123, -13.41016365782608] | scale fixed to 1.000000 (no scaling)
2025-08-22 11:30:46,974 | INFO | Axis x stats (centered): min=-29.733587, mean=0.000000, std=16.813534, max=35.297730
2025-08-22 11:30:46,975 | INFO | Axis y stats (centered): min=-68.028147, mean=0.000000, std=45.878945, max=86.867758
2025-08-22 11:30:46,975 | INFO | Axis z stats (centered): min=-65.689291, mean=0.000000, std=21.375798, max=13.376583
2025-08-22 11:30:46,975 | INFO | Centering time: 0.5 ms
2025-08-22 11:30:46,975 | INFO | PCA alignment: explained variance ratio=0.8088, 0.1277, 0.0635
2025-08-22 11:30:46,975 | INFO | Rotation matrix (columns are principal axes):
[[-0.060918  0.718368 -0.692991]
 [-0.949747 -0.255282 -0.181142]
 [-0.307034  0.647131  0.697819]]
2025-08-22 11:30:46,975 | INFO | Rotation matrix det=1.000000
2025-08-22 11:30:46,976 | INFO | Orientation enforcement (concave-to-pos-z (corr_pos=-0.5461, corr_neg=0.5461)): sz=-1, width_low=47.003391, width_high=55.168219 -> sx=1, sy=-1
2025-08-22 11:30:46,977 | INFO | Orientation signs diag(S)=[1.0, -1.0, -1.0]
2025-08-22 11:30:46,977 | INFO | PCA time: 2.0 ms
2025-08-22 11:30:46,977 | INFO | Requested samples 4096 >= candidates 4096; returning all indices.
2025-08-22 11:30:46,977 | INFO | Final points: (4096, 3), normals: (4096, 3)
2025-08-22 11:30:46,977 | INFO | Aligned normalized AABB min=[-84.06000261284044, -35.73679683071681, -22.561930934845943] max=[84.30612491730743, 46.3514648580382, 39.53346129479707]
2025-08-22 11:30:46,977 | INFO | Final radii percentiles: p5=18.871959, p50=48.471862, p95=83.342870; centroid_norm=0.000000
2025-08-22 11:30:46,978 | INFO | Axis x stats (final): min=-84.060003, mean=-0.000000, std=47.965693, max=84.306125
2025-08-22 11:30:46,978 | INFO | Axis y stats (final): min=-35.736797, mean=0.000000, std=19.058556, max=46.351465
2025-08-22 11:30:46,978 | INFO | Axis z stats (final): min=-22.561931, mean=0.000000, std=13.437301, max=39.533461
2025-08-22 11:30:46,978 | INFO | Normal lengths: min=1.000000, mean=1.000000, max=1.000000
2025-08-22 11:30:46,978 | INFO | Final FPS time: 1.3 ms
2025-08-22 11:30:46,987 | INFO | Saved bundle (npz): D:\Cursor Repos\From p2p\data\pointcloud\feet\008_foot_L.npz | points=(4096, 3) normals=(4096, 3)
2025-08-22 11:30:46,987 | INFO | Completed successfully.
