2025-08-22 11:30:48,047 | INFO | Input STL: D:\Cursor Repos\From p2p\data\raw\feet\009_foot_L.stl
2025-08-22 11:30:48,048 | INFO | Output log: D:\Cursor Repos\From p2p\Log\preprocess\feet\009_foot_L.log
2025-08-22 11:30:48,048 | INFO | Parameters: num_points=4096, candidate_multiplier=4, z_low_percent=None, z_high_percent=None, seed=None
2025-08-22 11:30:48,048 | INFO | File: size_bytes=1354134, mtime=2025-08-07 13:32:04
2025-08-22 11:30:48,048 | INFO | Env: python=3.11.13, numpy=2.3.2, trimesh=4.7.4, platform=Windows-10-10.0.26100-SP0
2025-08-22 11:30:48,094 | INFO | Mesh: vertices=13899, faces=27081
2025-08-22 11:30:48,108 | WARNING | Mesh is not watertight; surface sampling may include boundary artifacts
2025-08-22 11:30:48,112 | INFO | Mesh surface area: 16268.485925
2025-08-22 11:30:48,123 | INFO | Mesh volume: 107545.607885
2025-08-22 11:30:48,124 | INFO | Mesh AABB min=[-43.287147521972656, 0.0, -23.053348541259766] max=[42.6593132019043, 206.46621704101562, 0.0]
2025-08-22 11:30:48,124 | INFO | Boundary edges: 0
2025-08-22 11:30:48,124 | INFO | Load mesh time: 76.2 ms
2025-08-22 11:30:48,176 | INFO | Surface sampling: candidates=16384 (target=4096, multiplier=4)
2025-08-22 11:30:48,186 | INFO | Running Farthest Point Sampling (FPS) to enforce even spacing
2025-08-22 11:30:48,277 | INFO | FPS progress: 409/4096
2025-08-22 11:30:48,353 | INFO | FPS progress: 818/4096
2025-08-22 11:30:48,435 | INFO | FPS progress: 1227/4096
2025-08-22 11:30:48,520 | INFO | FPS progress: 1636/4096
2025-08-22 11:30:48,597 | INFO | FPS progress: 2045/4096
2025-08-22 11:30:48,675 | INFO | FPS progress: 2454/4096
2025-08-22 11:30:48,754 | INFO | FPS progress: 2863/4096
2025-08-22 11:30:48,836 | INFO | FPS progress: 3272/4096
2025-08-22 11:30:48,921 | INFO | FPS progress: 3681/4096
2025-08-22 11:30:48,997 | INFO | FPS progress: 4090/4096
2025-08-22 11:30:48,998 | INFO | Round 1: accumulated=4096, kept=4096 (100.00%), time=822.1 ms
2025-08-22 11:30:48,998 | INFO | Requested samples 4096 >= candidates 4096; returning all indices.
2025-08-22 11:30:48,999 | INFO | Sampled points: (4096, 3), normals: (4096, 3)
2025-08-22 11:30:48,999 | INFO | Sampling time: 822.4 ms
2025-08-22 11:30:48,999 | INFO | Centering only: centroid=[-2.7345206597720995, 106.3294741267061, -3.5170224652644517] | scale fixed to 1.000000 (no scaling)
2025-08-22 11:30:48,999 | INFO | Axis x stats (centered): min=-40.498818, mean=-0.000000, std=22.054970, max=44.645706
2025-08-22 11:30:48,999 | INFO | Axis y stats (centered): min=-106.180188, mean=-0.000000, std=56.643086, max=99.648975
2025-08-22 11:30:48,999 | INFO | Axis z stats (centered): min=-19.300962, mean=-0.000000, std=4.459873, max=3.447782
2025-08-22 11:30:48,999 | INFO | Centering time: 0.4 ms
2025-08-22 11:30:48,999 | INFO | PCA alignment: explained variance ratio=0.8656, 0.1307, 0.0037
2025-08-22 11:30:49,000 | INFO | Rotation matrix (columns are principal axes):
[[-0.047396  0.993267  0.105713]
 [ 0.998763  0.045535  0.019952]
 [ 0.015004  0.106528 -0.994196]]
2025-08-22 11:30:49,000 | INFO | Rotation matrix det=1.000000
2025-08-22 11:30:49,001 | INFO | Orientation enforcement (concave-to-pos-z (corr_pos=-0.0203, corr_neg=0.0203)): sz=-1, width_low=53.852174, width_high=65.850712 -> sx=1, sy=-1
2025-08-22 11:30:49,001 | INFO | Orientation signs diag(S)=[1.0, -1.0, -1.0]
2025-08-22 11:30:49,002 | INFO | PCA time: 2.4 ms
2025-08-22 11:30:49,002 | INFO | Requested samples 4096 >= candidates 4096; returning all indices.
2025-08-22 11:30:49,002 | INFO | Final points: (4096, 3), normals: (4096, 3)
2025-08-22 11:30:49,003 | INFO | Aligned normalized AABB min=[-106.50884754948149, -46.08272141947748, -15.314195386791091] max=[100.39414382164588, 38.54703167241705, 5.740650407259195]
2025-08-22 11:30:49,003 | INFO | Final radii percentiles: p5=16.433222, p50=53.835470, p95=97.682232; centroid_norm=0.000000
2025-08-22 11:30:49,003 | INFO | Axis x stats (final): min=-106.508848, mean=-0.000000, std=56.704266, max=100.394144
2025-08-22 11:30:49,003 | INFO | Axis y stats (final): min=-46.082721, mean=0.000000, std=22.035456, max=38.547032
2025-08-22 11:30:49,003 | INFO | Axis z stats (final): min=-15.314195, mean=-0.000000, std=3.717023, max=5.740650
2025-08-22 11:30:49,003 | INFO | Normal lengths: min=1.000000, mean=1.000000, max=1.000000
2025-08-22 11:30:49,003 | INFO | Final FPS time: 1.7 ms
2025-08-22 11:30:49,014 | INFO | Saved bundle (npz): D:\Cursor Repos\From p2p\data\pointcloud\feet\009_foot_L.npz | points=(4096, 3) normals=(4096, 3)
2025-08-22 11:30:49,014 | INFO | Completed successfully.
