2025-08-22 11:30:51,017 | INFO | Input STL: D:\Cursor Repos\From p2p\data\raw\feet\010_foot_R.stl
2025-08-22 11:30:51,018 | INFO | Output log: D:\Cursor Repos\From p2p\Log\preprocess\feet\010_foot_R.log
2025-08-22 11:30:51,018 | INFO | Parameters: num_points=4096, candidate_multiplier=4, z_low_percent=None, z_high_percent=None, seed=None
2025-08-22 11:30:51,018 | INFO | File: size_bytes=1117584, mtime=2025-08-13 14:40:47
2025-08-22 11:30:51,018 | INFO | Env: python=3.11.13, numpy=2.3.2, trimesh=4.7.4, platform=Windows-10-10.0.26100-SP0
2025-08-22 11:30:51,058 | INFO | Mesh: vertices=11564, faces=22350
2025-08-22 11:30:51,073 | WARNING | Mesh is not watertight; surface sampling may include boundary artifacts
2025-08-22 11:30:51,076 | INFO | Mesh surface area: 18662.951542
2025-08-22 11:30:51,085 | INFO | Mesh volume: 100922.816939
2025-08-22 11:30:51,087 | INFO | Mesh AABB min=[-44.34434127807617, 0.0, -24.339279174804688] max=[44.12355041503906, 242.2301483154297, 0.0]
2025-08-22 11:30:51,087 | INFO | Boundary edges: 0
2025-08-22 11:30:51,087 | INFO | Load mesh time: 68.4 ms
2025-08-22 11:30:51,125 | INFO | Surface sampling: candidates=16384 (target=4096, multiplier=4)
2025-08-22 11:30:51,136 | INFO | Running Farthest Point Sampling (FPS) to enforce even spacing
2025-08-22 11:30:51,219 | INFO | FPS progress: 409/4096
2025-08-22 11:30:51,307 | INFO | FPS progress: 818/4096
2025-08-22 11:30:51,390 | INFO | FPS progress: 1227/4096
2025-08-22 11:30:51,484 | INFO | FPS progress: 1636/4096
2025-08-22 11:30:51,573 | INFO | FPS progress: 2045/4096
2025-08-22 11:30:51,661 | INFO | FPS progress: 2454/4096
2025-08-22 11:30:51,750 | INFO | FPS progress: 2863/4096
2025-08-22 11:30:51,826 | INFO | FPS progress: 3272/4096
2025-08-22 11:30:51,904 | INFO | FPS progress: 3681/4096
2025-08-22 11:30:51,984 | INFO | FPS progress: 4090/4096
2025-08-22 11:30:51,985 | INFO | Round 1: accumulated=4096, kept=4096 (100.00%), time=860.1 ms
2025-08-22 11:30:51,986 | INFO | Requested samples 4096 >= candidates 4096; returning all indices.
2025-08-22 11:30:51,986 | INFO | Sampled points: (4096, 3), normals: (4096, 3)
2025-08-22 11:30:51,986 | INFO | Sampling time: 860.7 ms
2025-08-22 11:30:51,986 | INFO | Centering only: centroid=[2.043959915586757, 126.15498225410718, -2.918833410306046] | scale fixed to 1.000000 (no scaling)
2025-08-22 11:30:51,986 | INFO | Axis x stats (centered): min=-46.123246, mean=-0.000000, std=21.969169, max=41.580837
2025-08-22 11:30:51,986 | INFO | Axis y stats (centered): min=-126.106276, mean=0.000000, std=66.041212, max=115.546876
2025-08-22 11:30:51,986 | INFO | Axis z stats (centered): min=-21.214429, mean=-0.000000, std=3.956082, max=2.899795
2025-08-22 11:30:51,986 | INFO | Centering time: 0.5 ms
2025-08-22 11:30:51,987 | INFO | PCA alignment: explained variance ratio=0.8978, 0.0995, 0.0027
2025-08-22 11:30:51,987 | INFO | Rotation matrix (columns are principal axes):
[[ 0.017153  0.997483 -0.0688  ]
 [ 0.999798 -0.016388  0.011664]
 [ 0.010507 -0.068986 -0.997562]]
2025-08-22 11:30:51,987 | INFO | Rotation matrix det=1.000000
2025-08-22 11:30:51,988 | INFO | Orientation enforcement (concave-to-pos-z (corr_pos=0.0050, corr_neg=-0.0050)): sz=1, width_low=53.640830, width_high=72.078111 -> sx=1, sy=1
2025-08-22 11:30:51,988 | INFO | Orientation signs diag(S)=[1.0, 1.0, 1.0]
2025-08-22 11:30:51,988 | INFO | PCA time: 2.0 ms
2025-08-22 11:30:51,988 | INFO | Requested samples 4096 >= candidates 4096; returning all indices.
2025-08-22 11:30:51,989 | INFO | Final points: (4096, 3), normals: (4096, 3)
2025-08-22 11:30:51,989 | INFO | Aligned normalized AABB min=[-126.23530322662289, -46.38727527730916, -5.035798567300985] max=[115.36878253826093, 40.75363383109416, 18.365643010516084]
2025-08-22 11:30:51,989 | INFO | Final radii percentiles: p5=17.639076, p50=60.843573, p95=113.264842; centroid_norm=0.000000
2025-08-22 11:30:51,989 | INFO | Axis x stats (final): min=-126.235303, mean=0.000000, std=66.053580, max=115.368783
2025-08-22 11:30:51,989 | INFO | Axis y stats (final): min=-46.387275, mean=-0.000000, std=21.993897, max=40.753634
2025-08-22 11:30:51,989 | INFO | Axis z stats (final): min=-5.035799, mean=0.000000, std=3.595802, max=18.365643
2025-08-22 11:30:51,990 | INFO | Normal lengths: min=1.000000, mean=1.000000, max=1.000000
2025-08-22 11:30:51,990 | INFO | Final FPS time: 1.3 ms
2025-08-22 11:30:51,999 | INFO | Saved bundle (npz): D:\Cursor Repos\From p2p\data\pointcloud\feet\010_foot_R.npz | points=(4096, 3) normals=(4096, 3)
2025-08-22 11:30:52,000 | INFO | Completed successfully.
