2025-08-22 11:30:52,001 | INFO | Input STL: D:\Cursor Repos\From p2p\data\raw\feet\011_foot_L.stl
2025-08-22 11:30:52,001 | INFO | Output log: D:\Cursor Repos\From p2p\Log\preprocess\feet\011_foot_L.log
2025-08-22 11:30:52,001 | INFO | Parameters: num_points=4096, candidate_multiplier=4, z_low_percent=None, z_high_percent=None, seed=None
2025-08-22 11:30:52,001 | INFO | File: size_bytes=1153384, mtime=2025-08-14 10:58:56
2025-08-22 11:30:52,001 | INFO | Env: python=3.11.13, numpy=2.3.2, trimesh=4.7.4, platform=Windows-10-10.0.26100-SP0
2025-08-22 11:30:52,046 | INFO | Mesh: vertices=11875, faces=23066
2025-08-22 11:30:52,059 | WARNING | Mesh is not watertight; surface sampling may include boundary artifacts
2025-08-22 11:30:52,062 | INFO | Mesh surface area: 18649.924981
2025-08-22 11:30:52,070 | INFO | Mesh volume: 92442.961344
2025-08-22 11:30:52,072 | INFO | Mesh AABB min=[-46.46322250366211, 0.0, -16.356164932250977] max=[46.46659469604492, 232.90863037109375, 0.0]
2025-08-22 11:30:52,072 | INFO | Boundary edges: 0
2025-08-22 11:30:52,072 | INFO | Load mesh time: 71.1 ms
2025-08-22 11:30:52,137 | INFO | Surface sampling: candidates=16384 (target=4096, multiplier=4)
2025-08-22 11:30:52,148 | INFO | Running Farthest Point Sampling (FPS) to enforce even spacing
2025-08-22 11:30:52,239 | INFO | FPS progress: 409/4096
2025-08-22 11:30:52,327 | INFO | FPS progress: 818/4096
2025-08-22 11:30:52,418 | INFO | FPS progress: 1227/4096
2025-08-22 11:30:52,501 | INFO | FPS progress: 1636/4096
2025-08-22 11:30:52,578 | INFO | FPS progress: 2045/4096
2025-08-22 11:30:52,660 | INFO | FPS progress: 2454/4096
2025-08-22 11:30:52,744 | INFO | FPS progress: 2863/4096
2025-08-22 11:30:52,846 | INFO | FPS progress: 3272/4096
2025-08-22 11:30:52,927 | INFO | FPS progress: 3681/4096
2025-08-22 11:30:53,013 | INFO | FPS progress: 4090/4096
2025-08-22 11:30:53,015 | INFO | Round 1: accumulated=4096, kept=4096 (100.00%), time=877.3 ms
2025-08-22 11:30:53,015 | INFO | Requested samples 4096 >= candidates 4096; returning all indices.
2025-08-22 11:30:53,015 | INFO | Sampled points: (4096, 3), normals: (4096, 3)
2025-08-22 11:30:53,015 | INFO | Sampling time: 878.0 ms
2025-08-22 11:30:53,015 | INFO | Centering only: centroid=[-2.0451321863437943, 117.70339165402156, -2.6825287426386493] | scale fixed to 1.000000 (no scaling)
2025-08-22 11:30:53,016 | INFO | Axis x stats (centered): min=-44.284392, mean=-0.000000, std=23.361847, max=48.324376
2025-08-22 11:30:53,016 | INFO | Axis y stats (centered): min=-117.466585, mean=-0.000000, std=62.932323, max=115.066113
2025-08-22 11:30:53,016 | INFO | Axis z stats (centered): min=-13.578674, mean=-0.000000, std=2.812022, max=2.405612
2025-08-22 11:30:53,016 | INFO | Centering time: 0.6 ms
2025-08-22 11:30:53,016 | INFO | PCA alignment: explained variance ratio=0.8800, 0.1184, 0.0015
2025-08-22 11:30:53,017 | INFO | Rotation matrix (columns are principal axes):
[[-0.059129  0.997392  0.04138 ]
 [ 0.998241  0.058901  0.006698]
 [ 0.004243  0.041703 -0.999121]]
2025-08-22 11:30:53,017 | INFO | Rotation matrix det=1.000000
2025-08-22 11:30:53,018 | INFO | Orientation enforcement (concave-to-pos-z (corr_pos=0.2450, corr_neg=-0.2450)): sz=1, width_low=61.655550, width_high=69.040279 -> sx=1, sy=1
2025-08-22 11:30:53,018 | INFO | Orientation signs diag(S)=[1.0, 1.0, 1.0]
2025-08-22 11:30:53,018 | INFO | PCA time: 2.3 ms
2025-08-22 11:30:53,018 | INFO | Requested samples 4096 >= candidates 4096; returning all indices.
2025-08-22 11:30:53,018 | INFO | Final points: (4096, 3), normals: (4096, 3)
2025-08-22 11:30:53,019 | INFO | Aligned normalized AABB min=[-117.8223891632844, -41.07921835192073, -2.782465534811782] max=[116.37286004079034, 49.81081129692158, 12.56539714646975]
2025-08-22 11:30:53,019 | INFO | Final radii percentiles: p5=16.859969, p50=58.713601, p95=109.061414; centroid_norm=0.000000
2025-08-22 11:30:53,020 | INFO | Axis x stats (final): min=-117.822389, mean=-0.000000, std=63.028426, max=116.372860
2025-08-22 11:30:53,020 | INFO | Axis y stats (final): min=-41.079218, mean=-0.000000, std=23.122715, max=49.810811
2025-08-22 11:30:53,020 | INFO | Axis z stats (final): min=-2.782466, mean=0.000000, std=2.630255, max=12.565397
2025-08-22 11:30:53,020 | INFO | Normal lengths: min=1.000000, mean=1.000000, max=1.000000
2025-08-22 11:30:53,020 | INFO | Final FPS time: 1.8 ms
2025-08-22 11:30:53,031 | INFO | Saved bundle (npz): D:\Cursor Repos\From p2p\data\pointcloud\feet\011_foot_L.npz | points=(4096, 3) normals=(4096, 3)
2025-08-22 11:30:53,031 | INFO | Completed successfully.
