2025-08-22 11:30:58,001 | INFO | Input STL: D:\Cursor Repos\From p2p\data\raw\feet\014_foot_L.stl
2025-08-22 11:30:58,001 | INFO | Output log: D:\Cursor Repos\From p2p\Log\preprocess\feet\014_foot_L.log
2025-08-22 11:30:58,001 | INFO | Parameters: num_points=4096, candidate_multiplier=4, z_low_percent=None, z_high_percent=None, seed=None
2025-08-22 11:30:58,001 | INFO | File: size_bytes=1391634, mtime=2025-08-14 10:07:58
2025-08-22 11:30:58,001 | INFO | Env: python=3.11.13, numpy=2.3.2, trimesh=4.7.4, platform=Windows-10-10.0.26100-SP0
2025-08-22 11:30:58,045 | INFO | Mesh: vertices=14319, faces=27831
2025-08-22 11:30:58,061 | WARNING | Mesh is not watertight; surface sampling may include boundary artifacts
2025-08-22 11:30:58,067 | INFO | Mesh surface area: 17396.137117
2025-08-22 11:30:58,079 | INFO | Mesh volume: 110497.579874
2025-08-22 11:30:58,081 | INFO | Mesh AABB min=[-44.505802154541016, 0.0, -21.856258392333984] max=[45.03150177001953, 210.2769012451172, 0.0]
2025-08-22 11:30:58,082 | INFO | Boundary edges: 0
2025-08-22 11:30:58,082 | INFO | Load mesh time: 80.3 ms
2025-08-22 11:30:58,127 | INFO | Surface sampling: candidates=16384 (target=4096, multiplier=4)
2025-08-22 11:30:58,137 | INFO | Running Farthest Point Sampling (FPS) to enforce even spacing
2025-08-22 11:30:58,221 | INFO | FPS progress: 409/4096
2025-08-22 11:30:58,301 | INFO | FPS progress: 818/4096
2025-08-22 11:30:58,378 | INFO | FPS progress: 1227/4096
2025-08-22 11:30:58,458 | INFO | FPS progress: 1636/4096
2025-08-22 11:30:58,536 | INFO | FPS progress: 2045/4096
2025-08-22 11:30:58,616 | INFO | FPS progress: 2454/4096
2025-08-22 11:30:58,698 | INFO | FPS progress: 2863/4096
2025-08-22 11:30:58,781 | INFO | FPS progress: 3272/4096
2025-08-22 11:30:58,865 | INFO | FPS progress: 3681/4096
2025-08-22 11:30:58,944 | INFO | FPS progress: 4090/4096
2025-08-22 11:30:58,946 | INFO | Round 1: accumulated=4096, kept=4096 (100.00%), time=819.1 ms
2025-08-22 11:30:58,946 | INFO | Requested samples 4096 >= candidates 4096; returning all indices.
2025-08-22 11:30:58,946 | INFO | Sampled points: (4096, 3), normals: (4096, 3)
2025-08-22 11:30:58,946 | INFO | Sampling time: 819.8 ms
2025-08-22 11:30:58,946 | INFO | Centering only: centroid=[-2.868418996729479, 109.79799912192594, -3.186055136455907] | scale fixed to 1.000000 (no scaling)
2025-08-22 11:30:58,946 | INFO | Axis x stats (centered): min=-41.408304, mean=0.000000, std=22.964923, max=47.547911
2025-08-22 11:30:58,946 | INFO | Axis y stats (centered): min=-109.792932, mean=-0.000000, std=57.646550, max=100.339752
2025-08-22 11:30:58,946 | INFO | Axis z stats (centered): min=-18.660941, mean=0.000000, std=4.277717, max=3.177173
2025-08-22 11:30:58,946 | INFO | Centering time: 0.5 ms
2025-08-22 11:30:58,947 | INFO | PCA alignment: explained variance ratio=0.8594, 0.1369, 0.0037
2025-08-22 11:30:58,947 | INFO | Rotation matrix (columns are principal axes):
[[-0.015154  0.99713   0.074179]
 [ 0.999722  0.01377   0.01914 ]
 [ 0.018064  0.074448 -0.997061]]
2025-08-22 11:30:58,947 | INFO | Rotation matrix det=1.000000
2025-08-22 11:30:58,948 | INFO | Orientation enforcement (concave-to-pos-z (corr_pos=0.3313, corr_neg=-0.3313)): sz=1, width_low=51.396839, width_high=73.175061 -> sx=1, sy=1
2025-08-22 11:30:58,948 | INFO | Orientation signs diag(S)=[1.0, 1.0, 1.0]
2025-08-22 11:30:58,948 | INFO | PCA time: 1.7 ms
2025-08-22 11:30:58,948 | INFO | Requested samples 4096 >= candidates 4096; returning all indices.
2025-08-22 11:30:58,948 | INFO | Final points: (4096, 3), normals: (4096, 3)
2025-08-22 11:30:58,949 | INFO | Aligned normalized AABB min=[-110.12845781378593, -40.79782008488436, -4.7652864782628885] max=[100.51931033277499, 47.83174792038783, 16.968670772638944]
2025-08-22 11:30:58,949 | INFO | Final radii percentiles: p5=16.811619, p50=55.361312, p95=99.500518; centroid_norm=0.000000
2025-08-22 11:30:58,949 | INFO | Axis x stats (final): min=-110.128458, mean=-0.000000, std=57.661664, max=100.519310
2025-08-22 11:30:58,949 | INFO | Axis y stats (final): min=-40.797820, mean=0.000000, std=23.012621, max=47.831748
2025-08-22 11:30:58,949 | INFO | Axis z stats (final): min=-4.765286, mean=-0.000000, std=3.789854, max=16.968671
2025-08-22 11:30:58,949 | INFO | Normal lengths: min=1.000000, mean=1.000000, max=1.000000
2025-08-22 11:30:58,949 | INFO | Final FPS time: 1.2 ms
2025-08-22 11:30:58,959 | INFO | Saved bundle (npz): D:\Cursor Repos\From p2p\data\pointcloud\feet\014_foot_L.npz | points=(4096, 3) normals=(4096, 3)
2025-08-22 11:30:58,959 | INFO | Completed successfully.
