2025-08-22 11:30:58,961 | INFO | Input STL: D:\Cursor Repos\From p2p\data\raw\feet\014_foot_R.stl
2025-08-22 11:30:58,961 | INFO | Output log: D:\Cursor Repos\From p2p\Log\preprocess\feet\014_foot_R.log
2025-08-22 11:30:58,961 | INFO | Parameters: num_points=4096, candidate_multiplier=4, z_low_percent=None, z_high_percent=None, seed=None
2025-08-22 11:30:58,961 | INFO | File: size_bytes=1403784, mtime=2025-08-14 10:08:00
2025-08-22 11:30:58,961 | INFO | Env: python=3.11.13, numpy=2.3.2, trimesh=4.7.4, platform=Windows-10-10.0.26100-SP0
2025-08-22 11:30:59,020 | INFO | Mesh: vertices=14489, faces=28074
2025-08-22 11:30:59,037 | WARNING | Mesh is not watertight; surface sampling may include boundary artifacts
2025-08-22 11:30:59,041 | INFO | Mesh surface area: 17388.176282
2025-08-22 11:30:59,053 | INFO | Mesh volume: 111169.221079
2025-08-22 11:30:59,055 | INFO | Mesh AABB min=[-45.471378326416016, 0.0, -20.943525314331055] max=[45.24036407470703, 210.1195526123047, 0.0]
2025-08-22 11:30:59,055 | INFO | Boundary edges: 0
2025-08-22 11:30:59,056 | INFO | Load mesh time: 93.8 ms
2025-08-22 11:30:59,125 | INFO | Surface sampling: candidates=16384 (target=4096, multiplier=4)
2025-08-22 11:30:59,139 | INFO | Running Farthest Point Sampling (FPS) to enforce even spacing
2025-08-22 11:30:59,244 | INFO | FPS progress: 409/4096
2025-08-22 11:30:59,332 | INFO | FPS progress: 818/4096
2025-08-22 11:30:59,417 | INFO | FPS progress: 1227/4096
2025-08-22 11:30:59,498 | INFO | FPS progress: 1636/4096
2025-08-22 11:30:59,580 | INFO | FPS progress: 2045/4096
2025-08-22 11:30:59,663 | INFO | FPS progress: 2454/4096
2025-08-22 11:30:59,742 | INFO | FPS progress: 2863/4096
2025-08-22 11:30:59,824 | INFO | FPS progress: 3272/4096
2025-08-22 11:30:59,912 | INFO | FPS progress: 3681/4096
2025-08-22 11:30:59,992 | INFO | FPS progress: 4090/4096
2025-08-22 11:30:59,993 | INFO | Round 1: accumulated=4096, kept=4096 (100.00%), time=867.1 ms
2025-08-22 11:30:59,994 | INFO | Requested samples 4096 >= candidates 4096; returning all indices.
2025-08-22 11:30:59,994 | INFO | Sampled points: (4096, 3), normals: (4096, 3)
2025-08-22 11:30:59,994 | INFO | Sampling time: 867.6 ms
2025-08-22 11:30:59,994 | INFO | Centering only: centroid=[2.5578532061761567, 110.64617722693987, -3.201150108083746] | scale fixed to 1.000000 (no scaling)
2025-08-22 11:30:59,994 | INFO | Axis x stats (centered): min=-47.509838, mean=0.000000, std=22.858774, max=42.365089
2025-08-22 11:30:59,994 | INFO | Axis y stats (centered): min=-110.621926, mean=-0.000000, std=57.876619, max=99.270509
2025-08-22 11:30:59,994 | INFO | Axis z stats (centered): min=-17.715376, mean=0.000000, std=4.049587, max=3.169811
2025-08-22 11:30:59,994 | INFO | Centering time: 0.5 ms
2025-08-22 11:30:59,994 | INFO | PCA alignment: explained variance ratio=0.8622, 0.1340, 0.0038
2025-08-22 11:30:59,995 | INFO | Rotation matrix (columns are principal axes):
[[-0.027432 -0.998791 -0.040803]
 [-0.999483  0.026721  0.017872]
 [-0.01676   0.041272 -0.999007]]
2025-08-22 11:30:59,995 | INFO | Rotation matrix det=1.000000
2025-08-22 11:30:59,996 | INFO | Orientation enforcement (concave-to-pos-z (corr_pos=0.3375, corr_neg=-0.3375)): sz=1, width_low=74.816717, width_high=49.049393 -> sx=-1, sy=-1
2025-08-22 11:30:59,996 | INFO | Orientation signs diag(S)=[-1.0, -1.0, 1.0]
2025-08-22 11:30:59,996 | INFO | PCA time: 2.1 ms
2025-08-22 11:30:59,996 | INFO | Requested samples 4096 >= candidates 4096; returning all indices.
2025-08-22 11:30:59,996 | INFO | Final points: (4096, 3), normals: (4096, 3)
2025-08-22 11:30:59,997 | INFO | Aligned normalized AABB min=[-110.98122613079067, -48.54034036488294, -4.765213073835292] max=[99.40188088519318, 40.82073230923337, 15.486722925029396]
2025-08-22 11:30:59,997 | INFO | Final radii percentiles: p5=16.777086, p50=55.353175, p95=100.067803; centroid_norm=0.000000
2025-08-22 11:30:59,997 | INFO | Axis x stats (final): min=-110.981226, mean=-0.000000, std=57.903289, max=99.401881
2025-08-22 11:30:59,997 | INFO | Axis y stats (final): min=-48.540340, mean=0.000000, std=22.830599, max=40.820732
2025-08-22 11:30:59,997 | INFO | Axis z stats (final): min=-4.765213, mean=-0.000000, std=3.820797, max=15.486723
2025-08-22 11:30:59,997 | INFO | Normal lengths: min=1.000000, mean=1.000000, max=1.000000
2025-08-22 11:30:59,997 | INFO | Final FPS time: 1.3 ms
2025-08-22 11:31:00,009 | INFO | Saved bundle (npz): D:\Cursor Repos\From p2p\data\pointcloud\feet\014_foot_R.npz | points=(4096, 3) normals=(4096, 3)
2025-08-22 11:31:00,009 | INFO | Completed successfully.
