2025-08-22 11:31:05,409 | INFO | Input STL: D:\Cursor Repos\From p2p\data\raw\feet\017_foot_R.stl
2025-08-22 11:31:05,409 | INFO | Output log: D:\Cursor Repos\From p2p\Log\preprocess\feet\017_foot_R.log
2025-08-22 11:31:05,409 | INFO | Parameters: num_points=4096, candidate_multiplier=4, z_low_percent=None, z_high_percent=None, seed=None
2025-08-22 11:31:05,410 | INFO | File: size_bytes=1240534, mtime=2025-08-14 10:06:59
2025-08-22 11:31:05,410 | INFO | Env: python=3.11.13, numpy=2.3.2, trimesh=4.7.4, platform=Windows-10-10.0.26100-SP0
2025-08-22 11:31:05,449 | INFO | Mesh: vertices=12735, faces=24809
2025-08-22 11:31:05,463 | WARNING | Mesh is not watertight; surface sampling may include boundary artifacts
2025-08-22 11:31:05,466 | INFO | Mesh surface area: 17419.343341
2025-08-22 11:31:05,474 | INFO | Mesh volume: 94353.666650
2025-08-22 11:31:05,476 | INFO | Mesh AABB min=[-44.292816162109375, 0.0, -21.49290657043457] max=[43.36116409301758, 227.21270751953125, 0.0]
2025-08-22 11:31:05,476 | INFO | Boundary edges: 0
2025-08-22 11:31:05,476 | INFO | Load mesh time: 66.3 ms
2025-08-22 11:31:05,517 | INFO | Surface sampling: candidates=16384 (target=4096, multiplier=4)
2025-08-22 11:31:05,528 | INFO | Running Farthest Point Sampling (FPS) to enforce even spacing
2025-08-22 11:31:05,614 | INFO | FPS progress: 409/4096
2025-08-22 11:31:05,718 | INFO | FPS progress: 818/4096
2025-08-22 11:31:05,828 | INFO | FPS progress: 1227/4096
2025-08-22 11:31:05,943 | INFO | FPS progress: 1636/4096
2025-08-22 11:31:06,051 | INFO | FPS progress: 2045/4096
2025-08-22 11:31:06,159 | INFO | FPS progress: 2454/4096
2025-08-22 11:31:06,273 | INFO | FPS progress: 2863/4096
2025-08-22 11:31:06,387 | INFO | FPS progress: 3272/4096
2025-08-22 11:31:06,508 | INFO | FPS progress: 3681/4096
2025-08-22 11:31:06,622 | INFO | FPS progress: 4090/4096
2025-08-22 11:31:06,624 | INFO | Round 1: accumulated=4096, kept=4096 (100.00%), time=1106.5 ms
2025-08-22 11:31:06,624 | INFO | Requested samples 4096 >= candidates 4096; returning all indices.
2025-08-22 11:31:06,624 | INFO | Sampled points: (4096, 3), normals: (4096, 3)
2025-08-22 11:31:06,624 | INFO | Sampling time: 1106.9 ms
2025-08-22 11:31:06,624 | INFO | Centering only: centroid=[0.748447337271274, 115.8257986822067, -2.5153108968586984] | scale fixed to 1.000000 (no scaling)
2025-08-22 11:31:06,625 | INFO | Axis x stats (centered): min=-44.384676, mean=-0.000000, std=22.222664, max=42.445889
2025-08-22 11:31:06,625 | INFO | Axis y stats (centered): min=-115.664151, mean=0.000000, std=60.753346, max=111.172130
2025-08-22 11:31:06,625 | INFO | Axis z stats (centered): min=-18.687362, mean=-0.000000, std=3.745009, max=2.495272
2025-08-22 11:31:06,625 | INFO | Centering time: 0.9 ms
2025-08-22 11:31:06,626 | INFO | PCA alignment: explained variance ratio=0.8795, 0.1177, 0.0028
2025-08-22 11:31:06,626 | INFO | Rotation matrix (columns are principal axes):
[[ 0.023888  0.997429 -0.067564]
 [ 0.999681 -0.02328   0.009773]
 [ 0.008175 -0.067776 -0.997667]]
2025-08-22 11:31:06,626 | INFO | Rotation matrix det=1.000000
2025-08-22 11:31:06,627 | INFO | Orientation enforcement (concave-to-pos-z (corr_pos=-0.1176, corr_neg=0.1176)): sz=-1, width_low=59.492106, width_high=70.987485 -> sx=1, sy=-1
2025-08-22 11:31:06,628 | INFO | Orientation signs diag(S)=[1.0, -1.0, -1.0]
2025-08-22 11:31:06,628 | INFO | PCA time: 2.6 ms
2025-08-22 11:31:06,628 | INFO | Requested samples 4096 >= candidates 4096; returning all indices.
2025-08-22 11:31:06,628 | INFO | Final points: (4096, 3), normals: (4096, 3)
2025-08-22 11:31:06,630 | INFO | Aligned normalized AABB min=[-115.67471138330663, -41.50653988107924, -16.075064648638225] max=[111.67100373988856, 45.54357196194925, 4.741382362488915]
2025-08-22 11:31:06,630 | INFO | Final radii percentiles: p5=16.529073, p50=57.081042, p95=105.823536; centroid_norm=0.000000
2025-08-22 11:31:06,630 | INFO | Axis x stats (final): min=-115.674711, mean=0.000000, std=60.770504, max=111.671004
2025-08-22 11:31:06,630 | INFO | Axis y stats (final): min=-41.506540, mean=0.000000, std=22.231167, max=45.543572
2025-08-22 11:31:06,630 | INFO | Axis z stats (final): min=-16.075065, mean=-0.000000, std=3.400286, max=4.741382
2025-08-22 11:31:06,631 | INFO | Normal lengths: min=1.000000, mean=1.000000, max=1.000000
2025-08-22 11:31:06,631 | INFO | Final FPS time: 2.2 ms
2025-08-22 11:31:06,645 | INFO | Saved bundle (npz): D:\Cursor Repos\From p2p\data\pointcloud\feet\017_foot_R.npz | points=(4096, 3) normals=(4096, 3)
2025-08-22 11:31:06,645 | INFO | Completed successfully.
