2025-08-22 11:31:06,647 | INFO | Input STL: D:\Cursor Repos\From p2p\data\raw\feet\018_foot_L.stl
2025-08-22 11:31:06,647 | INFO | Output log: D:\Cursor Repos\From p2p\Log\preprocess\feet\018_foot_L.log
2025-08-22 11:31:06,647 | INFO | Parameters: num_points=4096, candidate_multiplier=4, z_low_percent=None, z_high_percent=None, seed=None
2025-08-22 11:31:06,647 | INFO | File: size_bytes=1116784, mtime=2025-08-14 10:07:06
2025-08-22 11:31:06,647 | INFO | Env: python=3.11.13, numpy=2.3.2, trimesh=4.7.4, platform=Windows-10-10.0.26100-SP0
2025-08-22 11:31:06,692 | INFO | Mesh: vertices=11478, faces=22334
2025-08-22 11:31:06,707 | WARNING | Mesh is not watertight; surface sampling may include boundary artifacts
2025-08-22 11:31:06,710 | INFO | Mesh surface area: 21811.553157
2025-08-22 11:31:06,722 | INFO | Mesh volume: 103744.957273
2025-08-22 11:31:06,724 | INFO | Mesh AABB min=[-49.15488052368164, 0.0, -20.754728317260742] max=[49.268367767333984, 258.53369140625, 0.0]
2025-08-22 11:31:06,724 | INFO | Boundary edges: 0
2025-08-22 11:31:06,724 | INFO | Load mesh time: 77.3 ms
2025-08-22 11:31:06,797 | INFO | Surface sampling: candidates=16384 (target=4096, multiplier=4)
2025-08-22 11:31:06,810 | INFO | Running Farthest Point Sampling (FPS) to enforce even spacing
2025-08-22 11:31:06,920 | INFO | FPS progress: 409/4096
2025-08-22 11:31:07,030 | INFO | FPS progress: 818/4096
2025-08-22 11:31:07,140 | INFO | FPS progress: 1227/4096
2025-08-22 11:31:07,254 | INFO | FPS progress: 1636/4096
2025-08-22 11:31:07,366 | INFO | FPS progress: 2045/4096
2025-08-22 11:31:07,485 | INFO | FPS progress: 2454/4096
2025-08-22 11:31:07,591 | INFO | FPS progress: 2863/4096
2025-08-22 11:31:07,699 | INFO | FPS progress: 3272/4096
2025-08-22 11:31:07,814 | INFO | FPS progress: 3681/4096
2025-08-22 11:31:07,929 | INFO | FPS progress: 4090/4096
2025-08-22 11:31:07,931 | INFO | Round 1: accumulated=4096, kept=4096 (100.00%), time=1134.2 ms
2025-08-22 11:31:07,931 | INFO | Requested samples 4096 >= candidates 4096; returning all indices.
2025-08-22 11:31:07,931 | INFO | Sampled points: (4096, 3), normals: (4096, 3)
2025-08-22 11:31:07,931 | INFO | Sampling time: 1134.9 ms
2025-08-22 11:31:07,932 | INFO | Centering only: centroid=[-2.6714597274354692, 134.1799068843168, -2.365737941961175] | scale fixed to 1.000000 (no scaling)
2025-08-22 11:31:07,932 | INFO | Axis x stats (centered): min=-46.216227, mean=0.000000, std=24.356594, max=51.342934
2025-08-22 11:31:07,932 | INFO | Axis y stats (centered): min=-134.126141, mean=0.000000, std=70.170475, max=123.820552
2025-08-22 11:31:07,932 | INFO | Axis z stats (centered): min=-18.367723, mean=0.000000, std=3.225876, max=2.365499
2025-08-22 11:31:07,932 | INFO | Centering time: 0.8 ms
2025-08-22 11:31:07,932 | INFO | PCA alignment: explained variance ratio=0.8917, 0.1067, 0.0017
2025-08-22 11:31:07,934 | INFO | Rotation matrix (columns are principal axes):
[[-0.032479  0.998715  0.038908]
 [ 0.999446  0.032169  0.008562]
 [ 0.007299  0.039164 -0.999206]]
2025-08-22 11:31:07,934 | INFO | Rotation matrix det=1.000000
2025-08-22 11:31:07,935 | INFO | Orientation enforcement (concave-to-pos-z (corr_pos=0.4006, corr_neg=-0.4006)): sz=1, width_low=56.838047, width_high=76.408954 -> sx=1, sy=1
2025-08-22 11:31:07,935 | INFO | Orientation signs diag(S)=[1.0, 1.0, 1.0]
2025-08-22 11:31:07,935 | INFO | PCA time: 2.6 ms
2025-08-22 11:31:07,935 | INFO | Requested samples 4096 >= candidates 4096; returning all indices.
2025-08-22 11:31:07,935 | INFO | Final points: (4096, 3), normals: (4096, 3)
2025-08-22 11:31:07,936 | INFO | Aligned normalized AABB min=[-134.36778143588577, -44.39372088122758, -2.77035742797309] max=[124.64706988120271, 52.17484062336895, 17.422645318939736]
2025-08-22 11:31:07,936 | INFO | Final radii percentiles: p5=19.155879, p50=65.158378, p95=121.560646; centroid_norm=0.000000
2025-08-22 11:31:07,936 | INFO | Axis x stats (final): min=-134.367781, mean=0.000000, std=70.205033, max=124.647070
2025-08-22 11:31:07,936 | INFO | Axis y stats (final): min=-44.393721, mean=0.000000, std=24.280542, max=52.174841
2025-08-22 11:31:07,937 | INFO | Axis z stats (final): min=-2.770357, mean=-0.000000, std=3.042053, max=17.422645
2025-08-22 11:31:07,937 | INFO | Normal lengths: min=1.000000, mean=1.000000, max=1.000000
2025-08-22 11:31:07,937 | INFO | Final FPS time: 1.6 ms
2025-08-22 11:31:07,950 | INFO | Saved bundle (npz): D:\Cursor Repos\From p2p\data\pointcloud\feet\018_foot_L.npz | points=(4096, 3) normals=(4096, 3)
2025-08-22 11:31:07,950 | INFO | Completed successfully.
