2025-08-22 11:31:09,315 | INFO | Input STL: D:\Cursor Repos\From p2p\data\raw\feet\019_foot_L.stl
2025-08-22 11:31:09,315 | INFO | Output log: D:\Cursor Repos\From p2p\Log\preprocess\feet\019_foot_L.log
2025-08-22 11:31:09,315 | INFO | Parameters: num_points=4096, candidate_multiplier=4, z_low_percent=None, z_high_percent=None, seed=None
2025-08-22 11:31:09,315 | INFO | File: size_bytes=1160234, mtime=2025-08-13 14:41:44
2025-08-22 11:31:09,316 | INFO | Env: python=3.11.13, numpy=2.3.2, trimesh=4.7.4, platform=Windows-10-10.0.26100-SP0
2025-08-22 11:31:09,366 | INFO | Mesh: vertices=11956, faces=23203
2025-08-22 11:31:09,382 | WARNING | Mesh is not watertight; surface sampling may include boundary artifacts
2025-08-22 11:31:09,387 | INFO | Mesh surface area: 22198.323975
2025-08-22 11:31:09,396 | INFO | Mesh volume: 112770.593790
2025-08-22 11:31:09,398 | INFO | Mesh AABB min=[-50.56913757324219, 0.0, -21.920482635498047] max=[49.18943786621094, 253.3681182861328, 0.0]
2025-08-22 11:31:09,398 | INFO | Boundary edges: 0
2025-08-22 11:31:09,398 | INFO | Load mesh time: 82.7 ms
2025-08-22 11:31:09,470 | INFO | Surface sampling: candidates=16384 (target=4096, multiplier=4)
2025-08-22 11:31:09,483 | INFO | Running Farthest Point Sampling (FPS) to enforce even spacing
2025-08-22 11:31:09,592 | INFO | FPS progress: 409/4096
2025-08-22 11:31:09,702 | INFO | FPS progress: 818/4096
2025-08-22 11:31:09,822 | INFO | FPS progress: 1227/4096
2025-08-22 11:31:09,936 | INFO | FPS progress: 1636/4096
2025-08-22 11:31:10,050 | INFO | FPS progress: 2045/4096
2025-08-22 11:31:10,156 | INFO | FPS progress: 2454/4096
2025-08-22 11:31:10,273 | INFO | FPS progress: 2863/4096
2025-08-22 11:31:10,379 | INFO | FPS progress: 3272/4096
2025-08-22 11:31:10,485 | INFO | FPS progress: 3681/4096
2025-08-22 11:31:10,603 | INFO | FPS progress: 4090/4096
2025-08-22 11:31:10,605 | INFO | Round 1: accumulated=4096, kept=4096 (100.00%), time=1134.9 ms
2025-08-22 11:31:10,605 | INFO | Requested samples 4096 >= candidates 4096; returning all indices.
2025-08-22 11:31:10,605 | INFO | Sampled points: (4096, 3), normals: (4096, 3)
2025-08-22 11:31:10,605 | INFO | Sampling time: 1135.5 ms
2025-08-22 11:31:10,606 | INFO | Centering only: centroid=[-3.731175677789134, 128.4985716601308, -2.1248840584392954] | scale fixed to 1.000000 (no scaling)
2025-08-22 11:31:10,606 | INFO | Axis x stats (centered): min=-46.516867, mean=0.000000, std=25.569943, max=52.695517
2025-08-22 11:31:10,606 | INFO | Axis y stats (centered): min=-128.477740, mean=-0.000000, std=68.494301, max=124.669623
2025-08-22 11:31:10,606 | INFO | Axis z stats (centered): min=-19.728000, mean=0.000000, std=3.381679, max=2.118949
2025-08-22 11:31:10,606 | INFO | Centering time: 0.8 ms
2025-08-22 11:31:10,607 | INFO | PCA alignment: explained variance ratio=0.8768, 0.1214, 0.0018
2025-08-22 11:31:10,607 | INFO | Rotation matrix (columns are principal axes):
[[-0.032457  0.998867  0.034796]
 [ 0.999368  0.031928  0.015634]
 [ 0.014506  0.035282 -0.999272]]
2025-08-22 11:31:10,607 | INFO | Rotation matrix det=1.000000
2025-08-22 11:31:10,609 | INFO | Orientation enforcement (concave-to-pos-z (corr_pos=0.5019, corr_neg=-0.5019)): sz=1, width_low=58.411227, width_high=70.796200 -> sx=1, sy=1
2025-08-22 11:31:10,609 | INFO | Orientation signs diag(S)=[1.0, 1.0, 1.0]
2025-08-22 11:31:10,609 | INFO | PCA time: 2.4 ms
2025-08-22 11:31:10,609 | INFO | Requested samples 4096 >= candidates 4096; returning all indices.
2025-08-22 11:31:10,609 | INFO | Final points: (4096, 3), normals: (4096, 3)
2025-08-22 11:31:10,609 | INFO | Aligned normalized AABB min=[-128.76826134416854, -47.22792153913155, -2.9551855639230102] max=[125.20494848122388, 53.319868236258124, 17.91944796789653]
2025-08-22 11:31:10,610 | INFO | Final radii percentiles: p5=19.468150, p50=63.751676, p95=119.140501; centroid_norm=0.000000
2025-08-22 11:31:10,610 | INFO | Axis x stats (final): min=-128.768261, mean=-0.000000, std=68.532765, max=125.204948
2025-08-22 11:31:10,610 | INFO | Axis y stats (final): min=-47.227922, mean=-0.000000, std=25.501669, max=53.319868
2025-08-22 11:31:10,611 | INFO | Axis z stats (final): min=-2.955186, mean=-0.000000, std=3.106764, max=17.919448
2025-08-22 11:31:10,611 | INFO | Normal lengths: min=1.000000, mean=1.000000, max=1.000000
2025-08-22 11:31:10,611 | INFO | Final FPS time: 1.8 ms
2025-08-22 11:31:10,624 | INFO | Saved bundle (npz): D:\Cursor Repos\From p2p\data\pointcloud\feet\019_foot_L.npz | points=(4096, 3) normals=(4096, 3)
2025-08-22 11:31:10,624 | INFO | Completed successfully.
