2025-08-22 11:31:10,627 | INFO | Input STL: D:\Cursor Repos\From p2p\data\raw\feet\019_foot_R.stl
2025-08-22 11:31:10,627 | INFO | Output log: D:\Cursor Repos\From p2p\Log\preprocess\feet\019_foot_R.log
2025-08-22 11:31:10,627 | INFO | Parameters: num_points=4096, candidate_multiplier=4, z_low_percent=None, z_high_percent=None, seed=None
2025-08-22 11:31:10,627 | INFO | File: size_bytes=1196684, mtime=2025-08-13 14:41:49
2025-08-22 11:31:10,628 | INFO | Env: python=3.11.13, numpy=2.3.2, trimesh=4.7.4, platform=Windows-10-10.0.26100-SP0
2025-08-22 11:31:10,686 | INFO | Mesh: vertices=12282, faces=23932
2025-08-22 11:31:10,702 | WARNING | Mesh is not watertight; surface sampling may include boundary artifacts
2025-08-22 11:31:10,707 | INFO | Mesh surface area: 22347.530627
2025-08-22 11:31:10,718 | INFO | Mesh volume: 114353.144956
2025-08-22 11:31:10,721 | INFO | Mesh AABB min=[-51.43811798095703, 0.0, -20.51201629638672] max=[51.76199722290039, 250.53872680664062, 0.0]
2025-08-22 11:31:10,721 | INFO | Boundary edges: 0
2025-08-22 11:31:10,721 | INFO | Load mesh time: 93.5 ms
2025-08-22 11:31:10,777 | INFO | Surface sampling: candidates=16384 (target=4096, multiplier=4)
2025-08-22 11:31:10,792 | INFO | Running Farthest Point Sampling (FPS) to enforce even spacing
2025-08-22 11:31:10,905 | INFO | FPS progress: 409/4096
2025-08-22 11:31:11,018 | INFO | FPS progress: 818/4096
2025-08-22 11:31:11,139 | INFO | FPS progress: 1227/4096
2025-08-22 11:31:11,261 | INFO | FPS progress: 1636/4096
2025-08-22 11:31:11,374 | INFO | FPS progress: 2045/4096
2025-08-22 11:31:11,489 | INFO | FPS progress: 2454/4096
2025-08-22 11:31:11,597 | INFO | FPS progress: 2863/4096
2025-08-22 11:31:11,705 | INFO | FPS progress: 3272/4096
2025-08-22 11:31:11,814 | INFO | FPS progress: 3681/4096
2025-08-22 11:31:11,927 | INFO | FPS progress: 4090/4096
2025-08-22 11:31:11,928 | INFO | Round 1: accumulated=4096, kept=4096 (100.00%), time=1151.0 ms
2025-08-22 11:31:11,929 | INFO | Requested samples 4096 >= candidates 4096; returning all indices.
2025-08-22 11:31:11,929 | INFO | Sampled points: (4096, 3), normals: (4096, 3)
2025-08-22 11:31:11,929 | INFO | Sampling time: 1152.0 ms
2025-08-22 11:31:11,930 | INFO | Centering only: centroid=[2.995463171988354, 128.6573443971926, -2.1299601638554138] | scale fixed to 1.000000 (no scaling)
2025-08-22 11:31:11,930 | INFO | Axis x stats (centered): min=-54.231328, mean=-0.000000, std=25.821677, max=48.471110
2025-08-22 11:31:11,930 | INFO | Axis y stats (centered): min=-128.598124, mean=0.000000, std=68.305163, max=121.619534
2025-08-22 11:31:11,930 | INFO | Axis z stats (centered): min=-18.318067, mean=-0.000000, std=3.122758, max=2.126152
2025-08-22 11:31:11,930 | INFO | Centering time: 0.6 ms
2025-08-22 11:31:11,930 | INFO | PCA alignment: explained variance ratio=0.8748, 0.1235, 0.0017
2025-08-22 11:31:11,931 | INFO | Rotation matrix (columns are principal axes):
[[-0.042539 -0.99895  -0.017007]
 [-0.999031  0.042338  0.012012]
 [-0.01128   0.017501 -0.999783]]
2025-08-22 11:31:11,931 | INFO | Rotation matrix det=1.000000
2025-08-22 11:31:11,932 | INFO | Orientation enforcement (concave-to-pos-z (corr_pos=0.4402, corr_neg=-0.4402)): sz=1, width_low=79.038186, width_high=58.732986 -> sx=-1, sy=-1
2025-08-22 11:31:11,932 | INFO | Orientation signs diag(S)=[-1.0, -1.0, 1.0]
2025-08-22 11:31:11,932 | INFO | PCA time: 2.4 ms
2025-08-22 11:31:11,932 | INFO | Requested samples 4096 >= candidates 4096; returning all indices.
2025-08-22 11:31:11,933 | INFO | Final points: (4096, 3), normals: (4096, 3)
2025-08-22 11:31:11,934 | INFO | Aligned normalized AABB min=[-128.83691570990126, -55.00958880734722, -3.1328178694832705] max=[122.50668518586235, 46.49515814681233, 16.914969309392887]
2025-08-22 11:31:11,934 | INFO | Final radii percentiles: p5=19.124559, p50=63.937819, p95=118.284645; centroid_norm=0.000000
2025-08-22 11:31:11,934 | INFO | Axis x stats (final): min=-128.836916, mean=0.000000, std=68.362731, max=122.506685
2025-08-22 11:31:11,934 | INFO | Axis y stats (final): min=-55.009589, mean=-0.000000, std=25.684317, max=46.495158
2025-08-22 11:31:11,934 | INFO | Axis z stats (final): min=-3.132818, mean=0.000000, std=2.993130, max=16.914969
2025-08-22 11:31:11,935 | INFO | Normal lengths: min=1.000000, mean=1.000000, max=1.000000
2025-08-22 11:31:11,935 | INFO | Final FPS time: 2.2 ms
2025-08-22 11:31:11,948 | INFO | Saved bundle (npz): D:\Cursor Repos\From p2p\data\pointcloud\feet\019_foot_R.npz | points=(4096, 3) normals=(4096, 3)
2025-08-22 11:31:11,948 | INFO | Completed successfully.
