2025-08-22 11:31:13,295 | INFO | Input STL: D:\Cursor Repos\From p2p\data\raw\feet\020_foot_R.stl
2025-08-22 11:31:13,295 | INFO | Output log: D:\Cursor Repos\From p2p\Log\preprocess\feet\020_foot_R.log
2025-08-22 11:31:13,296 | INFO | Parameters: num_points=4096, candidate_multiplier=4, z_low_percent=None, z_high_percent=None, seed=None
2025-08-22 11:31:13,296 | INFO | File: size_bytes=1117234, mtime=2025-08-14 10:00:42
2025-08-22 11:31:13,296 | INFO | Env: python=3.11.13, numpy=2.3.2, trimesh=4.7.4, platform=Windows-10-10.0.26100-SP0
2025-08-22 11:31:13,346 | INFO | Mesh: vertices=11609, faces=22343
2025-08-22 11:31:13,362 | WARNING | Mesh is not watertight; surface sampling may include boundary artifacts
2025-08-22 11:31:13,366 | INFO | Mesh surface area: 25644.688346
2025-08-22 11:31:13,375 | INFO | Mesh volume: 135857.549536
2025-08-22 11:31:13,378 | INFO | Mesh AABB min=[-49.29259490966797, 0.0, -31.009740829467773] max=[50.65182113647461, 281.67498779296875, 0.0]
2025-08-22 11:31:13,378 | INFO | Boundary edges: 0
2025-08-22 11:31:13,379 | INFO | Load mesh time: 82.1 ms
2025-08-22 11:31:13,457 | INFO | Surface sampling: candidates=16384 (target=4096, multiplier=4)
2025-08-22 11:31:13,471 | INFO | Running Farthest Point Sampling (FPS) to enforce even spacing
2025-08-22 11:31:13,591 | INFO | FPS progress: 409/4096
2025-08-22 11:31:13,718 | INFO | FPS progress: 818/4096
2025-08-22 11:31:13,830 | INFO | FPS progress: 1227/4096
2025-08-22 11:31:13,968 | INFO | FPS progress: 1636/4096
2025-08-22 11:31:14,075 | INFO | FPS progress: 2045/4096
2025-08-22 11:31:14,189 | INFO | FPS progress: 2454/4096
2025-08-22 11:31:14,305 | INFO | FPS progress: 2863/4096
2025-08-22 11:31:14,417 | INFO | FPS progress: 3272/4096
2025-08-22 11:31:14,526 | INFO | FPS progress: 3681/4096
2025-08-22 11:31:14,635 | INFO | FPS progress: 4090/4096
2025-08-22 11:31:14,637 | INFO | Round 1: accumulated=4096, kept=4096 (100.00%), time=1179.7 ms
2025-08-22 11:31:14,637 | INFO | Requested samples 4096 >= candidates 4096; returning all indices.
2025-08-22 11:31:14,638 | INFO | Sampled points: (4096, 3), normals: (4096, 3)
2025-08-22 11:31:14,638 | INFO | Sampling time: 1180.8 ms
2025-08-22 11:31:14,638 | INFO | Centering only: centroid=[3.084153864406367, 146.50949388144863, -3.6272695689378973] | scale fixed to 1.000000 (no scaling)
2025-08-22 11:31:14,638 | INFO | Axis x stats (centered): min=-52.118674, mean=-0.000000, std=25.527311, max=47.246412
2025-08-22 11:31:14,638 | INFO | Axis y stats (centered): min=-146.364767, mean=0.000000, std=77.544638, max=134.776043
2025-08-22 11:31:14,639 | INFO | Axis z stats (centered): min=-27.277891, mean=-0.000000, std=5.007009, max=3.616575
2025-08-22 11:31:14,639 | INFO | Centering time: 1.1 ms
2025-08-22 11:31:14,639 | INFO | PCA alignment: explained variance ratio=0.8989, 0.0973, 0.0037
2025-08-22 11:31:14,639 | INFO | Rotation matrix (columns are principal axes):
[[-0.011166 -0.999815  0.015633]
 [-0.999935  0.011199  0.002   ]
 [-0.002175 -0.01561  -0.999876]]
2025-08-22 11:31:14,640 | INFO | Rotation matrix det=1.000000
2025-08-22 11:31:14,641 | INFO | Orientation enforcement (concave-to-pos-z (corr_pos=0.6037, corr_neg=-0.6037)): sz=1, width_low=80.265322, width_high=55.034772 -> sx=-1, sy=-1
2025-08-22 11:31:14,641 | INFO | Orientation signs diag(S)=[-1.0, -1.0, 1.0]
2025-08-22 11:31:14,642 | INFO | PCA time: 2.8 ms
2025-08-22 11:31:14,642 | INFO | Requested samples 4096 >= candidates 4096; returning all indices.
2025-08-22 11:31:14,642 | INFO | Final points: (4096, 3), normals: (4096, 3)
2025-08-22 11:31:14,644 | INFO | Aligned normalized AABB min=[-146.41696409251537, -52.45277246311764, -3.402289383506437] max=[134.812639473407, 47.11685500864269, 26.924929658350845]
2025-08-22 11:31:14,644 | INFO | Final radii percentiles: p5=20.599165, p50=71.341014, p95=133.119089; centroid_norm=0.000000
2025-08-22 11:31:14,644 | INFO | Axis x stats (final): min=-146.416964, mean=0.000000, std=77.549128, max=134.812639
2025-08-22 11:31:14,645 | INFO | Axis y stats (final): min=-52.452772, mean=-0.000000, std=25.517211, max=47.116855
2025-08-22 11:31:14,645 | INFO | Axis z stats (final): min=-3.402289, mean=0.000000, std=4.988909, max=26.924930
2025-08-22 11:31:14,645 | INFO | Normal lengths: min=1.000000, mean=1.000000, max=1.000000
2025-08-22 11:31:14,645 | INFO | Final FPS time: 2.3 ms
2025-08-22 11:31:14,659 | INFO | Saved bundle (npz): D:\Cursor Repos\From p2p\data\pointcloud\feet\020_foot_R.npz | points=(4096, 3) normals=(4096, 3)
2025-08-22 11:31:14,659 | INFO | Completed successfully.
