2025-08-22 11:31:17,341 | INFO | Input STL: D:\Cursor Repos\From p2p\data\raw\feet\022_foot_L.stl
2025-08-22 11:31:17,341 | INFO | Output log: D:\Cursor Repos\From p2p\Log\preprocess\feet\022_foot_L.log
2025-08-22 11:31:17,341 | INFO | Parameters: num_points=4096, candidate_multiplier=4, z_low_percent=None, z_high_percent=None, seed=None
2025-08-22 11:31:17,341 | INFO | File: size_bytes=1178934, mtime=2025-08-14 09:39:10
2025-08-22 11:31:17,341 | INFO | Env: python=3.11.13, numpy=2.3.2, trimesh=4.7.4, platform=Windows-10-10.0.26100-SP0
2025-08-22 11:31:17,390 | INFO | Mesh: vertices=12201, faces=23577
2025-08-22 11:31:17,405 | WARNING | Mesh is not watertight; surface sampling may include boundary artifacts
2025-08-22 11:31:17,410 | INFO | Mesh surface area: 23172.772566
2025-08-22 11:31:17,420 | INFO | Mesh volume: 136992.100523
2025-08-22 11:31:17,423 | INFO | Mesh AABB min=[-51.24283981323242, 0.0, -23.32716178894043] max=[51.846256256103516, 262.17926025390625, 0.0]
2025-08-22 11:31:17,423 | INFO | Boundary edges: 0
2025-08-22 11:31:17,423 | INFO | Load mesh time: 80.6 ms
2025-08-22 11:31:17,488 | INFO | Surface sampling: candidates=16384 (target=4096, multiplier=4)
2025-08-22 11:31:17,506 | INFO | Running Farthest Point Sampling (FPS) to enforce even spacing
2025-08-22 11:31:17,633 | INFO | FPS progress: 409/4096
2025-08-22 11:31:17,759 | INFO | FPS progress: 818/4096
2025-08-22 11:31:17,874 | INFO | FPS progress: 1227/4096
2025-08-22 11:31:17,984 | INFO | FPS progress: 1636/4096
2025-08-22 11:31:18,094 | INFO | FPS progress: 2045/4096
2025-08-22 11:31:18,220 | INFO | FPS progress: 2454/4096
2025-08-22 11:31:18,342 | INFO | FPS progress: 2863/4096
2025-08-22 11:31:18,462 | INFO | FPS progress: 3272/4096
2025-08-22 11:31:18,572 | INFO | FPS progress: 3681/4096
2025-08-22 11:31:18,679 | INFO | FPS progress: 4090/4096
2025-08-22 11:31:18,681 | INFO | Round 1: accumulated=4096, kept=4096 (100.00%), time=1193.5 ms
2025-08-22 11:31:18,681 | INFO | Requested samples 4096 >= candidates 4096; returning all indices.
2025-08-22 11:31:18,681 | INFO | Sampled points: (4096, 3), normals: (4096, 3)
2025-08-22 11:31:18,682 | INFO | Sampling time: 1194.0 ms
2025-08-22 11:31:18,682 | INFO | Centering only: centroid=[-2.771405494542784, 137.0826640559971, -3.4934182348942757] | scale fixed to 1.000000 (no scaling)
2025-08-22 11:31:18,682 | INFO | Axis x stats (centered): min=-48.248728, mean=-0.000000, std=25.556114, max=54.310608
2025-08-22 11:31:18,682 | INFO | Axis y stats (centered): min=-136.911403, mean=0.000000, std=70.780248, max=124.720044
2025-08-22 11:31:18,682 | INFO | Axis z stats (centered): min=-19.628746, mean=0.000000, std=3.861704, max=2.997910
2025-08-22 11:31:18,682 | INFO | Centering time: 0.6 ms
2025-08-22 11:31:18,683 | INFO | PCA alignment: explained variance ratio=0.8825, 0.1154, 0.0020
2025-08-22 11:31:18,683 | INFO | Rotation matrix (columns are principal axes):
[[-0.010805  0.997733  0.066425]
 [ 0.999888  0.010094  0.011024]
 [ 0.010328  0.066537 -0.997731]]
2025-08-22 11:31:18,683 | INFO | Rotation matrix det=1.000000
2025-08-22 11:31:18,684 | INFO | Orientation enforcement (concave-to-pos-z (corr_pos=0.1816, corr_neg=-0.1816)): sz=1, width_low=60.578666, width_high=81.437679 -> sx=1, sy=1
2025-08-22 11:31:18,686 | INFO | Orientation signs diag(S)=[1.0, 1.0, 1.0]
2025-08-22 11:31:18,686 | INFO | PCA time: 2.6 ms
2025-08-22 11:31:18,686 | INFO | Requested samples 4096 >= candidates 4096; returning all indices.
2025-08-22 11:31:18,686 | INFO | Final points: (4096, 3), normals: (4096, 3)
2025-08-22 11:31:18,687 | INFO | Aligned normalized AABB min=[-137.12313438105625, -47.775943900510164, -4.275276798565121] max=[124.96268632823843, 54.51863678571094, 18.060658363830978]
2025-08-22 11:31:18,687 | INFO | Final radii percentiles: p5=19.306886, p50=65.812655, p95=122.794024; centroid_norm=0.000000
2025-08-22 11:31:18,687 | INFO | Axis x stats (final): min=-137.123134, mean=0.000000, std=70.787675, max=124.962686
2025-08-22 11:31:18,687 | INFO | Axis y stats (final): min=-47.775944, mean=0.000000, std=25.601711, max=54.518637
2025-08-22 11:31:18,687 | INFO | Axis z stats (final): min=-4.275277, mean=-0.000000, std=3.395400, max=18.060658
2025-08-22 11:31:18,688 | INFO | Normal lengths: min=1.000000, mean=1.000000, max=1.000000
2025-08-22 11:31:18,688 | INFO | Final FPS time: 2.0 ms
2025-08-22 11:31:18,703 | INFO | Saved bundle (npz): D:\Cursor Repos\From p2p\data\pointcloud\feet\022_foot_L.npz | points=(4096, 3) normals=(4096, 3)
2025-08-22 11:31:18,703 | INFO | Completed successfully.
