2025-08-22 11:31:28,359 | INFO | Input STL: D:\Cursor Repos\From p2p\data\raw\feet\026_foot_L.stl
2025-08-22 11:31:28,359 | INFO | Output log: D:\Cursor Repos\From p2p\Log\preprocess\feet\026_foot_L.log
2025-08-22 11:31:28,359 | INFO | Parameters: num_points=4096, candidate_multiplier=4, z_low_percent=None, z_high_percent=None, seed=None
2025-08-22 11:31:28,359 | INFO | File: size_bytes=1204084, mtime=2025-08-14 09:57:34
2025-08-22 11:31:28,360 | INFO | Env: python=3.11.13, numpy=2.3.2, trimesh=4.7.4, platform=Windows-10-10.0.26100-SP0
2025-08-22 11:31:28,421 | INFO | Mesh: vertices=12399, faces=24080
2025-08-22 11:31:28,439 | WARNING | Mesh is not watertight; surface sampling may include boundary artifacts
2025-08-22 11:31:28,442 | INFO | Mesh surface area: 23151.962404
2025-08-22 11:31:28,453 | INFO | Mesh volume: 147038.922290
2025-08-22 11:31:28,456 | INFO | Mesh AABB min=[-50.46345520019531, 0.0, -22.24263572692871] max=[49.42042922973633, 256.84930419921875, 0.0]
2025-08-22 11:31:28,456 | INFO | Boundary edges: 0
2025-08-22 11:31:28,456 | INFO | Load mesh time: 96.3 ms
2025-08-22 11:31:28,527 | INFO | Surface sampling: candidates=16384 (target=4096, multiplier=4)
2025-08-22 11:31:28,542 | INFO | Running Farthest Point Sampling (FPS) to enforce even spacing
2025-08-22 11:31:28,653 | INFO | FPS progress: 409/4096
2025-08-22 11:31:28,761 | INFO | FPS progress: 818/4096
2025-08-22 11:31:28,906 | INFO | FPS progress: 1227/4096
2025-08-22 11:31:29,013 | INFO | FPS progress: 1636/4096
2025-08-22 11:31:29,121 | INFO | FPS progress: 2045/4096
2025-08-22 11:31:29,231 | INFO | FPS progress: 2454/4096
2025-08-22 11:31:29,340 | INFO | FPS progress: 2863/4096
2025-08-22 11:31:29,447 | INFO | FPS progress: 3272/4096
2025-08-22 11:31:29,557 | INFO | FPS progress: 3681/4096
2025-08-22 11:31:29,666 | INFO | FPS progress: 4090/4096
2025-08-22 11:31:29,668 | INFO | Round 1: accumulated=4096, kept=4096 (100.00%), time=1140.3 ms
2025-08-22 11:31:29,668 | INFO | Requested samples 4096 >= candidates 4096; returning all indices.
2025-08-22 11:31:29,668 | INFO | Sampled points: (4096, 3), normals: (4096, 3)
2025-08-22 11:31:29,668 | INFO | Sampling time: 1140.7 ms
2025-08-22 11:31:29,669 | INFO | Centering only: centroid=[-3.8999636836047005, 131.08422042554818, -2.560988862538169] | scale fixed to 1.000000 (no scaling)
2025-08-22 11:31:29,669 | INFO | Axis x stats (centered): min=-46.382695, mean=-0.000000, std=25.890210, max=53.103598
2025-08-22 11:31:29,669 | INFO | Axis y stats (centered): min=-131.015494, mean=0.000000, std=69.393989, max=125.456194
2025-08-22 11:31:29,669 | INFO | Axis z stats (centered): min=-19.445269, mean=0.000000, std=3.759883, max=2.518537
2025-08-22 11:31:29,669 | INFO | Centering time: 0.6 ms
2025-08-22 11:31:29,670 | INFO | PCA alignment: explained variance ratio=0.8759, 0.1220, 0.0022
2025-08-22 11:31:29,670 | INFO | Rotation matrix (columns are principal axes):
[[-0.015359  0.998791  0.046706]
 [ 0.999805  0.014762  0.013095]
 [ 0.01239   0.046898 -0.998823]]
2025-08-22 11:31:29,670 | INFO | Rotation matrix det=1.000000
2025-08-22 11:31:29,672 | INFO | Orientation enforcement (concave-to-pos-z (corr_pos=0.3986, corr_neg=-0.3986)): sz=1, width_low=62.565510, width_high=72.502597 -> sx=1, sy=1
2025-08-22 11:31:29,672 | INFO | Orientation signs diag(S)=[1.0, 1.0, 1.0]
2025-08-22 11:31:29,672 | INFO | PCA time: 2.9 ms
2025-08-22 11:31:29,672 | INFO | Requested samples 4096 >= candidates 4096; returning all indices.
2025-08-22 11:31:29,672 | INFO | Final points: (4096, 3), normals: (4096, 3)
2025-08-22 11:31:29,673 | INFO | Aligned normalized AABB min=[-131.282367133127, -47.527773795070566, -3.6033139320967997] max=[125.65187779356138, 53.18447758255107, 17.51540471574367]
2025-08-22 11:31:29,673 | INFO | Final radii percentiles: p5=19.314136, p50=64.573911, p95=120.616742; centroid_norm=0.000000
2025-08-22 11:31:29,673 | INFO | Axis x stats (final): min=-131.282367, mean=0.000000, std=69.406436, max=125.651878
2025-08-22 11:31:29,674 | INFO | Axis y stats (final): min=-47.527774, mean=-0.000000, std=25.899073, max=53.184478
2025-08-22 11:31:29,674 | INFO | Axis z stats (final): min=-3.603314, mean=-0.000000, std=3.456884, max=17.515405
2025-08-22 11:31:29,674 | INFO | Normal lengths: min=1.000000, mean=1.000000, max=1.000000
2025-08-22 11:31:29,674 | INFO | Final FPS time: 2.0 ms
2025-08-22 11:31:29,689 | INFO | Saved bundle (npz): D:\Cursor Repos\From p2p\data\pointcloud\feet\026_foot_L.npz | points=(4096, 3) normals=(4096, 3)
2025-08-22 11:31:29,689 | INFO | Completed successfully.
