2025-08-19 12:54:10,265 | INFO | Input STL: D:\Cursor Repos\From p2p\data\raw\feet\027_foot_L.stl
2025-08-19 12:54:10,265 | INFO | Output log: D:\Cursor Repos\From p2p\Log\preprocess\feet\027_foot_L.log
2025-08-19 12:54:10,265 | INFO | Parameters: num_points=4096, candidate_multiplier=4, z_low_percent=None, z_high_percent=None, seed=None
2025-08-19 12:54:10,266 | INFO | File: size_bytes=1255934, mtime=2025-08-14 09:52:51
2025-08-19 12:54:10,266 | INFO | Env: python=3.11.13, numpy=2.1.2, trimesh=4.7.4, platform=Windows-10-10.0.26100-SP0
2025-08-19 12:54:10,312 | INFO | Mesh: vertices=12912, faces=25117
2025-08-19 12:54:10,327 | WARNING | Mesh is not watertight; surface sampling may include boundary artifacts
2025-08-19 12:54:10,331 | INFO | Mesh surface area: 19134.013432
2025-08-19 12:54:10,343 | INFO | Mesh volume: 115074.824946
2025-08-19 12:54:10,345 | INFO | Mesh AABB min=[-45.913063049316406, 0.0, -19.63121795654297] max=[46.11663055419922, 229.80030822753906, 0.0]
2025-08-19 12:54:10,346 | INFO | Boundary edges: 0
2025-08-19 12:54:10,346 | INFO | Load mesh time: 80.3 ms
2025-08-19 12:54:10,346 | INFO | Surface sampling: candidates=16384 (target=4096, multiplier=4)
2025-08-19 12:54:10,357 | INFO | Running Farthest Point Sampling (FPS) to enforce even spacing
2025-08-19 12:54:10,449 | INFO | FPS progress: 409/4096
2025-08-19 12:54:10,533 | INFO | FPS progress: 818/4096
2025-08-19 12:54:10,615 | INFO | FPS progress: 1227/4096
2025-08-19 12:54:10,699 | INFO | FPS progress: 1636/4096
2025-08-19 12:54:10,785 | INFO | FPS progress: 2045/4096
2025-08-19 12:54:10,867 | INFO | FPS progress: 2454/4096
2025-08-19 12:54:10,947 | INFO | FPS progress: 2863/4096
2025-08-19 12:54:11,031 | INFO | FPS progress: 3272/4096
2025-08-19 12:54:11,112 | INFO | FPS progress: 3681/4096
2025-08-19 12:54:11,196 | INFO | FPS progress: 4090/4096
2025-08-19 12:54:11,197 | INFO | Round 1: accumulated=4096, kept=4096 (100.00%), time=851.7 ms
2025-08-19 12:54:11,198 | INFO | Requested samples 4096 >= candidates 4096; returning all indices.
2025-08-19 12:54:11,198 | INFO | Sampled points: (4096, 3), normals: (4096, 3)
2025-08-19 12:54:11,198 | INFO | Sampling time: 852.2 ms
2025-08-19 12:54:11,198 | INFO | Centering only: centroid=[-3.0780285528993376, 113.37632343786699, -2.6299141502619734] | scale fixed to 1.000000 (no scaling)
2025-08-19 12:54:11,198 | INFO | Axis x stats (centered): min=-42.610935, mean=0.000000, std=23.653642, max=49.075304
2025-08-19 12:54:11,198 | INFO | Axis y stats (centered): min=-113.363647, mean=0.000000, std=62.074215, max=116.103089
2025-08-19 12:54:11,198 | INFO | Axis z stats (centered): min=-16.527218, mean=-0.000000, std=3.480056, max=2.621366
2025-08-19 12:54:11,198 | INFO | Centering time: 0.5 ms
2025-08-19 12:54:11,199 | INFO | PCA alignment: explained variance ratio=0.8717, 0.1262, 0.0022
2025-08-19 12:54:11,199 | INFO | Rotation matrix (columns are principal axes):
[[-0.03259   0.997365  0.064808]
 [ 0.999435  0.031987  0.010318]
 [ 0.008218  0.065108 -0.997844]]
2025-08-19 12:54:11,199 | INFO | Rotation matrix det=1.000000
2025-08-19 12:54:11,199 | INFO | Orientation enforcement: mean_nz=-0.869691 -> sz=-1, width_low=61.739432, width_high=66.557187 -> sx=1, sy=-1
2025-08-19 12:54:11,200 | INFO | Orientation signs diag(S)=[1.0, -1.0, -1.0]
2025-08-19 12:54:11,200 | INFO | PCA time: 1.5 ms
2025-08-19 12:54:11,200 | INFO | Requested samples 4096 >= candidates 4096; returning all indices.
2025-08-19 12:54:11,200 | INFO | Final points: (4096, 3), normals: (4096, 3)
2025-08-19 12:54:11,200 | INFO | Aligned normalized AABB min=[-113.49351792269735, -49.71987464149857, -13.765925671010159] max=[116.4662348244089, 44.84987515686524, 4.034667185762442]
2025-08-19 12:54:11,200 | INFO | Final radii percentiles: p5=17.643099, p50=58.292758, p95=107.210506; centroid_norm=0.000000
2025-08-19 12:54:11,201 | INFO | Axis x stats (final): min=-113.493518, mean=0.000000, std=62.104692, max=116.466235
2025-08-19 12:54:11,201 | INFO | Axis y stats (final): min=-49.719875, mean=-0.000000, std=23.628293, max=44.849875
2025-08-19 12:54:11,201 | INFO | Axis z stats (final): min=-13.765926, mean=-0.000000, std=3.086207, max=4.034667
2025-08-19 12:54:11,201 | INFO | Normal lengths: min=1.000000, mean=1.000000, max=1.000000
2025-08-19 12:54:11,201 | INFO | Final FPS time: 1.3 ms
2025-08-19 12:54:11,211 | INFO | Saved bundle (npz): D:\Cursor Repos\From p2p\data\pointcloud\feet\027_foot_L.npz | points=(4096, 3) normals=(4096, 3)
2025-08-19 12:54:11,211 | INFO | Completed successfully.
