2025-08-19 12:54:16,898 | INFO | Input STL: D:\Cursor Repos\From p2p\data\raw\feet\030_foot_R.stl
2025-08-19 12:54:16,898 | INFO | Output log: D:\Cursor Repos\From p2p\Log\preprocess\feet\030_foot_R.log
2025-08-19 12:54:16,898 | INFO | Parameters: num_points=4096, candidate_multiplier=4, z_low_percent=None, z_high_percent=None, seed=None
2025-08-19 12:54:16,899 | INFO | File: size_bytes=1189634, mtime=2025-08-13 13:43:05
2025-08-19 12:54:16,899 | INFO | Env: python=3.11.13, numpy=2.1.2, trimesh=4.7.4, platform=Windows-10-10.0.26100-SP0
2025-08-19 12:54:16,941 | INFO | Mesh: vertices=12239, faces=23791
2025-08-19 12:54:16,956 | WARNING | Mesh is not watertight; surface sampling may include boundary artifacts
2025-08-19 12:54:16,961 | INFO | Mesh surface area: 18745.374409
2025-08-19 12:54:16,973 | INFO | Mesh volume: 102407.221983
2025-08-19 12:54:16,974 | INFO | Mesh AABB min=[-46.78738784790039, 0.0, -21.275264739990234] max=[48.042442321777344, 233.78688049316406, 0.0]
2025-08-19 12:54:16,974 | INFO | Boundary edges: 0
2025-08-19 12:54:16,974 | INFO | Load mesh time: 75.8 ms
2025-08-19 12:54:16,974 | INFO | Surface sampling: candidates=16384 (target=4096, multiplier=4)
2025-08-19 12:54:16,988 | INFO | Running Farthest Point Sampling (FPS) to enforce even spacing
2025-08-19 12:54:17,075 | INFO | FPS progress: 409/4096
2025-08-19 12:54:17,160 | INFO | FPS progress: 818/4096
2025-08-19 12:54:17,242 | INFO | FPS progress: 1227/4096
2025-08-19 12:54:17,319 | INFO | FPS progress: 1636/4096
2025-08-19 12:54:17,398 | INFO | FPS progress: 2045/4096
2025-08-19 12:54:17,479 | INFO | FPS progress: 2454/4096
2025-08-19 12:54:17,559 | INFO | FPS progress: 2863/4096
2025-08-19 12:54:17,642 | INFO | FPS progress: 3272/4096
2025-08-19 12:54:17,728 | INFO | FPS progress: 3681/4096
2025-08-19 12:54:17,809 | INFO | FPS progress: 4090/4096
2025-08-19 12:54:17,810 | INFO | Round 1: accumulated=4096, kept=4096 (100.00%), time=835.2 ms
2025-08-19 12:54:17,811 | INFO | Requested samples 4096 >= candidates 4096; returning all indices.
2025-08-19 12:54:17,811 | INFO | Sampled points: (4096, 3), normals: (4096, 3)
2025-08-19 12:54:17,811 | INFO | Sampling time: 835.6 ms
2025-08-19 12:54:17,811 | INFO | Centering only: centroid=[0.9088719843838172, 120.79667236477958, -2.6230352024661054] | scale fixed to 1.000000 (no scaling)
2025-08-19 12:54:17,811 | INFO | Axis x stats (centered): min=-47.473499, mean=0.000000, std=22.738566, max=46.625226
2025-08-19 12:54:17,811 | INFO | Axis y stats (centered): min=-120.770841, mean=0.000000, std=63.395958, max=112.758731
2025-08-19 12:54:17,811 | INFO | Axis z stats (centered): min=-18.520335, mean=0.000000, std=3.493370, max=2.614207
2025-08-19 12:54:17,811 | INFO | Centering time: 0.5 ms
2025-08-19 12:54:17,812 | INFO | PCA alignment: explained variance ratio=0.8839, 0.1137, 0.0024
2025-08-19 12:54:17,812 | INFO | Rotation matrix (columns are principal axes):
[[ 0.011484  0.999223  0.037704]
 [-0.99986   0.011933 -0.011701]
 [-0.012142 -0.037565  0.99922 ]]
2025-08-19 12:54:17,812 | INFO | Rotation matrix det=1.000000
2025-08-19 12:54:17,812 | INFO | Orientation enforcement: mean_nz=0.875255 -> sz=1, width_low=68.912139, width_high=56.869670 -> sx=-1, sy=-1
2025-08-19 12:54:17,812 | INFO | Orientation signs diag(S)=[-1.0, -1.0, 1.0]
2025-08-19 12:54:17,812 | INFO | PCA time: 1.3 ms
2025-08-19 12:54:17,812 | INFO | Requested samples 4096 >= candidates 4096; returning all indices.
2025-08-19 12:54:17,812 | INFO | Final points: (4096, 3), normals: (4096, 3)
2025-08-19 12:54:17,813 | INFO | Aligned normalized AABB min=[-120.94366715947439, -47.33571882229022, -16.552664317764005] max=[112.61504839689863, 47.03940051650925, 4.146670361157605]
2025-08-19 12:54:17,813 | INFO | Final radii percentiles: p5=17.396224, p50=58.859503, p95=109.964732; centroid_norm=0.000000
2025-08-19 12:54:17,813 | INFO | Axis x stats (final): min=-120.943667, mean=0.000000, std=63.404221, max=112.615048
2025-08-19 12:54:17,813 | INFO | Axis y stats (final): min=-47.335719, mean=-0.000000, std=22.744237, max=47.039401
2025-08-19 12:54:17,813 | INFO | Axis z stats (final): min=-16.552664, mean=0.000000, std=3.301205, max=4.146670
2025-08-19 12:54:17,813 | INFO | Normal lengths: min=1.000000, mean=1.000000, max=1.000000
2025-08-19 12:54:17,813 | INFO | Final FPS time: 1.4 ms
2025-08-19 12:54:17,824 | INFO | Saved bundle (npz): D:\Cursor Repos\From p2p\data\pointcloud\feet\030_foot_R.npz | points=(4096, 3) normals=(4096, 3)
2025-08-19 12:54:17,824 | INFO | Completed successfully.
