2025-08-22 11:31:39,038 | INFO | Input STL: D:\Cursor Repos\From p2p\data\raw\feet\030_foot_L.stl
2025-08-22 11:31:39,038 | INFO | Output log: D:\Cursor Repos\From p2p\Log\preprocess\feet\030_foot_L.log
2025-08-22 11:31:39,038 | INFO | Parameters: num_points=4096, candidate_multiplier=4, z_low_percent=None, z_high_percent=None, seed=None
2025-08-22 11:31:39,038 | INFO | File: size_bytes=1217584, mtime=2025-08-13 13:43:04
2025-08-22 11:31:39,038 | INFO | Env: python=3.11.13, numpy=2.3.2, trimesh=4.7.4, platform=Windows-10-10.0.26100-SP0
2025-08-22 11:31:39,095 | INFO | Mesh: vertices=12520, faces=24350
2025-08-22 11:31:39,111 | WARNING | Mesh is not watertight; surface sampling may include boundary artifacts
2025-08-22 11:31:39,116 | INFO | Mesh surface area: 19331.622831
2025-08-22 11:31:39,128 | INFO | Mesh volume: 103394.015843
2025-08-22 11:31:39,131 | INFO | Mesh AABB min=[-48.18107223510742, 0.0, -20.459230422973633] max=[49.868934631347656, 235.7878875732422, 0.0]
2025-08-22 11:31:39,131 | INFO | Boundary edges: 0
2025-08-22 11:31:39,131 | INFO | Load mesh time: 92.3 ms
2025-08-22 11:31:39,215 | INFO | Surface sampling: candidates=16384 (target=4096, multiplier=4)
2025-08-22 11:31:39,231 | INFO | Running Farthest Point Sampling (FPS) to enforce even spacing
2025-08-22 11:31:39,361 | INFO | FPS progress: 409/4096
2025-08-22 11:31:39,493 | INFO | FPS progress: 818/4096
2025-08-22 11:31:39,621 | INFO | FPS progress: 1227/4096
2025-08-22 11:31:39,737 | INFO | FPS progress: 1636/4096
2025-08-22 11:31:39,848 | INFO | FPS progress: 2045/4096
2025-08-22 11:31:39,962 | INFO | FPS progress: 2454/4096
2025-08-22 11:31:40,073 | INFO | FPS progress: 2863/4096
2025-08-22 11:31:40,182 | INFO | FPS progress: 3272/4096
2025-08-22 11:31:40,294 | INFO | FPS progress: 3681/4096
2025-08-22 11:31:40,403 | INFO | FPS progress: 4090/4096
2025-08-22 11:31:40,405 | INFO | Round 1: accumulated=4096, kept=4096 (100.00%), time=1190.0 ms
2025-08-22 11:31:40,406 | INFO | Requested samples 4096 >= candidates 4096; returning all indices.
2025-08-22 11:31:40,406 | INFO | Sampled points: (4096, 3), normals: (4096, 3)
2025-08-22 11:31:40,406 | INFO | Sampling time: 1190.8 ms
2025-08-22 11:31:40,406 | INFO | Centering only: centroid=[-0.30562599449190897, 123.29929100670154, -2.6819451278748994] | scale fixed to 1.000000 (no scaling)
2025-08-22 11:31:40,406 | INFO | Axis x stats (centered): min=-47.427038, mean=-0.000000, std=23.413439, max=49.765085
2025-08-22 11:31:40,406 | INFO | Axis y stats (centered): min=-123.025739, mean=0.000000, std=64.302830, max=112.200495
2025-08-22 11:31:40,407 | INFO | Axis z stats (centered): min=-17.230825, mean=0.000000, std=3.694130, max=2.675477
2025-08-22 11:31:40,407 | INFO | Centering time: 0.7 ms
2025-08-22 11:31:40,407 | INFO | PCA alignment: explained variance ratio=0.8814, 0.1163, 0.0023
2025-08-22 11:31:40,407 | INFO | Rotation matrix (columns are principal axes):
[[-0.035513 -0.996913  0.070023]
 [-0.999346  0.0359    0.004285]
 [-0.006786 -0.069825 -0.997536]]
2025-08-22 11:31:40,408 | INFO | Rotation matrix det=1.000000
2025-08-22 11:31:40,409 | INFO | Orientation enforcement (concave-to-pos-z (corr_pos=0.3659, corr_neg=-0.3659)): sz=1, width_low=69.122532, width_high=55.169585 -> sx=-1, sy=-1
2025-08-22 11:31:40,409 | INFO | Orientation signs diag(S)=[-1.0, -1.0, 1.0]
2025-08-22 11:31:40,409 | INFO | PCA time: 2.8 ms
2025-08-22 11:31:40,409 | INFO | Requested samples 4096 >= candidates 4096; returning all indices.
2025-08-22 11:31:40,409 | INFO | Final points: (4096, 3), normals: (4096, 3)
2025-08-22 11:31:40,410 | INFO | Aligned normalized AABB min=[-122.97014876104537, -49.71351313684292, -4.117413166818282] max=[112.42550183901491, 47.607270928299464, 14.625310127867806]
2025-08-22 11:31:40,410 | INFO | Final radii percentiles: p5=17.540010, p50=60.404755, p95=111.271366; centroid_norm=0.000000
2025-08-22 11:31:40,410 | INFO | Axis x stats (final): min=-122.970149, mean=0.000000, std=64.339420, max=112.425502
2025-08-22 11:31:40,410 | INFO | Axis y stats (final): min=-49.713513, mean=-0.000000, std=23.372694, max=47.607271
2025-08-22 11:31:40,411 | INFO | Axis z stats (final): min=-4.117413, mean=-0.000000, std=3.293316, max=14.625310
2025-08-22 11:31:40,411 | INFO | Normal lengths: min=1.000000, mean=1.000000, max=1.000000
2025-08-22 11:31:40,411 | INFO | Final FPS time: 1.7 ms
2025-08-22 11:31:40,424 | INFO | Saved bundle (npz): D:\Cursor Repos\From p2p\data\pointcloud\feet\030_foot_L.npz | points=(4096, 3) normals=(4096, 3)
2025-08-22 11:31:40,424 | INFO | Completed successfully.
