2025-08-22 11:31:41,695 | INFO | Input STL: D:\Cursor Repos\From p2p\data\raw\feet\031_foot_L.stl
2025-08-22 11:31:41,695 | INFO | Output log: D:\Cursor Repos\From p2p\Log\preprocess\feet\031_foot_L.log
2025-08-22 11:31:41,696 | INFO | Parameters: num_points=4096, candidate_multiplier=4, z_low_percent=None, z_high_percent=None, seed=None
2025-08-22 11:31:41,696 | INFO | File: size_bytes=1081234, mtime=2025-08-14 10:01:30
2025-08-22 11:31:41,696 | INFO | Env: python=3.11.13, numpy=2.3.2, trimesh=4.7.4, platform=Windows-10-10.0.26100-SP0
2025-08-22 11:31:41,747 | INFO | Mesh: vertices=11166, faces=21623
2025-08-22 11:31:41,759 | WARNING | Mesh is not watertight; surface sampling may include boundary artifacts
2025-08-22 11:31:41,763 | INFO | Mesh surface area: 18142.746913
2025-08-22 11:31:41,772 | INFO | Mesh volume: 90030.743560
2025-08-22 11:31:41,774 | INFO | Mesh AABB min=[-44.04438400268555, 0.0, -18.307531356811523] max=[44.35492706298828, 237.917236328125, 0.0]
2025-08-22 11:31:41,774 | INFO | Boundary edges: 0
2025-08-22 11:31:41,774 | INFO | Load mesh time: 77.9 ms
2025-08-22 11:31:41,846 | INFO | Surface sampling: candidates=16384 (target=4096, multiplier=4)
2025-08-22 11:31:41,863 | INFO | Running Farthest Point Sampling (FPS) to enforce even spacing
2025-08-22 11:31:41,982 | INFO | FPS progress: 409/4096
2025-08-22 11:31:42,095 | INFO | FPS progress: 818/4096
2025-08-22 11:31:42,215 | INFO | FPS progress: 1227/4096
2025-08-22 11:31:42,322 | INFO | FPS progress: 1636/4096
2025-08-22 11:31:42,432 | INFO | FPS progress: 2045/4096
2025-08-22 11:31:42,545 | INFO | FPS progress: 2454/4096
2025-08-22 11:31:42,652 | INFO | FPS progress: 2863/4096
2025-08-22 11:31:42,758 | INFO | FPS progress: 3272/4096
2025-08-22 11:31:42,867 | INFO | FPS progress: 3681/4096
2025-08-22 11:31:42,977 | INFO | FPS progress: 4090/4096
2025-08-22 11:31:42,979 | INFO | Round 1: accumulated=4096, kept=4096 (100.00%), time=1133.0 ms
2025-08-22 11:31:42,980 | INFO | Requested samples 4096 >= candidates 4096; returning all indices.
2025-08-22 11:31:42,980 | INFO | Sampled points: (4096, 3), normals: (4096, 3)
2025-08-22 11:31:42,980 | INFO | Sampling time: 1133.7 ms
2025-08-22 11:31:42,980 | INFO | Centering only: centroid=[-2.4589877110957903, 122.46632408823028, -2.3036253811310385] | scale fixed to 1.000000 (no scaling)
2025-08-22 11:31:42,980 | INFO | Axis x stats (centered): min=-40.934433, mean=0.000000, std=21.922831, max=46.414536
2025-08-22 11:31:42,980 | INFO | Axis y stats (centered): min=-122.304054, mean=0.000000, std=64.485178, max=115.102204
2025-08-22 11:31:42,980 | INFO | Axis z stats (centered): min=-15.759079, mean=-0.000000, std=3.340850, max=2.287749
2025-08-22 11:31:42,980 | INFO | Centering time: 0.5 ms
2025-08-22 11:31:42,980 | INFO | PCA alignment: explained variance ratio=0.8947, 0.1035, 0.0018
2025-08-22 11:31:42,981 | INFO | Rotation matrix (columns are principal axes):
[[-0.019245  0.997524  0.067649]
 [ 0.999748  0.018417  0.012837]
 [ 0.011559  0.067879 -0.997627]]
2025-08-22 11:31:42,981 | INFO | Rotation matrix det=1.000000
2025-08-22 11:31:42,982 | INFO | Orientation enforcement (concave-to-pos-z (corr_pos=0.1242, corr_neg=-0.1242)): sz=1, width_low=54.254743, width_high=71.086330 -> sx=1, sy=1
2025-08-22 11:31:42,982 | INFO | Orientation signs diag(S)=[1.0, 1.0, 1.0]
2025-08-22 11:31:42,982 | INFO | PCA time: 2.1 ms
2025-08-22 11:31:42,982 | INFO | Requested samples 4096 >= candidates 4096; returning all indices.
2025-08-22 11:31:42,983 | INFO | Final points: (4096, 3), normals: (4096, 3)
2025-08-22 11:31:42,984 | INFO | Aligned normalized AABB min=[-122.53710320782302, -40.025810573316136, -3.645699705644973] max=[115.3680117447641, 46.967362856871645, 14.767827327934052]
2025-08-22 11:31:42,984 | INFO | Final radii percentiles: p5=16.886137, p50=58.992986, p95=112.163499; centroid_norm=0.000000
2025-08-22 11:31:42,984 | INFO | Axis x stats (final): min=-122.537103, mean=0.000000, std=64.500157, max=115.368012
2025-08-22 11:31:42,984 | INFO | Axis y stats (final): min=-40.025811, mean=0.000000, std=21.941116, max=46.967363
2025-08-22 11:31:42,984 | INFO | Axis z stats (final): min=-3.645700, mean=0.000000, std=2.902964, max=14.767827
2025-08-22 11:31:42,985 | INFO | Normal lengths: min=1.000000, mean=1.000000, max=1.000000
2025-08-22 11:31:42,985 | INFO | Final FPS time: 2.5 ms
2025-08-22 11:31:42,998 | INFO | Saved bundle (npz): D:\Cursor Repos\From p2p\data\pointcloud\feet\031_foot_L.npz | points=(4096, 3) normals=(4096, 3)
2025-08-22 11:31:42,998 | INFO | Completed successfully.
