2025-08-22 11:31:43,001 | INFO | Input STL: D:\Cursor Repos\From p2p\data\raw\feet\031_foot_R.stl
2025-08-22 11:31:43,001 | INFO | Output log: D:\Cursor Repos\From p2p\Log\preprocess\feet\031_foot_R.log
2025-08-22 11:31:43,001 | INFO | Parameters: num_points=4096, candidate_multiplier=4, z_low_percent=None, z_high_percent=None, seed=None
2025-08-22 11:31:43,001 | INFO | File: size_bytes=1125934, mtime=2025-08-14 10:01:32
2025-08-22 11:31:43,001 | INFO | Env: python=3.11.13, numpy=2.3.2, trimesh=4.7.4, platform=Windows-10-10.0.26100-SP0
2025-08-22 11:31:43,052 | INFO | Mesh: vertices=11627, faces=22517
2025-08-22 11:31:43,067 | WARNING | Mesh is not watertight; surface sampling may include boundary artifacts
2025-08-22 11:31:43,070 | INFO | Mesh surface area: 18369.635053
2025-08-22 11:31:43,080 | INFO | Mesh volume: 89822.365140
2025-08-22 11:31:43,083 | INFO | Mesh AABB min=[-44.9288444519043, 0.0, -19.341501235961914] max=[45.141700744628906, 236.2437286376953, 0.0]
2025-08-22 11:31:43,083 | INFO | Boundary edges: 0
2025-08-22 11:31:43,083 | INFO | Load mesh time: 82.3 ms
2025-08-22 11:31:43,135 | INFO | Surface sampling: candidates=16384 (target=4096, multiplier=4)
2025-08-22 11:31:43,147 | INFO | Running Farthest Point Sampling (FPS) to enforce even spacing
2025-08-22 11:31:43,256 | INFO | FPS progress: 409/4096
2025-08-22 11:31:43,361 | INFO | FPS progress: 818/4096
2025-08-22 11:31:43,472 | INFO | FPS progress: 1227/4096
2025-08-22 11:31:43,581 | INFO | FPS progress: 1636/4096
2025-08-22 11:31:43,715 | INFO | FPS progress: 2045/4096
2025-08-22 11:31:43,847 | INFO | FPS progress: 2454/4096
2025-08-22 11:31:43,966 | INFO | FPS progress: 2863/4096
2025-08-22 11:31:44,082 | INFO | FPS progress: 3272/4096
2025-08-22 11:31:44,228 | INFO | FPS progress: 3681/4096
2025-08-22 11:31:44,343 | INFO | FPS progress: 4090/4096
2025-08-22 11:31:44,345 | INFO | Round 1: accumulated=4096, kept=4096 (100.00%), time=1209.9 ms
2025-08-22 11:31:44,345 | INFO | Requested samples 4096 >= candidates 4096; returning all indices.
2025-08-22 11:31:44,345 | INFO | Sampled points: (4096, 3), normals: (4096, 3)
2025-08-22 11:31:44,345 | INFO | Sampling time: 1210.4 ms
2025-08-22 11:31:44,346 | INFO | Centering only: centroid=[2.7778845446375704, 122.30866877170769, -2.57888407991182] | scale fixed to 1.000000 (no scaling)
2025-08-22 11:31:44,346 | INFO | Axis x stats (centered): min=-47.298379, mean=0.000000, std=22.427968, max=41.819769
2025-08-22 11:31:44,347 | INFO | Axis y stats (centered): min=-122.084737, mean=0.000000, std=65.238037, max=113.782813
2025-08-22 11:31:44,347 | INFO | Axis z stats (centered): min=-16.476045, mean=0.000000, std=3.088984, max=2.563364
2025-08-22 11:31:44,347 | INFO | Centering time: 1.3 ms
2025-08-22 11:31:44,347 | INFO | PCA alignment: explained variance ratio=0.8939, 0.1043, 0.0019
2025-08-22 11:31:44,348 | INFO | Rotation matrix (columns are principal axes):
[[-0.041369 -0.998559 -0.034192]
 [-0.999135  0.041203  0.005536]
 [-0.004119  0.034392 -0.9994  ]]
2025-08-22 11:31:44,348 | INFO | Rotation matrix det=1.000000
2025-08-22 11:31:44,349 | INFO | Orientation enforcement (concave-to-pos-z (corr_pos=0.1046, corr_neg=-0.1046)): sz=1, width_low=71.828778, width_high=55.490172 -> sx=-1, sy=-1
2025-08-22 11:31:44,349 | INFO | Orientation signs diag(S)=[-1.0, -1.0, 1.0]
2025-08-22 11:31:44,349 | INFO | PCA time: 2.4 ms
2025-08-22 11:31:44,349 | INFO | Requested samples 4096 >= candidates 4096; returning all indices.
2025-08-22 11:31:44,349 | INFO | Final points: (4096, 3), normals: (4096, 3)
2025-08-22 11:31:44,350 | INFO | Aligned normalized AABB min=[-122.12514012692229, -48.39064207452877, -3.7159190202062176] max=[114.64974362300919, 39.79313290087788, 16.068479024391294]
2025-08-22 11:31:44,350 | INFO | Final radii percentiles: p5=17.263209, p50=60.090154, p95=112.433539; centroid_norm=0.000000
2025-08-22 11:31:44,350 | INFO | Axis x stats (final): min=-122.125140, mean=0.000000, std=65.288011, max=114.649744
2025-08-22 11:31:44,350 | INFO | Axis y stats (final): min=-48.390642, mean=-0.000000, std=22.296647, max=39.793133
2025-08-22 11:31:44,351 | INFO | Axis z stats (final): min=-3.715919, mean=-0.000000, std=2.981970, max=16.068479
2025-08-22 11:31:44,351 | INFO | Normal lengths: min=1.000000, mean=1.000000, max=1.000000
2025-08-22 11:31:44,351 | INFO | Final FPS time: 1.9 ms
2025-08-22 11:31:44,363 | INFO | Saved bundle (npz): D:\Cursor Repos\From p2p\data\pointcloud\feet\031_foot_R.npz | points=(4096, 3) normals=(4096, 3)
2025-08-22 11:31:44,363 | INFO | Completed successfully.
