2025-08-22 11:31:51,081 | INFO | Input STL: D:\Cursor Repos\From p2p\data\raw\feet\034_foot_R.stl
2025-08-22 11:31:51,081 | INFO | Output log: D:\Cursor Repos\From p2p\Log\preprocess\feet\034_foot_R.log
2025-08-22 11:31:51,081 | INFO | Parameters: num_points=4096, candidate_multiplier=4, z_low_percent=None, z_high_percent=None, seed=None
2025-08-22 11:31:51,081 | INFO | File: size_bytes=1165384, mtime=2025-08-14 10:00:25
2025-08-22 11:31:51,081 | INFO | Env: python=3.11.13, numpy=2.3.2, trimesh=4.7.4, platform=Windows-10-10.0.26100-SP0
2025-08-22 11:31:51,134 | INFO | Mesh: vertices=11965, faces=23306
2025-08-22 11:31:51,149 | WARNING | Mesh is not watertight; surface sampling may include boundary artifacts
2025-08-22 11:31:51,153 | INFO | Mesh surface area: 20556.170182
2025-08-22 11:31:51,163 | INFO | Mesh volume: 110618.642720
2025-08-22 11:31:51,165 | INFO | Mesh AABB min=[-46.341312408447266, 0.0, -21.151668548583984] max=[48.83467102050781, 245.24916076660156, 0.0]
2025-08-22 11:31:51,165 | INFO | Boundary edges: 0
2025-08-22 11:31:51,165 | INFO | Load mesh time: 83.7 ms
2025-08-22 11:31:51,241 | INFO | Surface sampling: candidates=16384 (target=4096, multiplier=4)
2025-08-22 11:31:51,254 | INFO | Running Farthest Point Sampling (FPS) to enforce even spacing
2025-08-22 11:31:51,367 | INFO | FPS progress: 409/4096
2025-08-22 11:31:51,480 | INFO | FPS progress: 818/4096
2025-08-22 11:31:51,596 | INFO | FPS progress: 1227/4096
2025-08-22 11:31:51,710 | INFO | FPS progress: 1636/4096
2025-08-22 11:31:51,824 | INFO | FPS progress: 2045/4096
2025-08-22 11:31:51,941 | INFO | FPS progress: 2454/4096
2025-08-22 11:31:52,056 | INFO | FPS progress: 2863/4096
2025-08-22 11:31:52,164 | INFO | FPS progress: 3272/4096
2025-08-22 11:31:52,278 | INFO | FPS progress: 3681/4096
2025-08-22 11:31:52,397 | INFO | FPS progress: 4090/4096
2025-08-22 11:31:52,399 | INFO | Round 1: accumulated=4096, kept=4096 (100.00%), time=1158.0 ms
2025-08-22 11:31:52,399 | INFO | Requested samples 4096 >= candidates 4096; returning all indices.
2025-08-22 11:31:52,399 | INFO | Sampled points: (4096, 3), normals: (4096, 3)
2025-08-22 11:31:52,400 | INFO | Sampling time: 1159.3 ms
2025-08-22 11:31:52,400 | INFO | Centering only: centroid=[2.498794868606773, 124.46412489058324, -2.0420669689883697] | scale fixed to 1.000000 (no scaling)
2025-08-22 11:31:52,400 | INFO | Axis x stats (centered): min=-48.187193, mean=0.000000, std=23.939928, max=46.174515
2025-08-22 11:31:52,400 | INFO | Axis y stats (centered): min=-124.368738, mean=0.000000, std=66.489892, max=120.253246
2025-08-22 11:31:52,400 | INFO | Axis z stats (centered): min=-18.478138, mean=-0.000000, std=3.176366, max=2.033019
2025-08-22 11:31:52,400 | INFO | Centering time: 0.9 ms
2025-08-22 11:31:52,401 | INFO | PCA alignment: explained variance ratio=0.8836, 0.1145, 0.0018
2025-08-22 11:31:52,401 | INFO | Rotation matrix (columns are principal axes):
[[ 9.383993e-04  9.999512e-01 -9.836841e-03]
 [ 9.999108e-01 -8.072415e-04  1.332883e-02]
 [ 1.332024e-02 -9.848472e-03 -9.998628e-01]]
2025-08-22 11:31:52,401 | INFO | Rotation matrix det=1.000000
2025-08-22 11:31:52,403 | INFO | Orientation enforcement (concave-to-pos-z (corr_pos=0.5068, corr_neg=-0.5068)): sz=1, width_low=57.995794, width_high=72.326771 -> sx=1, sy=1
2025-08-22 11:31:52,403 | INFO | Orientation signs diag(S)=[1.0, 1.0, 1.0]
2025-08-22 11:31:52,405 | INFO | PCA time: 3.5 ms
2025-08-22 11:31:52,405 | INFO | Requested samples 4096 >= candidates 4096; returning all indices.
2025-08-22 11:31:52,405 | INFO | Final points: (4096, 3), normals: (4096, 3)
2025-08-22 11:31:52,405 | INFO | Aligned normalized AABB min=[-124.60443217834937, -48.20653428907363, -3.0724348034668116] max=[120.23366157827071, 46.281423104890614, 16.8247171720028]
2025-08-22 11:31:52,406 | INFO | Final radii percentiles: p5=17.969252, p50=62.528014, p95=113.740663; centroid_norm=0.000000
2025-08-22 11:31:52,406 | INFO | Axis x stats (final): min=-124.604432, mean=0.000000, std=66.495805, max=120.233662
2025-08-22 11:31:52,406 | INFO | Axis y stats (final): min=-48.206534, mean=0.000000, std=23.940996, max=46.281423
2025-08-22 11:31:52,406 | INFO | Axis z stats (final): min=-3.072435, mean=0.000000, std=3.041662, max=16.824717
2025-08-22 11:31:52,406 | INFO | Normal lengths: min=1.000000, mean=1.000000, max=1.000000
2025-08-22 11:31:52,406 | INFO | Final FPS time: 1.8 ms
2025-08-22 11:31:52,422 | INFO | Saved bundle (npz): D:\Cursor Repos\From p2p\data\pointcloud\feet\034_foot_R.npz | points=(4096, 3) normals=(4096, 3)
2025-08-22 11:31:52,422 | INFO | Completed successfully.
