2025-08-22 11:31:55,085 | INFO | Input STL: D:\Cursor Repos\From p2p\data\raw\feet\036_foot_L.stl
2025-08-22 11:31:55,085 | INFO | Output log: D:\Cursor Repos\From p2p\Log\preprocess\feet\036_foot_L.log
2025-08-22 11:31:55,085 | INFO | Parameters: num_points=4096, candidate_multiplier=4, z_low_percent=None, z_high_percent=None, seed=None
2025-08-22 11:31:55,085 | INFO | File: size_bytes=1419684, mtime=2025-08-14 09:52:21
2025-08-22 11:31:55,085 | INFO | Env: python=3.11.13, numpy=2.3.2, trimesh=4.7.4, platform=Windows-10-10.0.26100-SP0
2025-08-22 11:31:55,153 | INFO | Mesh: vertices=14686, faces=28392
2025-08-22 11:31:55,174 | WARNING | Mesh is not watertight; surface sampling may include boundary artifacts
2025-08-22 11:31:55,179 | INFO | Mesh surface area: 12314.439515
2025-08-22 11:31:55,197 | INFO | Mesh volume: 79597.398196
2025-08-22 11:31:55,199 | INFO | Mesh AABB min=[-36.58414077758789, 0.0, -51.1982421875] max=[37.27914810180664, 176.4193878173828, 0.0]
2025-08-22 11:31:55,199 | INFO | Boundary edges: 0
2025-08-22 11:31:55,199 | INFO | Load mesh time: 114.0 ms
2025-08-22 11:31:55,302 | INFO | Surface sampling: candidates=16384 (target=4096, multiplier=4)
2025-08-22 11:31:55,317 | INFO | Running Farthest Point Sampling (FPS) to enforce even spacing
2025-08-22 11:31:55,422 | INFO | FPS progress: 409/4096
2025-08-22 11:31:55,528 | INFO | FPS progress: 818/4096
2025-08-22 11:31:55,640 | INFO | FPS progress: 1227/4096
2025-08-22 11:31:55,752 | INFO | FPS progress: 1636/4096
2025-08-22 11:31:55,867 | INFO | FPS progress: 2045/4096
2025-08-22 11:31:55,987 | INFO | FPS progress: 2454/4096
2025-08-22 11:31:56,102 | INFO | FPS progress: 2863/4096
2025-08-22 11:31:56,224 | INFO | FPS progress: 3272/4096
2025-08-22 11:31:56,337 | INFO | FPS progress: 3681/4096
2025-08-22 11:31:56,443 | INFO | FPS progress: 4090/4096
2025-08-22 11:31:56,445 | INFO | Round 1: accumulated=4096, kept=4096 (100.00%), time=1142.3 ms
2025-08-22 11:31:56,445 | INFO | Requested samples 4096 >= candidates 4096; returning all indices.
2025-08-22 11:31:56,446 | INFO | Sampled points: (4096, 3), normals: (4096, 3)
2025-08-22 11:31:56,446 | INFO | Sampling time: 1143.4 ms
2025-08-22 11:31:56,446 | INFO | Centering only: centroid=[-4.008631329988532, 87.44675198221451, -4.389332091006972] | scale fixed to 1.000000 (no scaling)
2025-08-22 11:31:56,446 | INFO | Axis x stats (centered): min=-32.438677, mean=-0.000000, std=19.163705, max=41.014236
2025-08-22 11:31:56,446 | INFO | Axis y stats (centered): min=-87.352273, mean=0.000000, std=48.745495, max=88.496775
2025-08-22 11:31:56,446 | INFO | Axis z stats (centered): min=-46.467917, mean=0.000000, std=8.439256, max=4.384164
2025-08-22 11:31:56,446 | INFO | Centering time: 0.6 ms
2025-08-22 11:31:56,447 | INFO | PCA alignment: explained variance ratio=0.8481, 0.1342, 0.0176
2025-08-22 11:31:56,447 | INFO | Rotation matrix (columns are principal axes):
[[-0.030761  0.98032  -0.195004]
 [-0.997522 -0.042458 -0.056092]
 [-0.063268  0.192795  0.979197]]
2025-08-22 11:31:56,447 | INFO | Rotation matrix det=1.000000
2025-08-22 11:31:56,448 | INFO | Orientation enforcement (concave-to-pos-z (corr_pos=-0.2823, corr_neg=0.2823)): sz=-1, width_low=60.882139, width_high=58.870796 -> sx=-1, sy=1
2025-08-22 11:31:56,449 | INFO | Orientation signs diag(S)=[-1.0, 1.0, -1.0]
2025-08-22 11:31:56,449 | INFO | PCA time: 3.1 ms
2025-08-22 11:31:56,449 | INFO | Requested samples 4096 >= candidates 4096; returning all indices.
2025-08-22 11:31:56,449 | INFO | Final points: (4096, 3), normals: (4096, 3)
2025-08-22 11:31:56,451 | INFO | Aligned normalized AABB min=[-87.73782158594102, -38.153387524961985, -9.109144235358535] max=[87.66697774134458, 37.97010305519308, 36.945164286927906]
2025-08-22 11:31:56,451 | INFO | Final radii percentiles: p5=14.294477, p50=48.647063, p95=81.887630; centroid_norm=0.000000
2025-08-22 11:31:56,451 | INFO | Axis x stats (final): min=-87.737822, mean=0.000000, std=48.857956, max=87.666978
2025-08-22 11:31:56,452 | INFO | Axis y stats (final): min=-38.153388, mean=-0.000000, std=19.437724, max=37.970103
2025-08-22 11:31:56,452 | INFO | Axis z stats (final): min=-9.109144, mean=0.000000, std=7.047482, max=36.945164
2025-08-22 11:31:56,452 | INFO | Normal lengths: min=1.000000, mean=1.000000, max=1.000000
2025-08-22 11:31:56,452 | INFO | Final FPS time: 2.4 ms
2025-08-22 11:31:56,466 | INFO | Saved bundle (npz): D:\Cursor Repos\From p2p\data\pointcloud\feet\036_foot_L.npz | points=(4096, 3) normals=(4096, 3)
2025-08-22 11:31:56,466 | INFO | Completed successfully.
