2025-08-22 11:31:57,838 | INFO | Input STL: D:\Cursor Repos\From p2p\data\raw\feet\037_foot_L.stl
2025-08-22 11:31:57,838 | INFO | Output log: D:\Cursor Repos\From p2p\Log\preprocess\feet\037_foot_L.log
2025-08-22 11:31:57,838 | INFO | Parameters: num_points=4096, candidate_multiplier=4, z_low_percent=None, z_high_percent=None, seed=None
2025-08-22 11:31:57,839 | INFO | File: size_bytes=1254234, mtime=2025-08-13 14:42:19
2025-08-22 11:31:57,839 | INFO | Env: python=3.11.13, numpy=2.3.2, trimesh=4.7.4, platform=Windows-10-10.0.26100-SP0
2025-08-22 11:31:57,897 | INFO | Mesh: vertices=12893, faces=25083
2025-08-22 11:31:57,913 | WARNING | Mesh is not watertight; surface sampling may include boundary artifacts
2025-08-22 11:31:57,918 | INFO | Mesh surface area: 10300.094667
2025-08-22 11:31:57,926 | INFO | Mesh volume: 43511.613402
2025-08-22 11:31:57,928 | INFO | Mesh AABB min=[-31.63538932800293, 0.0, -12.255500793457031] max=[33.89380645751953, 170.90626525878906, 0.0]
2025-08-22 11:31:57,928 | INFO | Boundary edges: 0
2025-08-22 11:31:57,928 | INFO | Load mesh time: 90.7 ms
2025-08-22 11:31:58,011 | INFO | Surface sampling: candidates=16384 (target=4096, multiplier=4)
2025-08-22 11:31:58,026 | INFO | Running Farthest Point Sampling (FPS) to enforce even spacing
2025-08-22 11:31:58,131 | INFO | FPS progress: 409/4096
2025-08-22 11:31:58,239 | INFO | FPS progress: 818/4096
2025-08-22 11:31:58,366 | INFO | FPS progress: 1227/4096
2025-08-22 11:31:58,504 | INFO | FPS progress: 1636/4096
2025-08-22 11:31:58,623 | INFO | FPS progress: 2045/4096
2025-08-22 11:31:58,735 | INFO | FPS progress: 2454/4096
2025-08-22 11:31:58,847 | INFO | FPS progress: 2863/4096
2025-08-22 11:31:58,957 | INFO | FPS progress: 3272/4096
2025-08-22 11:31:59,068 | INFO | FPS progress: 3681/4096
2025-08-22 11:31:59,248 | INFO | FPS progress: 4090/4096
2025-08-22 11:31:59,250 | INFO | Round 1: accumulated=4096, kept=4096 (100.00%), time=1238.8 ms
2025-08-22 11:31:59,250 | INFO | Requested samples 4096 >= candidates 4096; returning all indices.
2025-08-22 11:31:59,250 | INFO | Sampled points: (4096, 3), normals: (4096, 3)
2025-08-22 11:31:59,250 | INFO | Sampling time: 1239.4 ms
2025-08-22 11:31:59,251 | INFO | Centering only: centroid=[-0.09795646186919367, 87.50079174757042, -1.8601158995968803] | scale fixed to 1.000000 (no scaling)
2025-08-22 11:31:59,251 | INFO | Axis x stats (centered): min=-31.371287, mean=0.000000, std=17.215867, max=33.652247
2025-08-22 11:31:59,251 | INFO | Axis y stats (centered): min=-87.410977, mean=-0.000000, std=46.423007, max=83.041433
2025-08-22 11:31:59,251 | INFO | Axis z stats (centered): min=-10.283004, mean=0.000000, std=2.024988, max=1.764971
2025-08-22 11:31:59,251 | INFO | Centering time: 0.9 ms
2025-08-22 11:31:59,252 | INFO | PCA alignment: explained variance ratio=0.8779, 0.1205, 0.0016
2025-08-22 11:31:59,252 | INFO | Rotation matrix (columns are principal axes):
[[ 0.017985 -0.999832  0.003414]
 [-0.999827 -0.017968  0.004885]
 [-0.004822 -0.003501 -0.999982]]
2025-08-22 11:31:59,252 | INFO | Rotation matrix det=1.000000
2025-08-22 11:31:59,254 | INFO | Orientation enforcement (concave-to-pos-z (corr_pos=0.3603, corr_neg=-0.3603)): sz=1, width_low=51.196440, width_high=43.060160 -> sx=-1, sy=-1
2025-08-22 11:31:59,254 | INFO | Orientation signs diag(S)=[-1.0, -1.0, 1.0]
2025-08-22 11:31:59,254 | INFO | PCA time: 2.3 ms
2025-08-22 11:31:59,254 | INFO | Requested samples 4096 >= candidates 4096; returning all indices.
2025-08-22 11:31:59,254 | INFO | Final points: (4096, 3), normals: (4096, 3)
2025-08-22 11:31:59,255 | INFO | Aligned normalized AABB min=[-87.45873273972592, -31.489198000937936, -1.9421368771179126] max=[83.40632170050806, 34.38274615322693, 9.885433071568572]
2025-08-22 11:31:59,255 | INFO | Final radii percentiles: p5=13.160360, p50=43.950681, p95=79.991222; centroid_norm=0.000000
2025-08-22 11:31:59,255 | INFO | Axis x stats (final): min=-87.458733, mean=-0.000000, std=46.430027, max=83.406322
2025-08-22 11:31:59,255 | INFO | Axis y stats (final): min=-31.489198, mean=0.000000, std=17.198484, max=34.382746
2025-08-22 11:31:59,256 | INFO | Axis z stats (final): min=-1.942137, mean=-0.000000, std=2.011706, max=9.885433
2025-08-22 11:31:59,256 | INFO | Normal lengths: min=1.000000, mean=1.000000, max=1.000000
2025-08-22 11:31:59,256 | INFO | Final FPS time: 1.9 ms
2025-08-22 11:31:59,269 | INFO | Saved bundle (npz): D:\Cursor Repos\From p2p\data\pointcloud\feet\037_foot_L.npz | points=(4096, 3) normals=(4096, 3)
2025-08-22 11:31:59,269 | INFO | Completed successfully.
