2025-08-19 12:54:31,102 | INFO | Input STL: D:\Cursor Repos\From p2p\data\raw\feet\038_foot_L.stl
2025-08-19 12:54:31,102 | INFO | Output log: D:\Cursor Repos\From p2p\Log\preprocess\feet\038_foot_L.log
2025-08-19 12:54:31,103 | INFO | Parameters: num_points=4096, candidate_multiplier=4, z_low_percent=None, z_high_percent=None, seed=None
2025-08-19 12:54:31,103 | INFO | File: size_bytes=1218034, mtime=2025-08-13 13:19:38
2025-08-19 12:54:31,103 | INFO | Env: python=3.11.13, numpy=2.1.2, trimesh=4.7.4, platform=Windows-10-10.0.26100-SP0
2025-08-19 12:54:31,146 | INFO | Mesh: vertices=12511, faces=24359
2025-08-19 12:54:31,159 | WARNING | Mesh is not watertight; surface sampling may include boundary artifacts
2025-08-19 12:54:31,162 | INFO | Mesh surface area: 17293.550132
2025-08-19 12:54:31,173 | INFO | Mesh volume: 106117.137305
2025-08-19 12:54:31,177 | INFO | Mesh AABB min=[-41.63801193237305, 0.0, -33.3739128112793] max=[41.635154724121094, 227.5872344970703, 0.0]
2025-08-19 12:54:31,177 | INFO | Boundary edges: 0
2025-08-19 12:54:31,177 | INFO | Load mesh time: 73.3 ms
2025-08-19 12:54:31,177 | INFO | Surface sampling: candidates=16384 (target=4096, multiplier=4)
2025-08-19 12:54:31,187 | INFO | Running Farthest Point Sampling (FPS) to enforce even spacing
2025-08-19 12:54:31,270 | INFO | FPS progress: 409/4096
2025-08-19 12:54:31,353 | INFO | FPS progress: 818/4096
2025-08-19 12:54:31,436 | INFO | FPS progress: 1227/4096
2025-08-19 12:54:31,523 | INFO | FPS progress: 1636/4096
2025-08-19 12:54:31,607 | INFO | FPS progress: 2045/4096
2025-08-19 12:54:31,690 | INFO | FPS progress: 2454/4096
2025-08-19 12:54:31,773 | INFO | FPS progress: 2863/4096
2025-08-19 12:54:31,853 | INFO | FPS progress: 3272/4096
2025-08-19 12:54:31,935 | INFO | FPS progress: 3681/4096
2025-08-19 12:54:32,019 | INFO | FPS progress: 4090/4096
2025-08-19 12:54:32,022 | INFO | Round 1: accumulated=4096, kept=4096 (100.00%), time=845.3 ms
2025-08-19 12:54:32,022 | INFO | Requested samples 4096 >= candidates 4096; returning all indices.
2025-08-19 12:54:32,022 | INFO | Sampled points: (4096, 3), normals: (4096, 3)
2025-08-19 12:54:32,022 | INFO | Sampling time: 846.1 ms
2025-08-19 12:54:32,023 | INFO | Centering only: centroid=[-1.6670186684774158, 116.81949567730149, -4.339973371341384] | scale fixed to 1.000000 (no scaling)
2025-08-19 12:54:32,023 | INFO | Axis x stats (centered): min=-39.777673, mean=-0.000000, std=20.900769, max=42.835912
2025-08-19 12:54:32,023 | INFO | Axis y stats (centered): min=-116.668743, mean=0.000000, std=62.176044, max=110.427663
2025-08-19 12:54:32,023 | INFO | Axis z stats (centered): min=-27.740717, mean=0.000000, std=6.215233, max=4.327547
2025-08-19 12:54:32,023 | INFO | Centering time: 1.0 ms
2025-08-19 12:54:32,024 | INFO | PCA alignment: explained variance ratio=0.8913, 0.1029, 0.0059
2025-08-19 12:54:32,024 | INFO | Rotation matrix (columns are principal axes):
[[-0.026456  0.985197  0.169375]
 [ 0.999517  0.023304  0.020571]
 [ 0.016319  0.169837 -0.985337]]
2025-08-19 12:54:32,024 | INFO | Rotation matrix det=1.000000
2025-08-19 12:54:32,024 | INFO | Orientation enforcement: mean_nz=-0.856369 -> sz=-1, width_low=56.305419, width_high=68.372144 -> sx=1, sy=-1
2025-08-19 12:54:32,024 | INFO | Orientation signs diag(S)=[1.0, -1.0, -1.0]
2025-08-19 12:54:32,024 | INFO | PCA time: 1.3 ms
2025-08-19 12:54:32,024 | INFO | Requested samples 4096 >= candidates 4096; returning all indices.
2025-08-19 12:54:32,024 | INFO | Final points: (4096, 3), normals: (4096, 3)
2025-08-19 12:54:32,026 | INFO | Aligned normalized AABB min=[-116.76724002256297, -43.60063919260866, -21.87534676264788] max=[110.71206479615746, 38.7699779646136, 7.977744727288463]
2025-08-19 12:54:32,026 | INFO | Final radii percentiles: p5=16.903338, p50=57.089137, p95=106.830357; centroid_norm=0.000000
2025-08-19 12:54:32,026 | INFO | Axis x stats (final): min=-116.767240, mean=0.000000, std=62.204067, max=110.712065
2025-08-19 12:54:32,026 | INFO | Axis y stats (final): min=-43.600639, mean=-0.000000, std=21.131158, max=38.769978
2025-08-19 12:54:32,026 | INFO | Axis z stats (final): min=-21.875347, mean=0.000000, std=5.045788, max=7.977745
2025-08-19 12:54:32,026 | INFO | Normal lengths: min=1.000000, mean=1.000000, max=1.000000
2025-08-19 12:54:32,026 | INFO | Final FPS time: 1.3 ms
2025-08-19 12:54:32,036 | INFO | Saved bundle (npz): D:\Cursor Repos\From p2p\data\pointcloud\feet\038_foot_L.npz | points=(4096, 3) normals=(4096, 3)
2025-08-19 12:54:32,036 | INFO | Completed successfully.
