2025-08-19 12:54:33,012 | INFO | Input STL: D:\Cursor Repos\From p2p\data\raw\feet\039_foot_L.stl
2025-08-19 12:54:33,012 | INFO | Output log: D:\Cursor Repos\From p2p\Log\preprocess\feet\039_foot_L.log
2025-08-19 12:54:33,012 | INFO | Parameters: num_points=4096, candidate_multiplier=4, z_low_percent=None, z_high_percent=None, seed=None
2025-08-19 12:54:33,012 | INFO | File: size_bytes=1320184, mtime=2025-08-14 09:37:57
2025-08-19 12:54:33,012 | INFO | Env: python=3.11.13, numpy=2.1.2, trimesh=4.7.4, platform=Windows-10-10.0.26100-SP0
2025-08-19 12:54:33,067 | INFO | Mesh: vertices=13574, faces=26402
2025-08-19 12:54:33,080 | WARNING | Mesh is not watertight; surface sampling may include boundary artifacts
2025-08-19 12:54:33,084 | INFO | Mesh surface area: 14743.561704
2025-08-19 12:54:33,094 | INFO | Mesh volume: 78701.050279
2025-08-19 12:54:33,096 | INFO | Mesh AABB min=[-41.26423263549805, 0.0, -20.923603057861328] max=[43.22517776489258, 200.00804138183594, 0.0]
2025-08-19 12:54:33,096 | INFO | Boundary edges: 0
2025-08-19 12:54:33,096 | INFO | Load mesh time: 84.2 ms
2025-08-19 12:54:33,096 | INFO | Surface sampling: candidates=16384 (target=4096, multiplier=4)
2025-08-19 12:54:33,106 | INFO | Running Farthest Point Sampling (FPS) to enforce even spacing
2025-08-19 12:54:33,193 | INFO | FPS progress: 409/4096
2025-08-19 12:54:33,275 | INFO | FPS progress: 818/4096
2025-08-19 12:54:33,357 | INFO | FPS progress: 1227/4096
2025-08-19 12:54:33,443 | INFO | FPS progress: 1636/4096
2025-08-19 12:54:33,530 | INFO | FPS progress: 2045/4096
2025-08-19 12:54:33,617 | INFO | FPS progress: 2454/4096
2025-08-19 12:54:33,701 | INFO | FPS progress: 2863/4096
2025-08-19 12:54:33,782 | INFO | FPS progress: 3272/4096
2025-08-19 12:54:33,864 | INFO | FPS progress: 3681/4096
2025-08-19 12:54:33,947 | INFO | FPS progress: 4090/4096
2025-08-19 12:54:33,948 | INFO | Round 1: accumulated=4096, kept=4096 (100.00%), time=852.5 ms
2025-08-19 12:54:33,949 | INFO | Requested samples 4096 >= candidates 4096; returning all indices.
2025-08-19 12:54:33,949 | INFO | Sampled points: (4096, 3), normals: (4096, 3)
2025-08-19 12:54:33,949 | INFO | Sampling time: 853.0 ms
2025-08-19 12:54:33,949 | INFO | Centering only: centroid=[-1.0090355288565531, 105.6268698127029, -2.8213760672596413] | scale fixed to 1.000000 (no scaling)
2025-08-19 12:54:33,949 | INFO | Axis x stats (centered): min=-39.768311, mean=0.000000, std=21.001012, max=43.790008
2025-08-19 12:54:33,949 | INFO | Axis y stats (centered): min=-105.529852, mean=-0.000000, std=54.494865, max=94.084777
2025-08-19 12:54:33,949 | INFO | Axis z stats (centered): min=-17.875215, mean=-0.000000, std=3.551900, max=2.811340
2025-08-19 12:54:33,949 | INFO | Centering time: 0.6 ms
2025-08-19 12:54:33,951 | INFO | PCA alignment: explained variance ratio=0.8678, 0.1294, 0.0028
2025-08-19 12:54:33,951 | INFO | Rotation matrix (columns are principal axes):
[[-0.013583  0.997115  0.074687]
 [ 0.999812  0.012511  0.014803]
 [ 0.013826  0.074874 -0.997097]]
2025-08-19 12:54:33,951 | INFO | Rotation matrix det=1.000000
2025-08-19 12:54:33,951 | INFO | Orientation enforcement: mean_nz=-0.862897 -> sz=-1, width_low=49.023732, width_high=67.431440 -> sx=1, sy=-1
2025-08-19 12:54:33,951 | INFO | Orientation signs diag(S)=[1.0, -1.0, -1.0]
2025-08-19 12:54:33,952 | INFO | PCA time: 1.3 ms
2025-08-19 12:54:33,952 | INFO | Requested samples 4096 >= candidates 4096; returning all indices.
2025-08-19 12:54:33,952 | INFO | Final points: (4096, 3), normals: (4096, 3)
2025-08-19 12:54:33,952 | INFO | Aligned normalized AABB min=[-105.70503330832915, -43.97421288435807, -14.786573684020198] max=[94.38048520628912, 39.24018494984223, 4.196732610845917]
2025-08-19 12:54:33,952 | INFO | Final radii percentiles: p5=15.055342, p50=51.719742, p95=94.617800; centroid_norm=0.000000
2025-08-19 12:54:33,953 | INFO | Axis x stats (final): min=-105.705033, mean=-0.000000, std=54.504447, max=94.380485
2025-08-19 12:54:33,953 | INFO | Axis y stats (final): min=-43.974213, mean=-0.000000, std=21.047412, max=39.240185
2025-08-19 12:54:33,953 | INFO | Axis z stats (final): min=-14.786574, mean=-0.000000, std=3.101680, max=4.196733
2025-08-19 12:54:33,953 | INFO | Normal lengths: min=1.000000, mean=1.000000, max=1.000000
2025-08-19 12:54:33,953 | INFO | Final FPS time: 1.7 ms
2025-08-19 12:54:33,963 | INFO | Saved bundle (npz): D:\Cursor Repos\From p2p\data\pointcloud\feet\039_foot_L.npz | points=(4096, 3) normals=(4096, 3)
2025-08-19 12:54:33,963 | INFO | Completed successfully.
