2025-08-19 12:54:37,828 | INFO | Input STL: D:\Cursor Repos\From p2p\data\raw\feet\041_foot_R.stl
2025-08-19 12:54:37,828 | INFO | Output log: D:\Cursor Repos\From p2p\Log\preprocess\feet\041_foot_R.log
2025-08-19 12:54:37,828 | INFO | Parameters: num_points=4096, candidate_multiplier=4, z_low_percent=None, z_high_percent=None, seed=None
2025-08-19 12:54:37,828 | INFO | File: size_bytes=1270484, mtime=2025-08-13 13:25:58
2025-08-19 12:54:37,828 | INFO | Env: python=3.11.13, numpy=2.1.2, trimesh=4.7.4, platform=Windows-10-10.0.26100-SP0
2025-08-19 12:54:37,876 | INFO | Mesh: vertices=13097, faces=25408
2025-08-19 12:54:37,892 | WARNING | Mesh is not watertight; surface sampling may include boundary artifacts
2025-08-19 12:54:37,894 | INFO | Mesh surface area: 16270.679147
2025-08-19 12:54:37,907 | INFO | Mesh volume: 93220.203718
2025-08-19 12:54:37,909 | INFO | Mesh AABB min=[-42.417198181152344, 0.0, -19.006757736206055] max=[42.05352783203125, 212.3100128173828, 0.0]
2025-08-19 12:54:37,909 | INFO | Boundary edges: 0
2025-08-19 12:54:37,909 | INFO | Load mesh time: 79.9 ms
2025-08-19 12:54:37,909 | INFO | Surface sampling: candidates=16384 (target=4096, multiplier=4)
2025-08-19 12:54:37,920 | INFO | Running Farthest Point Sampling (FPS) to enforce even spacing
2025-08-19 12:54:38,007 | INFO | FPS progress: 409/4096
2025-08-19 12:54:38,089 | INFO | FPS progress: 818/4096
2025-08-19 12:54:38,174 | INFO | FPS progress: 1227/4096
2025-08-19 12:54:38,258 | INFO | FPS progress: 1636/4096
2025-08-19 12:54:38,342 | INFO | FPS progress: 2045/4096
2025-08-19 12:54:38,423 | INFO | FPS progress: 2454/4096
2025-08-19 12:54:38,505 | INFO | FPS progress: 2863/4096
2025-08-19 12:54:38,591 | INFO | FPS progress: 3272/4096
2025-08-19 12:54:38,676 | INFO | FPS progress: 3681/4096
2025-08-19 12:54:38,759 | INFO | FPS progress: 4090/4096
2025-08-19 12:54:38,760 | INFO | Round 1: accumulated=4096, kept=4096 (100.00%), time=850.9 ms
2025-08-19 12:54:38,760 | INFO | Requested samples 4096 >= candidates 4096; returning all indices.
2025-08-19 12:54:38,761 | INFO | Sampled points: (4096, 3), normals: (4096, 3)
2025-08-19 12:54:38,761 | INFO | Sampling time: 851.3 ms
2025-08-19 12:54:38,761 | INFO | Centering only: centroid=[1.9596688210416433, 108.26485709147677, -2.885597279356563] | scale fixed to 1.000000 (no scaling)
2025-08-19 12:54:38,761 | INFO | Axis x stats (centered): min=-43.945859, mean=-0.000000, std=21.614470, max=39.641052
2025-08-19 12:54:38,761 | INFO | Axis y stats (centered): min=-108.011324, mean=-0.000000, std=57.932672, max=103.923056
2025-08-19 12:54:38,761 | INFO | Axis z stats (centered): min=-16.065716, mean=-0.000000, std=3.512861, max=2.870980
2025-08-19 12:54:38,761 | INFO | Centering time: 0.7 ms
2025-08-19 12:54:38,762 | INFO | PCA alignment: explained variance ratio=0.8756, 0.1216, 0.0028
2025-08-19 12:54:38,762 | INFO | Rotation matrix (columns are principal axes):
[[-0.02165  -0.999051 -0.0378  ]
 [-0.999645  0.021046  0.016312]
 [-0.015501  0.03814  -0.999152]]
2025-08-19 12:54:38,762 | INFO | Rotation matrix det=1.000000
2025-08-19 12:54:38,762 | INFO | Orientation enforcement: mean_nz=-0.856433 -> sz=-1, width_low=65.654815, width_high=50.250416 -> sx=-1, sy=1
2025-08-19 12:54:38,763 | INFO | Orientation signs diag(S)=[-1.0, 1.0, -1.0]
2025-08-19 12:54:38,763 | INFO | PCA time: 2.0 ms
2025-08-19 12:54:38,763 | INFO | Requested samples 4096 >= candidates 4096; returning all indices.
2025-08-19 12:54:38,763 | INFO | Final points: (4096, 3), normals: (4096, 3)
2025-08-19 12:54:38,764 | INFO | Aligned normalized AABB min=[-108.26427791431279, -38.66745374056963, -14.051373214529828] max=[104.18798286043706, 44.53389698284349, 4.503194779105581]
2025-08-19 12:54:38,764 | INFO | Final radii percentiles: p5=16.534487, p50=54.602543, p95=100.094680; centroid_norm=0.000000
2025-08-19 12:54:38,764 | INFO | Axis x stats (final): min=-108.264278, mean=-0.000000, std=57.951411, max=104.187983
2025-08-19 12:54:38,764 | INFO | Axis y stats (final): min=-38.667454, mean=0.000000, std=21.598167, max=44.533897
2025-08-19 12:54:38,764 | INFO | Axis z stats (final): min=-14.051373, mean=-0.000000, std=3.297444, max=4.503195
2025-08-19 12:54:38,764 | INFO | Normal lengths: min=1.000000, mean=1.000000, max=1.000000
2025-08-19 12:54:38,764 | INFO | Final FPS time: 1.8 ms
2025-08-19 12:54:38,774 | INFO | Saved bundle (npz): D:\Cursor Repos\From p2p\data\pointcloud\feet\041_foot_R.npz | points=(4096, 3) normals=(4096, 3)
2025-08-19 12:54:38,774 | INFO | Completed successfully.
