2025-08-22 11:32:10,186 | INFO | Input STL: D:\Cursor Repos\From p2p\data\raw\feet\042_foot_R.stl
2025-08-22 11:32:10,186 | INFO | Output log: D:\Cursor Repos\From p2p\Log\preprocess\feet\042_foot_R.log
2025-08-22 11:32:10,186 | INFO | Parameters: num_points=4096, candidate_multiplier=4, z_low_percent=None, z_high_percent=None, seed=None
2025-08-22 11:32:10,186 | INFO | File: size_bytes=1138484, mtime=2025-08-14 10:08:26
2025-08-22 11:32:10,186 | INFO | Env: python=3.11.13, numpy=2.3.2, trimesh=4.7.4, platform=Windows-10-10.0.26100-SP0
2025-08-22 11:32:10,228 | INFO | Mesh: vertices=11753, faces=22768
2025-08-22 11:32:10,240 | WARNING | Mesh is not watertight; surface sampling may include boundary artifacts
2025-08-22 11:32:10,244 | INFO | Mesh surface area: 18348.274680
2025-08-22 11:32:10,251 | INFO | Mesh volume: 103644.872608
2025-08-22 11:32:10,253 | INFO | Mesh AABB min=[-43.59203338623047, 0.0, -22.907470703125] max=[43.994117736816406, 236.28993225097656, 0.0]
2025-08-22 11:32:10,253 | INFO | Boundary edges: 0
2025-08-22 11:32:10,253 | INFO | Load mesh time: 67.7 ms
2025-08-22 11:32:10,292 | INFO | Surface sampling: candidates=16384 (target=4096, multiplier=4)
2025-08-22 11:32:10,300 | INFO | Running Farthest Point Sampling (FPS) to enforce even spacing
2025-08-22 11:32:10,379 | INFO | FPS progress: 409/4096
2025-08-22 11:32:10,457 | INFO | FPS progress: 818/4096
2025-08-22 11:32:10,536 | INFO | FPS progress: 1227/4096
2025-08-22 11:32:10,615 | INFO | FPS progress: 1636/4096
2025-08-22 11:32:10,691 | INFO | FPS progress: 2045/4096
2025-08-22 11:32:10,771 | INFO | FPS progress: 2454/4096
2025-08-22 11:32:10,854 | INFO | FPS progress: 2863/4096
2025-08-22 11:32:10,931 | INFO | FPS progress: 3272/4096
2025-08-22 11:32:11,015 | INFO | FPS progress: 3681/4096
2025-08-22 11:32:11,099 | INFO | FPS progress: 4090/4096
2025-08-22 11:32:11,100 | INFO | Round 1: accumulated=4096, kept=4096 (100.00%), time=808.2 ms
2025-08-22 11:32:11,100 | INFO | Requested samples 4096 >= candidates 4096; returning all indices.
2025-08-22 11:32:11,101 | INFO | Sampled points: (4096, 3), normals: (4096, 3)
2025-08-22 11:32:11,101 | INFO | Sampling time: 808.6 ms
2025-08-22 11:32:11,101 | INFO | Centering only: centroid=[3.196438604504754, 121.97560049463966, -3.2542239765688827] | scale fixed to 1.000000 (no scaling)
2025-08-22 11:32:11,101 | INFO | Axis x stats (centered): min=-46.524753, mean=-0.000000, std=22.081992, max=39.896153
2025-08-22 11:32:11,101 | INFO | Axis y stats (centered): min=-121.830728, mean=0.000000, std=64.720646, max=114.223711
2025-08-22 11:32:11,102 | INFO | Axis z stats (centered): min=-19.223210, mean=0.000000, std=4.296890, max=3.252853
2025-08-22 11:32:11,102 | INFO | Centering time: 0.8 ms
2025-08-22 11:32:11,102 | INFO | PCA alignment: explained variance ratio=0.8926, 0.1044, 0.0030
2025-08-22 11:32:11,102 | INFO | Rotation matrix (columns are principal axes):
[[ 0.008812  0.996906 -0.078105]
 [ 0.999795 -0.007358  0.018889]
 [ 0.018256 -0.078255 -0.996766]]
2025-08-22 11:32:11,102 | INFO | Rotation matrix det=1.000000
2025-08-22 11:32:11,103 | INFO | Orientation enforcement (concave-to-pos-z (corr_pos=-0.0367, corr_neg=0.0367)): sz=-1, width_low=52.929684, width_high=73.274162 -> sx=1, sy=-1
2025-08-22 11:32:11,103 | INFO | Orientation signs diag(S)=[1.0, -1.0, -1.0]
2025-08-22 11:32:11,103 | INFO | PCA time: 1.6 ms
2025-08-22 11:32:11,103 | INFO | Requested samples 4096 >= candidates 4096; returning all indices.
2025-08-22 11:32:11,103 | INFO | Final points: (4096, 3), normals: (4096, 3)
2025-08-22 11:32:11,104 | INFO | Aligned normalized AABB min=[-122.07615680851102, -39.62461388115857, -15.979237055432826] max=[114.2663396038329, 46.65857944935571, 5.97703687326192]
2025-08-22 11:32:11,104 | INFO | Final radii percentiles: p5=17.324792, p50=59.400075, p95=111.489076; centroid_norm=0.000000
2025-08-22 11:32:11,104 | INFO | Axis x stats (final): min=-122.076157, mean=0.000000, std=64.733704, max=114.266340
2025-08-22 11:32:11,104 | INFO | Axis y stats (final): min=-39.624614, mean=0.000000, std=22.141166, max=46.658579
2025-08-22 11:32:11,104 | INFO | Axis z stats (final): min=-15.979237, mean=0.000000, std=3.762435, max=5.977037
2025-08-22 11:32:11,105 | INFO | Normal lengths: min=1.000000, mean=1.000000, max=1.000000
2025-08-22 11:32:11,105 | INFO | Final FPS time: 1.2 ms
2025-08-22 11:32:11,115 | INFO | Saved bundle (npz): D:\Cursor Repos\From p2p\data\pointcloud\feet\042_foot_R.npz | points=(4096, 3) normals=(4096, 3)
2025-08-22 11:32:11,115 | INFO | Completed successfully.
