2025-08-22 11:32:11,116 | INFO | Input STL: D:\Cursor Repos\From p2p\data\raw\feet\043_foot_L.stl
2025-08-22 11:32:11,116 | INFO | Output log: D:\Cursor Repos\From p2p\Log\preprocess\feet\043_foot_L.log
2025-08-22 11:32:11,116 | INFO | Parameters: num_points=4096, candidate_multiplier=4, z_low_percent=None, z_high_percent=None, seed=None
2025-08-22 11:32:11,116 | INFO | File: size_bytes=1190484, mtime=2025-08-07 13:31:46
2025-08-22 11:32:11,116 | INFO | Env: python=3.11.13, numpy=2.3.2, trimesh=4.7.4, platform=Windows-10-10.0.26100-SP0
2025-08-22 11:32:11,158 | INFO | Mesh: vertices=12417, faces=23808
2025-08-22 11:32:11,170 | WARNING | Mesh is not watertight; surface sampling may include boundary artifacts
2025-08-22 11:32:11,174 | INFO | Mesh surface area: 19021.789406
2025-08-22 11:32:11,181 | INFO | Mesh volume: 79893.144344
2025-08-22 11:32:11,182 | INFO | Mesh AABB min=[-44.57988357543945, 0.0, -19.08207130432129] max=[42.875423431396484, 236.5873260498047, 0.0]
2025-08-22 11:32:11,182 | INFO | Boundary edges: 0
2025-08-22 11:32:11,182 | INFO | Load mesh time: 65.8 ms
2025-08-22 11:32:11,228 | INFO | Surface sampling: candidates=16384 (target=4096, multiplier=4)
2025-08-22 11:32:11,237 | INFO | Running Farthest Point Sampling (FPS) to enforce even spacing
2025-08-22 11:32:11,317 | INFO | FPS progress: 409/4096
2025-08-22 11:32:11,396 | INFO | FPS progress: 818/4096
2025-08-22 11:32:11,485 | INFO | FPS progress: 1227/4096
2025-08-22 11:32:11,563 | INFO | FPS progress: 1636/4096
2025-08-22 11:32:11,642 | INFO | FPS progress: 2045/4096
2025-08-22 11:32:11,723 | INFO | FPS progress: 2454/4096
2025-08-22 11:32:11,810 | INFO | FPS progress: 2863/4096
2025-08-22 11:32:11,895 | INFO | FPS progress: 3272/4096
2025-08-22 11:32:11,968 | INFO | FPS progress: 3681/4096
2025-08-22 11:32:12,041 | INFO | FPS progress: 4090/4096
2025-08-22 11:32:12,043 | INFO | Round 1: accumulated=4096, kept=4096 (100.00%), time=815.2 ms
2025-08-22 11:32:12,043 | INFO | Requested samples 4096 >= candidates 4096; returning all indices.
2025-08-22 11:32:12,043 | INFO | Sampled points: (4096, 3), normals: (4096, 3)
2025-08-22 11:32:12,043 | INFO | Sampling time: 815.7 ms
2025-08-22 11:32:12,043 | INFO | Centering only: centroid=[-2.7426893730631927, 124.39568259426842, -3.608969764176791] | scale fixed to 1.000000 (no scaling)
2025-08-22 11:32:12,043 | INFO | Axis x stats (centered): min=-41.572233, mean=0.000000, std=22.139037, max=44.922334
2025-08-22 11:32:12,043 | INFO | Axis y stats (centered): min=-124.117293, mean=-0.000000, std=64.935561, max=111.976414
2025-08-22 11:32:12,043 | INFO | Axis z stats (centered): min=-15.429296, mean=0.000000, std=2.817046, max=3.027710
2025-08-22 11:32:12,043 | INFO | Centering time: 0.4 ms
2025-08-22 11:32:12,044 | INFO | PCA alignment: explained variance ratio=0.8948, 0.1036, 0.0016
2025-08-22 11:32:12,044 | INFO | Rotation matrix (columns are principal axes):
[[-0.023289  0.999624  0.014496]
 [ 0.999718  0.023218  0.005058]
 [ 0.00472   0.01461  -0.999882]]
2025-08-22 11:32:12,044 | INFO | Rotation matrix det=1.000000
2025-08-22 11:32:12,045 | INFO | Orientation enforcement (concave-to-pos-z (corr_pos=0.4740, corr_neg=-0.4740)): sz=1, width_low=54.246369, width_high=68.898997 -> sx=1, sy=1
2025-08-22 11:32:12,045 | INFO | Orientation signs diag(S)=[1.0, 1.0, 1.0]
2025-08-22 11:32:12,045 | INFO | PCA time: 1.6 ms
2025-08-22 11:32:12,045 | INFO | Requested samples 4096 >= candidates 4096; returning all indices.
2025-08-22 11:32:12,045 | INFO | Final points: (4096, 3), normals: (4096, 3)
2025-08-22 11:32:12,046 | INFO | Aligned normalized AABB min=[-124.2180189988841, -42.44712190148563, -2.5475082145565096] max=[112.39466323416812, 46.04850998339892, 14.706450770282133]
2025-08-22 11:32:12,046 | INFO | Final radii percentiles: p5=17.757841, p50=61.290590, p95=111.145723; centroid_norm=0.000000
2025-08-22 11:32:12,046 | INFO | Axis x stats (final): min=-124.218019, mean=-0.000000, std=64.951874, max=112.394663
2025-08-22 11:32:12,046 | INFO | Axis y stats (final): min=-42.447122, mean=-0.000000, std=22.095576, max=46.048510
2025-08-22 11:32:12,046 | INFO | Axis z stats (final): min=-2.547508, mean=-0.000000, std=2.781974, max=14.706451
2025-08-22 11:32:12,046 | INFO | Normal lengths: min=1.000000, mean=1.000000, max=1.000000
2025-08-22 11:32:12,046 | INFO | Final FPS time: 1.5 ms
2025-08-22 11:32:12,057 | INFO | Saved bundle (npz): D:\Cursor Repos\From p2p\data\pointcloud\feet\043_foot_L.npz | points=(4096, 3) normals=(4096, 3)
2025-08-22 11:32:12,057 | INFO | Completed successfully.
