2025-08-19 12:54:43,441 | INFO | Input STL: D:\Cursor Repos\From p2p\data\raw\feet\044_foot_R.stl
2025-08-19 12:54:43,441 | INFO | Output log: D:\Cursor Repos\From p2p\Log\preprocess\feet\044_foot_R.log
2025-08-19 12:54:43,441 | INFO | Parameters: num_points=4096, candidate_multiplier=4, z_low_percent=None, z_high_percent=None, seed=None
2025-08-19 12:54:43,441 | INFO | File: size_bytes=1121934, mtime=2025-08-07 13:32:58
2025-08-19 12:54:43,442 | INFO | Env: python=3.11.13, numpy=2.1.2, trimesh=4.7.4, platform=Windows-10-10.0.26100-SP0
2025-08-19 12:54:43,477 | INFO | Mesh: vertices=11579, faces=22437
2025-08-19 12:54:43,489 | WARNING | Mesh is not watertight; surface sampling may include boundary artifacts
2025-08-19 12:54:43,492 | INFO | Mesh surface area: 23460.045815
2025-08-19 12:54:43,501 | INFO | Mesh volume: 138491.751955
2025-08-19 12:54:43,503 | INFO | Mesh AABB min=[-49.38172912597656, 0.0, -22.730541229248047] max=[45.61904525756836, 268.1304931640625, 0.0]
2025-08-19 12:54:43,503 | INFO | Boundary edges: 0
2025-08-19 12:54:43,503 | INFO | Load mesh time: 61.8 ms
2025-08-19 12:54:43,503 | INFO | Surface sampling: candidates=16384 (target=4096, multiplier=4)
2025-08-19 12:54:43,513 | INFO | Running Farthest Point Sampling (FPS) to enforce even spacing
2025-08-19 12:54:43,601 | INFO | FPS progress: 409/4096
2025-08-19 12:54:43,693 | INFO | FPS progress: 818/4096
2025-08-19 12:54:43,778 | INFO | FPS progress: 1227/4096
2025-08-19 12:54:43,862 | INFO | FPS progress: 1636/4096
2025-08-19 12:54:43,948 | INFO | FPS progress: 2045/4096
2025-08-19 12:54:44,033 | INFO | FPS progress: 2454/4096
2025-08-19 12:54:44,119 | INFO | FPS progress: 2863/4096
2025-08-19 12:54:44,207 | INFO | FPS progress: 3272/4096
2025-08-19 12:54:44,292 | INFO | FPS progress: 3681/4096
2025-08-19 12:54:44,374 | INFO | FPS progress: 4090/4096
2025-08-19 12:54:44,375 | INFO | Round 1: accumulated=4096, kept=4096 (100.00%), time=871.8 ms
2025-08-19 12:54:44,375 | INFO | Requested samples 4096 >= candidates 4096; returning all indices.
2025-08-19 12:54:44,375 | INFO | Sampled points: (4096, 3), normals: (4096, 3)
2025-08-19 12:54:44,375 | INFO | Sampling time: 872.2 ms
2025-08-19 12:54:44,375 | INFO | Centering only: centroid=[1.0743716805126642, 135.39574541412406, -3.2768027242140434] | scale fixed to 1.000000 (no scaling)
2025-08-19 12:54:44,375 | INFO | Axis x stats (centered): min=-50.040482, mean=-0.000000, std=24.726921, max=43.822403
2025-08-19 12:54:44,375 | INFO | Axis y stats (centered): min=-135.161159, mean=0.000000, std=73.011091, max=132.390995
2025-08-19 12:54:44,376 | INFO | Axis z stats (centered): min=-18.871642, mean=-0.000000, std=3.755216, max=3.247340
2025-08-19 12:54:44,376 | INFO | Centering time: 0.5 ms
2025-08-19 12:54:44,376 | INFO | PCA alignment: explained variance ratio=0.8950, 0.1029, 0.0021
2025-08-19 12:54:44,376 | INFO | Rotation matrix (columns are principal axes):
[[ 0.005683  0.998565 -0.053255]
 [ 0.999968 -0.005371  0.005994]
 [ 0.0057   -0.053287 -0.998563]]
2025-08-19 12:54:44,376 | INFO | Rotation matrix det=1.000000
2025-08-19 12:54:44,377 | INFO | Orientation enforcement: mean_nz=-0.880566 -> sz=-1, width_low=66.899891, width_high=74.775702 -> sx=1, sy=-1
2025-08-19 12:54:44,377 | INFO | Orientation signs diag(S)=[1.0, -1.0, -1.0]
2025-08-19 12:54:44,377 | INFO | PCA time: 1.2 ms
2025-08-19 12:54:44,377 | INFO | Requested samples 4096 >= candidates 4096; returning all indices.
2025-08-19 12:54:44,377 | INFO | Final points: (4096, 3), normals: (4096, 3)
2025-08-19 12:54:44,378 | INFO | Aligned normalized AABB min=[-135.22890965275818, -44.509563983424435, -16.251447919491277] max=[132.41387825703438, 49.77186452049044, 4.927905419094435]
2025-08-19 12:54:44,378 | INFO | Final radii percentiles: p5=18.992770, p50=67.334502, p95=124.718054; centroid_norm=0.000000
2025-08-19 12:54:44,378 | INFO | Axis x stats (final): min=-135.228910, mean=0.000000, std=73.013332, max=132.413878
2025-08-19 12:54:44,378 | INFO | Axis y stats (final): min=-44.509564, mean=0.000000, std=24.758272, max=49.771865
2025-08-19 12:54:44,378 | INFO | Axis z stats (final): min=-16.251448, mean=-0.000000, std=3.496143, max=4.927905
2025-08-19 12:54:44,378 | INFO | Normal lengths: min=1.000000, mean=1.000000, max=1.000000
2025-08-19 12:54:44,378 | INFO | Final FPS time: 1.5 ms
2025-08-19 12:54:44,389 | INFO | Saved bundle (npz): D:\Cursor Repos\From p2p\data\pointcloud\feet\044_foot_R.npz | points=(4096, 3) normals=(4096, 3)
2025-08-19 12:54:44,389 | INFO | Completed successfully.
