2025-08-19 12:54:45,319 | INFO | Input STL: D:\Cursor Repos\From p2p\data\raw\feet\045_foot_R.stl
2025-08-19 12:54:45,319 | INFO | Output log: D:\Cursor Repos\From p2p\Log\preprocess\feet\045_foot_R.log
2025-08-19 12:54:45,319 | INFO | Parameters: num_points=4096, candidate_multiplier=4, z_low_percent=None, z_high_percent=None, seed=None
2025-08-19 12:54:45,319 | INFO | File: size_bytes=1229834, mtime=2025-08-07 13:30:32
2025-08-19 12:54:45,319 | INFO | Env: python=3.11.13, numpy=2.1.2, trimesh=4.7.4, platform=Windows-10-10.0.26100-SP0
2025-08-19 12:54:45,364 | INFO | Mesh: vertices=12674, faces=24595
2025-08-19 12:54:45,382 | WARNING | Mesh is not watertight; surface sampling may include boundary artifacts
2025-08-19 12:54:45,385 | INFO | Mesh surface area: 14325.458892
2025-08-19 12:54:45,396 | INFO | Mesh volume: 70544.959903
2025-08-19 12:54:45,399 | INFO | Mesh AABB min=[-39.082496643066406, 0.0, -15.414066314697266] max=[39.04138946533203, 202.5988311767578, 0.0]
2025-08-19 12:54:45,399 | INFO | Boundary edges: 0
2025-08-19 12:54:45,399 | INFO | Load mesh time: 79.6 ms
2025-08-19 12:54:45,399 | INFO | Surface sampling: candidates=16384 (target=4096, multiplier=4)
2025-08-19 12:54:45,412 | INFO | Running Farthest Point Sampling (FPS) to enforce even spacing
2025-08-19 12:54:45,499 | INFO | FPS progress: 409/4096
2025-08-19 12:54:45,582 | INFO | FPS progress: 818/4096
2025-08-19 12:54:45,671 | INFO | FPS progress: 1227/4096
2025-08-19 12:54:45,755 | INFO | FPS progress: 1636/4096
2025-08-19 12:54:45,846 | INFO | FPS progress: 2045/4096
2025-08-19 12:54:45,934 | INFO | FPS progress: 2454/4096
2025-08-19 12:54:46,023 | INFO | FPS progress: 2863/4096
2025-08-19 12:54:46,105 | INFO | FPS progress: 3272/4096
2025-08-19 12:54:46,192 | INFO | FPS progress: 3681/4096
2025-08-19 12:54:46,277 | INFO | FPS progress: 4090/4096
2025-08-19 12:54:46,280 | INFO | Round 1: accumulated=4096, kept=4096 (100.00%), time=880.7 ms
2025-08-19 12:54:46,280 | INFO | Requested samples 4096 >= candidates 4096; returning all indices.
2025-08-19 12:54:46,280 | INFO | Sampled points: (4096, 3), normals: (4096, 3)
2025-08-19 12:54:46,280 | INFO | Sampling time: 881.1 ms
2025-08-19 12:54:46,280 | INFO | Centering only: centroid=[2.0734876760575567, 104.7060795736758, -2.0839712615164343] | scale fixed to 1.000000 (no scaling)
2025-08-19 12:54:46,281 | INFO | Axis x stats (centered): min=-40.761383, mean=0.000000, std=20.144527, max=36.379981
2025-08-19 12:54:46,281 | INFO | Axis y stats (centered): min=-104.617091, mean=0.000000, std=54.837765, max=97.713334
2025-08-19 12:54:46,281 | INFO | Axis z stats (centered): min=-13.172767, mean=0.000000, std=2.664696, max=2.074282
2025-08-19 12:54:46,281 | INFO | Centering time: 0.7 ms
2025-08-19 12:54:46,281 | INFO | PCA alignment: explained variance ratio=0.8793, 0.1187, 0.0020
2025-08-19 12:54:46,282 | INFO | Rotation matrix (columns are principal axes):
[[ 0.003179  0.999928  0.011548]
 [-0.999965  0.003269 -0.007729]
 [-0.007767 -0.011523  0.999903]]
2025-08-19 12:54:46,282 | INFO | Rotation matrix det=1.000000
2025-08-19 12:54:46,282 | INFO | Orientation enforcement: mean_nz=0.862409 -> sz=1, width_low=62.053584, width_high=49.330525 -> sx=-1, sy=-1
2025-08-19 12:54:46,282 | INFO | Orientation signs diag(S)=[-1.0, -1.0, 1.0]
2025-08-19 12:54:46,282 | INFO | PCA time: 1.3 ms
2025-08-19 12:54:46,282 | INFO | Requested samples 4096 >= candidates 4096; returning all indices.
2025-08-19 12:54:46,283 | INFO | Final points: (4096, 3), normals: (4096, 3)
2025-08-19 12:54:46,283 | INFO | Aligned normalized AABB min=[-104.70685201283159, -36.53803243226725, -12.369180340940423] max=[97.61493991869965, 40.63678855924624, 2.6162332624448705]
2025-08-19 12:54:46,283 | INFO | Final radii percentiles: p5=15.141704, p50=51.816568, p95=94.644683; centroid_norm=0.000000
2025-08-19 12:54:46,283 | INFO | Axis x stats (final): min=-104.706852, mean=0.000000, std=54.839653, max=97.614940
2025-08-19 12:54:46,283 | INFO | Axis y stats (final): min=-36.538032, mean=-0.000000, std=20.145195, max=40.636789
2025-08-19 12:54:46,284 | INFO | Axis z stats (final): min=-12.369180, mean=0.000000, std=2.620427, max=2.616233
2025-08-19 12:54:46,284 | INFO | Normal lengths: min=1.000000, mean=1.000000, max=1.000000
2025-08-19 12:54:46,284 | INFO | Final FPS time: 1.9 ms
2025-08-19 12:54:46,294 | INFO | Saved bundle (npz): D:\Cursor Repos\From p2p\data\pointcloud\feet\045_foot_R.npz | points=(4096, 3) normals=(4096, 3)
2025-08-19 12:54:46,294 | INFO | Completed successfully.
