2025-08-19 12:54:47,205 | INFO | Input STL: D:\Cursor Repos\From p2p\data\raw\feet\046_foot_R.stl
2025-08-19 12:54:47,205 | INFO | Output log: D:\Cursor Repos\From p2p\Log\preprocess\feet\046_foot_R.log
2025-08-19 12:54:47,205 | INFO | Parameters: num_points=4096, candidate_multiplier=4, z_low_percent=None, z_high_percent=None, seed=None
2025-08-19 12:54:47,206 | INFO | File: size_bytes=1249234, mtime=2025-08-07 13:30:24
2025-08-19 12:54:47,206 | INFO | Env: python=3.11.13, numpy=2.1.2, trimesh=4.7.4, platform=Windows-10-10.0.26100-SP0
2025-08-19 12:54:47,255 | INFO | Mesh: vertices=12831, faces=24983
2025-08-19 12:54:47,269 | WARNING | Mesh is not watertight; surface sampling may include boundary artifacts
2025-08-19 12:54:47,273 | INFO | Mesh surface area: 16616.453875
2025-08-19 12:54:47,284 | INFO | Mesh volume: 85932.310848
2025-08-19 12:54:47,288 | INFO | Mesh AABB min=[-42.41188430786133, 0.0, -18.764802932739258] max=[42.404361724853516, 217.3092041015625, 0.0]
2025-08-19 12:54:47,288 | INFO | Boundary edges: 0
2025-08-19 12:54:47,288 | INFO | Load mesh time: 82.1 ms
2025-08-19 12:54:47,288 | INFO | Surface sampling: candidates=16384 (target=4096, multiplier=4)
2025-08-19 12:54:47,301 | INFO | Running Farthest Point Sampling (FPS) to enforce even spacing
2025-08-19 12:54:47,396 | INFO | FPS progress: 409/4096
2025-08-19 12:54:47,478 | INFO | FPS progress: 818/4096
2025-08-19 12:54:47,559 | INFO | FPS progress: 1227/4096
2025-08-19 12:54:47,644 | INFO | FPS progress: 1636/4096
2025-08-19 12:54:47,729 | INFO | FPS progress: 2045/4096
2025-08-19 12:54:47,810 | INFO | FPS progress: 2454/4096
2025-08-19 12:54:47,895 | INFO | FPS progress: 2863/4096
2025-08-19 12:54:47,978 | INFO | FPS progress: 3272/4096
2025-08-19 12:54:48,062 | INFO | FPS progress: 3681/4096
2025-08-19 12:54:48,148 | INFO | FPS progress: 4090/4096
2025-08-19 12:54:48,151 | INFO | Round 1: accumulated=4096, kept=4096 (100.00%), time=862.9 ms
2025-08-19 12:54:48,151 | INFO | Requested samples 4096 >= candidates 4096; returning all indices.
2025-08-19 12:54:48,151 | INFO | Sampled points: (4096, 3), normals: (4096, 3)
2025-08-19 12:54:48,151 | INFO | Sampling time: 863.5 ms
2025-08-19 12:54:48,151 | INFO | Centering only: centroid=[2.7605254835970605, 112.17499349398825, -4.239169419526791] | scale fixed to 1.000000 (no scaling)
2025-08-19 12:54:48,151 | INFO | Axis x stats (centered): min=-44.951030, mean=0.000000, std=21.404759, max=39.238816
2025-08-19 12:54:48,151 | INFO | Axis y stats (centered): min=-112.140882, mean=0.000000, std=58.620219, max=104.945396
2025-08-19 12:54:48,151 | INFO | Axis z stats (centered): min=-14.252420, mean=-0.000000, std=2.983977, max=3.962014
2025-08-19 12:54:48,151 | INFO | Centering time: 0.5 ms
2025-08-19 12:54:48,152 | INFO | PCA alignment: explained variance ratio=0.8805, 0.1175, 0.0020
2025-08-19 12:54:48,152 | INFO | Rotation matrix (columns are principal axes):
[[ 1.628127e-04  9.994661e-01 -3.267150e-02]
 [ 9.999289e-01  2.268994e-04  1.192414e-02]
 [ 1.192518e-02 -3.267112e-02 -9.993950e-01]]
2025-08-19 12:54:48,152 | INFO | Rotation matrix det=1.000000
2025-08-19 12:54:48,152 | INFO | Orientation enforcement: mean_nz=-0.861870 -> sz=-1, width_low=53.144513, width_high=65.313520 -> sx=1, sy=-1
2025-08-19 12:54:48,154 | INFO | Orientation signs diag(S)=[1.0, -1.0, -1.0]
2025-08-19 12:54:48,154 | INFO | PCA time: 1.8 ms
2025-08-19 12:54:48,154 | INFO | Requested samples 4096 >= candidates 4096; returning all indices.
2025-08-19 12:54:48,154 | INFO | Final points: (4096, 3), normals: (4096, 3)
2025-08-19 12:54:48,155 | INFO | Aligned normalized AABB min=[-112.28998800701203, -39.266467335283416, -12.882183661422594] max=[104.88867066422888, 44.773674867322285, 3.5428927235136505]
2025-08-19 12:54:48,155 | INFO | Final radii percentiles: p5=15.907880, p50=55.323392, p95=101.051924; centroid_norm=0.000000
2025-08-19 12:54:48,155 | INFO | Axis x stats (final): min=-112.289988, mean=0.000000, std=58.624378, max=104.888671
2025-08-19 12:54:48,155 | INFO | Axis y stats (final): min=-39.266467, mean=-0.000000, std=21.415993, max=44.773675
2025-08-19 12:54:48,155 | INFO | Axis z stats (final): min=-12.882184, mean=-0.000000, std=2.816986, max=3.542893
2025-08-19 12:54:48,156 | INFO | Normal lengths: min=1.000000, mean=1.000000, max=1.000000
2025-08-19 12:54:48,156 | INFO | Final FPS time: 1.6 ms
2025-08-19 12:54:48,165 | INFO | Saved bundle (npz): D:\Cursor Repos\From p2p\data\pointcloud\feet\046_foot_R.npz | points=(4096, 3) normals=(4096, 3)
2025-08-19 12:54:48,165 | INFO | Completed successfully.
