2025-08-19 12:54:48,166 | INFO | Input STL: D:\Cursor Repos\From p2p\data\raw\feet\047_foot_L.stl
2025-08-19 12:54:48,166 | INFO | Output log: D:\Cursor Repos\From p2p\Log\preprocess\feet\047_foot_L.log
2025-08-19 12:54:48,166 | INFO | Parameters: num_points=4096, candidate_multiplier=4, z_low_percent=None, z_high_percent=None, seed=None
2025-08-19 12:54:48,166 | INFO | File: size_bytes=1340384, mtime=2025-08-07 13:30:40
2025-08-19 12:54:48,166 | INFO | Env: python=3.11.13, numpy=2.1.2, trimesh=4.7.4, platform=Windows-10-10.0.26100-SP0
2025-08-19 12:54:48,215 | INFO | Mesh: vertices=13753, faces=26806
2025-08-19 12:54:48,234 | WARNING | Mesh is not watertight; surface sampling may include boundary artifacts
2025-08-19 12:54:48,238 | INFO | Mesh surface area: 12153.041171
2025-08-19 12:54:48,248 | INFO | Mesh volume: 66646.750268
2025-08-19 12:54:48,251 | INFO | Mesh AABB min=[-35.211124420166016, 0.0, -16.105791091918945] max=[35.86738586425781, 180.12171936035156, 0.0]
2025-08-19 12:54:48,251 | INFO | Boundary edges: 0
2025-08-19 12:54:48,251 | INFO | Load mesh time: 84.8 ms
2025-08-19 12:54:48,252 | INFO | Surface sampling: candidates=16384 (target=4096, multiplier=4)
2025-08-19 12:54:48,264 | INFO | Running Farthest Point Sampling (FPS) to enforce even spacing
2025-08-19 12:54:48,344 | INFO | FPS progress: 409/4096
2025-08-19 12:54:48,421 | INFO | FPS progress: 818/4096
2025-08-19 12:54:48,495 | INFO | FPS progress: 1227/4096
2025-08-19 12:54:48,572 | INFO | FPS progress: 1636/4096
2025-08-19 12:54:48,651 | INFO | FPS progress: 2045/4096
2025-08-19 12:54:48,734 | INFO | FPS progress: 2454/4096
2025-08-19 12:54:48,817 | INFO | FPS progress: 2863/4096
2025-08-19 12:54:48,899 | INFO | FPS progress: 3272/4096
2025-08-19 12:54:48,977 | INFO | FPS progress: 3681/4096
2025-08-19 12:54:49,057 | INFO | FPS progress: 4090/4096
2025-08-19 12:54:49,058 | INFO | Round 1: accumulated=4096, kept=4096 (100.00%), time=807.3 ms
2025-08-19 12:54:49,058 | INFO | Requested samples 4096 >= candidates 4096; returning all indices.
2025-08-19 12:54:49,059 | INFO | Sampled points: (4096, 3), normals: (4096, 3)
2025-08-19 12:54:49,059 | INFO | Sampling time: 807.6 ms
2025-08-19 12:54:49,059 | INFO | Centering only: centroid=[-1.5522852038026946, 92.52355987309996, -2.6479446736462178] | scale fixed to 1.000000 (no scaling)
2025-08-19 12:54:49,059 | INFO | Axis x stats (centered): min=-33.551421, mean=0.000000, std=18.470077, max=37.410096
2025-08-19 12:54:49,059 | INFO | Axis y stats (centered): min=-92.468117, mean=0.000000, std=49.632078, max=87.153598
2025-08-19 12:54:49,059 | INFO | Axis z stats (centered): min=-13.344581, mean=-0.000000, std=2.946152, max=2.593845
2025-08-19 12:54:49,059 | INFO | Centering time: 0.5 ms
2025-08-19 12:54:49,059 | INFO | PCA alignment: explained variance ratio=0.8758, 0.1212, 0.0029
2025-08-19 12:54:49,060 | INFO | Rotation matrix (columns are principal axes):
[[-0.011836  0.999557  0.027302]
 [ 0.999902  0.011628  0.007768]
 [ 0.007447  0.027391 -0.999597]]
2025-08-19 12:54:49,060 | INFO | Rotation matrix det=1.000000
2025-08-19 12:54:49,060 | INFO | Orientation enforcement: mean_nz=-0.831575 -> sz=-1, width_low=45.436102, width_high=52.775532 -> sx=1, sy=-1
2025-08-19 12:54:49,060 | INFO | Orientation signs diag(S)=[1.0, -1.0, -1.0]
2025-08-19 12:54:49,060 | INFO | PCA time: 1.1 ms
2025-08-19 12:54:49,060 | INFO | Requested samples 4096 >= candidates 4096; returning all indices.
2025-08-19 12:54:49,060 | INFO | Final points: (4096, 3), normals: (4096, 3)
2025-08-19 12:54:49,060 | INFO | Aligned normalized AABB min=[-92.57165698661076, -37.783831729900335, -12.608370302302795] max=[87.32775467393994, 33.203092027578556, 2.5988977949551315]
2025-08-19 12:54:49,062 | INFO | Final radii percentiles: p5=14.148939, p50=46.958391, p95=84.707076; centroid_norm=0.000000
2025-08-19 12:54:49,062 | INFO | Axis x stats (final): min=-92.571657, mean=0.000000, std=49.636462, max=87.327755
2025-08-19 12:54:49,062 | INFO | Axis y stats (final): min=-37.783832, mean=-0.000000, std=18.468742, max=33.203092
2025-08-19 12:54:49,062 | INFO | Axis z stats (final): min=-12.608370, mean=-0.000000, std=2.879921, max=2.598898
2025-08-19 12:54:49,062 | INFO | Normal lengths: min=1.000000, mean=1.000000, max=1.000000
2025-08-19 12:54:49,062 | INFO | Final FPS time: 1.8 ms
2025-08-19 12:54:49,073 | INFO | Saved bundle (npz): D:\Cursor Repos\From p2p\data\pointcloud\feet\047_foot_L.npz | points=(4096, 3) normals=(4096, 3)
2025-08-19 12:54:49,073 | INFO | Completed successfully.
