2025-08-22 11:32:32,998 | INFO | Input STL: D:\Cursor Repos\From p2p\data\raw\feet\054_foot_R.stl
2025-08-22 11:32:32,999 | INFO | Output log: D:\Cursor Repos\From p2p\Log\preprocess\feet\054_foot_R.log
2025-08-22 11:32:32,999 | INFO | Parameters: num_points=4096, candidate_multiplier=4, z_low_percent=None, z_high_percent=None, seed=None
2025-08-22 11:32:32,999 | INFO | File: size_bytes=1239134, mtime=2025-08-13 14:53:21
2025-08-22 11:32:32,999 | INFO | Env: python=3.11.13, numpy=2.3.2, trimesh=4.7.4, platform=Windows-10-10.0.26100-SP0
2025-08-22 11:32:33,041 | INFO | Mesh: vertices=12768, faces=24781
2025-08-22 11:32:33,054 | WARNING | Mesh is not watertight; surface sampling may include boundary artifacts
2025-08-22 11:32:33,058 | INFO | Mesh surface area: 17774.434630
2025-08-22 11:32:33,065 | INFO | Mesh volume: 110465.249912
2025-08-22 11:32:33,067 | INFO | Mesh AABB min=[-44.50486373901367, 0.0, -26.492883682250977] max=[44.11012268066406, 225.4846954345703, 0.0]
2025-08-22 11:32:33,067 | INFO | Boundary edges: 0
2025-08-22 11:32:33,067 | INFO | Load mesh time: 68.0 ms
2025-08-22 11:32:33,110 | INFO | Surface sampling: candidates=16384 (target=4096, multiplier=4)
2025-08-22 11:32:33,119 | INFO | Running Farthest Point Sampling (FPS) to enforce even spacing
2025-08-22 11:32:33,198 | INFO | FPS progress: 409/4096
2025-08-22 11:32:33,283 | INFO | FPS progress: 818/4096
2025-08-22 11:32:33,367 | INFO | FPS progress: 1227/4096
2025-08-22 11:32:33,449 | INFO | FPS progress: 1636/4096
2025-08-22 11:32:33,532 | INFO | FPS progress: 2045/4096
2025-08-22 11:32:33,612 | INFO | FPS progress: 2454/4096
2025-08-22 11:32:33,694 | INFO | FPS progress: 2863/4096
2025-08-22 11:32:33,772 | INFO | FPS progress: 3272/4096
2025-08-22 11:32:33,856 | INFO | FPS progress: 3681/4096
2025-08-22 11:32:33,935 | INFO | FPS progress: 4090/4096
2025-08-22 11:32:33,936 | INFO | Round 1: accumulated=4096, kept=4096 (100.00%), time=826.5 ms
2025-08-22 11:32:33,937 | INFO | Requested samples 4096 >= candidates 4096; returning all indices.
2025-08-22 11:32:33,937 | INFO | Sampled points: (4096, 3), normals: (4096, 3)
2025-08-22 11:32:33,937 | INFO | Sampling time: 826.9 ms
2025-08-22 11:32:33,937 | INFO | Centering only: centroid=[3.301326381068527, 116.99631657752076, -3.272180770735305] | scale fixed to 1.000000 (no scaling)
2025-08-22 11:32:33,937 | INFO | Axis x stats (centered): min=-47.696745, mean=-0.000000, std=22.387715, max=40.678756
2025-08-22 11:32:33,937 | INFO | Axis y stats (centered): min=-116.949597, mean=0.000000, std=61.284031, max=108.168151
2025-08-22 11:32:33,937 | INFO | Axis z stats (centered): min=-22.479396, mean=-0.000000, std=4.196363, max=3.252615
2025-08-22 11:32:33,937 | INFO | Centering time: 0.5 ms
2025-08-22 11:32:33,937 | INFO | PCA alignment: explained variance ratio=0.8795, 0.1169, 0.0036
2025-08-22 11:32:33,937 | INFO | Rotation matrix (columns are principal axes):
[[-0.030351 -0.997805 -0.05886 ]
 [-0.999444  0.029482  0.015573]
 [-0.013803  0.0593   -0.998145]]
2025-08-22 11:32:33,939 | INFO | Rotation matrix det=1.000000
2025-08-22 11:32:33,939 | INFO | Orientation enforcement (concave-to-pos-z (corr_pos=0.0582, corr_neg=-0.0582)): sz=1, width_low=65.723958, width_high=54.175231 -> sx=-1, sy=-1
2025-08-22 11:32:33,939 | INFO | Orientation signs diag(S)=[-1.0, -1.0, 1.0]
2025-08-22 11:32:33,940 | INFO | PCA time: 1.7 ms
2025-08-22 11:32:33,940 | INFO | Requested samples 4096 >= candidates 4096; returning all indices.
2025-08-22 11:32:33,940 | INFO | Final points: (4096, 3), normals: (4096, 3)
2025-08-22 11:32:33,940 | INFO | Aligned normalized AABB min=[-117.19063743403727, -48.13283048633787, -5.387749582739809] max=[108.55021640543254, 39.618931242975925, 19.674616990230998]
2025-08-22 11:32:33,940 | INFO | Final radii percentiles: p5=17.243570, p50=56.843511, p95=106.131400; centroid_norm=0.000000
2025-08-22 11:32:33,940 | INFO | Axis x stats (final): min=-117.190637, mean=0.000000, std=61.314547, max=108.550216
2025-08-22 11:32:33,940 | INFO | Axis y stats (final): min=-48.132830, mean=-0.000000, std=22.358141, max=39.618931
2025-08-22 11:32:33,941 | INFO | Axis z stats (final): min=-5.387750, mean=0.000000, std=3.897641, max=19.674617
2025-08-22 11:32:33,941 | INFO | Normal lengths: min=1.000000, mean=1.000000, max=1.000000
2025-08-22 11:32:33,941 | INFO | Final FPS time: 1.2 ms
2025-08-22 11:32:33,950 | INFO | Saved bundle (npz): D:\Cursor Repos\From p2p\data\pointcloud\feet\054_foot_R.npz | points=(4096, 3) normals=(4096, 3)
2025-08-22 11:32:33,950 | INFO | Completed successfully.
