2025-08-19 12:55:07,059 | INFO | Input STL: D:\Cursor Repos\From p2p\data\raw\feet\057_foot_L.stl
2025-08-19 12:55:07,059 | INFO | Output log: D:\Cursor Repos\From p2p\Log\preprocess\feet\057_foot_L.log
2025-08-19 12:55:07,059 | INFO | Parameters: num_points=4096, candidate_multiplier=4, z_low_percent=None, z_high_percent=None, seed=None
2025-08-19 12:55:07,060 | INFO | File: size_bytes=1152834, mtime=2025-08-14 10:59:13
2025-08-19 12:55:07,060 | INFO | Env: python=3.11.13, numpy=2.1.2, trimesh=4.7.4, platform=Windows-10-10.0.26100-SP0
2025-08-19 12:55:07,099 | INFO | Mesh: vertices=11845, faces=23055
2025-08-19 12:55:07,113 | WARNING | Mesh is not watertight; surface sampling may include boundary artifacts
2025-08-19 12:55:07,116 | INFO | Mesh surface area: 17818.067536
2025-08-19 12:55:07,125 | INFO | Mesh volume: 99743.594667
2025-08-19 12:55:07,128 | INFO | Mesh AABB min=[-46.46256637573242, 0.0, -19.132732391357422] max=[45.57562255859375, 227.42965698242188, 0.0]
2025-08-19 12:55:07,128 | INFO | Boundary edges: 0
2025-08-19 12:55:07,129 | INFO | Load mesh time: 68.7 ms
2025-08-19 12:55:07,129 | INFO | Surface sampling: candidates=16384 (target=4096, multiplier=4)
2025-08-19 12:55:07,141 | INFO | Running Farthest Point Sampling (FPS) to enforce even spacing
2025-08-19 12:55:07,234 | INFO | FPS progress: 409/4096
2025-08-19 12:55:07,318 | INFO | FPS progress: 818/4096
2025-08-19 12:55:07,398 | INFO | FPS progress: 1227/4096
2025-08-19 12:55:07,485 | INFO | FPS progress: 1636/4096
2025-08-19 12:55:07,570 | INFO | FPS progress: 2045/4096
2025-08-19 12:55:07,656 | INFO | FPS progress: 2454/4096
2025-08-19 12:55:07,740 | INFO | FPS progress: 2863/4096
2025-08-19 12:55:07,828 | INFO | FPS progress: 3272/4096
2025-08-19 12:55:07,912 | INFO | FPS progress: 3681/4096
2025-08-19 12:55:08,000 | INFO | FPS progress: 4090/4096
2025-08-19 12:55:08,002 | INFO | Round 1: accumulated=4096, kept=4096 (100.00%), time=873.4 ms
2025-08-19 12:55:08,002 | INFO | Requested samples 4096 >= candidates 4096; returning all indices.
2025-08-19 12:55:08,002 | INFO | Sampled points: (4096, 3), normals: (4096, 3)
2025-08-19 12:55:08,002 | INFO | Sampling time: 873.9 ms
2025-08-19 12:55:08,002 | INFO | Centering only: centroid=[-3.62003214252894, 112.13064124368508, -2.3157227694091485] | scale fixed to 1.000000 (no scaling)
2025-08-19 12:55:08,002 | INFO | Axis x stats (centered): min=-42.530256, mean=0.000000, std=23.629415, max=48.758704
2025-08-19 12:55:08,004 | INFO | Axis y stats (centered): min=-111.932958, mean=0.000000, std=60.708031, max=115.007829
2025-08-19 12:55:08,004 | INFO | Axis z stats (centered): min=-16.735878, mean=0.000000, std=3.646817, max=2.304538
2025-08-19 12:55:08,004 | INFO | Centering time: 0.9 ms
2025-08-19 12:55:08,004 | INFO | PCA alignment: explained variance ratio=0.8712, 0.1265, 0.0023
2025-08-19 12:55:08,004 | INFO | Rotation matrix (columns are principal axes):
[[-0.083653  0.994154  0.068271]
 [ 0.996375  0.082384  0.0212  ]
 [ 0.015452  0.069797 -0.997442]]
2025-08-19 12:55:08,005 | INFO | Rotation matrix det=1.000000
2025-08-19 12:55:08,005 | INFO | Orientation enforcement: mean_nz=-0.888105 -> sz=-1, width_low=56.373787, width_high=65.370655 -> sx=1, sy=-1
2025-08-19 12:55:08,005 | INFO | Orientation signs diag(S)=[1.0, -1.0, -1.0]
2025-08-19 12:55:08,005 | INFO | PCA time: 1.4 ms
2025-08-19 12:55:08,005 | INFO | Requested samples 4096 >= candidates 4096; returning all indices.
2025-08-19 12:55:08,005 | INFO | Final points: (4096, 3), normals: (4096, 3)
2025-08-19 12:55:08,006 | INFO | Aligned normalized AABB min=[-112.35699882458817, -51.502559350813094, -13.98412408148154] max=[116.76197979573665, 40.42028455379278, 4.565978465059639]
2025-08-19 12:55:08,006 | INFO | Final radii percentiles: p5=16.751898, p50=56.859073, p95=106.128031; centroid_norm=0.000000
2025-08-19 12:55:08,006 | INFO | Axis x stats (final): min=-112.356999, mean=0.000000, std=60.898624, max=116.761980
2025-08-19 12:55:08,006 | INFO | Axis y stats (final): min=-51.502559, mean=-0.000000, std=23.208424, max=40.420285
2025-08-19 12:55:08,006 | INFO | Axis z stats (final): min=-13.984124, mean=-0.000000, std=3.136898, max=4.565978
2025-08-19 12:55:08,006 | INFO | Normal lengths: min=1.000000, mean=1.000000, max=1.000000
2025-08-19 12:55:08,006 | INFO | Final FPS time: 1.3 ms
2025-08-19 12:55:08,016 | INFO | Saved bundle (npz): D:\Cursor Repos\From p2p\data\pointcloud\feet\057_foot_L.npz | points=(4096, 3) normals=(4096, 3)
2025-08-19 12:55:08,016 | INFO | Completed successfully.
