2025-08-19 12:55:08,967 | INFO | Input STL: D:\Cursor Repos\From p2p\data\raw\feet\058_foot_L.stl
2025-08-19 12:55:08,967 | INFO | Output log: D:\Cursor Repos\From p2p\Log\preprocess\feet\058_foot_L.log
2025-08-19 12:55:08,967 | INFO | Parameters: num_points=4096, candidate_multiplier=4, z_low_percent=None, z_high_percent=None, seed=None
2025-08-19 12:55:08,967 | INFO | File: size_bytes=1164534, mtime=2025-08-14 09:38:35
2025-08-19 12:55:08,967 | INFO | Env: python=3.11.13, numpy=2.1.2, trimesh=4.7.4, platform=Windows-10-10.0.26100-SP0
2025-08-19 12:55:09,015 | INFO | Mesh: vertices=11982, faces=23289
2025-08-19 12:55:09,027 | WARNING | Mesh is not watertight; surface sampling may include boundary artifacts
2025-08-19 12:55:09,030 | INFO | Mesh surface area: 20431.389935
2025-08-19 12:55:09,037 | INFO | Mesh volume: 111076.138927
2025-08-19 12:55:09,040 | INFO | Mesh AABB min=[-45.440467834472656, 0.0, -19.606536865234375] max=[46.5778923034668, 242.96116638183594, 0.0]
2025-08-19 12:55:09,040 | INFO | Boundary edges: 0
2025-08-19 12:55:09,040 | INFO | Load mesh time: 72.1 ms
2025-08-19 12:55:09,040 | INFO | Surface sampling: candidates=16384 (target=4096, multiplier=4)
2025-08-19 12:55:09,051 | INFO | Running Farthest Point Sampling (FPS) to enforce even spacing
2025-08-19 12:55:09,135 | INFO | FPS progress: 409/4096
2025-08-19 12:55:09,217 | INFO | FPS progress: 818/4096
2025-08-19 12:55:09,295 | INFO | FPS progress: 1227/4096
2025-08-19 12:55:09,375 | INFO | FPS progress: 1636/4096
2025-08-19 12:55:09,455 | INFO | FPS progress: 2045/4096
2025-08-19 12:55:09,536 | INFO | FPS progress: 2454/4096
2025-08-19 12:55:09,623 | INFO | FPS progress: 2863/4096
2025-08-19 12:55:09,701 | INFO | FPS progress: 3272/4096
2025-08-19 12:55:09,788 | INFO | FPS progress: 3681/4096
2025-08-19 12:55:09,871 | INFO | FPS progress: 4090/4096
2025-08-19 12:55:09,872 | INFO | Round 1: accumulated=4096, kept=4096 (100.00%), time=833.0 ms
2025-08-19 12:55:09,872 | INFO | Requested samples 4096 >= candidates 4096; returning all indices.
2025-08-19 12:55:09,873 | INFO | Sampled points: (4096, 3), normals: (4096, 3)
2025-08-19 12:55:09,873 | INFO | Sampling time: 833.4 ms
2025-08-19 12:55:09,873 | INFO | Centering only: centroid=[-3.441337242471831, 123.94205429786638, -2.518779797571486] | scale fixed to 1.000000 (no scaling)
2025-08-19 12:55:09,873 | INFO | Axis x stats (centered): min=-41.940276, mean=-0.000000, std=24.096830, max=49.749891
2025-08-19 12:55:09,873 | INFO | Axis y stats (centered): min=-123.930071, mean=-0.000000, std=66.124037, max=118.314751
2025-08-19 12:55:09,873 | INFO | Axis z stats (centered): min=-17.037035, mean=0.000000, std=3.486976, max=2.459972
2025-08-19 12:55:09,873 | INFO | Centering time: 0.5 ms
2025-08-19 12:55:09,873 | INFO | PCA alignment: explained variance ratio=0.8812, 0.1170, 0.0018
2025-08-19 12:55:09,873 | INFO | Rotation matrix (columns are principal axes):
[[-0.023414  0.997667  0.064123]
 [ 0.999645  0.02255   0.014168]
 [ 0.012689  0.064432 -0.997841]]
2025-08-19 12:55:09,873 | INFO | Rotation matrix det=1.000000
2025-08-19 12:55:09,875 | INFO | Orientation enforcement: mean_nz=-0.887481 -> sz=-1, width_low=58.773911, width_high=79.340852 -> sx=1, sy=-1
2025-08-19 12:55:09,875 | INFO | Orientation signs diag(S)=[1.0, -1.0, -1.0]
2025-08-19 12:55:09,875 | INFO | PCA time: 1.3 ms
2025-08-19 12:55:09,875 | INFO | Requested samples 4096 >= candidates 4096; returning all indices.
2025-08-19 12:55:09,875 | INFO | Final points: (4096, 3), normals: (4096, 3)
2025-08-19 12:55:09,876 | INFO | Aligned normalized AABB min=[-124.19971451492314, -50.48479716492047, -15.511161863898344] max=[118.68696287463493, 43.52465049909652, 3.6502976412515675]
2025-08-19 12:55:09,876 | INFO | Final radii percentiles: p5=18.152210, p50=61.631726, p95=114.465378; centroid_norm=0.000000
2025-08-19 12:55:09,876 | INFO | Axis x stats (final): min=-124.199715, mean=-0.000000, std=66.145250, max=118.686963
2025-08-19 12:55:09,876 | INFO | Axis y stats (final): min=-50.484797, mean=0.000000, std=24.102456, max=43.524650
2025-08-19 12:55:09,876 | INFO | Axis z stats (final): min=-15.511162, mean=0.000000, std=3.013635, max=3.650298
2025-08-19 12:55:09,876 | INFO | Normal lengths: min=1.000000, mean=1.000000, max=1.000000
2025-08-19 12:55:09,876 | INFO | Final FPS time: 1.3 ms
2025-08-19 12:55:09,886 | INFO | Saved bundle (npz): D:\Cursor Repos\From p2p\data\pointcloud\feet\058_foot_L.npz | points=(4096, 3) normals=(4096, 3)
2025-08-19 12:55:09,886 | INFO | Completed successfully.
