2025-08-19 12:55:13,681 | INFO | Input STL: D:\Cursor Repos\From p2p\data\raw\feet\060_foot_R.stl
2025-08-19 12:55:13,681 | INFO | Output log: D:\Cursor Repos\From p2p\Log\preprocess\feet\060_foot_R.log
2025-08-19 12:55:13,681 | INFO | Parameters: num_points=4096, candidate_multiplier=4, z_low_percent=None, z_high_percent=None, seed=None
2025-08-19 12:55:13,681 | INFO | File: size_bytes=1216434, mtime=2025-08-14 10:06:32
2025-08-19 12:55:13,681 | INFO | Env: python=3.11.13, numpy=2.1.2, trimesh=4.7.4, platform=Windows-10-10.0.26100-SP0
2025-08-19 12:55:13,724 | INFO | Mesh: vertices=12545, faces=24327
2025-08-19 12:55:13,737 | WARNING | Mesh is not watertight; surface sampling may include boundary artifacts
2025-08-19 12:55:13,740 | INFO | Mesh surface area: 19591.251338
2025-08-19 12:55:13,751 | INFO | Mesh volume: 108699.560145
2025-08-19 12:55:13,752 | INFO | Mesh AABB min=[-46.985801696777344, 0.0, -21.563602447509766] max=[48.53228759765625, 238.94699096679688, 0.0]
2025-08-19 12:55:13,752 | INFO | Boundary edges: 0
2025-08-19 12:55:13,752 | INFO | Load mesh time: 71.4 ms
2025-08-19 12:55:13,752 | INFO | Surface sampling: candidates=16384 (target=4096, multiplier=4)
2025-08-19 12:55:13,764 | INFO | Running Farthest Point Sampling (FPS) to enforce even spacing
2025-08-19 12:55:13,846 | INFO | FPS progress: 409/4096
2025-08-19 12:55:13,928 | INFO | FPS progress: 818/4096
2025-08-19 12:55:14,006 | INFO | FPS progress: 1227/4096
2025-08-19 12:55:14,084 | INFO | FPS progress: 1636/4096
2025-08-19 12:55:14,165 | INFO | FPS progress: 2045/4096
2025-08-19 12:55:14,246 | INFO | FPS progress: 2454/4096
2025-08-19 12:55:14,326 | INFO | FPS progress: 2863/4096
2025-08-19 12:55:14,404 | INFO | FPS progress: 3272/4096
2025-08-19 12:55:14,495 | INFO | FPS progress: 3681/4096
2025-08-19 12:55:14,576 | INFO | FPS progress: 4090/4096
2025-08-19 12:55:14,578 | INFO | Round 1: accumulated=4096, kept=4096 (100.00%), time=824.7 ms
2025-08-19 12:55:14,578 | INFO | Requested samples 4096 >= candidates 4096; returning all indices.
2025-08-19 12:55:14,578 | INFO | Sampled points: (4096, 3), normals: (4096, 3)
2025-08-19 12:55:14,578 | INFO | Sampling time: 825.1 ms
2025-08-19 12:55:14,578 | INFO | Centering only: centroid=[1.7282688707619256, 121.07742985025635, -2.300559500323992] | scale fixed to 1.000000 (no scaling)
2025-08-19 12:55:14,578 | INFO | Axis x stats (centered): min=-48.626933, mean=0.000000, std=24.024631, max=46.394316
2025-08-19 12:55:14,578 | INFO | Axis y stats (centered): min=-120.989169, mean=-0.000000, std=64.328142, max=117.246455
2025-08-19 12:55:14,578 | INFO | Axis z stats (centered): min=-18.665825, mean=0.000000, std=3.432321, max=2.288575
2025-08-19 12:55:14,578 | INFO | Centering time: 0.5 ms
2025-08-19 12:55:14,579 | INFO | PCA alignment: explained variance ratio=0.8778, 0.1200, 0.0022
2025-08-19 12:55:14,579 | INFO | Rotation matrix (columns are principal axes):
[[-0.055112 -0.997642 -0.040897]
 [-0.998445  0.054721  0.01061 ]
 [-0.008347  0.041418 -0.999107]]
2025-08-19 12:55:14,579 | INFO | Rotation matrix det=1.000000
2025-08-19 12:55:14,579 | INFO | Orientation enforcement: mean_nz=-0.878005 -> sz=-1, width_low=73.815326, width_high=62.621393 -> sx=-1, sy=1
2025-08-19 12:55:14,579 | INFO | Orientation signs diag(S)=[-1.0, 1.0, -1.0]
2025-08-19 12:55:14,580 | INFO | PCA time: 1.1 ms
2025-08-19 12:55:14,580 | INFO | Requested samples 4096 >= candidates 4096; returning all indices.
2025-08-19 12:55:14,580 | INFO | Final points: (4096, 3), normals: (4096, 3)
2025-08-19 12:55:14,580 | INFO | Aligned normalized AABB min=[-120.84806882788764, -44.36425423004548, -17.0319877845161] max=[118.51916187492404, 50.091434802029205, 4.075713554105121]
2025-08-19 12:55:14,580 | INFO | Final radii percentiles: p5=16.992635, p50=60.039958, p95=112.174734; centroid_norm=0.000000
2025-08-19 12:55:14,580 | INFO | Axis x stats (final): min=-120.848069, mean=-0.000000, std=64.415074, max=118.519162
2025-08-19 12:55:14,580 | INFO | Axis y stats (final): min=-44.364254, mean=-0.000000, std=23.816681, max=50.091435
2025-08-19 12:55:14,581 | INFO | Axis z stats (final): min=-17.031988, mean=0.000000, std=3.246147, max=4.075714
2025-08-19 12:55:14,581 | INFO | Normal lengths: min=1.000000, mean=1.000000, max=1.000000
2025-08-19 12:55:14,581 | INFO | Final FPS time: 1.3 ms
2025-08-19 12:55:14,591 | INFO | Saved bundle (npz): D:\Cursor Repos\From p2p\data\pointcloud\feet\060_foot_R.npz | points=(4096, 3) normals=(4096, 3)
2025-08-19 12:55:14,591 | INFO | Completed successfully.
