2025-08-19 12:55:12,719 | INFO | Input STL: D:\Cursor Repos\From p2p\data\raw\feet\060_foot_L.stl
2025-08-19 12:55:12,719 | INFO | Output log: D:\Cursor Repos\From p2p\Log\preprocess\feet\060_foot_L.log
2025-08-19 12:55:12,719 | INFO | Parameters: num_points=4096, candidate_multiplier=4, z_low_percent=None, z_high_percent=None, seed=None
2025-08-19 12:55:12,719 | INFO | File: size_bytes=1191884, mtime=2025-08-14 10:06:30
2025-08-19 12:55:12,719 | INFO | Env: python=3.11.13, numpy=2.1.2, trimesh=4.7.4, platform=Windows-10-10.0.26100-SP0
2025-08-19 12:55:12,766 | INFO | Mesh: vertices=12311, faces=23836
2025-08-19 12:55:12,779 | WARNING | Mesh is not watertight; surface sampling may include boundary artifacts
2025-08-19 12:55:12,783 | INFO | Mesh surface area: 19777.361366
2025-08-19 12:55:12,793 | INFO | Mesh volume: 116110.454814
2025-08-19 12:55:12,796 | INFO | Mesh AABB min=[-45.652565002441406, 0.0, -22.21459197998047] max=[46.2546501159668, 240.47789001464844, 0.0]
2025-08-19 12:55:12,796 | INFO | Boundary edges: 0
2025-08-19 12:55:12,796 | INFO | Load mesh time: 76.3 ms
2025-08-19 12:55:12,796 | INFO | Surface sampling: candidates=16384 (target=4096, multiplier=4)
2025-08-19 12:55:12,809 | INFO | Running Farthest Point Sampling (FPS) to enforce even spacing
2025-08-19 12:55:12,906 | INFO | FPS progress: 409/4096
2025-08-19 12:55:12,993 | INFO | FPS progress: 818/4096
2025-08-19 12:55:13,076 | INFO | FPS progress: 1227/4096
2025-08-19 12:55:13,157 | INFO | FPS progress: 1636/4096
2025-08-19 12:55:13,237 | INFO | FPS progress: 2045/4096
2025-08-19 12:55:13,327 | INFO | FPS progress: 2454/4096
2025-08-19 12:55:13,413 | INFO | FPS progress: 2863/4096
2025-08-19 12:55:13,501 | INFO | FPS progress: 3272/4096
2025-08-19 12:55:13,597 | INFO | FPS progress: 3681/4096
2025-08-19 12:55:13,667 | INFO | FPS progress: 4090/4096
2025-08-19 12:55:13,668 | INFO | Round 1: accumulated=4096, kept=4096 (100.00%), time=871.5 ms
2025-08-19 12:55:13,668 | INFO | Requested samples 4096 >= candidates 4096; returning all indices.
2025-08-19 12:55:13,668 | INFO | Sampled points: (4096, 3), normals: (4096, 3)
2025-08-19 12:55:13,668 | INFO | Sampling time: 871.9 ms
2025-08-19 12:55:13,668 | INFO | Centering only: centroid=[-1.4413530363331117, 120.08210579852458, -2.9465971717250232] | scale fixed to 1.000000 (no scaling)
2025-08-19 12:55:13,669 | INFO | Axis x stats (centered): min=-43.829882, mean=-0.000000, std=23.698488, max=47.361704
2025-08-19 12:55:13,669 | INFO | Axis y stats (centered): min=-120.024518, mean=0.000000, std=65.629874, max=120.083028
2025-08-19 12:55:13,669 | INFO | Axis z stats (centered): min=-19.049892, mean=-0.000000, std=4.000491, max=2.931982
2025-08-19 12:55:13,669 | INFO | Centering time: 0.5 ms
2025-08-19 12:55:13,669 | INFO | PCA alignment: explained variance ratio=0.8839, 0.1136, 0.0025
2025-08-19 12:55:13,669 | INFO | Rotation matrix (columns are principal axes):
[[-0.051093  0.995607  0.078466]
 [ 0.998633  0.050067  0.014994]
 [ 0.010999  0.079125 -0.996804]]
2025-08-19 12:55:13,669 | INFO | Rotation matrix det=1.000000
2025-08-19 12:55:13,670 | INFO | Orientation enforcement: mean_nz=-0.877612 -> sz=-1, width_low=62.643900, width_high=71.539489 -> sx=1, sy=-1
2025-08-19 12:55:13,670 | INFO | Orientation signs diag(S)=[1.0, -1.0, -1.0]
2025-08-19 12:55:13,670 | INFO | PCA time: 1.1 ms
2025-08-19 12:55:13,670 | INFO | Requested samples 4096 >= candidates 4096; returning all indices.
2025-08-19 12:55:13,670 | INFO | Final points: (4096, 3), normals: (4096, 3)
2025-08-19 12:55:13,671 | INFO | Aligned normalized AABB min=[-120.28450045137546, -48.145662581064556, -15.902287421460253] max=[120.9298827042183, 42.08490014359234, 5.2611664525609365]
2025-08-19 12:55:13,671 | INFO | Final radii percentiles: p5=18.088861, p50=61.393167, p95=112.145387; centroid_norm=0.000000
2025-08-19 12:55:13,671 | INFO | Axis x stats (final): min=-120.284500, mean=0.000000, std=65.709054, max=120.929883
2025-08-19 12:55:13,671 | INFO | Axis y stats (final): min=-48.145663, mean=-0.000000, std=23.561404, max=42.084900
2025-08-19 12:55:13,671 | INFO | Axis z stats (final): min=-15.902287, mean=-0.000000, std=3.476070, max=5.261166
2025-08-19 12:55:13,671 | INFO | Normal lengths: min=1.000000, mean=1.000000, max=1.000000
2025-08-19 12:55:13,671 | INFO | Final FPS time: 1.3 ms
2025-08-19 12:55:13,680 | INFO | Saved bundle (npz): D:\Cursor Repos\From p2p\data\pointcloud\feet\060_foot_L.npz | points=(4096, 3) normals=(4096, 3)
2025-08-19 12:55:13,680 | INFO | Completed successfully.
