2025-08-19 12:55:17,421 | INFO | Input STL: D:\Cursor Repos\From p2p\data\raw\feet\062_foot_R.stl
2025-08-19 12:55:17,421 | INFO | Output log: D:\Cursor Repos\From p2p\Log\preprocess\feet\062_foot_R.log
2025-08-19 12:55:17,421 | INFO | Parameters: num_points=4096, candidate_multiplier=4, z_low_percent=None, z_high_percent=None, seed=None
2025-08-19 12:55:17,421 | INFO | File: size_bytes=1352434, mtime=2025-08-13 14:54:09
2025-08-19 12:55:17,421 | INFO | Env: python=3.11.13, numpy=2.1.2, trimesh=4.7.4, platform=Windows-10-10.0.26100-SP0
2025-08-19 12:55:17,473 | INFO | Mesh: vertices=13946, faces=27047
2025-08-19 12:55:17,489 | WARNING | Mesh is not watertight; surface sampling may include boundary artifacts
2025-08-19 12:55:17,494 | INFO | Mesh surface area: 20042.679898
2025-08-19 12:55:17,507 | INFO | Mesh volume: 132970.764885
2025-08-19 12:55:17,509 | INFO | Mesh AABB min=[-48.26492691040039, 0.0, -45.89629364013672] max=[47.537811279296875, 229.39923095703125, 0.0]
2025-08-19 12:55:17,509 | INFO | Boundary edges: 0
2025-08-19 12:55:17,509 | INFO | Load mesh time: 87.6 ms
2025-08-19 12:55:17,509 | INFO | Surface sampling: candidates=16384 (target=4096, multiplier=4)
2025-08-19 12:55:17,521 | INFO | Running Farthest Point Sampling (FPS) to enforce even spacing
2025-08-19 12:55:17,614 | INFO | FPS progress: 409/4096
2025-08-19 12:55:17,693 | INFO | FPS progress: 818/4096
2025-08-19 12:55:17,775 | INFO | FPS progress: 1227/4096
2025-08-19 12:55:17,852 | INFO | FPS progress: 1636/4096
2025-08-19 12:55:17,929 | INFO | FPS progress: 2045/4096
2025-08-19 12:55:18,012 | INFO | FPS progress: 2454/4096
2025-08-19 12:55:18,092 | INFO | FPS progress: 2863/4096
2025-08-19 12:55:18,170 | INFO | FPS progress: 3272/4096
2025-08-19 12:55:18,248 | INFO | FPS progress: 3681/4096
2025-08-19 12:55:18,329 | INFO | FPS progress: 4090/4096
2025-08-19 12:55:18,331 | INFO | Round 1: accumulated=4096, kept=4096 (100.00%), time=821.9 ms
2025-08-19 12:55:18,331 | INFO | Requested samples 4096 >= candidates 4096; returning all indices.
2025-08-19 12:55:18,331 | INFO | Sampled points: (4096, 3), normals: (4096, 3)
2025-08-19 12:55:18,331 | INFO | Sampling time: 822.3 ms
2025-08-19 12:55:18,331 | INFO | Centering only: centroid=[4.602678733316158, 118.35799178520996, -4.133280682357485] | scale fixed to 1.000000 (no scaling)
2025-08-19 12:55:18,331 | INFO | Axis x stats (centered): min=-52.409005, mean=-0.000000, std=24.081212, max=42.662637
2025-08-19 12:55:18,333 | INFO | Axis y stats (centered): min=-118.316967, mean=-0.000000, std=63.375593, max=110.944195
2025-08-19 12:55:18,333 | INFO | Axis z stats (centered): min=-41.377509, mean=0.000000, std=6.515196, max=4.121170
2025-08-19 12:55:18,333 | INFO | Centering time: 1.3 ms
2025-08-19 12:55:18,334 | INFO | PCA alignment: explained variance ratio=0.8667, 0.1259, 0.0074
2025-08-19 12:55:18,334 | INFO | Rotation matrix (columns are principal axes):
[[ 0.009394  0.995819  0.090867]
 [-0.999484  0.012143 -0.02975 ]
 [-0.030729 -0.09054   0.995419]]
2025-08-19 12:55:18,334 | INFO | Rotation matrix det=1.000000
2025-08-19 12:55:18,334 | INFO | Orientation enforcement: mean_nz=0.837390 -> sz=1, width_low=76.872275, width_high=54.397267 -> sx=-1, sy=-1
2025-08-19 12:55:18,335 | INFO | Orientation signs diag(S)=[-1.0, -1.0, 1.0]
2025-08-19 12:55:18,335 | INFO | PCA time: 1.3 ms
2025-08-19 12:55:18,335 | INFO | Requested samples 4096 >= candidates 4096; returning all indices.
2025-08-19 12:55:18,335 | INFO | Final points: (4096, 3), normals: (4096, 3)
2025-08-19 12:55:18,336 | INFO | Aligned normalized AABB min=[-118.78680186595496, -44.38421391173627, -35.747660025547574] max=[110.52772816287029, 51.41997588436688, 7.7971969893902]
2025-08-19 12:55:18,336 | INFO | Final radii percentiles: p5=17.611319, p50=61.327781, p95=109.119224; centroid_norm=0.000000
2025-08-19 12:55:18,336 | INFO | Axis x stats (final): min=-118.786802, mean=-0.000000, std=63.407418, max=110.527728
2025-08-19 12:55:18,336 | INFO | Axis y stats (final): min=-44.384214, mean=0.000000, std=24.169040, max=51.419976
2025-08-19 12:55:18,336 | INFO | Axis z stats (final): min=-35.747660, mean=0.000000, std=5.845959, max=7.797197
2025-08-19 12:55:18,336 | INFO | Normal lengths: min=1.000000, mean=1.000000, max=1.000000
2025-08-19 12:55:18,336 | INFO | Final FPS time: 1.5 ms
2025-08-19 12:55:18,345 | INFO | Saved bundle (npz): D:\Cursor Repos\From p2p\data\pointcloud\feet\062_foot_R.npz | points=(4096, 3) normals=(4096, 3)
2025-08-19 12:55:18,345 | INFO | Completed successfully.
