2025-08-22 11:32:50,173 | INFO | Input STL: D:\Cursor Repos\From p2p\data\raw\feet\063_foot_R.stl
2025-08-22 11:32:50,173 | INFO | Output log: D:\Cursor Repos\From p2p\Log\preprocess\feet\063_foot_R.log
2025-08-22 11:32:50,173 | INFO | Parameters: num_points=4096, candidate_multiplier=4, z_low_percent=None, z_high_percent=None, seed=None
2025-08-22 11:32:50,173 | INFO | File: size_bytes=1267634, mtime=2025-08-13 13:42:40
2025-08-22 11:32:50,173 | INFO | Env: python=3.11.13, numpy=2.3.2, trimesh=4.7.4, platform=Windows-10-10.0.26100-SP0
2025-08-22 11:32:50,220 | INFO | Mesh: vertices=13152, faces=25351
2025-08-22 11:32:50,233 | WARNING | Mesh is not watertight; surface sampling may include boundary artifacts
2025-08-22 11:32:50,236 | INFO | Mesh surface area: 16769.024454
2025-08-22 11:32:50,244 | INFO | Mesh volume: 82934.208419
2025-08-22 11:32:50,247 | INFO | Mesh AABB min=[-42.680301666259766, 0.0, -17.67699432373047] max=[42.78968048095703, 216.2570037841797, 0.0]
2025-08-22 11:32:50,247 | INFO | Boundary edges: 0
2025-08-22 11:32:50,247 | INFO | Load mesh time: 74.3 ms
2025-08-22 11:32:50,310 | INFO | Connected-component cleanup: kept=1, removed=1, kept_area=16368.068109, removed_area=401.148325, removed/kept=0.024508
2025-08-22 11:32:50,311 | INFO | Feet cleanup: kept_area=16368.068109, removed_area=401.148325, components_removed=1
2025-08-22 11:32:50,311 | INFO | Surface sampling: candidates=16384 (target=4096, multiplier=4)
2025-08-22 11:32:50,320 | INFO | Running Farthest Point Sampling (FPS) to enforce even spacing
2025-08-22 11:32:50,395 | INFO | FPS progress: 409/4096
2025-08-22 11:32:50,477 | INFO | FPS progress: 818/4096
2025-08-22 11:32:50,555 | INFO | FPS progress: 1227/4096
2025-08-22 11:32:50,633 | INFO | FPS progress: 1636/4096
2025-08-22 11:32:50,714 | INFO | FPS progress: 2045/4096
2025-08-22 11:32:50,793 | INFO | FPS progress: 2454/4096
2025-08-22 11:32:50,876 | INFO | FPS progress: 2863/4096
2025-08-22 11:32:50,951 | INFO | FPS progress: 3272/4096
2025-08-22 11:32:51,035 | INFO | FPS progress: 3681/4096
2025-08-22 11:32:51,109 | INFO | FPS progress: 4090/4096
2025-08-22 11:32:51,110 | INFO | Round 1: accumulated=4096, kept=4096 (100.00%), time=799.3 ms
2025-08-22 11:32:51,110 | INFO | Requested samples 4096 >= candidates 4096; returning all indices.
2025-08-22 11:32:51,110 | INFO | Sampled points: (4096, 3), normals: (4096, 3)
2025-08-22 11:32:51,110 | INFO | Sampling time: 799.6 ms
2025-08-22 11:32:51,110 | INFO | Centering only: centroid=[0.15901621957717446, 112.71538219910875, -2.8845412611423686] | scale fixed to 1.000000 (no scaling)
2025-08-22 11:32:51,111 | INFO | Axis x stats (centered): min=-42.483008, mean=-0.000000, std=21.408895, max=42.268271
2025-08-22 11:32:51,111 | INFO | Axis y stats (centered): min=-112.465074, mean=0.000000, std=59.401551, max=103.276536
2025-08-22 11:32:51,111 | INFO | Axis z stats (centered): min=-14.750062, mean=0.000000, std=3.175957, max=2.793886
2025-08-22 11:32:51,111 | INFO | Centering time: 0.9 ms
2025-08-22 11:32:51,112 | INFO | PCA alignment: explained variance ratio=0.8843, 0.1134, 0.0023
2025-08-22 11:32:51,112 | INFO | Rotation matrix (columns are principal axes):
[[-0.041523 -0.998795 -0.026158]
 [-0.999069  0.041199  0.012801]
 [-0.011708  0.026665 -0.999576]]
2025-08-22 11:32:51,112 | INFO | Rotation matrix det=1.000000
2025-08-22 11:32:51,113 | INFO | Orientation enforcement (concave-to-pos-z (corr_pos=0.2144, corr_neg=-0.2144)): sz=1, width_low=69.767210, width_high=51.787786 -> sx=-1, sy=-1
2025-08-22 11:32:51,113 | INFO | Orientation signs diag(S)=[-1.0, -1.0, 1.0]
2025-08-22 11:32:51,113 | INFO | PCA time: 2.3 ms
2025-08-22 11:32:51,113 | INFO | Requested samples 4096 >= candidates 4096; returning all indices.
2025-08-22 11:32:51,114 | INFO | Final points: (4096, 3), normals: (4096, 3)
2025-08-22 11:32:51,114 | INFO | Aligned normalized AABB min=[-112.77291312640247, -44.571530446365855, -3.857064524665014] max=[104.43716481943682, 38.75388357318191, 13.42266523565985]
2025-08-22 11:32:51,114 | INFO | Final radii percentiles: p5=16.077232, p50=55.733472, p95=102.872536; centroid_norm=0.000000
2025-08-22 11:32:51,114 | INFO | Axis x stats (final): min=-112.772913, mean=0.000000, std=59.450413, max=104.437165
2025-08-22 11:32:51,114 | INFO | Axis y stats (final): min=-44.571530, mean=-0.000000, std=21.291604, max=38.753884
2025-08-22 11:32:51,115 | INFO | Axis z stats (final): min=-3.857065, mean=-0.000000, std=3.047586, max=13.422665
2025-08-22 11:32:51,115 | INFO | Normal lengths: min=1.000000, mean=1.000000, max=1.000000
2025-08-22 11:32:51,115 | INFO | Final FPS time: 1.2 ms
2025-08-22 11:32:51,124 | INFO | Saved bundle (npz): D:\Cursor Repos\From p2p\data\pointcloud\feet\063_foot_R.npz | points=(4096, 3) normals=(4096, 3)
2025-08-22 11:32:51,124 | INFO | Completed successfully.
