2025-08-22 11:32:49,206 | INFO | Input STL: D:\Cursor Repos\From p2p\data\raw\feet\063_foot_L.stl
2025-08-22 11:32:49,206 | INFO | Output log: D:\Cursor Repos\From p2p\Log\preprocess\feet\063_foot_L.log
2025-08-22 11:32:49,206 | INFO | Parameters: num_points=4096, candidate_multiplier=4, z_low_percent=None, z_high_percent=None, seed=None
2025-08-22 11:32:49,206 | INFO | File: size_bytes=1282684, mtime=2025-08-13 13:42:39
2025-08-22 11:32:49,206 | INFO | Env: python=3.11.13, numpy=2.3.2, trimesh=4.7.4, platform=Windows-10-10.0.26100-SP0
2025-08-22 11:32:49,248 | INFO | Mesh: vertices=13276, faces=25652
2025-08-22 11:32:49,260 | WARNING | Mesh is not watertight; surface sampling may include boundary artifacts
2025-08-22 11:32:49,263 | INFO | Mesh surface area: 16660.740564
2025-08-22 11:32:49,273 | INFO | Mesh volume: 106409.665681
2025-08-22 11:32:49,275 | INFO | Mesh AABB min=[-40.05546569824219, 0.0, -44.47429656982422] max=[42.290618896484375, 215.85989379882812, 0.0]
2025-08-22 11:32:49,275 | INFO | Boundary edges: 0
2025-08-22 11:32:49,275 | INFO | Load mesh time: 68.0 ms
2025-08-22 11:32:49,321 | INFO | Surface sampling: candidates=16384 (target=4096, multiplier=4)
2025-08-22 11:32:49,331 | INFO | Running Farthest Point Sampling (FPS) to enforce even spacing
2025-08-22 11:32:49,416 | INFO | FPS progress: 409/4096
2025-08-22 11:32:49,500 | INFO | FPS progress: 818/4096
2025-08-22 11:32:49,584 | INFO | FPS progress: 1227/4096
2025-08-22 11:32:49,672 | INFO | FPS progress: 1636/4096
2025-08-22 11:32:49,752 | INFO | FPS progress: 2045/4096
2025-08-22 11:32:49,833 | INFO | FPS progress: 2454/4096
2025-08-22 11:32:49,914 | INFO | FPS progress: 2863/4096
2025-08-22 11:32:49,994 | INFO | FPS progress: 3272/4096
2025-08-22 11:32:50,076 | INFO | FPS progress: 3681/4096
2025-08-22 11:32:50,155 | INFO | FPS progress: 4090/4096
2025-08-22 11:32:50,156 | INFO | Round 1: accumulated=4096, kept=4096 (100.00%), time=835.5 ms
2025-08-22 11:32:50,157 | INFO | Requested samples 4096 >= candidates 4096; returning all indices.
2025-08-22 11:32:50,157 | INFO | Sampled points: (4096, 3), normals: (4096, 3)
2025-08-22 11:32:50,157 | INFO | Sampling time: 835.9 ms
2025-08-22 11:32:50,157 | INFO | Centering only: centroid=[-3.077399129939506, 110.15665174574777, -3.896785444286801] | scale fixed to 1.000000 (no scaling)
2025-08-22 11:32:50,157 | INFO | Axis x stats (centered): min=-36.665167, mean=-0.000000, std=21.410921, max=45.036205
2025-08-22 11:32:50,157 | INFO | Axis y stats (centered): min=-110.095366, mean=0.000000, std=59.122815, max=105.403664
2025-08-22 11:32:50,157 | INFO | Axis z stats (centered): min=-40.576185, mean=-0.000000, std=6.728291, max=3.889834
2025-08-22 11:32:50,157 | INFO | Centering time: 0.4 ms
2025-08-22 11:32:50,158 | INFO | PCA alignment: explained variance ratio=0.8748, 0.1169, 0.0083
2025-08-22 11:32:50,158 | INFO | Rotation matrix (columns are principal axes):
[[-0.010401  0.98925   0.145865]
 [ 0.999553  0.006198  0.029241]
 [ 0.028023  0.146104 -0.988872]]
2025-08-22 11:32:50,158 | INFO | Rotation matrix det=1.000000
2025-08-22 11:32:50,159 | INFO | Orientation enforcement (concave-to-pos-z (corr_pos=0.1237, corr_neg=-0.1237)): sz=1, width_low=50.600817, width_high=63.475756 -> sx=1, sy=1
2025-08-22 11:32:50,159 | INFO | Orientation signs diag(S)=[1.0, 1.0, 1.0]
2025-08-22 11:32:50,160 | INFO | PCA time: 2.2 ms
2025-08-22 11:32:50,160 | INFO | Requested samples 4096 >= candidates 4096; returning all indices.
2025-08-22 11:32:50,160 | INFO | Final points: (4096, 3), normals: (4096, 3)
2025-08-22 11:32:50,160 | INFO | Aligned normalized AABB min=[-110.45770393448474, -39.66000618357616, -7.514681001011622] max=[105.52951038404868, 44.41121424006748, 33.73988681281859]
2025-08-22 11:32:50,160 | INFO | Final radii percentiles: p5=16.486989, p50=57.529984, p95=101.533513; centroid_norm=0.000000
2025-08-22 11:32:50,160 | INFO | Axis x stats (final): min=-110.457704, mean=0.000000, std=59.148852, max=105.529510
2025-08-22 11:32:50,161 | INFO | Axis y stats (final): min=-39.660006, mean=-0.000000, std=21.617927, max=44.411214
2025-08-22 11:32:50,161 | INFO | Axis z stats (final): min=-7.514681, mean=0.000000, std=5.769159, max=33.739887
2025-08-22 11:32:50,161 | INFO | Normal lengths: min=1.000000, mean=1.000000, max=1.000000
2025-08-22 11:32:50,161 | INFO | Final FPS time: 1.2 ms
2025-08-22 11:32:50,171 | INFO | Saved bundle (npz): D:\Cursor Repos\From p2p\data\pointcloud\feet\063_foot_L.npz | points=(4096, 3) normals=(4096, 3)
2025-08-22 11:32:50,171 | INFO | Completed successfully.
