2025-08-22 11:32:52,073 | INFO | Input STL: D:\Cursor Repos\From p2p\data\raw\feet\064_foot_R.stl
2025-08-22 11:32:52,073 | INFO | Output log: D:\Cursor Repos\From p2p\Log\preprocess\feet\064_foot_R.log
2025-08-22 11:32:52,073 | INFO | Parameters: num_points=4096, candidate_multiplier=4, z_low_percent=None, z_high_percent=None, seed=None
2025-08-22 11:32:52,073 | INFO | File: size_bytes=1318134, mtime=2025-08-13 13:42:09
2025-08-22 11:32:52,073 | INFO | Env: python=3.11.13, numpy=2.3.2, trimesh=4.7.4, platform=Windows-10-10.0.26100-SP0
2025-08-22 11:32:52,124 | INFO | Mesh: vertices=13535, faces=26361
2025-08-22 11:32:52,138 | WARNING | Mesh is not watertight; surface sampling may include boundary artifacts
2025-08-22 11:32:52,141 | INFO | Mesh surface area: 11746.162570
2025-08-22 11:32:52,150 | INFO | Mesh volume: 54570.776159
2025-08-22 11:32:52,152 | INFO | Mesh AABB min=[-35.82081985473633, 0.0, -16.996994018554688] max=[36.110958099365234, 178.71043395996094, 0.0]
2025-08-22 11:32:52,152 | INFO | Boundary edges: 0
2025-08-22 11:32:52,152 | INFO | Load mesh time: 78.9 ms
2025-08-22 11:32:52,195 | INFO | Surface sampling: candidates=16384 (target=4096, multiplier=4)
2025-08-22 11:32:52,204 | INFO | Running Farthest Point Sampling (FPS) to enforce even spacing
2025-08-22 11:32:52,282 | INFO | FPS progress: 409/4096
2025-08-22 11:32:52,362 | INFO | FPS progress: 818/4096
2025-08-22 11:32:52,441 | INFO | FPS progress: 1227/4096
2025-08-22 11:32:52,521 | INFO | FPS progress: 1636/4096
2025-08-22 11:32:52,597 | INFO | FPS progress: 2045/4096
2025-08-22 11:32:52,677 | INFO | FPS progress: 2454/4096
2025-08-22 11:32:52,757 | INFO | FPS progress: 2863/4096
2025-08-22 11:32:52,840 | INFO | FPS progress: 3272/4096
2025-08-22 11:32:52,923 | INFO | FPS progress: 3681/4096
2025-08-22 11:32:53,003 | INFO | FPS progress: 4090/4096
2025-08-22 11:32:53,004 | INFO | Round 1: accumulated=4096, kept=4096 (100.00%), time=809.3 ms
2025-08-22 11:32:53,005 | INFO | Requested samples 4096 >= candidates 4096; returning all indices.
2025-08-22 11:32:53,005 | INFO | Sampled points: (4096, 3), normals: (4096, 3)
2025-08-22 11:32:53,005 | INFO | Sampling time: 810.0 ms
2025-08-22 11:32:53,005 | INFO | Centering only: centroid=[1.6027415162499088, 93.44105121227935, -2.2276444458212494] | scale fixed to 1.000000 (no scaling)
2025-08-22 11:32:53,005 | INFO | Axis x stats (centered): min=-37.105726, mean=-0.000000, std=18.484644, max=34.159081
2025-08-22 11:32:53,005 | INFO | Axis y stats (centered): min=-93.275520, mean=0.000000, std=49.203069, max=85.103414
2025-08-22 11:32:53,005 | INFO | Axis z stats (centered): min=-14.628048, mean=-0.000000, std=2.771796, max=2.211165
2025-08-22 11:32:53,005 | INFO | Centering time: 0.5 ms
2025-08-22 11:32:53,006 | INFO | PCA alignment: explained variance ratio=0.8747, 0.1227, 0.0026
2025-08-22 11:32:53,006 | INFO | Rotation matrix (columns are principal axes):
[[-2.888772e-02 -9.995823e-01  9.020300e-04]
 [-9.994936e-01  2.889718e-02  1.331942e-02]
 [-1.333993e-02 -5.168055e-04 -9.999109e-01]]
2025-08-22 11:32:53,006 | INFO | Rotation matrix det=1.000000
2025-08-22 11:32:53,007 | INFO | Orientation enforcement (concave-to-pos-z (corr_pos=0.4821, corr_neg=-0.4821)): sz=1, width_low=57.125681, width_high=42.133321 -> sx=-1, sy=-1
2025-08-22 11:32:53,007 | INFO | Orientation signs diag(S)=[-1.0, -1.0, 1.0]
2025-08-22 11:32:53,007 | INFO | PCA time: 1.7 ms
2025-08-22 11:32:53,007 | INFO | Requested samples 4096 >= candidates 4096; returning all indices.
2025-08-22 11:32:53,007 | INFO | Final points: (4096, 3), normals: (4096, 3)
2025-08-22 11:32:53,008 | INFO | Aligned normalized AABB min=[-93.54880374806082, -38.2179850251346, -2.757660549926619] max=[85.73712879338765, 32.17005411854232, 13.413938224002852]
2025-08-22 11:32:53,008 | INFO | Final radii percentiles: p5=13.776343, p50=46.556001, p95=85.100076; centroid_norm=0.000000
2025-08-22 11:32:53,009 | INFO | Axis x stats (final): min=-93.548804, mean=0.000000, std=49.225096, max=85.737129
2025-08-22 11:32:53,009 | INFO | Axis y stats (final): min=-38.217985, mean=-0.000000, std=18.437568, max=32.170054
2025-08-22 11:32:53,009 | INFO | Axis z stats (final): min=-2.757661, mean=0.000000, std=2.693112, max=13.413938
2025-08-22 11:32:53,009 | INFO | Normal lengths: min=1.000000, mean=1.000000, max=1.000000
2025-08-22 11:32:53,009 | INFO | Final FPS time: 2.0 ms
2025-08-22 11:32:53,019 | INFO | Saved bundle (npz): D:\Cursor Repos\From p2p\data\pointcloud\feet\064_foot_R.npz | points=(4096, 3) normals=(4096, 3)
2025-08-22 11:32:53,019 | INFO | Completed successfully.
