2025-08-22 11:32:51,126 | INFO | Input STL: D:\Cursor Repos\From p2p\data\raw\feet\064_foot_L.stl
2025-08-22 11:32:51,126 | INFO | Output log: D:\Cursor Repos\From p2p\Log\preprocess\feet\064_foot_L.log
2025-08-22 11:32:51,126 | INFO | Parameters: num_points=4096, candidate_multiplier=4, z_low_percent=None, z_high_percent=None, seed=None
2025-08-22 11:32:51,126 | INFO | File: size_bytes=1227234, mtime=2025-08-13 13:42:07
2025-08-22 11:32:51,126 | INFO | Env: python=3.11.13, numpy=2.3.2, trimesh=4.7.4, platform=Windows-10-10.0.26100-SP0
2025-08-22 11:32:51,166 | INFO | Mesh: vertices=12626, faces=24543
2025-08-22 11:32:51,178 | WARNING | Mesh is not watertight; surface sampling may include boundary artifacts
2025-08-22 11:32:51,181 | INFO | Mesh surface area: 11624.077538
2025-08-22 11:32:51,191 | INFO | Mesh volume: 54558.763612
2025-08-22 11:32:51,193 | INFO | Mesh AABB min=[-34.66566467285156, 0.0, -18.22947883605957] max=[37.790122985839844, 181.34828186035156, 0.0]
2025-08-22 11:32:51,193 | INFO | Boundary edges: 0
2025-08-22 11:32:51,193 | INFO | Load mesh time: 67.5 ms
2025-08-22 11:32:51,235 | INFO | Surface sampling: candidates=16384 (target=4096, multiplier=4)
2025-08-22 11:32:51,245 | INFO | Running Farthest Point Sampling (FPS) to enforce even spacing
2025-08-22 11:32:51,321 | INFO | FPS progress: 409/4096
2025-08-22 11:32:51,399 | INFO | FPS progress: 818/4096
2025-08-22 11:32:51,478 | INFO | FPS progress: 1227/4096
2025-08-22 11:32:51,560 | INFO | FPS progress: 1636/4096
2025-08-22 11:32:51,639 | INFO | FPS progress: 2045/4096
2025-08-22 11:32:51,719 | INFO | FPS progress: 2454/4096
2025-08-22 11:32:51,799 | INFO | FPS progress: 2863/4096
2025-08-22 11:32:51,885 | INFO | FPS progress: 3272/4096
2025-08-22 11:32:51,973 | INFO | FPS progress: 3681/4096
2025-08-22 11:32:52,056 | INFO | FPS progress: 4090/4096
2025-08-22 11:32:52,057 | INFO | Round 1: accumulated=4096, kept=4096 (100.00%), time=822.5 ms
2025-08-22 11:32:52,057 | INFO | Requested samples 4096 >= candidates 4096; returning all indices.
2025-08-22 11:32:52,058 | INFO | Sampled points: (4096, 3), normals: (4096, 3)
2025-08-22 11:32:52,058 | INFO | Sampling time: 822.8 ms
2025-08-22 11:32:52,058 | INFO | Centering only: centroid=[-1.22223635951493, 92.226045141365, -2.20020673684597] | scale fixed to 1.000000 (no scaling)
2025-08-22 11:32:52,058 | INFO | Axis x stats (centered): min=-33.306469, mean=-0.000000, std=18.292457, max=38.666896
2025-08-22 11:32:52,058 | INFO | Axis y stats (centered): min=-92.167744, mean=0.000000, std=49.528847, max=88.768899
2025-08-22 11:32:52,058 | INFO | Axis z stats (centered): min=-15.999500, mean=-0.000000, std=3.014601, max=2.189616
2025-08-22 11:32:52,059 | INFO | Centering time: 0.9 ms
2025-08-22 11:32:52,059 | INFO | PCA alignment: explained variance ratio=0.8785, 0.1187, 0.0027
2025-08-22 11:32:52,059 | INFO | Rotation matrix (columns are principal axes):
[[-0.038058  0.998551  0.038057]
 [ 0.999088  0.037285  0.020828]
 [ 0.019378  0.038815 -0.999058]]
2025-08-22 11:32:52,059 | INFO | Rotation matrix det=1.000000
2025-08-22 11:32:52,060 | INFO | Orientation enforcement (concave-to-pos-z (corr_pos=0.4842, corr_neg=-0.4842)): sz=1, width_low=40.595173, width_high=49.139939 -> sx=1, sy=1
2025-08-22 11:32:52,060 | INFO | Orientation signs diag(S)=[1.0, 1.0, 1.0]
2025-08-22 11:32:52,060 | INFO | PCA time: 1.8 ms
2025-08-22 11:32:52,060 | INFO | Requested samples 4096 >= candidates 4096; returning all indices.
2025-08-22 11:32:52,060 | INFO | Final points: (4096, 3), normals: (4096, 3)
2025-08-22 11:32:52,060 | INFO | Aligned normalized AABB min=[-92.47036564040256, -32.09774196151036, -3.1576756390925915] max=[89.19727527505718, 40.02902952238343, 14.035313273848878]
2025-08-22 11:32:52,061 | INFO | Final radii percentiles: p5=13.858893, p50=46.157485, p95=85.670681; centroid_norm=0.000000
2025-08-22 11:32:52,061 | INFO | Axis x stats (final): min=-92.470366, mean=0.000000, std=49.569380, max=89.197275
2025-08-22 11:32:52,061 | INFO | Axis y stats (final): min=-32.097742, mean=0.000000, std=18.221024, max=40.029030
2025-08-22 11:32:52,061 | INFO | Axis z stats (final): min=-3.157676, mean=0.000000, std=2.771167, max=14.035313
2025-08-22 11:32:52,061 | INFO | Normal lengths: min=1.000000, mean=1.000000, max=1.000000
2025-08-22 11:32:52,061 | INFO | Final FPS time: 1.5 ms
2025-08-22 11:32:52,072 | INFO | Saved bundle (npz): D:\Cursor Repos\From p2p\data\pointcloud\feet\064_foot_L.npz | points=(4096, 3) normals=(4096, 3)
2025-08-22 11:32:52,072 | INFO | Completed successfully.
