2025-08-22 11:32:53,019 | INFO | Input STL: D:\Cursor Repos\From p2p\data\raw\feet\065_foot_L.stl
2025-08-22 11:32:53,020 | INFO | Output log: D:\Cursor Repos\From p2p\Log\preprocess\feet\065_foot_L.log
2025-08-22 11:32:53,020 | INFO | Parameters: num_points=4096, candidate_multiplier=4, z_low_percent=None, z_high_percent=None, seed=None
2025-08-22 11:32:53,020 | INFO | File: size_bytes=1216884, mtime=2025-08-07 13:32:18
2025-08-22 11:32:53,020 | INFO | Env: python=3.11.13, numpy=2.3.2, trimesh=4.7.4, platform=Windows-10-10.0.26100-SP0
2025-08-22 11:32:53,063 | INFO | Mesh: vertices=12496, faces=24336
2025-08-22 11:32:53,076 | WARNING | Mesh is not watertight; surface sampling may include boundary artifacts
2025-08-22 11:32:53,078 | INFO | Mesh surface area: 17231.516899
2025-08-22 11:32:53,086 | INFO | Mesh volume: 100531.796577
2025-08-22 11:32:53,089 | INFO | Mesh AABB min=[-44.49882125854492, 0.0, -21.52974510192871] max=[45.026222229003906, 223.02476501464844, 0.0]
2025-08-22 11:32:53,089 | INFO | Boundary edges: 0
2025-08-22 11:32:53,089 | INFO | Load mesh time: 68.2 ms
2025-08-22 11:32:53,159 | INFO | Surface sampling: candidates=16384 (target=4096, multiplier=4)
2025-08-22 11:32:53,172 | INFO | Running Farthest Point Sampling (FPS) to enforce even spacing
2025-08-22 11:32:53,256 | INFO | FPS progress: 409/4096
2025-08-22 11:32:53,338 | INFO | FPS progress: 818/4096
2025-08-22 11:32:53,420 | INFO | FPS progress: 1227/4096
2025-08-22 11:32:53,501 | INFO | FPS progress: 1636/4096
2025-08-22 11:32:53,579 | INFO | FPS progress: 2045/4096
2025-08-22 11:32:53,661 | INFO | FPS progress: 2454/4096
2025-08-22 11:32:53,739 | INFO | FPS progress: 2863/4096
2025-08-22 11:32:53,827 | INFO | FPS progress: 3272/4096
2025-08-22 11:32:53,913 | INFO | FPS progress: 3681/4096
2025-08-22 11:32:53,993 | INFO | FPS progress: 4090/4096
2025-08-22 11:32:53,995 | INFO | Round 1: accumulated=4096, kept=4096 (100.00%), time=835.4 ms
2025-08-22 11:32:53,995 | INFO | Requested samples 4096 >= candidates 4096; returning all indices.
2025-08-22 11:32:53,995 | INFO | Sampled points: (4096, 3), normals: (4096, 3)
2025-08-22 11:32:53,995 | INFO | Sampling time: 835.8 ms
2025-08-22 11:32:53,995 | INFO | Centering only: centroid=[-2.5534966299034254, 115.24108972208293, -3.17687664433124] | scale fixed to 1.000000 (no scaling)
2025-08-22 11:32:53,995 | INFO | Axis x stats (centered): min=-41.737164, mean=0.000000, std=21.858854, max=47.211251
2025-08-22 11:32:53,995 | INFO | Axis y stats (centered): min=-115.116601, mean=-0.000000, std=60.874907, max=107.430188
2025-08-22 11:32:53,996 | INFO | Axis z stats (centered): min=-18.177006, mean=-0.000000, std=3.810459, max=3.162884
2025-08-22 11:32:53,996 | INFO | Centering time: 0.6 ms
2025-08-22 11:32:53,996 | INFO | PCA alignment: explained variance ratio=0.8836, 0.1138, 0.0025
2025-08-22 11:32:53,997 | INFO | Rotation matrix (columns are principal axes):
[[-0.023849  0.997616  0.064758]
 [ 0.999462  0.022333  0.024035]
 [ 0.022532  0.065296 -0.997611]]
2025-08-22 11:32:53,997 | INFO | Rotation matrix det=1.000000
2025-08-22 11:32:53,998 | INFO | Orientation enforcement (concave-to-pos-z (corr_pos=0.1691, corr_neg=-0.1691)): sz=1, width_low=51.710357, width_high=66.777695 -> sx=1, sy=1
2025-08-22 11:32:53,998 | INFO | Orientation signs diag(S)=[1.0, 1.0, 1.0]
2025-08-22 11:32:53,998 | INFO | PCA time: 2.3 ms
2025-08-22 11:32:53,998 | INFO | Requested samples 4096 >= candidates 4096; returning all indices.
2025-08-22 11:32:53,998 | INFO | Final points: (4096, 3), normals: (4096, 3)
2025-08-22 11:32:53,999 | INFO | Aligned normalized AABB min=[-115.44149171815864, -40.64102500374811, -4.572003117040094] max=[107.56648280483599, 47.85830124696236, 16.2387421245784]
2025-08-22 11:32:53,999 | INFO | Final radii percentiles: p5=16.722236, p50=56.889185, p95=104.930004; centroid_norm=0.000000
2025-08-22 11:32:53,999 | INFO | Axis x stats (final): min=-115.441492, mean=-0.000000, std=60.905689, max=107.566483
2025-08-22 11:32:53,999 | INFO | Axis y stats (final): min=-40.641025, mean=0.000000, std=21.861635, max=47.858301
2025-08-22 11:32:53,999 | INFO | Axis z stats (final): min=-4.572003, mean=0.000000, std=3.263352, max=16.238742
2025-08-22 11:32:53,999 | INFO | Normal lengths: min=1.000000, mean=1.000000, max=1.000000
2025-08-22 11:32:53,999 | INFO | Final FPS time: 1.3 ms
2025-08-22 11:32:54,010 | INFO | Saved bundle (npz): D:\Cursor Repos\From p2p\data\pointcloud\feet\065_foot_L.npz | points=(4096, 3) normals=(4096, 3)
2025-08-22 11:32:54,010 | INFO | Completed successfully.
