2025-08-22 11:33:03,542 | INFO | Input STL: D:\Cursor Repos\From p2p\data\raw\feet\070_foot_R.stl
2025-08-22 11:33:03,542 | INFO | Output log: D:\Cursor Repos\From p2p\Log\preprocess\feet\070_foot_R.log
2025-08-22 11:33:03,542 | INFO | Parameters: num_points=4096, candidate_multiplier=4, z_low_percent=None, z_high_percent=None, seed=None
2025-08-22 11:33:03,543 | INFO | File: size_bytes=1188884, mtime=2025-08-14 10:00:18
2025-08-22 11:33:03,543 | INFO | Env: python=3.11.13, numpy=2.3.2, trimesh=4.7.4, platform=Windows-10-10.0.26100-SP0
2025-08-22 11:33:03,586 | INFO | Mesh: vertices=12276, faces=23776
2025-08-22 11:33:03,600 | WARNING | Mesh is not watertight; surface sampling may include boundary artifacts
2025-08-22 11:33:03,603 | INFO | Mesh surface area: 20191.321603
2025-08-22 11:33:03,612 | INFO | Mesh volume: 108328.727331
2025-08-22 11:33:03,614 | INFO | Mesh AABB min=[-47.5015983581543, 0.0, -19.7894344329834] max=[47.2569580078125, 244.05917358398438, 0.0]
2025-08-22 11:33:03,614 | INFO | Boundary edges: 0
2025-08-22 11:33:03,614 | INFO | Load mesh time: 71.8 ms
2025-08-22 11:33:03,662 | INFO | Connected-component cleanup: kept=1, removed=1, kept_area=20191.321603, removed_area=0.000000, removed/kept=0.000000
2025-08-22 11:33:03,662 | INFO | Feet cleanup: kept_area=20191.321603, removed_area=0.000000, components_removed=1
2025-08-22 11:33:03,662 | INFO | Surface sampling: candidates=16384 (target=4096, multiplier=4)
2025-08-22 11:33:03,672 | INFO | Running Farthest Point Sampling (FPS) to enforce even spacing
2025-08-22 11:33:03,750 | INFO | FPS progress: 409/4096
2025-08-22 11:33:03,827 | INFO | FPS progress: 818/4096
2025-08-22 11:33:03,906 | INFO | FPS progress: 1227/4096
2025-08-22 11:33:03,986 | INFO | FPS progress: 1636/4096
2025-08-22 11:33:04,067 | INFO | FPS progress: 2045/4096
2025-08-22 11:33:04,147 | INFO | FPS progress: 2454/4096
2025-08-22 11:33:04,243 | INFO | FPS progress: 2863/4096
2025-08-22 11:33:04,324 | INFO | FPS progress: 3272/4096
2025-08-22 11:33:04,411 | INFO | FPS progress: 3681/4096
2025-08-22 11:33:04,488 | INFO | FPS progress: 4090/4096
2025-08-22 11:33:04,489 | INFO | Round 1: accumulated=4096, kept=4096 (100.00%), time=828.5 ms
2025-08-22 11:33:04,490 | INFO | Requested samples 4096 >= candidates 4096; returning all indices.
2025-08-22 11:33:04,490 | INFO | Sampled points: (4096, 3), normals: (4096, 3)
2025-08-22 11:33:04,490 | INFO | Sampling time: 829.1 ms
2025-08-22 11:33:04,490 | INFO | Centering only: centroid=[3.7234292091221057, 126.8550027144301, -3.1213343817620247] | scale fixed to 1.000000 (no scaling)
2025-08-22 11:33:04,490 | INFO | Axis x stats (centered): min=-50.872918, mean=0.000000, std=24.020633, max=43.308283
2025-08-22 11:33:04,490 | INFO | Axis y stats (centered): min=-126.810973, mean=0.000000, std=66.126698, max=117.124237
2025-08-22 11:33:04,490 | INFO | Axis z stats (centered): min=-16.479505, mean=0.000000, std=3.624533, max=2.908130
2025-08-22 11:33:04,490 | INFO | Centering time: 0.8 ms
2025-08-22 11:33:04,492 | INFO | PCA alignment: explained variance ratio=0.8820, 0.1160, 0.0021
2025-08-22 11:33:04,492 | INFO | Rotation matrix (columns are principal axes):
[[-0.030713 -0.997559 -0.062704]
 [-0.999449  0.029859  0.014518]
 [-0.01261   0.063116 -0.997927]]
2025-08-22 11:33:04,492 | INFO | Rotation matrix det=1.000000
2025-08-22 11:33:04,493 | INFO | Orientation enforcement (concave-to-pos-z (corr_pos=0.0782, corr_neg=-0.0782)): sz=1, width_low=76.173461, width_high=55.415812 -> sx=-1, sy=-1
2025-08-22 11:33:04,493 | INFO | Orientation signs diag(S)=[-1.0, -1.0, 1.0]
2025-08-22 11:33:04,493 | INFO | PCA time: 1.9 ms
2025-08-22 11:33:04,493 | INFO | Requested samples 4096 >= candidates 4096; returning all indices.
2025-08-22 11:33:04,494 | INFO | Final points: (4096, 3), normals: (4096, 3)
2025-08-22 11:33:04,494 | INFO | Aligned normalized AABB min=[-127.08176913136249, -51.829676186864624, -4.7663655798658064] max=[117.87189335035087, 42.881468687543695, 13.820623026158575]
2025-08-22 11:33:04,494 | INFO | Final radii percentiles: p5=18.014683, p50=61.111891, p95=115.502776; centroid_norm=0.000000
2025-08-22 11:33:04,494 | INFO | Axis x stats (final): min=-127.081769, mean=0.000000, std=66.159276, max=117.871893
2025-08-22 11:33:04,494 | INFO | Axis y stats (final): min=-51.829676, mean=-0.000000, std=23.992250, max=42.881469
2025-08-22 11:33:04,495 | INFO | Axis z stats (final): min=-4.766366, mean=-0.000000, std=3.192239, max=13.820623
2025-08-22 11:33:04,495 | INFO | Normal lengths: min=1.000000, mean=1.000000, max=1.000000
2025-08-22 11:33:04,495 | INFO | Final FPS time: 1.2 ms
2025-08-22 11:33:04,503 | INFO | Saved bundle (npz): D:\Cursor Repos\From p2p\data\pointcloud\feet\070_foot_R.npz | points=(4096, 3) normals=(4096, 3)
2025-08-22 11:33:04,503 | INFO | Completed successfully.
