2025-08-19 12:55:33,531 | INFO | Input STL: D:\Cursor Repos\From p2p\data\raw\feet\071_foot_L.stl
2025-08-19 12:55:33,531 | INFO | Output log: D:\Cursor Repos\From p2p\Log\preprocess\feet\071_foot_L.log
2025-08-19 12:55:33,532 | INFO | Parameters: num_points=4096, candidate_multiplier=4, z_low_percent=None, z_high_percent=None, seed=None
2025-08-19 12:55:33,532 | INFO | File: size_bytes=1227884, mtime=2025-08-07 13:31:56
2025-08-19 12:55:33,532 | INFO | Env: python=3.11.13, numpy=2.1.2, trimesh=4.7.4, platform=Windows-10-10.0.26100-SP0
2025-08-19 12:55:33,575 | INFO | Mesh: vertices=12683, faces=24556
2025-08-19 12:55:33,588 | WARNING | Mesh is not watertight; surface sampling may include boundary artifacts
2025-08-19 12:55:33,593 | INFO | Mesh surface area: 24472.319269
2025-08-19 12:55:33,602 | INFO | Mesh volume: 129734.678547
2025-08-19 12:55:33,604 | INFO | Mesh AABB min=[-52.3734016418457, 0.0, -24.770370483398438] max=[52.3734016418457, 269.5502014160156, 0.0]
2025-08-19 12:55:33,604 | INFO | Boundary edges: 0
2025-08-19 12:55:33,604 | INFO | Load mesh time: 72.1 ms
2025-08-19 12:55:33,604 | INFO | Surface sampling: candidates=16384 (target=4096, multiplier=4)
2025-08-19 12:55:33,617 | INFO | Running Farthest Point Sampling (FPS) to enforce even spacing
2025-08-19 12:55:33,706 | INFO | FPS progress: 409/4096
2025-08-19 12:55:33,788 | INFO | FPS progress: 818/4096
2025-08-19 12:55:33,874 | INFO | FPS progress: 1227/4096
2025-08-19 12:55:33,955 | INFO | FPS progress: 1636/4096
2025-08-19 12:55:34,040 | INFO | FPS progress: 2045/4096
2025-08-19 12:55:34,124 | INFO | FPS progress: 2454/4096
2025-08-19 12:55:34,207 | INFO | FPS progress: 2863/4096
2025-08-19 12:55:34,295 | INFO | FPS progress: 3272/4096
2025-08-19 12:55:34,382 | INFO | FPS progress: 3681/4096
2025-08-19 12:55:34,482 | INFO | FPS progress: 4090/4096
2025-08-19 12:55:34,484 | INFO | Round 1: accumulated=4096, kept=4096 (100.00%), time=880.1 ms
2025-08-19 12:55:34,485 | INFO | Requested samples 4096 >= candidates 4096; returning all indices.
2025-08-19 12:55:34,485 | INFO | Sampled points: (4096, 3), normals: (4096, 3)
2025-08-19 12:55:34,485 | INFO | Sampling time: 880.7 ms
2025-08-19 12:55:34,485 | INFO | Centering only: centroid=[-2.5025087958085397, 138.87281818583205, -3.201384379283776] | scale fixed to 1.000000 (no scaling)
2025-08-19 12:55:34,485 | INFO | Axis x stats (centered): min=-49.498510, mean=0.000000, std=26.003341, max=54.821046
2025-08-19 12:55:34,485 | INFO | Axis y stats (centered): min=-138.688780, mean=-0.000000, std=73.518909, max=130.541599
2025-08-19 12:55:34,485 | INFO | Axis z stats (centered): min=-21.259896, mean=-0.000000, std=4.072759, max=2.502496
2025-08-19 12:55:34,485 | INFO | Centering time: 0.5 ms
2025-08-19 12:55:34,486 | INFO | PCA alignment: explained variance ratio=0.8883, 0.1095, 0.0021
2025-08-19 12:55:34,486 | INFO | Rotation matrix (columns are principal axes):
[[-0.046543  0.997304  0.05673 ]
 [ 0.998783  0.045536  0.018923]
 [ 0.016289  0.057542 -0.99821 ]]
2025-08-19 12:55:34,486 | INFO | Rotation matrix det=1.000000
2025-08-19 12:55:34,487 | INFO | Orientation enforcement: mean_nz=-0.881480 -> sz=-1, width_low=61.088650, width_high=75.850599 -> sx=1, sy=-1
2025-08-19 12:55:34,487 | INFO | Orientation signs diag(S)=[1.0, -1.0, -1.0]
2025-08-19 12:55:34,487 | INFO | PCA time: 1.6 ms
2025-08-19 12:55:34,487 | INFO | Requested samples 4096 >= candidates 4096; returning all indices.
2025-08-19 12:55:34,487 | INFO | Final points: (4096, 3), normals: (4096, 3)
2025-08-19 12:55:34,488 | INFO | Aligned normalized AABB min=[-139.17127129932678, -56.10487414682897, -19.242996932628195] max=[131.772173237951, 46.30145707315408, 5.072504428944729]
2025-08-19 12:55:34,488 | INFO | Final radii percentiles: p5=19.745115, p50=68.289209, p95=128.132599; centroid_norm=0.000000
2025-08-19 12:55:34,488 | INFO | Axis x stats (final): min=-139.171271, mean=-0.000000, std=73.598993, max=131.772173
2025-08-19 12:55:34,488 | INFO | Axis y stats (final): min=-56.104874, mean=0.000000, std=25.845589, max=46.301457
2025-08-19 12:55:34,489 | INFO | Axis z stats (final): min=-19.242997, mean=-0.000000, std=3.603448, max=5.072504
2025-08-19 12:55:34,489 | INFO | Normal lengths: min=1.000000, mean=1.000000, max=1.000000
2025-08-19 12:55:34,489 | INFO | Final FPS time: 1.8 ms
2025-08-19 12:55:34,501 | INFO | Saved bundle (npz): D:\Cursor Repos\From p2p\data\pointcloud\feet\071_foot_L.npz | points=(4096, 3) normals=(4096, 3)
2025-08-19 12:55:34,501 | INFO | Completed successfully.
