2025-08-22 11:33:05,485 | INFO | Input STL: D:\Cursor Repos\From p2p\data\raw\feet\071_foot_R.stl
2025-08-22 11:33:05,486 | INFO | Output log: D:\Cursor Repos\From p2p\Log\preprocess\feet\071_foot_R.log
2025-08-22 11:33:05,486 | INFO | Parameters: num_points=4096, candidate_multiplier=4, z_low_percent=None, z_high_percent=None, seed=None
2025-08-22 11:33:05,486 | INFO | File: size_bytes=1135084, mtime=2025-08-07 13:31:58
2025-08-22 11:33:05,486 | INFO | Env: python=3.11.13, numpy=2.3.2, trimesh=4.7.4, platform=Windows-10-10.0.26100-SP0
2025-08-22 11:33:05,535 | INFO | Mesh: vertices=11686, faces=22700
2025-08-22 11:33:05,545 | WARNING | Mesh is not watertight; surface sampling may include boundary artifacts
2025-08-22 11:33:05,548 | INFO | Mesh surface area: 23916.192387
2025-08-22 11:33:05,556 | INFO | Mesh volume: 115880.766075
2025-08-22 11:33:05,559 | INFO | Mesh AABB min=[-53.803955078125, 0.0, -25.749975204467773] max=[53.148658752441406, 267.375244140625, 0.0]
2025-08-22 11:33:05,559 | INFO | Boundary edges: 0
2025-08-22 11:33:05,559 | INFO | Load mesh time: 72.2 ms
2025-08-22 11:33:05,596 | INFO | Surface sampling: candidates=16384 (target=4096, multiplier=4)
2025-08-22 11:33:05,605 | INFO | Running Farthest Point Sampling (FPS) to enforce even spacing
2025-08-22 11:33:05,685 | INFO | FPS progress: 409/4096
2025-08-22 11:33:05,764 | INFO | FPS progress: 818/4096
2025-08-22 11:33:05,848 | INFO | FPS progress: 1227/4096
2025-08-22 11:33:05,933 | INFO | FPS progress: 1636/4096
2025-08-22 11:33:06,028 | INFO | FPS progress: 2045/4096
2025-08-22 11:33:06,112 | INFO | FPS progress: 2454/4096
2025-08-22 11:33:06,198 | INFO | FPS progress: 2863/4096
2025-08-22 11:33:06,283 | INFO | FPS progress: 3272/4096
2025-08-22 11:33:06,363 | INFO | FPS progress: 3681/4096
2025-08-22 11:33:06,444 | INFO | FPS progress: 4090/4096
2025-08-22 11:33:06,445 | INFO | Round 1: accumulated=4096, kept=4096 (100.00%), time=849.5 ms
2025-08-22 11:33:06,445 | INFO | Requested samples 4096 >= candidates 4096; returning all indices.
2025-08-22 11:33:06,445 | INFO | Sampled points: (4096, 3), normals: (4096, 3)
2025-08-22 11:33:06,445 | INFO | Sampling time: 850.2 ms
2025-08-22 11:33:06,446 | INFO | Centering only: centroid=[1.679384742758445, 136.75423830258623, -2.3206943976564074] | scale fixed to 1.000000 (no scaling)
2025-08-22 11:33:06,446 | INFO | Axis x stats (centered): min=-54.823311, mean=0.000000, std=26.015649, max=51.318165
2025-08-22 11:33:06,446 | INFO | Axis y stats (centered): min=-136.410769, mean=0.000000, std=72.145230, max=130.056073
2025-08-22 11:33:06,446 | INFO | Axis z stats (centered): min=-23.103514, mean=-0.000000, std=3.970309, max=2.261048
2025-08-22 11:33:06,446 | INFO | Centering time: 0.6 ms
2025-08-22 11:33:06,446 | INFO | PCA alignment: explained variance ratio=0.8837, 0.1143, 0.0021
2025-08-22 11:33:06,447 | INFO | Rotation matrix (columns are principal axes):
[[-0.030877 -0.998386 -0.047661]
 [-0.999327  0.029892  0.021261]
 [-0.019802  0.048285 -0.998637]]
2025-08-22 11:33:06,447 | INFO | Rotation matrix det=1.000000
2025-08-22 11:33:06,447 | INFO | Orientation enforcement (concave-to-pos-z (corr_pos=0.2574, corr_neg=-0.2574)): sz=1, width_low=78.450344, width_high=60.357635 -> sx=-1, sy=-1
2025-08-22 11:33:06,448 | INFO | Orientation signs diag(S)=[-1.0, -1.0, 1.0]
2025-08-22 11:33:06,448 | INFO | PCA time: 1.6 ms
2025-08-22 11:33:06,448 | INFO | Requested samples 4096 >= candidates 4096; returning all indices.
2025-08-22 11:33:06,448 | INFO | Final points: (4096, 3), normals: (4096, 3)
2025-08-22 11:33:06,448 | INFO | Aligned normalized AABB min=[-136.95529506777152, -55.81902252067303, -4.924946809165451] max=[130.83164818080837, 49.505594738734146, 20.741247284400565]
2025-08-22 11:33:06,448 | INFO | Final radii percentiles: p5=19.283918, p50=66.628913, p95=126.180724; centroid_norm=0.000000
2025-08-22 11:33:06,448 | INFO | Axis x stats (final): min=-136.955295, mean=0.000000, std=72.189601, max=130.831648
2025-08-22 11:33:06,449 | INFO | Axis y stats (final): min=-55.819023, mean=0.000000, std=25.961344, max=49.505595
2025-08-22 11:33:06,449 | INFO | Axis z stats (final): min=-4.924947, mean=0.000000, std=3.490240, max=20.741247
2025-08-22 11:33:06,450 | INFO | Normal lengths: min=1.000000, mean=1.000000, max=1.000000
2025-08-22 11:33:06,450 | INFO | Final FPS time: 2.0 ms
2025-08-22 11:33:06,460 | INFO | Saved bundle (npz): D:\Cursor Repos\From p2p\data\pointcloud\feet\071_foot_R.npz | points=(4096, 3) normals=(4096, 3)
2025-08-22 11:33:06,460 | INFO | Completed successfully.
