2025-08-22 11:33:07,404 | INFO | Input STL: D:\Cursor Repos\From p2p\data\raw\feet\072_foot_R.stl
2025-08-22 11:33:07,404 | INFO | Output log: D:\Cursor Repos\From p2p\Log\preprocess\feet\072_foot_R.log
2025-08-22 11:33:07,404 | INFO | Parameters: num_points=4096, candidate_multiplier=4, z_low_percent=None, z_high_percent=None, seed=None
2025-08-22 11:33:07,405 | INFO | File: size_bytes=1232784, mtime=2025-08-13 14:54:18
2025-08-22 11:33:07,405 | INFO | Env: python=3.11.13, numpy=2.3.2, trimesh=4.7.4, platform=Windows-10-10.0.26100-SP0
2025-08-22 11:33:07,449 | INFO | Mesh: vertices=12704, faces=24654
2025-08-22 11:33:07,459 | WARNING | Mesh is not watertight; surface sampling may include boundary artifacts
2025-08-22 11:33:07,463 | INFO | Mesh surface area: 25040.310347
2025-08-22 11:33:07,473 | INFO | Mesh volume: 133328.630427
2025-08-22 11:33:07,475 | INFO | Mesh AABB min=[-53.474674224853516, 0.0, -24.38096046447754] max=[52.33317565917969, 264.6443786621094, 0.0]
2025-08-22 11:33:07,475 | INFO | Boundary edges: 0
2025-08-22 11:33:07,475 | INFO | Load mesh time: 69.9 ms
2025-08-22 11:33:07,532 | INFO | Surface sampling: candidates=16384 (target=4096, multiplier=4)
2025-08-22 11:33:07,542 | INFO | Running Farthest Point Sampling (FPS) to enforce even spacing
2025-08-22 11:33:07,621 | INFO | FPS progress: 409/4096
2025-08-22 11:33:07,697 | INFO | FPS progress: 818/4096
2025-08-22 11:33:07,776 | INFO | FPS progress: 1227/4096
2025-08-22 11:33:07,861 | INFO | FPS progress: 1636/4096
2025-08-22 11:33:07,936 | INFO | FPS progress: 2045/4096
2025-08-22 11:33:08,015 | INFO | FPS progress: 2454/4096
2025-08-22 11:33:08,096 | INFO | FPS progress: 2863/4096
2025-08-22 11:33:08,178 | INFO | FPS progress: 3272/4096
2025-08-22 11:33:08,266 | INFO | FPS progress: 3681/4096
2025-08-22 11:33:08,350 | INFO | FPS progress: 4090/4096
2025-08-22 11:33:08,351 | INFO | Round 1: accumulated=4096, kept=4096 (100.00%), time=819.3 ms
2025-08-22 11:33:08,352 | INFO | Requested samples 4096 >= candidates 4096; returning all indices.
2025-08-22 11:33:08,352 | INFO | Sampled points: (4096, 3), normals: (4096, 3)
2025-08-22 11:33:08,352 | INFO | Sampling time: 819.7 ms
2025-08-22 11:33:08,352 | INFO | Centering only: centroid=[3.094509534131466, 137.82742309829905, -3.9102969536706493] | scale fixed to 1.000000 (no scaling)
2025-08-22 11:33:08,352 | INFO | Axis x stats (centered): min=-55.930428, mean=0.000000, std=26.774257, max=48.843307
2025-08-22 11:33:08,352 | INFO | Axis y stats (centered): min=-137.623224, mean=-0.000000, std=73.113933, max=126.469874
2025-08-22 11:33:08,352 | INFO | Axis z stats (centered): min=-19.886067, mean=-0.000000, std=3.420384, max=3.446360
2025-08-22 11:33:08,352 | INFO | Centering time: 0.5 ms
2025-08-22 11:33:08,353 | INFO | PCA alignment: explained variance ratio=0.8805, 0.1177, 0.0018
2025-08-22 11:33:08,353 | INFO | Rotation matrix (columns are principal axes):
[[-0.021864 -0.999461 -0.024468]
 [-0.999707  0.021602  0.010911]
 [-0.010376  0.0247   -0.999641]]
2025-08-22 11:33:08,353 | INFO | Rotation matrix det=1.000000
2025-08-22 11:33:08,354 | INFO | Orientation enforcement (concave-to-pos-z (corr_pos=0.3215, corr_neg=-0.3215)): sz=1, width_low=85.466246, width_high=62.996944 -> sx=-1, sy=-1
2025-08-22 11:33:08,354 | INFO | Orientation signs diag(S)=[-1.0, -1.0, 1.0]
2025-08-22 11:33:08,354 | INFO | PCA time: 2.1 ms
2025-08-22 11:33:08,354 | INFO | Requested samples 4096 >= candidates 4096; returning all indices.
2025-08-22 11:33:08,354 | INFO | Final points: (4096, 3), normals: (4096, 3)
2025-08-22 11:33:08,355 | INFO | Aligned normalized AABB min=[-137.78248497107586, -57.1987273672885, -3.9042966776939356] max=[126.87819570821696, 47.57032693334884, 18.744626448670722]
2025-08-22 11:33:08,355 | INFO | Final radii percentiles: p5=19.351381, p50=68.525410, p95=125.945712; centroid_norm=0.000000
2025-08-22 11:33:08,355 | INFO | Axis x stats (final): min=-137.782485, mean=-0.000000, std=73.133062, max=126.878196
2025-08-22 11:33:08,355 | INFO | Axis y stats (final): min=-57.198727, mean=0.000000, std=26.740749, max=47.570327
2025-08-22 11:33:08,355 | INFO | Axis z stats (final): min=-3.904297, mean=0.000000, std=3.270263, max=18.744626
2025-08-22 11:33:08,355 | INFO | Normal lengths: min=1.000000, mean=1.000000, max=1.000000
2025-08-22 11:33:08,357 | INFO | Final FPS time: 1.9 ms
2025-08-22 11:33:08,366 | INFO | Saved bundle (npz): D:\Cursor Repos\From p2p\data\pointcloud\feet\072_foot_R.npz | points=(4096, 3) normals=(4096, 3)
2025-08-22 11:33:08,366 | INFO | Completed successfully.
