2025-08-19 12:55:45,831 | INFO | Input STL: D:\Cursor Repos\From p2p\data\raw\feet\077_foot_R.stl
2025-08-19 12:55:45,831 | INFO | Output log: D:\Cursor Repos\From p2p\Log\preprocess\feet\077_foot_R.log
2025-08-19 12:55:45,831 | INFO | Parameters: num_points=4096, candidate_multiplier=4, z_low_percent=None, z_high_percent=None, seed=None
2025-08-19 12:55:45,833 | INFO | File: size_bytes=1163634, mtime=2025-08-14 09:52:46
2025-08-19 12:55:45,833 | INFO | Env: python=3.11.13, numpy=2.1.2, trimesh=4.7.4, platform=Windows-10-10.0.26100-SP0
2025-08-19 12:55:45,872 | INFO | Mesh: vertices=12008, faces=23271
2025-08-19 12:55:45,885 | WARNING | Mesh is not watertight; surface sampling may include boundary artifacts
2025-08-19 12:55:45,888 | INFO | Mesh surface area: 22888.226151
2025-08-19 12:55:45,896 | INFO | Mesh volume: 129030.202489
2025-08-19 12:55:45,899 | INFO | Mesh AABB min=[-48.46763229370117, 0.0, -25.85036849975586] max=[49.75439453125, 262.5122375488281, 0.0]
2025-08-19 12:55:45,899 | INFO | Boundary edges: 0
2025-08-19 12:55:45,899 | INFO | Load mesh time: 65.9 ms
2025-08-19 12:55:45,899 | INFO | Surface sampling: candidates=16384 (target=4096, multiplier=4)
2025-08-19 12:55:45,909 | INFO | Running Farthest Point Sampling (FPS) to enforce even spacing
2025-08-19 12:55:45,998 | INFO | FPS progress: 409/4096
2025-08-19 12:55:46,082 | INFO | FPS progress: 818/4096
2025-08-19 12:55:46,167 | INFO | FPS progress: 1227/4096
2025-08-19 12:55:46,256 | INFO | FPS progress: 1636/4096
2025-08-19 12:55:46,339 | INFO | FPS progress: 2045/4096
2025-08-19 12:55:46,426 | INFO | FPS progress: 2454/4096
2025-08-19 12:55:46,514 | INFO | FPS progress: 2863/4096
2025-08-19 12:55:46,597 | INFO | FPS progress: 3272/4096
2025-08-19 12:55:46,682 | INFO | FPS progress: 3681/4096
2025-08-19 12:55:46,777 | INFO | FPS progress: 4090/4096
2025-08-19 12:55:46,779 | INFO | Round 1: accumulated=4096, kept=4096 (100.00%), time=880.6 ms
2025-08-19 12:55:46,780 | INFO | Requested samples 4096 >= candidates 4096; returning all indices.
2025-08-19 12:55:46,780 | INFO | Sampled points: (4096, 3), normals: (4096, 3)
2025-08-19 12:55:46,780 | INFO | Sampling time: 881.1 ms
2025-08-19 12:55:46,780 | INFO | Centering only: centroid=[3.152408644329435, 134.81972423280777, -2.9841645484322625] | scale fixed to 1.000000 (no scaling)
2025-08-19 12:55:46,780 | INFO | Axis x stats (centered): min=-50.624301, mean=0.000000, std=24.479243, max=46.016915
2025-08-19 12:55:46,780 | INFO | Axis y stats (centered): min=-134.674287, mean=-0.000000, std=72.557217, max=127.544243
2025-08-19 12:55:46,780 | INFO | Axis z stats (centered): min=-22.607974, mean=-0.000000, std=4.171320, max=2.932139
2025-08-19 12:55:46,780 | INFO | Centering time: 0.5 ms
2025-08-19 12:55:46,781 | INFO | PCA alignment: explained variance ratio=0.8959, 0.1016, 0.0025
2025-08-19 12:55:46,781 | INFO | Rotation matrix (columns are principal axes):
[[-0.02385  -0.99885  -0.041599]
 [-0.99955   0.023068  0.019178]
 [-0.018196  0.042038 -0.99895 ]]
2025-08-19 12:55:46,781 | INFO | Rotation matrix det=1.000000
2025-08-19 12:55:46,782 | INFO | Orientation enforcement: mean_nz=-0.864092 -> sz=-1, width_low=78.585873, width_high=56.790723 -> sx=-1, sy=1
2025-08-19 12:55:46,782 | INFO | Orientation signs diag(S)=[-1.0, 1.0, -1.0]
2025-08-19 12:55:46,783 | INFO | PCA time: 2.3 ms
2025-08-19 12:55:46,783 | INFO | Requested samples 4096 >= candidates 4096; returning all indices.
2025-08-19 12:55:46,783 | INFO | Final points: (4096, 3), normals: (4096, 3)
2025-08-19 12:55:46,784 | INFO | Aligned normalized AABB min=[-135.06967002914107, -44.62634801122673, -19.875802083449834] max=[128.0354631928604, 51.392541814542064, 4.663052948971353]
2025-08-19 12:55:46,784 | INFO | Final radii percentiles: p5=19.172370, p50=67.201759, p95=124.736791; centroid_norm=0.000000
2025-08-19 12:55:46,784 | INFO | Axis x stats (final): min=-135.069670, mean=-0.000000, std=72.587658, max=128.035463
2025-08-19 12:55:46,784 | INFO | Axis y stats (final): min=-44.626348, mean=-0.000000, std=24.445550, max=51.392542
2025-08-19 12:55:46,785 | INFO | Axis z stats (final): min=-19.875802, mean=-0.000000, std=3.824922, max=4.663053
2025-08-19 12:55:46,785 | INFO | Normal lengths: min=1.000000, mean=1.000000, max=1.000000
2025-08-19 12:55:46,785 | INFO | Final FPS time: 2.1 ms
2025-08-19 12:55:46,795 | INFO | Saved bundle (npz): D:\Cursor Repos\From p2p\data\pointcloud\feet\077_foot_R.npz | points=(4096, 3) normals=(4096, 3)
2025-08-19 12:55:46,795 | INFO | Completed successfully.
