2025-08-22 11:33:16,044 | INFO | Input STL: D:\Cursor Repos\From p2p\data\raw\feet\077_foot_L.stl
2025-08-22 11:33:16,044 | INFO | Output log: D:\Cursor Repos\From p2p\Log\preprocess\feet\077_foot_L.log
2025-08-22 11:33:16,044 | INFO | Parameters: num_points=4096, candidate_multiplier=4, z_low_percent=None, z_high_percent=None, seed=None
2025-08-22 11:33:16,044 | INFO | File: size_bytes=1108684, mtime=2025-08-14 09:52:44
2025-08-22 11:33:16,044 | INFO | Env: python=3.11.13, numpy=2.3.2, trimesh=4.7.4, platform=Windows-10-10.0.26100-SP0
2025-08-22 11:33:16,082 | INFO | Mesh: vertices=11466, faces=22172
2025-08-22 11:33:16,093 | WARNING | Mesh is not watertight; surface sampling may include boundary artifacts
2025-08-22 11:33:16,096 | INFO | Mesh surface area: 22362.434635
2025-08-22 11:33:16,103 | INFO | Mesh volume: 139804.114596
2025-08-22 11:33:16,105 | INFO | Mesh AABB min=[-46.62322998046875, 0.0, -28.600709915161133] max=[46.62322998046875, 264.3197937011719, 0.0]
2025-08-22 11:33:16,105 | INFO | Boundary edges: 0
2025-08-22 11:33:16,105 | INFO | Load mesh time: 60.9 ms
2025-08-22 11:33:16,144 | INFO | Surface sampling: candidates=16384 (target=4096, multiplier=4)
2025-08-22 11:33:16,153 | INFO | Running Farthest Point Sampling (FPS) to enforce even spacing
2025-08-22 11:33:16,257 | INFO | FPS progress: 409/4096
2025-08-22 11:33:16,347 | INFO | FPS progress: 818/4096
2025-08-22 11:33:16,431 | INFO | FPS progress: 1227/4096
2025-08-22 11:33:16,512 | INFO | FPS progress: 1636/4096
2025-08-22 11:33:16,599 | INFO | FPS progress: 2045/4096
2025-08-22 11:33:16,679 | INFO | FPS progress: 2454/4096
2025-08-22 11:33:16,755 | INFO | FPS progress: 2863/4096
2025-08-22 11:33:16,838 | INFO | FPS progress: 3272/4096
2025-08-22 11:33:16,917 | INFO | FPS progress: 3681/4096
2025-08-22 11:33:16,997 | INFO | FPS progress: 4090/4096
2025-08-22 11:33:16,998 | INFO | Round 1: accumulated=4096, kept=4096 (100.00%), time=853.7 ms
2025-08-22 11:33:16,998 | INFO | Requested samples 4096 >= candidates 4096; returning all indices.
2025-08-22 11:33:16,998 | INFO | Sampled points: (4096, 3), normals: (4096, 3)
2025-08-22 11:33:16,998 | INFO | Sampling time: 854.1 ms
2025-08-22 11:33:16,998 | INFO | Centering only: centroid=[-3.5446987037870326, 131.93727176257428, -3.051268873649303] | scale fixed to 1.000000 (no scaling)
2025-08-22 11:33:16,998 | INFO | Axis x stats (centered): min=-42.855972, mean=-0.000000, std=24.009193, max=49.870821
2025-08-22 11:33:16,998 | INFO | Axis y stats (centered): min=-131.865691, mean=-0.000000, std=72.053618, max=131.855850
2025-08-22 11:33:16,998 | INFO | Axis z stats (centered): min=-25.385797, mean=-0.000000, std=4.499492, max=3.036015
2025-08-22 11:33:16,998 | INFO | Centering time: 0.4 ms
2025-08-22 11:33:17,000 | INFO | PCA alignment: explained variance ratio=0.8978, 0.0995, 0.0027
2025-08-22 11:33:17,000 | INFO | Rotation matrix (columns are principal axes):
[[-0.028456  0.996462  0.079077]
 [ 0.999487  0.027201  0.016899]
 [ 0.014689  0.079518 -0.996725]]
2025-08-22 11:33:17,000 | INFO | Rotation matrix det=1.000000
2025-08-22 11:33:17,002 | INFO | Orientation enforcement (concave-to-pos-z (corr_pos=0.3002, corr_neg=-0.3002)): sz=1, width_low=56.974685, width_high=69.791021 -> sx=1, sy=1
2025-08-22 11:33:17,002 | INFO | Orientation signs diag(S)=[1.0, 1.0, 1.0]
2025-08-22 11:33:17,002 | INFO | PCA time: 2.7 ms
2025-08-22 11:33:17,002 | INFO | Requested samples 4096 >= candidates 4096; returning all indices.
2025-08-22 11:33:17,002 | INFO | Final points: (4096, 3), normals: (4096, 3)
2025-08-22 11:33:17,002 | INFO | Aligned normalized AABB min=[-132.33986096134694, -45.31303081499522, -5.218012459426186] max=[132.30680765926203, 50.82513102077591, 22.987044449715327]
2025-08-22 11:33:17,003 | INFO | Final radii percentiles: p5=19.068476, p50=66.049511, p95=125.133037; centroid_norm=0.000000
2025-08-22 11:33:17,003 | INFO | Axis x stats (final): min=-132.339861, mean=-0.000000, std=72.087600, max=132.306808
2025-08-22 11:33:17,003 | INFO | Axis y stats (final): min=-45.313031, mean=-0.000000, std=24.004285, max=50.825131
2025-08-22 11:33:17,003 | INFO | Axis z stats (final): min=-5.218012, mean=-0.000000, std=3.947497, max=22.987044
2025-08-22 11:33:17,003 | INFO | Normal lengths: min=1.000000, mean=1.000000, max=1.000000
2025-08-22 11:33:17,003 | INFO | Final FPS time: 1.2 ms
2025-08-22 11:33:17,013 | INFO | Saved bundle (npz): D:\Cursor Repos\From p2p\data\pointcloud\feet\077_foot_L.npz | points=(4096, 3) normals=(4096, 3)
2025-08-22 11:33:17,013 | INFO | Completed successfully.
