2025-08-22 11:33:26,821 | INFO | Input STL: D:\Cursor Repos\From p2p\data\raw\feet\082_foot_R.stl
2025-08-22 11:33:26,821 | INFO | Output log: D:\Cursor Repos\From p2p\Log\preprocess\feet\082_foot_R.log
2025-08-22 11:33:26,821 | INFO | Parameters: num_points=4096, candidate_multiplier=4, z_low_percent=None, z_high_percent=None, seed=None
2025-08-22 11:33:26,821 | INFO | File: size_bytes=1415784, mtime=2025-08-14 10:02:11
2025-08-22 11:33:26,821 | INFO | Env: python=3.11.13, numpy=2.3.2, trimesh=4.7.4, platform=Windows-10-10.0.26100-SP0
2025-08-22 11:33:26,867 | INFO | Mesh: vertices=14526, faces=28314
2025-08-22 11:33:26,884 | WARNING | Mesh is not watertight; surface sampling may include boundary artifacts
2025-08-22 11:33:26,888 | INFO | Mesh surface area: 13363.738366
2025-08-22 11:33:26,900 | INFO | Mesh volume: 66578.541424
2025-08-22 11:33:26,903 | INFO | Mesh AABB min=[-40.3845100402832, 0.0, -14.749370574951172] max=[43.20207595825195, 183.31443786621094, 0.0]
2025-08-22 11:33:26,903 | INFO | Boundary edges: 0
2025-08-22 11:33:26,903 | INFO | Load mesh time: 81.5 ms
2025-08-22 11:33:26,958 | INFO | Surface sampling: candidates=16384 (target=4096, multiplier=4)
2025-08-22 11:33:26,970 | INFO | Running Farthest Point Sampling (FPS) to enforce even spacing
2025-08-22 11:33:27,052 | INFO | FPS progress: 409/4096
2025-08-22 11:33:27,131 | INFO | FPS progress: 818/4096
2025-08-22 11:33:27,207 | INFO | FPS progress: 1227/4096
2025-08-22 11:33:27,284 | INFO | FPS progress: 1636/4096
2025-08-22 11:33:27,363 | INFO | FPS progress: 2045/4096
2025-08-22 11:33:27,439 | INFO | FPS progress: 2454/4096
2025-08-22 11:33:27,516 | INFO | FPS progress: 2863/4096
2025-08-22 11:33:27,595 | INFO | FPS progress: 3272/4096
2025-08-22 11:33:27,673 | INFO | FPS progress: 3681/4096
2025-08-22 11:33:27,755 | INFO | FPS progress: 4090/4096
2025-08-22 11:33:27,756 | INFO | Round 1: accumulated=4096, kept=4096 (100.00%), time=798.2 ms
2025-08-22 11:33:27,756 | INFO | Requested samples 4096 >= candidates 4096; returning all indices.
2025-08-22 11:33:27,756 | INFO | Sampled points: (4096, 3), normals: (4096, 3)
2025-08-22 11:33:27,756 | INFO | Sampling time: 798.6 ms
2025-08-22 11:33:27,757 | INFO | Centering only: centroid=[0.9708394242528188, 96.09703343321597, -1.90347698938445] | scale fixed to 1.000000 (no scaling)
2025-08-22 11:33:27,757 | INFO | Axis x stats (centered): min=-40.931028, mean=-0.000000, std=20.815682, max=41.751164
2025-08-22 11:33:27,757 | INFO | Axis y stats (centered): min=-95.980860, mean=-0.000000, std=50.496204, max=86.990298
2025-08-22 11:33:27,757 | INFO | Axis z stats (centered): min=-12.615667, mean=-0.000000, std=2.731132, max=1.898171
2025-08-22 11:33:27,757 | INFO | Centering time: 1.0 ms
2025-08-22 11:33:27,758 | INFO | PCA alignment: explained variance ratio=0.8542, 0.1435, 0.0023
2025-08-22 11:33:27,758 | INFO | Rotation matrix (columns are principal axes):
[[-0.045722 -0.998628 -0.025511]
 [-0.998884  0.045402  0.013008]
 [-0.011832  0.026077 -0.99959 ]]
2025-08-22 11:33:27,758 | INFO | Rotation matrix det=1.000000
2025-08-22 11:33:27,759 | INFO | Orientation enforcement (concave-to-pos-z (corr_pos=0.2976, corr_neg=-0.2976)): sz=1, width_low=68.383373, width_high=49.745920 -> sx=-1, sy=-1
2025-08-22 11:33:27,759 | INFO | Orientation signs diag(S)=[-1.0, -1.0, 1.0]
2025-08-22 11:33:27,759 | INFO | PCA time: 1.9 ms
2025-08-22 11:33:27,759 | INFO | Requested samples 4096 >= candidates 4096; returning all indices.
2025-08-22 11:33:27,760 | INFO | Final points: (4096, 3), normals: (4096, 3)
2025-08-22 11:33:27,760 | INFO | Aligned normalized AABB min=[-96.07958614687716, -42.04884971693968, -2.965807596492983] max=[87.26151670713627, 38.87188425141052, 11.555675976143409]
2025-08-22 11:33:27,760 | INFO | Final radii percentiles: p5=14.913142, p50=48.791001, p95=86.259107; centroid_norm=0.000000
2025-08-22 11:33:27,760 | INFO | Axis x stats (final): min=-96.079586, mean=-0.000000, std=50.543834, max=87.261517
2025-08-22 11:33:27,760 | INFO | Axis y stats (final): min=-42.048850, mean=0.000000, std=20.715308, max=38.871884
2025-08-22 11:33:27,760 | INFO | Axis z stats (final): min=-2.965808, mean=-0.000000, std=2.610601, max=11.555676
2025-08-22 11:33:27,761 | INFO | Normal lengths: min=1.000000, mean=1.000000, max=1.000000
2025-08-22 11:33:27,761 | INFO | Final FPS time: 1.3 ms
2025-08-22 11:33:27,771 | INFO | Saved bundle (npz): D:\Cursor Repos\From p2p\data\pointcloud\feet\082_foot_R.npz | points=(4096, 3) normals=(4096, 3)
2025-08-22 11:33:27,771 | INFO | Completed successfully.
