2025-08-22 11:33:31,500 | INFO | Input STL: D:\Cursor Repos\From p2p\data\raw\feet\085_foot_L.stl
2025-08-22 11:33:31,500 | INFO | Output log: D:\Cursor Repos\From p2p\Log\preprocess\feet\085_foot_L.log
2025-08-22 11:33:31,500 | INFO | Parameters: num_points=4096, candidate_multiplier=4, z_low_percent=None, z_high_percent=None, seed=None
2025-08-22 11:33:31,501 | INFO | File: size_bytes=1436234, mtime=2025-08-13 13:20:20
2025-08-22 11:33:31,501 | INFO | Env: python=3.11.13, numpy=2.3.2, trimesh=4.7.4, platform=Windows-10-10.0.26100-SP0
2025-08-22 11:33:31,555 | INFO | Mesh: vertices=14898, faces=28723
2025-08-22 11:33:31,571 | WARNING | Mesh is not watertight; surface sampling may include boundary artifacts
2025-08-22 11:33:31,575 | INFO | Mesh surface area: 9455.687361
2025-08-22 11:33:31,584 | INFO | Mesh volume: 40611.073548
2025-08-22 11:33:31,586 | INFO | Mesh AABB min=[-39.487728118896484, 0.0, -80.22655487060547] max=[31.633642196655273, 152.61427307128906, 0.0]
2025-08-22 11:33:31,586 | INFO | Boundary edges: 0
2025-08-22 11:33:31,586 | INFO | Load mesh time: 85.7 ms
2025-08-22 11:33:31,648 | INFO | Connected-component cleanup: kept=1, removed=2, kept_area=8775.083205, removed_area=680.604155, removed/kept=0.077561
2025-08-22 11:33:31,648 | INFO | Feet cleanup: kept_area=8775.083205, removed_area=680.604155, components_removed=2
2025-08-22 11:33:31,648 | INFO | Surface sampling: candidates=16384 (target=4096, multiplier=4)
2025-08-22 11:33:31,661 | INFO | Running Farthest Point Sampling (FPS) to enforce even spacing
2025-08-22 11:33:31,745 | INFO | FPS progress: 409/4096
2025-08-22 11:33:31,829 | INFO | FPS progress: 818/4096
2025-08-22 11:33:31,905 | INFO | FPS progress: 1227/4096
2025-08-22 11:33:31,990 | INFO | FPS progress: 1636/4096
2025-08-22 11:33:32,074 | INFO | FPS progress: 2045/4096
2025-08-22 11:33:32,150 | INFO | FPS progress: 2454/4096
2025-08-22 11:33:32,242 | INFO | FPS progress: 2863/4096
2025-08-22 11:33:32,329 | INFO | FPS progress: 3272/4096
2025-08-22 11:33:32,408 | INFO | FPS progress: 3681/4096
2025-08-22 11:33:32,492 | INFO | FPS progress: 4090/4096
2025-08-22 11:33:32,493 | INFO | Round 1: accumulated=4096, kept=4096 (100.00%), time=845.1 ms
2025-08-22 11:33:32,494 | INFO | Requested samples 4096 >= candidates 4096; returning all indices.
2025-08-22 11:33:32,494 | INFO | Sampled points: (4096, 3), normals: (4096, 3)
2025-08-22 11:33:32,494 | INFO | Sampling time: 845.7 ms
2025-08-22 11:33:32,494 | INFO | Centering only: centroid=[-1.6659517732475757, 79.3278304180431, -1.8360759341038666] | scale fixed to 1.000000 (no scaling)
2025-08-22 11:33:32,494 | INFO | Axis x stats (centered): min=-28.417064, mean=0.000000, std=16.351551, max=33.003426
2025-08-22 11:33:32,494 | INFO | Axis y stats (centered): min=-78.212623, mean=-0.000000, std=41.511188, max=73.098253
2025-08-22 11:33:32,494 | INFO | Axis z stats (centered): min=-9.213531, mean=0.000000, std=2.314759, max=1.822507
2025-08-22 11:33:32,494 | INFO | Centering time: 0.4 ms
2025-08-22 11:33:32,495 | INFO | PCA alignment: explained variance ratio=0.8636, 0.1341, 0.0023
2025-08-22 11:33:32,495 | INFO | Rotation matrix (columns are principal axes):
[[-0.014418  0.998654  0.049823]
 [ 0.999869  0.014031  0.008114]
 [ 0.007404  0.049933 -0.998725]]
2025-08-22 11:33:32,495 | INFO | Rotation matrix det=1.000000
2025-08-22 11:33:32,496 | INFO | Orientation enforcement (concave-to-pos-z (corr_pos=0.3171, corr_neg=-0.3171)): sz=1, width_low=40.752353, width_high=52.165999 -> sx=1, sy=1
2025-08-22 11:33:32,496 | INFO | Orientation signs diag(S)=[1.0, 1.0, 1.0]
2025-08-22 11:33:32,496 | INFO | PCA time: 2.0 ms
2025-08-22 11:33:32,496 | INFO | Requested samples 4096 >= candidates 4096; returning all indices.
2025-08-22 11:33:32,496 | INFO | Final points: (4096, 3), normals: (4096, 3)
2025-08-22 11:33:32,497 | INFO | Aligned normalized AABB min=[-78.30389560542548, -29.030160167975804, -2.106509647127152] max=[73.21981591406669, 33.48439085329696, 8.39311963715182]
2025-08-22 11:33:32,497 | INFO | Final radii percentiles: p5=12.237741, p50=39.808603, p95=71.022361; centroid_norm=0.000000
2025-08-22 11:33:32,497 | INFO | Axis x stats (final): min=-78.303896, mean=-0.000000, std=41.516003, max=73.219816
2025-08-22 11:33:32,497 | INFO | Axis y stats (final): min=-29.030160, mean=-0.000000, std=16.362265, max=33.484391
2025-08-22 11:33:32,497 | INFO | Axis z stats (final): min=-2.106510, mean=-0.000000, std=2.146591, max=8.393120
2025-08-22 11:33:32,497 | INFO | Normal lengths: min=1.000000, mean=1.000000, max=1.000000
2025-08-22 11:33:32,498 | INFO | Final FPS time: 1.2 ms
2025-08-22 11:33:32,507 | INFO | Saved bundle (npz): D:\Cursor Repos\From p2p\data\pointcloud\feet\085_foot_L.npz | points=(4096, 3) normals=(4096, 3)
2025-08-22 11:33:32,507 | INFO | Completed successfully.
