2025-08-22 11:33:35,305 | INFO | Input STL: D:\Cursor Repos\From p2p\data\raw\feet\087_foot_L.stl
2025-08-22 11:33:35,305 | INFO | Output log: D:\Cursor Repos\From p2p\Log\preprocess\feet\087_foot_L.log
2025-08-22 11:33:35,305 | INFO | Parameters: num_points=4096, candidate_multiplier=4, z_low_percent=None, z_high_percent=None, seed=None
2025-08-22 11:33:35,305 | INFO | File: size_bytes=1128184, mtime=2025-08-14 09:40:11
2025-08-22 11:33:35,305 | INFO | Env: python=3.11.13, numpy=2.3.2, trimesh=4.7.4, platform=Windows-10-10.0.26100-SP0
2025-08-22 11:33:35,345 | INFO | Mesh: vertices=11770, faces=22562
2025-08-22 11:33:35,356 | WARNING | Mesh is not watertight; surface sampling may include boundary artifacts
2025-08-22 11:33:35,360 | INFO | Mesh surface area: 21458.384042
2025-08-22 11:33:35,367 | INFO | Mesh volume: 95014.431103
2025-08-22 11:33:35,368 | INFO | Mesh AABB min=[-46.37287139892578, 0.0, -23.615222930908203] max=[45.766353607177734, 253.81854248046875, 0.0]
2025-08-22 11:33:35,368 | INFO | Boundary edges: 0
2025-08-22 11:33:35,368 | INFO | Load mesh time: 63.2 ms
2025-08-22 11:33:35,424 | INFO | Surface sampling: candidates=16384 (target=4096, multiplier=4)
2025-08-22 11:33:35,433 | INFO | Running Farthest Point Sampling (FPS) to enforce even spacing
2025-08-22 11:33:35,509 | INFO | FPS progress: 409/4096
2025-08-22 11:33:35,586 | INFO | FPS progress: 818/4096
2025-08-22 11:33:35,666 | INFO | FPS progress: 1227/4096
2025-08-22 11:33:35,744 | INFO | FPS progress: 1636/4096
2025-08-22 11:33:35,821 | INFO | FPS progress: 2045/4096
2025-08-22 11:33:35,902 | INFO | FPS progress: 2454/4096
2025-08-22 11:33:35,978 | INFO | FPS progress: 2863/4096
2025-08-22 11:33:36,055 | INFO | FPS progress: 3272/4096
2025-08-22 11:33:36,139 | INFO | FPS progress: 3681/4096
2025-08-22 11:33:36,233 | INFO | FPS progress: 4090/4096
2025-08-22 11:33:36,235 | INFO | Round 1: accumulated=4096, kept=4096 (100.00%), time=810.3 ms
2025-08-22 11:33:36,235 | INFO | Requested samples 4096 >= candidates 4096; returning all indices.
2025-08-22 11:33:36,235 | INFO | Sampled points: (4096, 3), normals: (4096, 3)
2025-08-22 11:33:36,235 | INFO | Sampling time: 810.8 ms
2025-08-22 11:33:36,235 | INFO | Centering only: centroid=[-3.601791854183317, 130.71863975803754, -3.334075329444944] | scale fixed to 1.000000 (no scaling)
2025-08-22 11:33:36,235 | INFO | Axis x stats (centered): min=-42.557579, mean=0.000000, std=23.756219, max=49.125082
2025-08-22 11:33:36,236 | INFO | Axis y stats (centered): min=-130.624714, mean=0.000000, std=69.369678, max=122.815340
2025-08-22 11:33:36,236 | INFO | Axis z stats (centered): min=-20.082159, mean=0.000000, std=3.729999, max=3.252393
2025-08-22 11:33:36,236 | INFO | Centering time: 0.5 ms
2025-08-22 11:33:36,236 | INFO | PCA alignment: explained variance ratio=0.8929, 0.1051, 0.0021
2025-08-22 11:33:36,236 | INFO | Rotation matrix (columns are principal axes):
[[-0.004384  0.998188  0.060007]
 [ 0.999906  0.003597  0.013222]
 [ 0.012982  0.060059 -0.99811 ]]
2025-08-22 11:33:36,236 | INFO | Rotation matrix det=1.000000
2025-08-22 11:33:36,238 | INFO | Orientation enforcement (concave-to-pos-z (corr_pos=0.2489, corr_neg=-0.2489)): sz=1, width_low=57.574689, width_high=78.094835 -> sx=1, sy=1
2025-08-22 11:33:36,238 | INFO | Orientation signs diag(S)=[1.0, 1.0, 1.0]
2025-08-22 11:33:36,238 | INFO | PCA time: 2.8 ms
2025-08-22 11:33:36,238 | INFO | Requested samples 4096 >= candidates 4096; returning all indices.
2025-08-22 11:33:36,238 | INFO | Final points: (4096, 3), normals: (4096, 3)
2025-08-22 11:33:36,239 | INFO | Aligned normalized AABB min=[-130.85902731090738, -43.48975650537768, -4.082677382982027] max=[122.85520210142751, 49.21467126516369, 17.87417341952075]
2025-08-22 11:33:36,239 | INFO | Final radii percentiles: p5=19.058708, p50=63.984872, p95=120.257850; centroid_norm=0.000000
2025-08-22 11:33:36,239 | INFO | Axis x stats (final): min=-130.859027, mean=0.000000, std=69.376124, max=122.855202
2025-08-22 11:33:36,239 | INFO | Axis y stats (final): min=-43.489757, mean=0.000000, std=23.796542, max=49.214671
2025-08-22 11:33:36,239 | INFO | Axis z stats (final): min=-4.082677, mean=-0.000000, std=3.331813, max=17.874173
2025-08-22 11:33:36,240 | INFO | Normal lengths: min=1.000000, mean=1.000000, max=1.000000
2025-08-22 11:33:36,240 | INFO | Final FPS time: 1.5 ms
2025-08-22 11:33:36,250 | INFO | Saved bundle (npz): D:\Cursor Repos\From p2p\data\pointcloud\feet\087_foot_L.npz | points=(4096, 3) normals=(4096, 3)
2025-08-22 11:33:36,250 | INFO | Completed successfully.
