2025-08-19 12:56:14,115 | INFO | Input STL: D:\Cursor Repos\From p2p\data\raw\feet\092_foot_R.stl
2025-08-19 12:56:14,115 | INFO | Output log: D:\Cursor Repos\From p2p\Log\preprocess\feet\092_foot_R.log
2025-08-19 12:56:14,115 | INFO | Parameters: num_points=4096, candidate_multiplier=4, z_low_percent=None, z_high_percent=None, seed=None
2025-08-19 12:56:14,115 | INFO | File: size_bytes=1278834, mtime=2025-08-14 09:38:49
2025-08-19 12:56:14,115 | INFO | Env: python=3.11.13, numpy=2.1.2, trimesh=4.7.4, platform=Windows-10-10.0.26100-SP0
2025-08-19 12:56:14,168 | INFO | Mesh: vertices=13188, faces=25575
2025-08-19 12:56:14,181 | WARNING | Mesh is not watertight; surface sampling may include boundary artifacts
2025-08-19 12:56:14,186 | INFO | Mesh surface area: 22980.865345
2025-08-19 12:56:14,194 | INFO | Mesh volume: 129408.767719
2025-08-19 12:56:14,196 | INFO | Mesh AABB min=[-51.2883415222168, 0.0, -19.71164894104004] max=[51.403072357177734, 251.15911865234375, 0.0]
2025-08-19 12:56:14,196 | INFO | Boundary edges: 0
2025-08-19 12:56:14,196 | INFO | Load mesh time: 81.1 ms
2025-08-19 12:56:14,196 | INFO | Surface sampling: candidates=16384 (target=4096, multiplier=4)
2025-08-19 12:56:14,206 | INFO | Running Farthest Point Sampling (FPS) to enforce even spacing
2025-08-19 12:56:14,290 | INFO | FPS progress: 409/4096
2025-08-19 12:56:14,366 | INFO | FPS progress: 818/4096
2025-08-19 12:56:14,443 | INFO | FPS progress: 1227/4096
2025-08-19 12:56:14,524 | INFO | FPS progress: 1636/4096
2025-08-19 12:56:14,604 | INFO | FPS progress: 2045/4096
2025-08-19 12:56:14,684 | INFO | FPS progress: 2454/4096
2025-08-19 12:56:14,768 | INFO | FPS progress: 2863/4096
2025-08-19 12:56:14,849 | INFO | FPS progress: 3272/4096
2025-08-19 12:56:14,937 | INFO | FPS progress: 3681/4096
2025-08-19 12:56:15,022 | INFO | FPS progress: 4090/4096
2025-08-19 12:56:15,025 | INFO | Round 1: accumulated=4096, kept=4096 (100.00%), time=828.9 ms
2025-08-19 12:56:15,025 | INFO | Requested samples 4096 >= candidates 4096; returning all indices.
2025-08-19 12:56:15,025 | INFO | Sampled points: (4096, 3), normals: (4096, 3)
2025-08-19 12:56:15,025 | INFO | Sampling time: 829.3 ms
2025-08-19 12:56:15,026 | INFO | Centering only: centroid=[1.9760173047538516, 132.01508226826184, -2.796382459911104] | scale fixed to 1.000000 (no scaling)
2025-08-19 12:56:15,026 | INFO | Axis x stats (centered): min=-53.065706, mean=-0.000000, std=26.012355, max=49.274355
2025-08-19 12:56:15,026 | INFO | Axis y stats (centered): min=-131.629692, mean=0.000000, std=69.108666, max=118.757675
2025-08-19 12:56:15,026 | INFO | Axis z stats (centered): min=-16.866749, mean=0.000000, std=3.762532, max=2.783760
2025-08-19 12:56:15,026 | INFO | Centering time: 0.5 ms
2025-08-19 12:56:15,026 | INFO | PCA alignment: explained variance ratio=0.8738, 0.1237, 0.0024
2025-08-19 12:56:15,027 | INFO | Rotation matrix (columns are principal axes):
[[-0.01285  -0.999601 -0.025146]
 [-0.999869  0.012598  0.010153]
 [-0.009832  0.025273 -0.999632]]
2025-08-19 12:56:15,027 | INFO | Rotation matrix det=1.000000
2025-08-19 12:56:15,027 | INFO | Orientation enforcement: mean_nz=-0.861960 -> sz=-1, width_low=87.366288, width_high=63.095054 -> sx=-1, sy=1
2025-08-19 12:56:15,028 | INFO | Orientation signs diag(S)=[-1.0, 1.0, -1.0]
2025-08-19 12:56:15,028 | INFO | PCA time: 1.7 ms
2025-08-19 12:56:15,028 | INFO | Requested samples 4096 >= candidates 4096; returning all indices.
2025-08-19 12:56:15,028 | INFO | Final points: (4096, 3), normals: (4096, 3)
2025-08-19 12:56:15,028 | INFO | Aligned normalized AABB min=[-131.84443893669484, -48.41829297303995, -15.562732217627213] max=[119.09924736942128, 53.457359650469385, 4.110389689578516]
2025-08-19 12:56:15,029 | INFO | Final radii percentiles: p5=19.229624, p50=65.638215, p95=118.732372; centroid_norm=0.000000
2025-08-19 12:56:15,029 | INFO | Axis x stats (final): min=-131.844439, mean=0.000000, std=69.116927, max=119.099247
2025-08-19 12:56:15,029 | INFO | Axis y stats (final): min=-48.418293, mean=0.000000, std=26.007398, max=53.457360
2025-08-19 12:56:15,029 | INFO | Axis z stats (final): min=-15.562732, mean=0.000000, std=3.643153, max=4.110390
2025-08-19 12:56:15,029 | INFO | Normal lengths: min=1.000000, mean=1.000000, max=1.000000
2025-08-19 12:56:15,029 | INFO | Final FPS time: 1.5 ms
2025-08-19 12:56:15,038 | INFO | Saved bundle (npz): D:\Cursor Repos\From p2p\data\pointcloud\feet\092_foot_R.npz | points=(4096, 3) normals=(4096, 3)
2025-08-19 12:56:15,038 | INFO | Completed successfully.
