2025-08-22 11:33:44,766 | INFO | Input STL: D:\Cursor Repos\From p2p\data\raw\feet\092_foot_L.stl
2025-08-22 11:33:44,766 | INFO | Output log: D:\Cursor Repos\From p2p\Log\preprocess\feet\092_foot_L.log
2025-08-22 11:33:44,766 | INFO | Parameters: num_points=4096, candidate_multiplier=4, z_low_percent=None, z_high_percent=None, seed=None
2025-08-22 11:33:44,767 | INFO | File: size_bytes=1347134, mtime=2025-08-14 09:38:48
2025-08-22 11:33:44,767 | INFO | Env: python=3.11.13, numpy=2.3.2, trimesh=4.7.4, platform=Windows-10-10.0.26100-SP0
2025-08-22 11:33:44,814 | INFO | Mesh: vertices=13825, faces=26941
2025-08-22 11:33:44,829 | WARNING | Mesh is not watertight; surface sampling may include boundary artifacts
2025-08-22 11:33:44,832 | INFO | Mesh surface area: 23024.790380
2025-08-22 11:33:44,840 | INFO | Mesh volume: 153431.302599
2025-08-22 11:33:44,843 | INFO | Mesh AABB min=[-50.31203842163086, 0.0, -27.46515464782715] max=[50.733253479003906, 247.98779296875, 0.0]
2025-08-22 11:33:44,843 | INFO | Boundary edges: 0
2025-08-22 11:33:44,843 | INFO | Load mesh time: 75.8 ms
2025-08-22 11:33:44,888 | INFO | Surface sampling: candidates=16384 (target=4096, multiplier=4)
2025-08-22 11:33:44,897 | INFO | Running Farthest Point Sampling (FPS) to enforce even spacing
2025-08-22 11:33:45,008 | INFO | FPS progress: 409/4096
2025-08-22 11:33:45,127 | INFO | FPS progress: 818/4096
2025-08-22 11:33:45,197 | INFO | FPS progress: 1227/4096
2025-08-22 11:33:45,268 | INFO | FPS progress: 1636/4096
2025-08-22 11:33:45,345 | INFO | FPS progress: 2045/4096
2025-08-22 11:33:45,425 | INFO | FPS progress: 2454/4096
2025-08-22 11:33:45,504 | INFO | FPS progress: 2863/4096
2025-08-22 11:33:45,587 | INFO | FPS progress: 3272/4096
2025-08-22 11:33:45,668 | INFO | FPS progress: 3681/4096
2025-08-22 11:33:45,753 | INFO | FPS progress: 4090/4096
2025-08-22 11:33:45,755 | INFO | Round 1: accumulated=4096, kept=4096 (100.00%), time=866.7 ms
2025-08-22 11:33:45,755 | INFO | Requested samples 4096 >= candidates 4096; returning all indices.
2025-08-22 11:33:45,755 | INFO | Sampled points: (4096, 3), normals: (4096, 3)
2025-08-22 11:33:45,755 | INFO | Sampling time: 867.0 ms
2025-08-22 11:33:45,755 | INFO | Centering only: centroid=[-2.3169456945282954, 129.06681203556607, -4.2598092714958415] | scale fixed to 1.000000 (no scaling)
2025-08-22 11:33:45,755 | INFO | Axis x stats (centered): min=-47.800940, mean=-0.000000, std=25.914615, max=52.849695
2025-08-22 11:33:45,755 | INFO | Axis y stats (centered): min=-128.718432, mean=0.000000, std=67.766635, max=118.728066
2025-08-22 11:33:45,755 | INFO | Axis z stats (centered): min=-22.940080, mean=-0.000000, std=4.739921, max=3.474013
2025-08-22 11:33:45,755 | INFO | Centering time: 0.4 ms
2025-08-22 11:33:45,756 | INFO | PCA alignment: explained variance ratio=0.8689, 0.1277, 0.0033
2025-08-22 11:33:45,756 | INFO | Rotation matrix (columns are principal axes):
[[-0.013971  0.996498  0.08244 ]
 [ 0.999862  0.01318   0.010126]
 [ 0.009004  0.08257  -0.996545]]
2025-08-22 11:33:45,756 | INFO | Rotation matrix det=1.000000
2025-08-22 11:33:45,757 | INFO | Orientation enforcement (concave-to-pos-z (corr_pos=0.1308, corr_neg=-0.1308)): sz=1, width_low=64.016132, width_high=85.075076 -> sx=1, sy=1
2025-08-22 11:33:45,757 | INFO | Orientation signs diag(S)=[1.0, 1.0, 1.0]
2025-08-22 11:33:45,757 | INFO | PCA time: 1.9 ms
2025-08-22 11:33:45,757 | INFO | Requested samples 4096 >= candidates 4096; returning all indices.
2025-08-22 11:33:45,758 | INFO | Final points: (4096, 3), normals: (4096, 3)
2025-08-22 11:33:45,758 | INFO | Aligned normalized AABB min=[-128.84931037928678, -47.007561990052544, -5.306384386229669] max=[118.97115302294776, 53.01813605063171, 18.92067498928477]
2025-08-22 11:33:45,758 | INFO | Final radii percentiles: p5=19.494733, p50=64.588284, p95=116.877211; centroid_norm=0.000000
2025-08-22 11:33:45,758 | INFO | Axis x stats (final): min=-128.849310, mean=0.000000, std=67.775119, max=118.971153
2025-08-22 11:33:45,758 | INFO | Axis y stats (final): min=-47.007562, mean=-0.000000, std=25.986002, max=53.018136
2025-08-22 11:33:45,758 | INFO | Axis z stats (final): min=-5.306384, mean=0.000000, std=4.196664, max=18.920675
2025-08-22 11:33:45,759 | INFO | Normal lengths: min=1.000000, mean=1.000000, max=1.000000
2025-08-22 11:33:45,759 | INFO | Final FPS time: 1.2 ms
2025-08-22 11:33:45,768 | INFO | Saved bundle (npz): D:\Cursor Repos\From p2p\data\pointcloud\feet\092_foot_L.npz | points=(4096, 3) normals=(4096, 3)
2025-08-22 11:33:45,768 | INFO | Completed successfully.
