2025-08-19 12:56:15,995 | INFO | Input STL: D:\Cursor Repos\From p2p\data\raw\feet\093_foot_R.stl
2025-08-19 12:56:15,995 | INFO | Output log: D:\Cursor Repos\From p2p\Log\preprocess\feet\093_foot_R.log
2025-08-19 12:56:15,995 | INFO | Parameters: num_points=4096, candidate_multiplier=4, z_low_percent=None, z_high_percent=None, seed=None
2025-08-19 12:56:15,995 | INFO | File: size_bytes=1241434, mtime=2025-08-14 09:54:33
2025-08-19 12:56:15,995 | INFO | Env: python=3.11.13, numpy=2.1.2, trimesh=4.7.4, platform=Windows-10-10.0.26100-SP0
2025-08-19 12:56:16,037 | INFO | Mesh: vertices=12841, faces=24827
2025-08-19 12:56:16,050 | WARNING | Mesh is not watertight; surface sampling may include boundary artifacts
2025-08-19 12:56:16,053 | INFO | Mesh surface area: 23966.295643
2025-08-19 12:56:16,063 | INFO | Mesh volume: 146090.048945
2025-08-19 12:56:16,065 | INFO | Mesh AABB min=[-52.2973747253418, 0.0, -26.301115036010742] max=[49.86207962036133, 259.9481201171875, 0.0]
2025-08-19 12:56:16,065 | INFO | Boundary edges: 0
2025-08-19 12:56:16,065 | INFO | Load mesh time: 69.5 ms
2025-08-19 12:56:16,065 | INFO | Surface sampling: candidates=16384 (target=4096, multiplier=4)
2025-08-19 12:56:16,074 | INFO | Running Farthest Point Sampling (FPS) to enforce even spacing
2025-08-19 12:56:16,157 | INFO | FPS progress: 409/4096
2025-08-19 12:56:16,241 | INFO | FPS progress: 818/4096
2025-08-19 12:56:16,321 | INFO | FPS progress: 1227/4096
2025-08-19 12:56:16,401 | INFO | FPS progress: 1636/4096
2025-08-19 12:56:16,484 | INFO | FPS progress: 2045/4096
2025-08-19 12:56:16,568 | INFO | FPS progress: 2454/4096
2025-08-19 12:56:16,656 | INFO | FPS progress: 2863/4096
2025-08-19 12:56:16,739 | INFO | FPS progress: 3272/4096
2025-08-19 12:56:16,821 | INFO | FPS progress: 3681/4096
2025-08-19 12:56:16,904 | INFO | FPS progress: 4090/4096
2025-08-19 12:56:16,906 | INFO | Round 1: accumulated=4096, kept=4096 (100.00%), time=840.9 ms
2025-08-19 12:56:16,906 | INFO | Requested samples 4096 >= candidates 4096; returning all indices.
2025-08-19 12:56:16,906 | INFO | Sampled points: (4096, 3), normals: (4096, 3)
2025-08-19 12:56:16,906 | INFO | Sampling time: 841.5 ms
2025-08-19 12:56:16,907 | INFO | Centering only: centroid=[3.3231682814941226, 133.18398777766657, -3.6391033052808686] | scale fixed to 1.000000 (no scaling)
2025-08-19 12:56:16,907 | INFO | Axis x stats (centered): min=-55.532171, mean=0.000000, std=25.863389, max=46.197279
2025-08-19 12:56:16,907 | INFO | Axis y stats (centered): min=-133.075479, mean=0.000000, std=71.088811, max=126.424045
2025-08-19 12:56:16,907 | INFO | Axis z stats (centered): min=-22.030257, mean=-0.000000, std=4.522480, max=3.611511
2025-08-19 12:56:16,907 | INFO | Centering time: 0.7 ms
2025-08-19 12:56:16,907 | INFO | PCA alignment: explained variance ratio=0.8805, 0.1165, 0.0030
2025-08-19 12:56:16,907 | INFO | Rotation matrix (columns are principal axes):
[[-0.023429 -0.997906 -0.060284]
 [-0.999652  0.022652  0.013541]
 [-0.012147  0.06058  -0.998089]]
2025-08-19 12:56:16,907 | INFO | Rotation matrix det=1.000000
2025-08-19 12:56:16,909 | INFO | Orientation enforcement: mean_nz=-0.849966 -> sz=-1, width_low=73.326749, width_high=64.633116 -> sx=-1, sy=1
2025-08-19 12:56:16,909 | INFO | Orientation signs diag(S)=[-1.0, 1.0, -1.0]
2025-08-19 12:56:16,909 | INFO | PCA time: 1.1 ms
2025-08-19 12:56:16,909 | INFO | Requested samples 4096 >= candidates 4096; returning all indices.
2025-08-19 12:56:16,909 | INFO | Final points: (4096, 3), normals: (4096, 3)
2025-08-19 12:56:16,909 | INFO | Aligned normalized AABB min=[-133.37320387019543, -44.963146301458025, -18.713230263615092] max=[127.11060779498254, 56.39625855621278, 5.765611724715439]
2025-08-19 12:56:16,909 | INFO | Final radii percentiles: p5=19.680267, p50=67.648780, p95=122.894535; centroid_norm=0.000000
2025-08-19 12:56:16,909 | INFO | Axis x stats (final): min=-133.373204, mean=0.000000, std=71.111142, max=127.110608
2025-08-19 12:56:16,909 | INFO | Axis y stats (final): min=-44.963146, mean=-0.000000, std=25.862601, max=56.396259
2025-08-19 12:56:16,910 | INFO | Axis z stats (final): min=-18.713230, mean=-0.000000, std=4.161503, max=5.765612
2025-08-19 12:56:16,910 | INFO | Normal lengths: min=1.000000, mean=1.000000, max=1.000000
2025-08-19 12:56:16,910 | INFO | Final FPS time: 1.2 ms
2025-08-19 12:56:16,920 | INFO | Saved bundle (npz): D:\Cursor Repos\From p2p\data\pointcloud\feet\093_foot_R.npz | points=(4096, 3) normals=(4096, 3)
2025-08-19 12:56:16,920 | INFO | Completed successfully.
