2025-08-19 12:56:15,040 | INFO | Input STL: D:\Cursor Repos\From p2p\data\raw\feet\093_foot_L.stl
2025-08-19 12:56:15,041 | INFO | Output log: D:\Cursor Repos\From p2p\Log\preprocess\feet\093_foot_L.log
2025-08-19 12:56:15,041 | INFO | Parameters: num_points=4096, candidate_multiplier=4, z_low_percent=None, z_high_percent=None, seed=None
2025-08-19 12:56:15,041 | INFO | File: size_bytes=1261584, mtime=2025-08-14 09:54:31
2025-08-19 12:56:15,041 | INFO | Env: python=3.11.13, numpy=2.1.2, trimesh=4.7.4, platform=Windows-10-10.0.26100-SP0
2025-08-19 12:56:15,083 | INFO | Mesh: vertices=13040, faces=25230
2025-08-19 12:56:15,097 | WARNING | Mesh is not watertight; surface sampling may include boundary artifacts
2025-08-19 12:56:15,101 | INFO | Mesh surface area: 24309.894054
2025-08-19 12:56:15,110 | INFO | Mesh volume: 141745.044114
2025-08-19 12:56:15,113 | INFO | Mesh AABB min=[-50.87046813964844, 0.0, -26.832605361938477] max=[50.2884635925293, 260.800537109375, 0.0]
2025-08-19 12:56:15,113 | INFO | Boundary edges: 0
2025-08-19 12:56:15,113 | INFO | Load mesh time: 72.3 ms
2025-08-19 12:56:15,113 | INFO | Surface sampling: candidates=16384 (target=4096, multiplier=4)
2025-08-19 12:56:15,125 | INFO | Running Farthest Point Sampling (FPS) to enforce even spacing
2025-08-19 12:56:15,219 | INFO | FPS progress: 409/4096
2025-08-19 12:56:15,309 | INFO | FPS progress: 818/4096
2025-08-19 12:56:15,390 | INFO | FPS progress: 1227/4096
2025-08-19 12:56:15,474 | INFO | FPS progress: 1636/4096
2025-08-19 12:56:15,557 | INFO | FPS progress: 2045/4096
2025-08-19 12:56:15,639 | INFO | FPS progress: 2454/4096
2025-08-19 12:56:15,725 | INFO | FPS progress: 2863/4096
2025-08-19 12:56:15,809 | INFO | FPS progress: 3272/4096
2025-08-19 12:56:15,895 | INFO | FPS progress: 3681/4096
2025-08-19 12:56:15,980 | INFO | FPS progress: 4090/4096
2025-08-19 12:56:15,981 | INFO | Round 1: accumulated=4096, kept=4096 (100.00%), time=868.1 ms
2025-08-19 12:56:15,981 | INFO | Requested samples 4096 >= candidates 4096; returning all indices.
2025-08-19 12:56:15,981 | INFO | Sampled points: (4096, 3), normals: (4096, 3)
2025-08-19 12:56:15,981 | INFO | Sampling time: 868.6 ms
2025-08-19 12:56:15,981 | INFO | Centering only: centroid=[-3.1829213015167834, 136.7656829913283, -6.662211946795332] | scale fixed to 1.000000 (no scaling)
2025-08-19 12:56:15,981 | INFO | Axis x stats (centered): min=-47.402091, mean=0.000000, std=25.797388, max=53.332981
2025-08-19 12:56:15,981 | INFO | Axis y stats (centered): min=-136.665440, mean=-0.000000, std=71.557092, max=123.607736
2025-08-19 12:56:15,982 | INFO | Axis z stats (centered): min=-19.689780, mean=-0.000000, std=4.342411, max=6.434299
2025-08-19 12:56:15,982 | INFO | Centering time: 0.5 ms
2025-08-19 12:56:15,982 | INFO | PCA alignment: explained variance ratio=0.8825, 0.1149, 0.0026
2025-08-19 12:56:15,982 | INFO | Rotation matrix (columns are principal axes):
[[-0.021498  0.99708   0.073274]
 [ 0.999722  0.020726  0.011275]
 [ 0.009724  0.073496 -0.997248]]
2025-08-19 12:56:15,982 | INFO | Rotation matrix det=1.000000
2025-08-19 12:56:15,982 | INFO | Orientation enforcement: mean_nz=-0.843059 -> sz=-1, width_low=64.635115, width_high=80.300908 -> sx=1, sy=-1
2025-08-19 12:56:15,984 | INFO | Orientation signs diag(S)=[1.0, -1.0, -1.0]
2025-08-19 12:56:15,984 | INFO | PCA time: 1.2 ms
2025-08-19 12:56:15,984 | INFO | Requested samples 4096 >= candidates 4096; returning all indices.
2025-08-19 12:56:15,984 | INFO | Final points: (4096, 3), normals: (4096, 3)
2025-08-19 12:56:15,984 | INFO | Aligned normalized AABB min=[-136.87026350669336, -53.70864500982092, -17.187937995698615] max=[124.20653932618913, 46.50139322994395, 4.857102192078343]
2025-08-19 12:56:15,984 | INFO | Final radii percentiles: p5=19.695588, p50=67.906516, p95=123.833703; centroid_norm=0.000000
2025-08-19 12:56:15,984 | INFO | Axis x stats (final): min=-136.870264, mean=-0.000000, std=71.575004, max=124.206539
2025-08-19 12:56:15,984 | INFO | Axis y stats (final): min=-53.708645, mean=0.000000, std=25.825317, max=46.501393
2025-08-19 12:56:15,984 | INFO | Axis z stats (final): min=-17.187938, mean=-0.000000, std=3.853715, max=4.857102
2025-08-19 12:56:15,984 | INFO | Normal lengths: min=1.000000, mean=1.000000, max=1.000000
2025-08-19 12:56:15,984 | INFO | Final FPS time: 1.2 ms
2025-08-19 12:56:15,994 | INFO | Saved bundle (npz): D:\Cursor Repos\From p2p\data\pointcloud\feet\093_foot_L.npz | points=(4096, 3) normals=(4096, 3)
2025-08-19 12:56:15,994 | INFO | Completed successfully.
