2025-08-22 11:33:48,573 | INFO | Input STL: D:\Cursor Repos\From p2p\data\raw\feet\094_foot_L.stl
2025-08-22 11:33:48,573 | INFO | Output log: D:\Cursor Repos\From p2p\Log\preprocess\feet\094_foot_L.log
2025-08-22 11:33:48,573 | INFO | Parameters: num_points=4096, candidate_multiplier=4, z_low_percent=None, z_high_percent=None, seed=None
2025-08-22 11:33:48,573 | INFO | File: size_bytes=1384734, mtime=2025-08-14 09:37:26
2025-08-22 11:33:48,573 | INFO | Env: python=3.11.13, numpy=2.3.2, trimesh=4.7.4, platform=Windows-10-10.0.26100-SP0
2025-08-22 11:33:48,625 | INFO | Mesh: vertices=14210, faces=27693
2025-08-22 11:33:48,639 | WARNING | Mesh is not watertight; surface sampling may include boundary artifacts
2025-08-22 11:33:48,642 | INFO | Mesh surface area: 8726.723414
2025-08-22 11:33:48,652 | INFO | Mesh volume: 36153.222778
2025-08-22 11:33:48,655 | INFO | Mesh AABB min=[-32.4975700378418, 0.0, -12.006781578063965] max=[33.82472610473633, 148.62185668945312, 0.0]
2025-08-22 11:33:48,655 | INFO | Boundary edges: 0
2025-08-22 11:33:48,655 | INFO | Load mesh time: 82.0 ms
2025-08-22 11:33:48,698 | INFO | Surface sampling: candidates=16384 (target=4096, multiplier=4)
2025-08-22 11:33:48,710 | INFO | Running Farthest Point Sampling (FPS) to enforce even spacing
2025-08-22 11:33:48,793 | INFO | FPS progress: 409/4096
2025-08-22 11:33:48,875 | INFO | FPS progress: 818/4096
2025-08-22 11:33:48,954 | INFO | FPS progress: 1227/4096
2025-08-22 11:33:49,031 | INFO | FPS progress: 1636/4096
2025-08-22 11:33:49,109 | INFO | FPS progress: 2045/4096
2025-08-22 11:33:49,189 | INFO | FPS progress: 2454/4096
2025-08-22 11:33:49,271 | INFO | FPS progress: 2863/4096
2025-08-22 11:33:49,351 | INFO | FPS progress: 3272/4096
2025-08-22 11:33:49,435 | INFO | FPS progress: 3681/4096
2025-08-22 11:33:49,521 | INFO | FPS progress: 4090/4096
2025-08-22 11:33:49,523 | INFO | Round 1: accumulated=4096, kept=4096 (100.00%), time=825.2 ms
2025-08-22 11:33:49,523 | INFO | Requested samples 4096 >= candidates 4096; returning all indices.
2025-08-22 11:33:49,523 | INFO | Sampled points: (4096, 3), normals: (4096, 3)
2025-08-22 11:33:49,523 | INFO | Sampling time: 825.9 ms
2025-08-22 11:33:49,525 | INFO | Centering only: centroid=[-1.5464025333459428, 76.62556819871354, -1.958811235237948] | scale fixed to 1.000000 (no scaling)
2025-08-22 11:33:49,525 | INFO | Axis x stats (centered): min=-30.727467, mean=-0.000000, std=16.762237, max=35.196627
2025-08-22 11:33:49,525 | INFO | Axis y stats (centered): min=-76.613899, mean=0.000000, std=40.071280, max=71.406374
2025-08-22 11:33:49,525 | INFO | Axis z stats (centered): min=-10.029287, mean=-0.000000, std=2.226251, max=1.876024
2025-08-22 11:33:49,525 | INFO | Centering time: 0.6 ms
2025-08-22 11:33:49,525 | INFO | PCA alignment: explained variance ratio=0.8490, 0.1486, 0.0024
2025-08-22 11:33:49,525 | INFO | Rotation matrix (columns are principal axes):
[[-3.229225e-04  9.997111e-01 -2.403415e-02]
 [-9.999147e-01 -6.365551e-04 -1.304295e-02]
 [-1.305448e-02  2.402789e-02  9.996261e-01]]
2025-08-22 11:33:49,526 | INFO | Rotation matrix det=1.000000
2025-08-22 11:33:49,526 | INFO | Orientation enforcement (concave-to-pos-z (corr_pos=-0.4384, corr_neg=0.4384)): sz=-1, width_low=49.574622, width_high=38.686062 -> sx=-1, sy=1
2025-08-22 11:33:49,526 | INFO | Orientation signs diag(S)=[-1.0, 1.0, -1.0]
2025-08-22 11:33:49,527 | INFO | PCA time: 1.5 ms
2025-08-22 11:33:49,527 | INFO | Requested samples 4096 >= candidates 4096; returning all indices.
2025-08-22 11:33:49,527 | INFO | Final points: (4096, 3), normals: (4096, 3)
2025-08-22 11:33:49,527 | INFO | Aligned normalized AABB min=[-76.73789394860385, -30.863852131183823, -2.0441346876137585] max=[71.35465146415329, 35.10907837360388, 9.110960534069905]
2025-08-22 11:33:49,527 | INFO | Final radii percentiles: p5=11.910357, p50=38.462526, p95=69.718523; centroid_norm=0.000000
2025-08-22 11:33:49,527 | INFO | Axis x stats (final): min=-76.737894, mean=0.000000, std=40.074686, max=71.354651
2025-08-22 11:33:49,527 | INFO | Axis y stats (final): min=-30.863852, mean=-0.000000, std=16.766998, max=35.109078
2025-08-22 11:33:49,528 | INFO | Axis z stats (final): min=-2.044135, mean=0.000000, std=2.126870, max=9.110961
2025-08-22 11:33:49,528 | INFO | Normal lengths: min=1.000000, mean=1.000000, max=1.000000
2025-08-22 11:33:49,528 | INFO | Final FPS time: 1.4 ms
2025-08-22 11:33:49,536 | INFO | Saved bundle (npz): D:\Cursor Repos\From p2p\data\pointcloud\feet\094_foot_L.npz | points=(4096, 3) normals=(4096, 3)
2025-08-22 11:33:49,536 | INFO | Completed successfully.
