2025-08-22 11:33:50,532 | INFO | Input STL: D:\Cursor Repos\From p2p\data\raw\feet\095_foot_L.stl
2025-08-22 11:33:50,532 | INFO | Output log: D:\Cursor Repos\From p2p\Log\preprocess\feet\095_foot_L.log
2025-08-22 11:33:50,532 | INFO | Parameters: num_points=4096, candidate_multiplier=4, z_low_percent=None, z_high_percent=None, seed=None
2025-08-22 11:33:50,533 | INFO | File: size_bytes=1122384, mtime=2025-08-07 13:32:10
2025-08-22 11:33:50,533 | INFO | Env: python=3.11.13, numpy=2.3.2, trimesh=4.7.4, platform=Windows-10-10.0.26100-SP0
2025-08-22 11:33:50,571 | INFO | Mesh: vertices=11566, faces=22446
2025-08-22 11:33:50,582 | WARNING | Mesh is not watertight; surface sampling may include boundary artifacts
2025-08-22 11:33:50,585 | INFO | Mesh surface area: 22703.675659
2025-08-22 11:33:50,592 | INFO | Mesh volume: 125731.496797
2025-08-22 11:33:50,595 | INFO | Mesh AABB min=[-47.656646728515625, 0.0, -23.235706329345703] max=[47.84284973144531, 262.37939453125, 0.0]
2025-08-22 11:33:50,595 | INFO | Boundary edges: 0
2025-08-22 11:33:50,595 | INFO | Load mesh time: 61.3 ms
2025-08-22 11:33:50,635 | INFO | Surface sampling: candidates=16384 (target=4096, multiplier=4)
2025-08-22 11:33:50,643 | INFO | Running Farthest Point Sampling (FPS) to enforce even spacing
2025-08-22 11:33:50,719 | INFO | FPS progress: 409/4096
2025-08-22 11:33:50,798 | INFO | FPS progress: 818/4096
2025-08-22 11:33:50,877 | INFO | FPS progress: 1227/4096
2025-08-22 11:33:50,957 | INFO | FPS progress: 1636/4096
2025-08-22 11:33:51,041 | INFO | FPS progress: 2045/4096
2025-08-22 11:33:51,121 | INFO | FPS progress: 2454/4096
2025-08-22 11:33:51,196 | INFO | FPS progress: 2863/4096
2025-08-22 11:33:51,276 | INFO | FPS progress: 3272/4096
2025-08-22 11:33:51,355 | INFO | FPS progress: 3681/4096
2025-08-22 11:33:51,435 | INFO | FPS progress: 4090/4096
2025-08-22 11:33:51,437 | INFO | Round 1: accumulated=4096, kept=4096 (100.00%), time=802.6 ms
2025-08-22 11:33:51,438 | INFO | Requested samples 4096 >= candidates 4096; returning all indices.
2025-08-22 11:33:51,438 | INFO | Sampled points: (4096, 3), normals: (4096, 3)
2025-08-22 11:33:51,438 | INFO | Sampling time: 803.0 ms
2025-08-22 11:33:51,438 | INFO | Centering only: centroid=[-0.6592324822285459, 132.81636940156972, -2.4506803551129788] | scale fixed to 1.000000 (no scaling)
2025-08-22 11:33:51,438 | INFO | Axis x stats (centered): min=-46.906713, mean=-0.000000, std=24.180553, max=48.278861
2025-08-22 11:33:51,438 | INFO | Axis y stats (centered): min=-132.800737, mean=0.000000, std=72.410552, max=129.191502
2025-08-22 11:33:51,438 | INFO | Axis z stats (centered): min=-20.699994, mean=0.000000, std=3.556988, max=2.413053
2025-08-22 11:33:51,438 | INFO | Centering time: 0.4 ms
2025-08-22 11:33:51,439 | INFO | PCA alignment: explained variance ratio=0.8980, 0.1001, 0.0019
2025-08-22 11:33:51,439 | INFO | Rotation matrix (columns are principal axes):
[[-0.010273  0.999343  0.034747]
 [ 0.999868  0.009828  0.012949]
 [ 0.012599  0.034875 -0.999312]]
2025-08-22 11:33:51,439 | INFO | Rotation matrix det=1.000000
2025-08-22 11:33:51,440 | INFO | Orientation enforcement (concave-to-pos-z (corr_pos=0.2734, corr_neg=-0.2734)): sz=1, width_low=65.235617, width_high=72.148611 -> sx=1, sy=1
2025-08-22 11:33:51,440 | INFO | Orientation signs diag(S)=[1.0, 1.0, 1.0]
2025-08-22 11:33:51,440 | INFO | PCA time: 1.7 ms
2025-08-22 11:33:51,440 | INFO | Requested samples 4096 >= candidates 4096; returning all indices.
2025-08-22 11:33:51,440 | INFO | Final points: (4096, 3), normals: (4096, 3)
2025-08-22 11:33:51,441 | INFO | Aligned normalized AABB min=[-133.0503283379648, -46.415523304835766, -4.135332679332756] max=[129.09164356710994, 48.62989309497344, 19.150147417699795]
2025-08-22 11:33:51,441 | INFO | Final radii percentiles: p5=18.779098, p50=66.944714, p95=123.631039; centroid_norm=0.000000
2025-08-22 11:33:51,441 | INFO | Axis x stats (final): min=-133.050328, mean=0.000000, std=72.419719, max=129.091644
2025-08-22 11:33:51,441 | INFO | Axis y stats (final): min=-46.415523, mean=0.000000, std=24.184708, max=48.629893
2025-08-22 11:33:51,441 | INFO | Axis z stats (final): min=-4.135333, mean=0.000000, std=3.335194, max=19.150147
2025-08-22 11:33:51,441 | INFO | Normal lengths: min=1.000000, mean=1.000000, max=1.000000
2025-08-22 11:33:51,442 | INFO | Final FPS time: 1.3 ms
2025-08-22 11:33:51,451 | INFO | Saved bundle (npz): D:\Cursor Repos\From p2p\data\pointcloud\feet\095_foot_L.npz | points=(4096, 3) normals=(4096, 3)
2025-08-22 11:33:51,451 | INFO | Completed successfully.
