2025-08-22 11:33:58,076 | INFO | Input STL: D:\Cursor Repos\From p2p\data\raw\feet\099_foot_L.stl
2025-08-22 11:33:58,076 | INFO | Output log: D:\Cursor Repos\From p2p\Log\preprocess\feet\099_foot_L.log
2025-08-22 11:33:58,076 | INFO | Parameters: num_points=4096, candidate_multiplier=4, z_low_percent=None, z_high_percent=None, seed=None
2025-08-22 11:33:58,076 | INFO | File: size_bytes=1286734, mtime=2025-08-13 13:43:55
2025-08-22 11:33:58,076 | INFO | Env: python=3.11.13, numpy=2.3.2, trimesh=4.7.4, platform=Windows-10-10.0.26100-SP0
2025-08-22 11:33:58,121 | INFO | Mesh: vertices=13213, faces=25733
2025-08-22 11:33:58,133 | WARNING | Mesh is not watertight; surface sampling may include boundary artifacts
2025-08-22 11:33:58,136 | INFO | Mesh surface area: 21110.246954
2025-08-22 11:33:58,145 | INFO | Mesh volume: 123306.679779
2025-08-22 11:33:58,147 | INFO | Mesh AABB min=[-49.110206604003906, 0.0, -20.9414005279541] max=[49.148258209228516, 239.2700653076172, 0.0]
2025-08-22 11:33:58,147 | INFO | Boundary edges: 0
2025-08-22 11:33:58,147 | INFO | Load mesh time: 70.9 ms
2025-08-22 11:33:58,214 | INFO | Connected-component cleanup: kept=1, removed=1, kept_area=21050.225001, removed_area=60.057463, removed/kept=0.002853
2025-08-22 11:33:58,214 | INFO | Feet cleanup: kept_area=21050.225001, removed_area=60.057463, components_removed=1
2025-08-22 11:33:58,214 | INFO | Surface sampling: candidates=16384 (target=4096, multiplier=4)
2025-08-22 11:33:58,223 | INFO | Running Farthest Point Sampling (FPS) to enforce even spacing
2025-08-22 11:33:58,314 | INFO | FPS progress: 409/4096
2025-08-22 11:33:58,404 | INFO | FPS progress: 818/4096
2025-08-22 11:33:58,485 | INFO | FPS progress: 1227/4096
2025-08-22 11:33:58,564 | INFO | FPS progress: 1636/4096
2025-08-22 11:33:58,635 | INFO | FPS progress: 2045/4096
2025-08-22 11:33:58,710 | INFO | FPS progress: 2454/4096
2025-08-22 11:33:58,792 | INFO | FPS progress: 2863/4096
2025-08-22 11:33:58,875 | INFO | FPS progress: 3272/4096
2025-08-22 11:33:58,961 | INFO | FPS progress: 3681/4096
2025-08-22 11:33:59,040 | INFO | FPS progress: 4090/4096
2025-08-22 11:33:59,041 | INFO | Round 1: accumulated=4096, kept=4096 (100.00%), time=826.7 ms
2025-08-22 11:33:59,041 | INFO | Requested samples 4096 >= candidates 4096; returning all indices.
2025-08-22 11:33:59,042 | INFO | Sampled points: (4096, 3), normals: (4096, 3)
2025-08-22 11:33:59,042 | INFO | Sampling time: 827.0 ms
2025-08-22 11:33:59,042 | INFO | Centering only: centroid=[-2.170761949388141, 122.58271669131672, -2.6663637744702755] | scale fixed to 1.000000 (no scaling)
2025-08-22 11:33:59,042 | INFO | Axis x stats (centered): min=-46.554890, mean=-0.000000, std=24.891488, max=50.888573
2025-08-22 11:33:59,042 | INFO | Axis y stats (centered): min=-122.417977, mean=-0.000000, std=64.907340, max=116.098044
2025-08-22 11:33:59,042 | INFO | Axis z stats (centered): min=-18.037790, mean=-0.000000, std=3.764810, max=2.656644
2025-08-22 11:33:59,042 | INFO | Centering time: 0.4 ms
2025-08-22 11:33:59,042 | INFO | PCA alignment: explained variance ratio=0.8701, 0.1276, 0.0023
2025-08-22 11:33:59,043 | INFO | Rotation matrix (columns are principal axes):
[[-0.031624  0.997579  0.061937]
 [ 0.999425  0.030804  0.01414 ]
 [ 0.012198  0.062349 -0.99798 ]]
2025-08-22 11:33:59,043 | INFO | Rotation matrix det=1.000000
2025-08-22 11:33:59,043 | INFO | Orientation enforcement (concave-to-pos-z (corr_pos=0.2695, corr_neg=-0.2695)): sz=1, width_low=62.339389, width_high=74.127705 -> sx=1, sy=1
2025-08-22 11:33:59,043 | INFO | Orientation signs diag(S)=[1.0, 1.0, 1.0]
2025-08-22 11:33:59,044 | INFO | PCA time: 1.4 ms
2025-08-22 11:33:59,044 | INFO | Requested samples 4096 >= candidates 4096; returning all indices.
2025-08-22 11:33:59,044 | INFO | Final points: (4096, 3), normals: (4096, 3)
2025-08-22 11:33:59,044 | INFO | Aligned normalized AABB min=[-122.52177501545911, -45.99231957042358, -4.66938257097998] max=[116.06632850499363, 51.65795354603442, 16.552631106618946]
2025-08-22 11:33:59,044 | INFO | Final radii percentiles: p5=18.482612, p50=60.945644, p95=112.411821; centroid_norm=0.000000
2025-08-22 11:33:59,044 | INFO | Axis x stats (final): min=-122.521775, mean=-0.000000, std=64.940117, max=116.066329
2025-08-22 11:33:59,044 | INFO | Axis y stats (final): min=-45.992320, mean=-0.000000, std=24.865963, max=51.657954
2025-08-22 11:33:59,044 | INFO | Axis z stats (final): min=-4.669383, mean=0.000000, std=3.344822, max=16.552631
2025-08-22 11:33:59,045 | INFO | Normal lengths: min=1.000000, mean=1.000000, max=1.000000
2025-08-22 11:33:59,045 | INFO | Final FPS time: 1.6 ms
2025-08-22 11:33:59,053 | INFO | Saved bundle (npz): D:\Cursor Repos\From p2p\data\pointcloud\feet\099_foot_L.npz | points=(4096, 3) normals=(4096, 3)
2025-08-22 11:33:59,053 | INFO | Completed successfully.
