2025-08-22 11:34:00,934 | INFO | Input STL: D:\Cursor Repos\From p2p\data\raw\feet\100_foot_R.stl
2025-08-22 11:34:00,934 | INFO | Output log: D:\Cursor Repos\From p2p\Log\preprocess\feet\100_foot_R.log
2025-08-22 11:34:00,934 | INFO | Parameters: num_points=4096, candidate_multiplier=4, z_low_percent=None, z_high_percent=None, seed=None
2025-08-22 11:34:00,935 | INFO | File: size_bytes=1225884, mtime=2025-08-07 13:32:28
2025-08-22 11:34:00,935 | INFO | Env: python=3.11.13, numpy=2.3.2, trimesh=4.7.4, platform=Windows-10-10.0.26100-SP0
2025-08-22 11:34:00,978 | INFO | Mesh: vertices=12630, faces=24516
2025-08-22 11:34:00,990 | WARNING | Mesh is not watertight; surface sampling may include boundary artifacts
2025-08-22 11:34:00,993 | INFO | Mesh surface area: 18998.991704
2025-08-22 11:34:01,001 | INFO | Mesh volume: 127115.357550
2025-08-22 11:34:01,003 | INFO | Mesh AABB min=[-43.266075134277344, 0.0, -34.37141036987305] max=[45.41061782836914, 233.99522399902344, 0.0]
2025-08-22 11:34:01,003 | INFO | Boundary edges: 0
2025-08-22 11:34:01,003 | INFO | Load mesh time: 68.1 ms
2025-08-22 11:34:01,045 | INFO | Surface sampling: candidates=16384 (target=4096, multiplier=4)
2025-08-22 11:34:01,055 | INFO | Running Farthest Point Sampling (FPS) to enforce even spacing
2025-08-22 11:34:01,133 | INFO | FPS progress: 409/4096
2025-08-22 11:34:01,211 | INFO | FPS progress: 818/4096
2025-08-22 11:34:01,287 | INFO | FPS progress: 1227/4096
2025-08-22 11:34:01,364 | INFO | FPS progress: 1636/4096
2025-08-22 11:34:01,444 | INFO | FPS progress: 2045/4096
2025-08-22 11:34:01,527 | INFO | FPS progress: 2454/4096
2025-08-22 11:34:01,608 | INFO | FPS progress: 2863/4096
2025-08-22 11:34:01,689 | INFO | FPS progress: 3272/4096
2025-08-22 11:34:01,775 | INFO | FPS progress: 3681/4096
2025-08-22 11:34:01,859 | INFO | FPS progress: 4090/4096
2025-08-22 11:34:01,861 | INFO | Round 1: accumulated=4096, kept=4096 (100.00%), time=815.3 ms
2025-08-22 11:34:01,861 | INFO | Requested samples 4096 >= candidates 4096; returning all indices.
2025-08-22 11:34:01,862 | INFO | Sampled points: (4096, 3), normals: (4096, 3)
2025-08-22 11:34:01,862 | INFO | Sampling time: 816.3 ms
2025-08-22 11:34:01,862 | INFO | Centering only: centroid=[4.351017954950146, 119.7458588464498, -3.8222040805236803] | scale fixed to 1.000000 (no scaling)
2025-08-22 11:34:01,862 | INFO | Axis x stats (centered): min=-47.392942, mean=-0.000000, std=22.950730, max=40.860388
2025-08-22 11:34:01,862 | INFO | Axis y stats (centered): min=-119.570332, mean=0.000000, std=64.209891, max=114.054243
2025-08-22 11:34:01,862 | INFO | Axis z stats (centered): min=-29.825067, mean=0.000000, std=5.184556, max=3.808245
2025-08-22 11:34:01,862 | INFO | Centering time: 0.6 ms
2025-08-22 11:34:01,863 | INFO | PCA alignment: explained variance ratio=0.8821, 0.1137, 0.0042
2025-08-22 11:34:01,863 | INFO | Rotation matrix (columns are principal axes):
[[ 0.006779  0.994936  0.100284]
 [-0.99972   0.009017 -0.02188 ]
 [-0.022673 -0.100107  0.994718]]
2025-08-22 11:34:01,863 | INFO | Rotation matrix det=1.000000
2025-08-22 11:34:01,864 | INFO | Orientation enforcement (concave-to-pos-z (corr_pos=0.0139, corr_neg=-0.0139)): sz=1, width_low=73.453210, width_high=56.284652 -> sx=-1, sy=-1
2025-08-22 11:34:01,864 | INFO | Orientation signs diag(S)=[-1.0, -1.0, 1.0]
2025-08-22 11:34:01,864 | INFO | PCA time: 1.6 ms
2025-08-22 11:34:01,864 | INFO | Requested samples 4096 >= candidates 4096; returning all indices.
2025-08-22 11:34:01,864 | INFO | Final points: (4096, 3), normals: (4096, 3)
2025-08-22 11:34:01,865 | INFO | Aligned normalized AABB min=[-119.78457255680743, -42.36274919920229, -24.564846826513396] max=[113.8354478366663, 46.68928564030675, 7.336103925856654]
2025-08-22 11:34:01,865 | INFO | Final radii percentiles: p5=17.573332, p50=60.411926, p95=110.662159; centroid_norm=0.000000
2025-08-22 11:34:01,865 | INFO | Axis x stats (final): min=-119.784573, mean=0.000000, std=64.227468, max=113.835448
2025-08-22 11:34:01,865 | INFO | Axis y stats (final): min=-42.362749, mean=-0.000000, std=23.059072, max=46.689286
2025-08-22 11:34:01,866 | INFO | Axis z stats (final): min=-24.564847, mean=-0.000000, std=4.431393, max=7.336104
2025-08-22 11:34:01,866 | INFO | Normal lengths: min=1.000000, mean=1.000000, max=1.000000
2025-08-22 11:34:01,866 | INFO | Final FPS time: 1.5 ms
2025-08-22 11:34:01,876 | INFO | Saved bundle (npz): D:\Cursor Repos\From p2p\data\pointcloud\feet\100_foot_R.npz | points=(4096, 3) normals=(4096, 3)
2025-08-22 11:34:01,876 | INFO | Completed successfully.
