2025-08-22 11:34:00,000 | INFO | Input STL: D:\Cursor Repos\From p2p\data\raw\feet\100_foot_L.stl
2025-08-22 11:34:00,000 | INFO | Output log: D:\Cursor Repos\From p2p\Log\preprocess\feet\100_foot_L.log
2025-08-22 11:34:00,000 | INFO | Parameters: num_points=4096, candidate_multiplier=4, z_low_percent=None, z_high_percent=None, seed=None
2025-08-22 11:34:00,000 | INFO | File: size_bytes=1191084, mtime=2025-08-07 13:32:24
2025-08-22 11:34:00,000 | INFO | Env: python=3.11.13, numpy=2.3.2, trimesh=4.7.4, platform=Windows-10-10.0.26100-SP0
2025-08-22 11:34:00,051 | INFO | Mesh: vertices=12266, faces=23820
2025-08-22 11:34:00,063 | WARNING | Mesh is not watertight; surface sampling may include boundary artifacts
2025-08-22 11:34:00,065 | INFO | Mesh surface area: 18934.208216
2025-08-22 11:34:00,072 | INFO | Mesh volume: 113258.666684
2025-08-22 11:34:00,075 | INFO | Mesh AABB min=[-42.765872955322266, 0.0, -26.928714752197266] max=[44.47901153564453, 235.64361572265625, 0.0]
2025-08-22 11:34:00,075 | INFO | Boundary edges: 0
2025-08-22 11:34:00,075 | INFO | Load mesh time: 73.8 ms
2025-08-22 11:34:00,111 | INFO | Surface sampling: candidates=16384 (target=4096, multiplier=4)
2025-08-22 11:34:00,119 | INFO | Running Farthest Point Sampling (FPS) to enforce even spacing
2025-08-22 11:34:00,199 | INFO | FPS progress: 409/4096
2025-08-22 11:34:00,285 | INFO | FPS progress: 818/4096
2025-08-22 11:34:00,377 | INFO | FPS progress: 1227/4096
2025-08-22 11:34:00,450 | INFO | FPS progress: 1636/4096
2025-08-22 11:34:00,526 | INFO | FPS progress: 2045/4096
2025-08-22 11:34:00,602 | INFO | FPS progress: 2454/4096
2025-08-22 11:34:00,677 | INFO | FPS progress: 2863/4096
2025-08-22 11:34:00,756 | INFO | FPS progress: 3272/4096
2025-08-22 11:34:00,836 | INFO | FPS progress: 3681/4096
2025-08-22 11:34:00,917 | INFO | FPS progress: 4090/4096
2025-08-22 11:34:00,919 | INFO | Round 1: accumulated=4096, kept=4096 (100.00%), time=808.9 ms
2025-08-22 11:34:00,919 | INFO | Requested samples 4096 >= candidates 4096; returning all indices.
2025-08-22 11:34:00,919 | INFO | Sampled points: (4096, 3), normals: (4096, 3)
2025-08-22 11:34:00,919 | INFO | Sampling time: 809.5 ms
2025-08-22 11:34:00,920 | INFO | Centering only: centroid=[-3.200864133128309, 120.76459357364816, -3.492333269504851] | scale fixed to 1.000000 (no scaling)
2025-08-22 11:34:00,920 | INFO | Axis x stats (centered): min=-39.252778, mean=0.000000, std=22.461362, max=47.407417
2025-08-22 11:34:00,920 | INFO | Axis y stats (centered): min=-120.551473, mean=0.000000, std=64.804872, max=114.757311
2025-08-22 11:34:00,920 | INFO | Axis z stats (centered): min=-23.043706, mean=-0.000000, std=4.224464, max=3.461244
2025-08-22 11:34:00,920 | INFO | Centering time: 0.5 ms
2025-08-22 11:34:00,920 | INFO | PCA alignment: explained variance ratio=0.8896, 0.1078, 0.0026
2025-08-22 11:34:00,921 | INFO | Rotation matrix (columns are principal axes):
[[-2.539841e-03  9.954842e-01  9.489296e-02]
 [ 9.998494e-01  8.991442e-04  1.732873e-02]
 [ 1.716515e-02  9.492269e-02 -9.953366e-01]]
2025-08-22 11:34:00,921 | INFO | Rotation matrix det=1.000000
2025-08-22 11:34:00,921 | INFO | Orientation enforcement (concave-to-pos-z (corr_pos=0.0477, corr_neg=-0.0477)): sz=1, width_low=57.292248, width_high=72.525000 -> sx=1, sy=1
2025-08-22 11:34:00,922 | INFO | Orientation signs diag(S)=[1.0, 1.0, 1.0]
2025-08-22 11:34:00,922 | INFO | PCA time: 1.6 ms
2025-08-22 11:34:00,922 | INFO | Requested samples 4096 >= candidates 4096; returning all indices.
2025-08-22 11:34:00,922 | INFO | Final points: (4096, 3), normals: (4096, 3)
2025-08-22 11:34:00,922 | INFO | Aligned normalized AABB min=[-120.7304277141405, -41.111051689485315, -5.28459309866304] max=[114.69778980141714, 47.38505517452263, 18.28226484073309]
2025-08-22 11:34:00,922 | INFO | Final radii percentiles: p5=17.477010, p50=60.953704, p95=110.838742; centroid_norm=0.000000
2025-08-22 11:34:00,922 | INFO | Axis x stats (final): min=-120.730428, mean=0.000000, std=64.814599, max=114.697790
2025-08-22 11:34:00,923 | INFO | Axis y stats (final): min=-41.111052, mean=0.000000, std=22.560203, max=47.385055
2025-08-22 11:34:00,923 | INFO | Axis z stats (final): min=-5.284593, mean=0.000000, std=3.483579, max=18.282265
2025-08-22 11:34:00,924 | INFO | Normal lengths: min=1.000000, mean=1.000000, max=1.000000
2025-08-22 11:34:00,924 | INFO | Final FPS time: 2.2 ms
2025-08-22 11:34:00,933 | INFO | Saved bundle (npz): D:\Cursor Repos\From p2p\data\pointcloud\feet\100_foot_L.npz | points=(4096, 3) normals=(4096, 3)
2025-08-22 11:34:00,933 | INFO | Completed successfully.
