2025-08-22 11:34:03,757 | INFO | Input STL: D:\Cursor Repos\From p2p\data\raw\feet\102_foot_L.stl
2025-08-22 11:34:03,757 | INFO | Output log: D:\Cursor Repos\From p2p\Log\preprocess\feet\102_foot_L.log
2025-08-22 11:34:03,757 | INFO | Parameters: num_points=4096, candidate_multiplier=4, z_low_percent=None, z_high_percent=None, seed=None
2025-08-22 11:34:03,757 | INFO | File: size_bytes=1235834, mtime=2025-08-14 10:05:55
2025-08-22 11:34:03,758 | INFO | Env: python=3.11.13, numpy=2.3.2, trimesh=4.7.4, platform=Windows-10-10.0.26100-SP0
2025-08-22 11:34:03,803 | INFO | Mesh: vertices=12696, faces=24715
2025-08-22 11:34:03,817 | WARNING | Mesh is not watertight; surface sampling may include boundary artifacts
2025-08-22 11:34:03,821 | INFO | Mesh surface area: 24551.205767
2025-08-22 11:34:03,831 | INFO | Mesh volume: 168438.470324
2025-08-22 11:34:03,833 | INFO | Mesh AABB min=[-52.21927261352539, 0.0, -22.93001365661621] max=[52.21927261352539, 264.4870910644531, 0.0]
2025-08-22 11:34:03,833 | INFO | Boundary edges: 0
2025-08-22 11:34:03,833 | INFO | Load mesh time: 75.4 ms
2025-08-22 11:34:03,880 | INFO | Surface sampling: candidates=16384 (target=4096, multiplier=4)
2025-08-22 11:34:03,889 | INFO | Running Farthest Point Sampling (FPS) to enforce even spacing
2025-08-22 11:34:03,963 | INFO | FPS progress: 409/4096
2025-08-22 11:34:04,047 | INFO | FPS progress: 818/4096
2025-08-22 11:34:04,130 | INFO | FPS progress: 1227/4096
2025-08-22 11:34:04,213 | INFO | FPS progress: 1636/4096
2025-08-22 11:34:04,293 | INFO | FPS progress: 2045/4096
2025-08-22 11:34:04,370 | INFO | FPS progress: 2454/4096
2025-08-22 11:34:04,447 | INFO | FPS progress: 2863/4096
2025-08-22 11:34:04,525 | INFO | FPS progress: 3272/4096
2025-08-22 11:34:04,602 | INFO | FPS progress: 3681/4096
2025-08-22 11:34:04,680 | INFO | FPS progress: 4090/4096
2025-08-22 11:34:04,681 | INFO | Round 1: accumulated=4096, kept=4096 (100.00%), time=801.4 ms
2025-08-22 11:34:04,681 | INFO | Requested samples 4096 >= candidates 4096; returning all indices.
2025-08-22 11:34:04,681 | INFO | Sampled points: (4096, 3), normals: (4096, 3)
2025-08-22 11:34:04,681 | INFO | Sampling time: 801.8 ms
2025-08-22 11:34:04,682 | INFO | Centering only: centroid=[-1.8671425701491011, 133.66081542765852, -3.2207466638080433] | scale fixed to 1.000000 (no scaling)
2025-08-22 11:34:04,682 | INFO | Axis x stats (centered): min=-50.132007, mean=-0.000000, std=26.837826, max=54.033379
2025-08-22 11:34:04,682 | INFO | Axis y stats (centered): min=-133.566540, mean=0.000000, std=71.322473, max=130.719538
2025-08-22 11:34:04,682 | INFO | Axis z stats (centered): min=-19.509439, mean=0.000000, std=4.377374, max=3.214233
2025-08-22 11:34:04,682 | INFO | Centering time: 0.8 ms
2025-08-22 11:34:04,683 | INFO | PCA alignment: explained variance ratio=0.8739, 0.1235, 0.0026
2025-08-22 11:34:04,683 | INFO | Rotation matrix (columns are principal axes):
[[-0.029658  0.997524  0.063761]
 [ 0.999461  0.028694  0.015975]
 [ 0.014106  0.064201 -0.997837]]
2025-08-22 11:34:04,683 | INFO | Rotation matrix det=1.000000
2025-08-22 11:34:04,684 | INFO | Orientation enforcement (concave-to-pos-z (corr_pos=0.1986, corr_neg=-0.1986)): sz=1, width_low=66.348339, width_high=82.988746 -> sx=1, sy=1
2025-08-22 11:34:04,684 | INFO | Orientation signs diag(S)=[1.0, 1.0, 1.0]
2025-08-22 11:34:04,684 | INFO | PCA time: 1.5 ms
2025-08-22 11:34:04,684 | INFO | Requested samples 4096 >= candidates 4096; returning all indices.
2025-08-22 11:34:04,684 | INFO | Final points: (4096, 3), normals: (4096, 3)
2025-08-22 11:34:04,685 | INFO | Aligned normalized AABB min=[-133.7544106572207, -50.27943453920756, -5.176433403088005] max=[131.25649702273256, 54.75774481679411, 19.78667447326546]
2025-08-22 11:34:04,685 | INFO | Final radii percentiles: p5=19.510115, p50=66.834847, p95=123.729255; centroid_norm=0.000000
2025-08-22 11:34:04,685 | INFO | Axis x stats (final): min=-133.754411, mean=0.000000, std=71.356785, max=131.256497
2025-08-22 11:34:04,685 | INFO | Axis y stats (final): min=-50.279435, mean=0.000000, std=26.819493, max=54.757745
2025-08-22 11:34:04,685 | INFO | Axis z stats (final): min=-5.176433, mean=-0.000000, std=3.905056, max=19.786674
2025-08-22 11:34:04,685 | INFO | Normal lengths: min=1.000000, mean=1.000000, max=1.000000
2025-08-22 11:34:04,685 | INFO | Final FPS time: 1.2 ms
2025-08-22 11:34:04,694 | INFO | Saved bundle (npz): D:\Cursor Repos\From p2p\data\pointcloud\feet\102_foot_L.npz | points=(4096, 3) normals=(4096, 3)
2025-08-22 11:34:04,694 | INFO | Completed successfully.
