2025-08-19 12:56:35,203 | INFO | Input STL: D:\Cursor Repos\From p2p\data\raw\feet\103_foot_R.stl
2025-08-19 12:56:35,203 | INFO | Output log: D:\Cursor Repos\From p2p\Log\preprocess\feet\103_foot_R.log
2025-08-19 12:56:35,203 | INFO | Parameters: num_points=4096, candidate_multiplier=4, z_low_percent=None, z_high_percent=None, seed=None
2025-08-19 12:56:35,203 | INFO | File: size_bytes=1197784, mtime=2025-08-13 14:41:25
2025-08-19 12:56:35,203 | INFO | Env: python=3.11.13, numpy=2.1.2, trimesh=4.7.4, platform=Windows-10-10.0.26100-SP0
2025-08-19 12:56:35,240 | INFO | Mesh: vertices=12310, faces=23954
2025-08-19 12:56:35,252 | WARNING | Mesh is not watertight; surface sampling may include boundary artifacts
2025-08-19 12:56:35,255 | INFO | Mesh surface area: 16876.626467
2025-08-19 12:56:35,264 | INFO | Mesh volume: 92278.910764
2025-08-19 12:56:35,266 | INFO | Mesh AABB min=[-40.973663330078125, 0.0, -20.635135650634766] max=[40.20528793334961, 226.20130920410156, 0.0]
2025-08-19 12:56:35,266 | INFO | Boundary edges: 0
2025-08-19 12:56:35,266 | INFO | Load mesh time: 62.9 ms
2025-08-19 12:56:35,266 | INFO | Surface sampling: candidates=16384 (target=4096, multiplier=4)
2025-08-19 12:56:35,276 | INFO | Running Farthest Point Sampling (FPS) to enforce even spacing
2025-08-19 12:56:35,360 | INFO | FPS progress: 409/4096
2025-08-19 12:56:35,457 | INFO | FPS progress: 818/4096
2025-08-19 12:56:35,530 | INFO | FPS progress: 1227/4096
2025-08-19 12:56:35,611 | INFO | FPS progress: 1636/4096
2025-08-19 12:56:35,698 | INFO | FPS progress: 2045/4096
2025-08-19 12:56:35,784 | INFO | FPS progress: 2454/4096
2025-08-19 12:56:35,866 | INFO | FPS progress: 2863/4096
2025-08-19 12:56:35,953 | INFO | FPS progress: 3272/4096
2025-08-19 12:56:36,042 | INFO | FPS progress: 3681/4096
2025-08-19 12:56:36,125 | INFO | FPS progress: 4090/4096
2025-08-19 12:56:36,126 | INFO | Round 1: accumulated=4096, kept=4096 (100.00%), time=860.0 ms
2025-08-19 12:56:36,126 | INFO | Requested samples 4096 >= candidates 4096; returning all indices.
2025-08-19 12:56:36,126 | INFO | Sampled points: (4096, 3), normals: (4096, 3)
2025-08-19 12:56:36,126 | INFO | Sampling time: 860.4 ms
2025-08-19 12:56:36,127 | INFO | Centering only: centroid=[0.8689183770876101, 116.32446286123033, -3.1980808377606875] | scale fixed to 1.000000 (no scaling)
2025-08-19 12:56:36,127 | INFO | Axis x stats (centered): min=-41.727290, mean=0.000000, std=20.546073, max=38.679996
2025-08-19 12:56:36,127 | INFO | Axis y stats (centered): min=-116.081849, mean=-0.000000, std=62.546406, max=109.383891
2025-08-19 12:56:36,127 | INFO | Axis z stats (centered): min=-16.955353, mean=-0.000000, std=3.886868, max=3.176732
2025-08-19 12:56:36,127 | INFO | Centering time: 0.5 ms
2025-08-19 12:56:36,127 | INFO | PCA alignment: explained variance ratio=0.8998, 0.0974, 0.0028
2025-08-19 12:56:36,128 | INFO | Rotation matrix (columns are principal axes):
[[ 0.007548  0.99795  -0.063558]
 [ 0.999833 -0.006474  0.017097]
 [ 0.016651 -0.063677 -0.997832]]
2025-08-19 12:56:36,128 | INFO | Rotation matrix det=1.000000
2025-08-19 12:56:36,128 | INFO | Orientation enforcement: mean_nz=-0.859835 -> sz=-1, width_low=52.349015, width_high=66.094859 -> sx=1, sy=-1
2025-08-19 12:56:36,128 | INFO | Orientation signs diag(S)=[1.0, -1.0, -1.0]
2025-08-19 12:56:36,128 | INFO | PCA time: 1.4 ms
2025-08-19 12:56:36,128 | INFO | Requested samples 4096 >= candidates 4096; returning all indices.
2025-08-19 12:56:36,128 | INFO | Final points: (4096, 3), normals: (4096, 3)
2025-08-19 12:56:36,130 | INFO | Aligned normalized AABB min=[-116.27671339812582, -38.21231002895738, -14.480165088403847] max=[109.36336055889694, 41.97563743711281, 5.383398437137603]
2025-08-19 12:56:36,130 | INFO | Final radii percentiles: p5=16.735342, p50=57.902854, p95=106.734931; centroid_norm=0.000000
2025-08-19 12:56:36,130 | INFO | Axis x stats (final): min=-116.276713, mean=-0.000000, std=62.556690, max=109.363361
2025-08-19 12:56:36,130 | INFO | Axis y stats (final): min=-38.212310, mean=-0.000000, std=20.581632, max=41.975637
2025-08-19 12:56:36,130 | INFO | Axis z stats (final): min=-14.480165, mean=-0.000000, std=3.515498, max=5.383398
2025-08-19 12:56:36,130 | INFO | Normal lengths: min=1.000000, mean=1.000000, max=1.000000
2025-08-19 12:56:36,130 | INFO | Final FPS time: 1.4 ms
2025-08-19 12:56:36,156 | INFO | Saved bundle (npz): D:\Cursor Repos\From p2p\data\pointcloud\feet\103_foot_R.npz | points=(4096, 3) normals=(4096, 3)
2025-08-19 12:56:36,157 | INFO | Completed successfully.
