2025-08-22 11:34:12,179 | INFO | Input STL: D:\Cursor Repos\From p2p\data\raw\feet\106_foot_R.stl
2025-08-22 11:34:12,179 | INFO | Output log: D:\Cursor Repos\From p2p\Log\preprocess\feet\106_foot_R.log
2025-08-22 11:34:12,179 | INFO | Parameters: num_points=4096, candidate_multiplier=4, z_low_percent=None, z_high_percent=None, seed=None
2025-08-22 11:34:12,179 | INFO | File: size_bytes=1178434, mtime=2025-08-14 09:39:01
2025-08-22 11:34:12,179 | INFO | Env: python=3.11.13, numpy=2.3.2, trimesh=4.7.4, platform=Windows-10-10.0.26100-SP0
2025-08-22 11:34:12,221 | INFO | Mesh: vertices=12150, faces=23567
2025-08-22 11:34:12,233 | WARNING | Mesh is not watertight; surface sampling may include boundary artifacts
2025-08-22 11:34:12,235 | INFO | Mesh surface area: 21295.456218
2025-08-22 11:34:12,242 | INFO | Mesh volume: 114442.504985
2025-08-22 11:34:12,244 | INFO | Mesh AABB min=[-46.324073791503906, 0.0, -21.318578720092773] max=[46.9306755065918, 253.6881561279297, 0.0]
2025-08-22 11:34:12,244 | INFO | Boundary edges: 0
2025-08-22 11:34:12,244 | INFO | Load mesh time: 65.0 ms
2025-08-22 11:34:12,290 | INFO | Connected-component cleanup: kept=1, removed=1, kept_area=20998.562242, removed_area=299.502936, removed/kept=0.014263
2025-08-22 11:34:12,290 | INFO | Feet cleanup: kept_area=20998.562242, removed_area=299.502936, components_removed=1
2025-08-22 11:34:12,290 | INFO | Surface sampling: candidates=16384 (target=4096, multiplier=4)
2025-08-22 11:34:12,299 | INFO | Running Farthest Point Sampling (FPS) to enforce even spacing
2025-08-22 11:34:12,377 | INFO | FPS progress: 409/4096
2025-08-22 11:34:12,454 | INFO | FPS progress: 818/4096
2025-08-22 11:34:12,535 | INFO | FPS progress: 1227/4096
2025-08-22 11:34:12,620 | INFO | FPS progress: 1636/4096
2025-08-22 11:34:12,695 | INFO | FPS progress: 2045/4096
2025-08-22 11:34:12,771 | INFO | FPS progress: 2454/4096
2025-08-22 11:34:12,850 | INFO | FPS progress: 2863/4096
2025-08-22 11:34:12,926 | INFO | FPS progress: 3272/4096
2025-08-22 11:34:13,008 | INFO | FPS progress: 3681/4096
2025-08-22 11:34:13,082 | INFO | FPS progress: 4090/4096
2025-08-22 11:34:13,083 | INFO | Round 1: accumulated=4096, kept=4096 (100.00%), time=793.0 ms
2025-08-22 11:34:13,083 | INFO | Requested samples 4096 >= candidates 4096; returning all indices.
2025-08-22 11:34:13,084 | INFO | Sampled points: (4096, 3), normals: (4096, 3)
2025-08-22 11:34:13,084 | INFO | Sampling time: 793.5 ms
2025-08-22 11:34:13,084 | INFO | Centering only: centroid=[2.7896073434798794, 131.310869936085, -3.9726489669306377] | scale fixed to 1.000000 (no scaling)
2025-08-22 11:34:13,084 | INFO | Axis x stats (centered): min=-49.043273, mean=0.000000, std=23.331486, max=43.778469
2025-08-22 11:34:13,084 | INFO | Axis y stats (centered): min=-131.017427, mean=0.000000, std=69.137325, max=122.113195
2025-08-22 11:34:13,084 | INFO | Axis z stats (centered): min=-16.946828, mean=-0.000000, std=3.502159, max=3.792279
2025-08-22 11:34:13,084 | INFO | Centering time: 0.4 ms
2025-08-22 11:34:13,085 | INFO | PCA alignment: explained variance ratio=0.8969, 0.1011, 0.0020
2025-08-22 11:34:13,085 | INFO | Rotation matrix (columns are principal axes):
[[-0.036969 -0.998276 -0.045595]
 [-0.999249  0.0364    0.013251]
 [-0.011569  0.04605  -0.998872]]
2025-08-22 11:34:13,085 | INFO | Rotation matrix det=1.000000
2025-08-22 11:34:13,086 | INFO | Orientation enforcement (concave-to-pos-z (corr_pos=0.2412, corr_neg=-0.2412)): sz=1, width_low=68.410014, width_high=56.271365 -> sx=-1, sy=-1
2025-08-22 11:34:13,086 | INFO | Orientation signs diag(S)=[-1.0, -1.0, 1.0]
2025-08-22 11:34:13,086 | INFO | PCA time: 1.9 ms
2025-08-22 11:34:13,086 | INFO | Requested samples 4096 >= candidates 4096; returning all indices.
2025-08-22 11:34:13,086 | INFO | Final points: (4096, 3), normals: (4096, 3)
2025-08-22 11:34:13,087 | INFO | Aligned normalized AABB min=[-131.28206992685728, -49.716183105903845, -4.090837832642479] max=[123.07645079916642, 41.59044111973282, 14.780037067335572]
2025-08-22 11:34:13,087 | INFO | Final radii percentiles: p5=18.493684, p50=63.309175, p95=119.394348; centroid_norm=0.000000
2025-08-22 11:34:13,087 | INFO | Axis x stats (final): min=-131.282070, mean=0.000000, std=69.184068, max=123.076451
2025-08-22 11:34:13,088 | INFO | Axis y stats (final): min=-49.716183, mean=-0.000000, std=23.230455, max=41.590441
2025-08-22 11:34:13,088 | INFO | Axis z stats (final): min=-4.090838, mean=0.000000, std=3.240954, max=14.780037
2025-08-22 11:34:13,088 | INFO | Normal lengths: min=1.000000, mean=1.000000, max=1.000000
2025-08-22 11:34:13,088 | INFO | Final FPS time: 1.5 ms
2025-08-22 11:34:13,097 | INFO | Saved bundle (npz): D:\Cursor Repos\From p2p\data\pointcloud\feet\106_foot_R.npz | points=(4096, 3) normals=(4096, 3)
2025-08-22 11:34:13,097 | INFO | Completed successfully.
