2025-08-19 12:56:41,953 | INFO | Input STL: D:\Cursor Repos\From p2p\data\raw\feet\107_foot_L.stl
2025-08-19 12:56:41,955 | INFO | Output log: D:\Cursor Repos\From p2p\Log\preprocess\feet\107_foot_L.log
2025-08-19 12:56:41,955 | INFO | Parameters: num_points=4096, candidate_multiplier=4, z_low_percent=None, z_high_percent=None, seed=None
2025-08-19 12:56:41,955 | INFO | File: size_bytes=1234384, mtime=2025-08-14 10:59:31
2025-08-19 12:56:41,955 | INFO | Env: python=3.11.13, numpy=2.1.2, trimesh=4.7.4, platform=Windows-10-10.0.26100-SP0
2025-08-19 12:56:42,003 | INFO | Mesh: vertices=12694, faces=24686
2025-08-19 12:56:42,017 | WARNING | Mesh is not watertight; surface sampling may include boundary artifacts
2025-08-19 12:56:42,021 | INFO | Mesh surface area: 16638.312459
2025-08-19 12:56:42,032 | INFO | Mesh volume: 90098.355258
2025-08-19 12:56:42,034 | INFO | Mesh AABB min=[-44.310550689697266, 0.0, -26.947433471679688] max=[44.213653564453125, 219.09674072265625, 0.0]
2025-08-19 12:56:42,034 | INFO | Boundary edges: 0
2025-08-19 12:56:42,034 | INFO | Load mesh time: 78.9 ms
2025-08-19 12:56:42,034 | INFO | Surface sampling: candidates=16384 (target=4096, multiplier=4)
2025-08-19 12:56:42,046 | INFO | Running Farthest Point Sampling (FPS) to enforce even spacing
2025-08-19 12:56:42,146 | INFO | FPS progress: 409/4096
2025-08-19 12:56:42,230 | INFO | FPS progress: 818/4096
2025-08-19 12:56:42,307 | INFO | FPS progress: 1227/4096
2025-08-19 12:56:42,392 | INFO | FPS progress: 1636/4096
2025-08-19 12:56:42,481 | INFO | FPS progress: 2045/4096
2025-08-19 12:56:42,566 | INFO | FPS progress: 2454/4096
2025-08-19 12:56:42,657 | INFO | FPS progress: 2863/4096
2025-08-19 12:56:42,745 | INFO | FPS progress: 3272/4096
2025-08-19 12:56:42,842 | INFO | FPS progress: 3681/4096
2025-08-19 12:56:42,925 | INFO | FPS progress: 4090/4096
2025-08-19 12:56:42,927 | INFO | Round 1: accumulated=4096, kept=4096 (100.00%), time=893.1 ms
2025-08-19 12:56:42,927 | INFO | Requested samples 4096 >= candidates 4096; returning all indices.
2025-08-19 12:56:42,927 | INFO | Sampled points: (4096, 3), normals: (4096, 3)
2025-08-19 12:56:42,927 | INFO | Sampling time: 893.6 ms
2025-08-19 12:56:42,927 | INFO | Centering only: centroid=[-1.175413556650075, 111.72384136413982, -3.15058722084719] | scale fixed to 1.000000 (no scaling)
2025-08-19 12:56:42,927 | INFO | Axis x stats (centered): min=-42.751383, mean=0.000000, std=21.359001, max=44.891761
2025-08-19 12:56:42,928 | INFO | Axis y stats (centered): min=-111.682270, mean=0.000000, std=59.892839, max=107.119347
2025-08-19 12:56:42,928 | INFO | Axis z stats (centered): min=-22.920739, mean=-0.000000, std=4.758899, max=3.147176
2025-08-19 12:56:42,928 | INFO | Centering time: 0.6 ms
2025-08-19 12:56:42,928 | INFO | PCA alignment: explained variance ratio=0.8829, 0.1131, 0.0040
2025-08-19 12:56:42,928 | INFO | Rotation matrix (columns are principal axes):
[[-0.023731  0.993688  0.109643]
 [ 0.999596  0.021867  0.018164]
 [ 0.015652  0.11003  -0.993805]]
2025-08-19 12:56:42,928 | INFO | Rotation matrix det=1.000000
2025-08-19 12:56:42,928 | INFO | Orientation enforcement: mean_nz=-0.874439 -> sz=-1, width_low=56.696760, width_high=67.843193 -> sx=1, sy=-1
2025-08-19 12:56:42,930 | INFO | Orientation signs diag(S)=[1.0, -1.0, -1.0]
2025-08-19 12:56:42,930 | INFO | PCA time: 1.4 ms
2025-08-19 12:56:42,930 | INFO | Requested samples 4096 >= candidates 4096; returning all indices.
2025-08-19 12:56:42,930 | INFO | Final points: (4096, 3), normals: (4096, 3)
2025-08-19 12:56:42,930 | INFO | Aligned normalized AABB min=[-111.96303871045063, -45.35354205086881, -19.044066908056987] max=[107.06386253207452, 41.754148153500346, 5.902329940426913]
2025-08-19 12:56:42,931 | INFO | Final radii percentiles: p5=16.338938, p50=55.049926, p95=103.453252; centroid_norm=0.000000
2025-08-19 12:56:42,931 | INFO | Axis x stats (final): min=-111.963039, mean=0.000000, std=59.915172, max=107.063863
2025-08-19 12:56:42,931 | INFO | Axis y stats (final): min=-45.353542, mean=-0.000000, std=21.442348, max=41.754148
2025-08-19 12:56:42,931 | INFO | Axis z stats (final): min=-19.044067, mean=-0.000000, std=4.050188, max=5.902330
2025-08-19 12:56:42,931 | INFO | Normal lengths: min=1.000000, mean=1.000000, max=1.000000
2025-08-19 12:56:42,931 | INFO | Final FPS time: 1.8 ms
2025-08-19 12:56:42,955 | INFO | Saved bundle (npz): D:\Cursor Repos\From p2p\data\pointcloud\feet\107_foot_L.npz | points=(4096, 3) normals=(4096, 3)
2025-08-19 12:56:42,956 | INFO | Completed successfully.
