2025-08-19 12:56:42,958 | INFO | Input STL: D:\Cursor Repos\From p2p\data\raw\feet\107_foot_R.stl
2025-08-19 12:56:42,958 | INFO | Output log: D:\Cursor Repos\From p2p\Log\preprocess\feet\107_foot_R.log
2025-08-19 12:56:42,958 | INFO | Parameters: num_points=4096, candidate_multiplier=4, z_low_percent=None, z_high_percent=None, seed=None
2025-08-19 12:56:42,958 | INFO | File: size_bytes=1289084, mtime=2025-08-14 10:59:33
2025-08-19 12:56:42,958 | INFO | Env: python=3.11.13, numpy=2.1.2, trimesh=4.7.4, platform=Windows-10-10.0.26100-SP0
2025-08-19 12:56:43,001 | INFO | Mesh: vertices=13233, faces=25780
2025-08-19 12:56:43,016 | WARNING | Mesh is not watertight; surface sampling may include boundary artifacts
2025-08-19 12:56:43,020 | INFO | Mesh surface area: 16754.593159
2025-08-19 12:56:43,029 | INFO | Mesh volume: 100418.642463
2025-08-19 12:56:43,033 | INFO | Mesh AABB min=[-44.30670928955078, 0.0, -27.292707443237305] max=[44.64707565307617, 217.9569854736328, 0.0]
2025-08-19 12:56:43,033 | INFO | Boundary edges: 0
2025-08-19 12:56:43,033 | INFO | Load mesh time: 74.5 ms
2025-08-19 12:56:43,033 | INFO | Surface sampling: candidates=16384 (target=4096, multiplier=4)
2025-08-19 12:56:43,043 | INFO | Running Farthest Point Sampling (FPS) to enforce even spacing
2025-08-19 12:56:43,122 | INFO | FPS progress: 409/4096
2025-08-19 12:56:43,200 | INFO | FPS progress: 818/4096
2025-08-19 12:56:43,278 | INFO | FPS progress: 1227/4096
2025-08-19 12:56:43,363 | INFO | FPS progress: 1636/4096
2025-08-19 12:56:43,453 | INFO | FPS progress: 2045/4096
2025-08-19 12:56:43,540 | INFO | FPS progress: 2454/4096
2025-08-19 12:56:43,627 | INFO | FPS progress: 2863/4096
2025-08-19 12:56:43,711 | INFO | FPS progress: 3272/4096
2025-08-19 12:56:43,787 | INFO | FPS progress: 3681/4096
2025-08-19 12:56:43,865 | INFO | FPS progress: 4090/4096
2025-08-19 12:56:43,866 | INFO | Round 1: accumulated=4096, kept=4096 (100.00%), time=833.2 ms
2025-08-19 12:56:43,866 | INFO | Requested samples 4096 >= candidates 4096; returning all indices.
2025-08-19 12:56:43,866 | INFO | Sampled points: (4096, 3), normals: (4096, 3)
2025-08-19 12:56:43,866 | INFO | Sampling time: 833.6 ms
2025-08-19 12:56:43,866 | INFO | Centering only: centroid=[1.8862055209399726, 111.33688426228464, -3.4942433008782903] | scale fixed to 1.000000 (no scaling)
2025-08-19 12:56:43,867 | INFO | Axis x stats (centered): min=-46.009830, mean=0.000000, std=21.600197, max=42.510838
2025-08-19 12:56:43,867 | INFO | Axis y stats (centered): min=-110.994256, mean=0.000000, std=59.564167, max=106.056488
2025-08-19 12:56:43,867 | INFO | Axis z stats (centered): min=-23.582794, mean=0.000000, std=4.698401, max=3.464734
2025-08-19 12:56:43,867 | INFO | Centering time: 0.8 ms
2025-08-19 12:56:43,868 | INFO | PCA alignment: explained variance ratio=0.8798, 0.1157, 0.0045
2025-08-19 12:56:43,868 | INFO | Rotation matrix (columns are principal axes):
[[ 0.029775  0.99598  -0.08448 ]
 [ 0.999478 -0.028608  0.01499 ]
 [ 0.012513 -0.084882 -0.996312]]
2025-08-19 12:56:43,868 | INFO | Rotation matrix det=1.000000
2025-08-19 12:56:43,868 | INFO | Orientation enforcement: mean_nz=-0.859634 -> sz=-1, width_low=58.369225, width_high=67.616654 -> sx=1, sy=-1
2025-08-19 12:56:43,868 | INFO | Orientation signs diag(S)=[1.0, -1.0, -1.0]
2025-08-19 12:56:43,870 | INFO | PCA time: 2.1 ms
2025-08-19 12:56:43,870 | INFO | Requested samples 4096 >= candidates 4096; returning all indices.
2025-08-19 12:56:43,870 | INFO | Final points: (4096, 3), normals: (4096, 3)
2025-08-19 12:56:43,871 | INFO | Aligned normalized AABB min=[-111.08280909602578, -41.44648157889377, -20.596008515083657] max=[105.96755111615515, 46.57491881271937, 6.327167437934335]
2025-08-19 12:56:43,871 | INFO | Final radii percentiles: p5=16.471951, p50=55.276065, p95=102.554233; centroid_norm=0.000000
2025-08-19 12:56:43,871 | INFO | Axis x stats (final): min=-111.082809, mean=0.000000, std=59.592013, max=105.967551
2025-08-19 12:56:43,871 | INFO | Axis y stats (final): min=-41.446482, mean=-0.000000, std=21.611036, max=46.574919
2025-08-19 12:56:43,871 | INFO | Axis z stats (final): min=-20.596009, mean=0.000000, std=4.276515, max=6.327167
2025-08-19 12:56:43,871 | INFO | Normal lengths: min=1.000000, mean=1.000000, max=1.000000
2025-08-19 12:56:43,871 | INFO | Final FPS time: 1.6 ms
2025-08-19 12:56:43,896 | INFO | Saved bundle (npz): D:\Cursor Repos\From p2p\data\pointcloud\feet\107_foot_R.npz | points=(4096, 3) normals=(4096, 3)
2025-08-19 12:56:43,896 | INFO | Completed successfully.
