2025-08-19 12:56:49,707 | INFO | Input STL: D:\Cursor Repos\From p2p\data\raw\feet\111_foot_L.stl
2025-08-19 12:56:49,707 | INFO | Output log: D:\Cursor Repos\From p2p\Log\preprocess\feet\111_foot_L.log
2025-08-19 12:56:49,707 | INFO | Parameters: num_points=4096, candidate_multiplier=4, z_low_percent=None, z_high_percent=None, seed=None
2025-08-19 12:56:49,707 | INFO | File: size_bytes=1274884, mtime=2025-08-14 10:06:49
2025-08-19 12:56:49,707 | INFO | Env: python=3.11.13, numpy=2.1.2, trimesh=4.7.4, platform=Windows-10-10.0.26100-SP0
2025-08-19 12:56:49,752 | INFO | Mesh: vertices=13161, faces=25496
2025-08-19 12:56:49,765 | WARNING | Mesh is not watertight; surface sampling may include boundary artifacts
2025-08-19 12:56:49,768 | INFO | Mesh surface area: 17866.112203
2025-08-19 12:56:49,778 | INFO | Mesh volume: 104830.168513
2025-08-19 12:56:49,779 | INFO | Mesh AABB min=[-42.90995788574219, 0.0, -27.186540603637695] max=[44.65543746948242, 225.0829620361328, 0.0]
2025-08-19 12:56:49,779 | INFO | Boundary edges: 0
2025-08-19 12:56:49,779 | INFO | Load mesh time: 72.4 ms
2025-08-19 12:56:49,779 | INFO | Surface sampling: candidates=16384 (target=4096, multiplier=4)
2025-08-19 12:56:49,789 | INFO | Running Farthest Point Sampling (FPS) to enforce even spacing
2025-08-19 12:56:49,875 | INFO | FPS progress: 409/4096
2025-08-19 12:56:49,960 | INFO | FPS progress: 818/4096
2025-08-19 12:56:50,050 | INFO | FPS progress: 1227/4096
2025-08-19 12:56:50,136 | INFO | FPS progress: 1636/4096
2025-08-19 12:56:50,228 | INFO | FPS progress: 2045/4096
2025-08-19 12:56:50,321 | INFO | FPS progress: 2454/4096
2025-08-19 12:56:50,410 | INFO | FPS progress: 2863/4096
2025-08-19 12:56:50,508 | INFO | FPS progress: 3272/4096
2025-08-19 12:56:50,606 | INFO | FPS progress: 3681/4096
2025-08-19 12:56:50,700 | INFO | FPS progress: 4090/4096
2025-08-19 12:56:50,701 | INFO | Round 1: accumulated=4096, kept=4096 (100.00%), time=921.4 ms
2025-08-19 12:56:50,701 | INFO | Requested samples 4096 >= candidates 4096; returning all indices.
2025-08-19 12:56:50,702 | INFO | Sampled points: (4096, 3), normals: (4096, 3)
2025-08-19 12:56:50,702 | INFO | Sampling time: 922.1 ms
2025-08-19 12:56:50,702 | INFO | Centering only: centroid=[-2.008142908179868, 117.03908551291549, -3.239247734371764] | scale fixed to 1.000000 (no scaling)
2025-08-19 12:56:50,702 | INFO | Axis x stats (centered): min=-40.720237, mean=-0.000000, std=22.110382, max=46.595370
2025-08-19 12:56:50,702 | INFO | Axis y stats (centered): min=-117.033180, mean=-0.000000, std=61.905775, max=107.766356
2025-08-19 12:56:50,702 | INFO | Axis z stats (centered): min=-23.938387, mean=-0.000000, std=4.073932, max=3.224811
2025-08-19 12:56:50,702 | INFO | Centering time: 0.8 ms
2025-08-19 12:56:50,704 | INFO | PCA alignment: explained variance ratio=0.8841, 0.1129, 0.0031
2025-08-19 12:56:50,704 | INFO | Rotation matrix (columns are principal axes):
[[-0.021163  0.997504  0.067366]
 [ 0.999648  0.020033  0.017405]
 [ 0.016012  0.06771  -0.997577]]
2025-08-19 12:56:50,704 | INFO | Rotation matrix det=1.000000
2025-08-19 12:56:50,705 | INFO | Orientation enforcement: mean_nz=-0.838508 -> sz=-1, width_low=50.129045, width_high=60.678345 -> sx=1, sy=-1
2025-08-19 12:56:50,705 | INFO | Orientation signs diag(S)=[1.0, -1.0, -1.0]
2025-08-19 12:56:50,705 | INFO | PCA time: 2.3 ms
2025-08-19 12:56:50,705 | INFO | Requested samples 4096 >= candidates 4096; returning all indices.
2025-08-19 12:56:50,705 | INFO | Final points: (4096, 3), normals: (4096, 3)
2025-08-19 12:56:50,706 | INFO | Aligned normalized AABB min=[-117.3246622004785, -47.28237001816469, -21.420672882042478] max=[108.12524658233627, 39.79719318458331, 4.863938011702079]
2025-08-19 12:56:50,706 | INFO | Final radii percentiles: p5=16.582813, p50=58.028397, p95=107.504089; centroid_norm=0.000000
2025-08-19 12:56:50,706 | INFO | Axis x stats (final): min=-117.324662, mean=-0.000000, std=61.925965, max=108.125247
2025-08-19 12:56:50,706 | INFO | Axis y stats (final): min=-47.282370, mean=0.000000, std=22.125354, max=39.797193
2025-08-19 12:56:50,706 | INFO | Axis z stats (final): min=-21.420673, mean=-0.000000, std=3.665302, max=4.863938
2025-08-19 12:56:50,707 | INFO | Normal lengths: min=1.000000, mean=1.000000, max=1.000000
2025-08-19 12:56:50,707 | INFO | Final FPS time: 2.1 ms
2025-08-19 12:56:50,732 | INFO | Saved bundle (npz): D:\Cursor Repos\From p2p\data\pointcloud\feet\111_foot_L.npz | points=(4096, 3) normals=(4096, 3)
2025-08-19 12:56:50,732 | INFO | Completed successfully.
