2025-08-19 12:56:56,498 | INFO | Input STL: D:\Cursor Repos\From p2p\data\raw\feet\114_foot_R.stl
2025-08-19 12:56:56,498 | INFO | Output log: D:\Cursor Repos\From p2p\Log\preprocess\feet\114_foot_R.log
2025-08-19 12:56:56,498 | INFO | Parameters: num_points=4096, candidate_multiplier=4, z_low_percent=None, z_high_percent=None, seed=None
2025-08-19 12:56:56,498 | INFO | File: size_bytes=1447584, mtime=2025-08-13 13:20:06
2025-08-19 12:56:56,498 | INFO | Env: python=3.11.13, numpy=2.1.2, trimesh=4.7.4, platform=Windows-10-10.0.26100-SP0
2025-08-19 12:56:56,548 | INFO | Mesh: vertices=14930, faces=28950
2025-08-19 12:56:56,564 | WARNING | Mesh is not watertight; surface sampling may include boundary artifacts
2025-08-19 12:56:56,568 | INFO | Mesh surface area: 10889.536152
2025-08-19 12:56:56,579 | INFO | Mesh volume: 52367.174377
2025-08-19 12:56:56,582 | INFO | Mesh AABB min=[-35.71781539916992, 0.0, -16.126380920410156] max=[34.914180755615234, 167.76339721679688, 0.0]
2025-08-19 12:56:56,582 | INFO | Boundary edges: 0
2025-08-19 12:56:56,582 | INFO | Load mesh time: 84.2 ms
2025-08-19 12:56:56,582 | INFO | Surface sampling: candidates=16384 (target=4096, multiplier=4)
2025-08-19 12:56:56,595 | INFO | Running Farthest Point Sampling (FPS) to enforce even spacing
2025-08-19 12:56:56,680 | INFO | FPS progress: 409/4096
2025-08-19 12:56:56,757 | INFO | FPS progress: 818/4096
2025-08-19 12:56:56,836 | INFO | FPS progress: 1227/4096
2025-08-19 12:56:56,920 | INFO | FPS progress: 1636/4096
2025-08-19 12:56:57,007 | INFO | FPS progress: 2045/4096
2025-08-19 12:56:57,106 | INFO | FPS progress: 2454/4096
2025-08-19 12:56:57,198 | INFO | FPS progress: 2863/4096
2025-08-19 12:56:57,293 | INFO | FPS progress: 3272/4096
2025-08-19 12:56:57,392 | INFO | FPS progress: 3681/4096
2025-08-19 12:56:57,474 | INFO | FPS progress: 4090/4096
2025-08-19 12:56:57,475 | INFO | Round 1: accumulated=4096, kept=4096 (100.00%), time=893.5 ms
2025-08-19 12:56:57,475 | INFO | Requested samples 4096 >= candidates 4096; returning all indices.
2025-08-19 12:56:57,475 | INFO | Sampled points: (4096, 3), normals: (4096, 3)
2025-08-19 12:56:57,475 | INFO | Sampling time: 893.9 ms
2025-08-19 12:56:57,475 | INFO | Centering only: centroid=[-0.5904173393531066, 87.98952778932646, -3.1273934215376102] | scale fixed to 1.000000 (no scaling)
2025-08-19 12:56:57,477 | INFO | Axis x stats (centered): min=-34.900914, mean=-0.000000, std=17.805791, max=35.286766
2025-08-19 12:56:57,477 | INFO | Axis y stats (centered): min=-87.961816, mean=0.000000, std=46.438299, max=79.541023
2025-08-19 12:56:57,477 | INFO | Axis z stats (centered): min=-12.925207, mean=0.000000, std=2.880992, max=2.934889
2025-08-19 12:56:57,477 | INFO | Centering time: 0.5 ms
2025-08-19 12:56:57,477 | INFO | PCA alignment: explained variance ratio=0.8700, 0.1268, 0.0032
2025-08-19 12:56:57,477 | INFO | Rotation matrix (columns are principal axes):
[[-0.035249 -0.999347 -0.007984]
 [-0.999299  0.035145  0.012884]
 [-0.012595  0.008433 -0.999885]]
2025-08-19 12:56:57,478 | INFO | Rotation matrix det=1.000000
2025-08-19 12:56:57,478 | INFO | Orientation enforcement: mean_nz=-0.815806 -> sz=-1, width_low=57.648174, width_high=42.468956 -> sx=-1, sy=1
2025-08-19 12:56:57,478 | INFO | Orientation signs diag(S)=[-1.0, 1.0, -1.0]
2025-08-19 12:56:57,478 | INFO | PCA time: 1.3 ms
2025-08-19 12:56:57,478 | INFO | Requested samples 4096 >= candidates 4096; returning all indices.
2025-08-19 12:56:57,478 | INFO | Final points: (4096, 3), normals: (4096, 3)
2025-08-19 12:56:57,478 | INFO | Aligned normalized AABB min=[-88.02979292925144, -33.174068542502305, -11.823220570310811] max=[80.34139191146699, 35.11344874679433, 3.114034186351316]
2025-08-19 12:56:57,478 | INFO | Final radii percentiles: p5=13.440706, p50=44.773750, p95=79.630596; centroid_norm=0.000000
2025-08-19 12:56:57,478 | INFO | Axis x stats (final): min=-88.029793, mean=0.000000, std=46.466663, max=80.341392
2025-08-19 12:56:57,478 | INFO | Axis y stats (final): min=-33.174069, mean=0.000000, std=17.741874, max=35.113449
2025-08-19 12:56:57,480 | INFO | Axis z stats (final): min=-11.823221, mean=0.000000, std=2.817273, max=3.114034
2025-08-19 12:56:57,480 | INFO | Normal lengths: min=1.000000, mean=1.000000, max=1.000000
2025-08-19 12:56:57,480 | INFO | Final FPS time: 1.5 ms
2025-08-19 12:56:57,490 | INFO | Saved bundle (npz): D:\Cursor Repos\From p2p\data\pointcloud\feet\114_foot_R.npz | points=(4096, 3) normals=(4096, 3)
2025-08-19 12:56:57,490 | INFO | Completed successfully.
