2025-08-19 12:56:57,491 | INFO | Input STL: D:\Cursor Repos\From p2p\data\raw\feet\115_foot_L.stl
2025-08-19 12:56:57,491 | INFO | Output log: D:\Cursor Repos\From p2p\Log\preprocess\feet\115_foot_L.log
2025-08-19 12:56:57,491 | INFO | Parameters: num_points=4096, candidate_multiplier=4, z_low_percent=None, z_high_percent=None, seed=None
2025-08-19 12:56:57,491 | INFO | File: size_bytes=1210384, mtime=2025-08-14 09:52:29
2025-08-19 12:56:57,491 | INFO | Env: python=3.11.13, numpy=2.1.2, trimesh=4.7.4, platform=Windows-10-10.0.26100-SP0
2025-08-19 12:56:57,531 | INFO | Mesh: vertices=12498, faces=24206
2025-08-19 12:56:57,542 | WARNING | Mesh is not watertight; surface sampling may include boundary artifacts
2025-08-19 12:56:57,545 | INFO | Mesh surface area: 16665.281218
2025-08-19 12:56:57,554 | INFO | Mesh volume: 87092.883093
2025-08-19 12:56:57,557 | INFO | Mesh AABB min=[-39.813255310058594, 0.0, -16.53841209411621] max=[42.51524353027344, 223.45912170410156, 0.0]
2025-08-19 12:56:57,557 | INFO | Boundary edges: 0
2025-08-19 12:56:57,557 | INFO | Load mesh time: 65.1 ms
2025-08-19 12:56:57,557 | INFO | Surface sampling: candidates=16384 (target=4096, multiplier=4)
2025-08-19 12:56:57,567 | INFO | Running Farthest Point Sampling (FPS) to enforce even spacing
2025-08-19 12:56:57,655 | INFO | FPS progress: 409/4096
2025-08-19 12:56:57,738 | INFO | FPS progress: 818/4096
2025-08-19 12:56:57,823 | INFO | FPS progress: 1227/4096
2025-08-19 12:56:57,910 | INFO | FPS progress: 1636/4096
2025-08-19 12:56:57,995 | INFO | FPS progress: 2045/4096
2025-08-19 12:56:58,083 | INFO | FPS progress: 2454/4096
2025-08-19 12:56:58,170 | INFO | FPS progress: 2863/4096
2025-08-19 12:56:58,266 | INFO | FPS progress: 3272/4096
2025-08-19 12:56:58,359 | INFO | FPS progress: 3681/4096
2025-08-19 12:56:58,449 | INFO | FPS progress: 4090/4096
2025-08-19 12:56:58,452 | INFO | Round 1: accumulated=4096, kept=4096 (100.00%), time=894.9 ms
2025-08-19 12:56:58,452 | INFO | Requested samples 4096 >= candidates 4096; returning all indices.
2025-08-19 12:56:58,452 | INFO | Sampled points: (4096, 3), normals: (4096, 3)
2025-08-19 12:56:58,452 | INFO | Sampling time: 895.3 ms
2025-08-19 12:56:58,452 | INFO | Centering only: centroid=[-0.3329907009435474, 114.6974375277158, -2.455707048696519] | scale fixed to 1.000000 (no scaling)
2025-08-19 12:56:58,452 | INFO | Axis x stats (centered): min=-38.960398, mean=0.000000, std=20.866066, max=42.451983
2025-08-19 12:56:58,452 | INFO | Axis y stats (centered): min=-114.576939, mean=-0.000000, std=61.162958, max=108.642414
2025-08-19 12:56:58,452 | INFO | Axis z stats (centered): min=-13.922079, mean=0.000000, std=2.996494, max=2.433535
2025-08-19 12:56:58,452 | INFO | Centering time: 0.5 ms
2025-08-19 12:56:58,453 | INFO | PCA alignment: explained variance ratio=0.8941, 0.1040, 0.0019
2025-08-19 12:56:58,453 | INFO | Rotation matrix (columns are principal axes):
[[-0.018847 -0.998604  0.049353]
 [-0.999818  0.018977  0.002168]
 [-0.003101 -0.049303 -0.998779]]
2025-08-19 12:56:58,453 | INFO | Rotation matrix det=1.000000
2025-08-19 12:56:58,453 | INFO | Orientation enforcement: mean_nz=-0.862828 -> sz=-1, width_low=62.480406, width_high=54.381285 -> sx=-1, sy=1
2025-08-19 12:56:58,454 | INFO | Orientation signs diag(S)=[-1.0, 1.0, -1.0]
2025-08-19 12:56:58,454 | INFO | PCA time: 1.3 ms
2025-08-19 12:56:58,454 | INFO | Requested samples 4096 >= candidates 4096; returning all indices.
2025-08-19 12:56:58,454 | INFO | Final points: (4096, 3), normals: (4096, 3)
2025-08-19 12:56:58,455 | INFO | Aligned normalized AABB min=[-114.51799036389298, -41.29044943847841, -12.196420715631554] max=[108.27753453174384, 39.865970267458955, 2.875831239334515]
2025-08-19 12:56:58,455 | INFO | Final radii percentiles: p5=15.969616, p50=57.275939, p95=104.471042; centroid_norm=0.000000
2025-08-19 12:56:58,455 | INFO | Axis x stats (final): min=-114.517990, mean=-0.000000, std=61.172835, max=108.277535
2025-08-19 12:56:58,455 | INFO | Axis y stats (final): min=-41.290449, mean=-0.000000, std=20.862862, max=39.865970
2025-08-19 12:56:58,455 | INFO | Axis z stats (final): min=-12.196421, mean=0.000000, std=2.811449, max=2.875831
2025-08-19 12:56:58,455 | INFO | Normal lengths: min=1.000000, mean=1.000000, max=1.000000
2025-08-19 12:56:58,455 | INFO | Final FPS time: 1.4 ms
2025-08-19 12:56:58,466 | INFO | Saved bundle (npz): D:\Cursor Repos\From p2p\data\pointcloud\feet\115_foot_L.npz | points=(4096, 3) normals=(4096, 3)
2025-08-19 12:56:58,466 | INFO | Completed successfully.
