2025-08-22 11:34:30,162 | INFO | Input STL: D:\Cursor Repos\From p2p\data\raw\feet\116_foot_L.stl
2025-08-22 11:34:30,162 | INFO | Output log: D:\Cursor Repos\From p2p\Log\preprocess\feet\116_foot_L.log
2025-08-22 11:34:30,162 | INFO | Parameters: num_points=4096, candidate_multiplier=4, z_low_percent=None, z_high_percent=None, seed=None
2025-08-22 11:34:30,162 | INFO | File: size_bytes=1142984, mtime=2025-08-14 10:02:18
2025-08-22 11:34:30,162 | INFO | Env: python=3.11.13, numpy=2.3.2, trimesh=4.7.4, platform=Windows-10-10.0.26100-SP0
2025-08-22 11:34:30,204 | INFO | Mesh: vertices=11803, faces=22858
2025-08-22 11:34:30,215 | WARNING | Mesh is not watertight; surface sampling may include boundary artifacts
2025-08-22 11:34:30,221 | INFO | Mesh surface area: 20751.566171
2025-08-22 11:34:30,227 | INFO | Mesh volume: 117826.198200
2025-08-22 11:34:30,229 | INFO | Mesh AABB min=[-47.58367156982422, 0.0, -19.810222625732422] max=[46.226139068603516, 248.95628356933594, 0.0]
2025-08-22 11:34:30,229 | INFO | Boundary edges: 0
2025-08-22 11:34:30,229 | INFO | Load mesh time: 66.8 ms
2025-08-22 11:34:30,264 | INFO | Surface sampling: candidates=16384 (target=4096, multiplier=4)
2025-08-22 11:34:30,274 | INFO | Running Farthest Point Sampling (FPS) to enforce even spacing
2025-08-22 11:34:30,356 | INFO | FPS progress: 409/4096
2025-08-22 11:34:30,436 | INFO | FPS progress: 818/4096
2025-08-22 11:34:30,513 | INFO | FPS progress: 1227/4096
2025-08-22 11:34:30,596 | INFO | FPS progress: 1636/4096
2025-08-22 11:34:30,676 | INFO | FPS progress: 2045/4096
2025-08-22 11:34:30,759 | INFO | FPS progress: 2454/4096
2025-08-22 11:34:30,838 | INFO | FPS progress: 2863/4096
2025-08-22 11:34:30,915 | INFO | FPS progress: 3272/4096
2025-08-22 11:34:30,994 | INFO | FPS progress: 3681/4096
2025-08-22 11:34:31,075 | INFO | FPS progress: 4090/4096
2025-08-22 11:34:31,077 | INFO | Round 1: accumulated=4096, kept=4096 (100.00%), time=811.9 ms
2025-08-22 11:34:31,077 | INFO | Requested samples 4096 >= candidates 4096; returning all indices.
2025-08-22 11:34:31,077 | INFO | Sampled points: (4096, 3), normals: (4096, 3)
2025-08-22 11:34:31,077 | INFO | Sampling time: 812.4 ms
2025-08-22 11:34:31,077 | INFO | Centering only: centroid=[-4.171820394527994, 125.98330143017856, -2.432965435630179] | scale fixed to 1.000000 (no scaling)
2025-08-22 11:34:31,078 | INFO | Axis x stats (centered): min=-43.237831, mean=0.000000, std=24.178552, max=50.133670
2025-08-22 11:34:31,078 | INFO | Axis y stats (centered): min=-125.772035, mean=0.000000, std=67.983497, max=122.915115
2025-08-22 11:34:31,078 | INFO | Axis z stats (centered): min=-17.186264, mean=-0.000000, std=3.547188, max=2.430493
2025-08-22 11:34:31,078 | INFO | Centering time: 0.4 ms
2025-08-22 11:34:31,078 | INFO | PCA alignment: explained variance ratio=0.8864, 0.1116, 0.0020
2025-08-22 11:34:31,078 | INFO | Rotation matrix (columns are principal axes):
[[-0.030648  0.997897  0.057113]
 [ 0.999488  0.030072  0.010907]
 [ 0.009167  0.057418 -0.998308]]
2025-08-22 11:34:31,078 | INFO | Rotation matrix det=1.000000
2025-08-22 11:34:31,079 | INFO | Orientation enforcement (concave-to-pos-z (corr_pos=0.2924, corr_neg=-0.2924)): sz=1, width_low=59.440708, width_high=69.095620 -> sx=1, sy=1
2025-08-22 11:34:31,079 | INFO | Orientation signs diag(S)=[1.0, 1.0, 1.0]
2025-08-22 11:34:31,079 | INFO | PCA time: 1.4 ms
2025-08-22 11:34:31,079 | INFO | Requested samples 4096 >= candidates 4096; returning all indices.
2025-08-22 11:34:31,079 | INFO | Final points: (4096, 3), normals: (4096, 3)
2025-08-22 11:34:31,080 | INFO | Aligned normalized AABB min=[-126.12714725506511, -44.29286808718518, -4.015315295039781] max=[123.76455317153518, 51.58056350972659, 15.920148937946303]
2025-08-22 11:34:31,080 | INFO | Final radii percentiles: p5=18.504456, p50=63.482017, p95=117.805387; centroid_norm=0.000000
2025-08-22 11:34:31,080 | INFO | Axis x stats (final): min=-126.127147, mean=0.000000, std=68.014421, max=123.764553
2025-08-22 11:34:31,080 | INFO | Axis y stats (final): min=-44.292868, mean=0.000000, std=24.138591, max=51.580564
2025-08-22 11:34:31,080 | INFO | Axis z stats (final): min=-4.015315, mean=0.000000, std=3.210566, max=15.920149
2025-08-22 11:34:31,080 | INFO | Normal lengths: min=1.000000, mean=1.000000, max=1.000000
2025-08-22 11:34:31,080 | INFO | Final FPS time: 1.2 ms
2025-08-22 11:34:31,090 | INFO | Saved bundle (npz): D:\Cursor Repos\From p2p\data\pointcloud\feet\116_foot_L.npz | points=(4096, 3) normals=(4096, 3)
2025-08-22 11:34:31,090 | INFO | Completed successfully.
