2025-08-22 11:34:33,936 | INFO | Input STL: D:\Cursor Repos\From p2p\data\raw\feet\118_foot_L.stl
2025-08-22 11:34:33,937 | INFO | Output log: D:\Cursor Repos\From p2p\Log\preprocess\feet\118_foot_L.log
2025-08-22 11:34:33,937 | INFO | Parameters: num_points=4096, candidate_multiplier=4, z_low_percent=None, z_high_percent=None, seed=None
2025-08-22 11:34:33,937 | INFO | File: size_bytes=1224434, mtime=2025-08-14 09:40:03
2025-08-22 11:34:33,937 | INFO | Env: python=3.11.13, numpy=2.3.2, trimesh=4.7.4, platform=Windows-10-10.0.26100-SP0
2025-08-22 11:34:33,982 | INFO | Mesh: vertices=12575, faces=24487
2025-08-22 11:34:33,995 | WARNING | Mesh is not watertight; surface sampling may include boundary artifacts
2025-08-22 11:34:33,998 | INFO | Mesh surface area: 19224.537623
2025-08-22 11:34:34,008 | INFO | Mesh volume: 104948.000185
2025-08-22 11:34:34,010 | INFO | Mesh AABB min=[-46.19253158569336, 0.0, -19.883533477783203] max=[46.19253158569336, 233.23538208007812, 0.0]
2025-08-22 11:34:34,010 | INFO | Boundary edges: 0
2025-08-22 11:34:34,010 | INFO | Load mesh time: 73.0 ms
2025-08-22 11:34:34,071 | INFO | Surface sampling: candidates=16384 (target=4096, multiplier=4)
2025-08-22 11:34:34,080 | INFO | Running Farthest Point Sampling (FPS) to enforce even spacing
2025-08-22 11:34:34,155 | INFO | FPS progress: 409/4096
2025-08-22 11:34:34,242 | INFO | FPS progress: 818/4096
2025-08-22 11:34:34,326 | INFO | FPS progress: 1227/4096
2025-08-22 11:34:34,416 | INFO | FPS progress: 1636/4096
2025-08-22 11:34:34,500 | INFO | FPS progress: 2045/4096
2025-08-22 11:34:34,580 | INFO | FPS progress: 2454/4096
2025-08-22 11:34:34,656 | INFO | FPS progress: 2863/4096
2025-08-22 11:34:34,738 | INFO | FPS progress: 3272/4096
2025-08-22 11:34:34,821 | INFO | FPS progress: 3681/4096
2025-08-22 11:34:34,898 | INFO | FPS progress: 4090/4096
2025-08-22 11:34:34,899 | INFO | Round 1: accumulated=4096, kept=4096 (100.00%), time=828.1 ms
2025-08-22 11:34:34,900 | INFO | Requested samples 4096 >= candidates 4096; returning all indices.
2025-08-22 11:34:34,900 | INFO | Sampled points: (4096, 3), normals: (4096, 3)
2025-08-22 11:34:34,900 | INFO | Sampling time: 828.5 ms
2025-08-22 11:34:34,900 | INFO | Centering only: centroid=[-0.5242947662931243, 120.46733258451322, -2.4871728531901662] | scale fixed to 1.000000 (no scaling)
2025-08-22 11:34:34,900 | INFO | Axis x stats (centered): min=-45.410393, mean=-0.000000, std=22.943523, max=46.307260
2025-08-22 11:34:34,900 | INFO | Axis y stats (centered): min=-120.344817, mean=0.000000, std=64.116377, max=112.348846
2025-08-22 11:34:34,900 | INFO | Axis z stats (centered): min=-16.898171, mean=-0.000000, std=3.636470, max=2.482043
2025-08-22 11:34:34,900 | INFO | Centering time: 0.4 ms
2025-08-22 11:34:34,901 | INFO | PCA alignment: explained variance ratio=0.8840, 0.1135, 0.0025
2025-08-22 11:34:34,901 | INFO | Rotation matrix (columns are principal axes):
[[-0.001496  0.998672 -0.051489]
 [-0.999952 -0.001993 -0.009593]
 [-0.009683  0.051472  0.998627]]
2025-08-22 11:34:34,901 | INFO | Rotation matrix det=1.000000
2025-08-22 11:34:34,902 | INFO | Orientation enforcement (concave-to-pos-z (corr_pos=-0.3469, corr_neg=0.3469)): sz=-1, width_low=62.832502, width_high=57.748425 -> sx=-1, sy=1
2025-08-22 11:34:34,903 | INFO | Orientation signs diag(S)=[-1.0, 1.0, -1.0]
2025-08-22 11:34:34,903 | INFO | PCA time: 2.3 ms
2025-08-22 11:34:34,903 | INFO | Requested samples 4096 >= candidates 4096; returning all indices.
2025-08-22 11:34:34,903 | INFO | Final points: (4096, 3), normals: (4096, 3)
2025-08-22 11:34:34,904 | INFO | Aligned normalized AABB min=[-120.47321772364928, -45.56507903663869, -3.885703461423874] max=[112.32544379475087, 46.17177980410226, 14.801954434028664]
2025-08-22 11:34:34,904 | INFO | Final radii percentiles: p5=17.481381, p50=59.686318, p95=110.284706; centroid_norm=0.000000
2025-08-22 11:34:34,904 | INFO | Axis x stats (final): min=-120.473218, mean=0.000000, std=64.119431, max=112.325444
2025-08-22 11:34:34,904 | INFO | Axis y stats (final): min=-45.565079, mean=-0.000000, std=22.973157, max=46.171780
2025-08-22 11:34:34,904 | INFO | Axis z stats (final): min=-3.885703, mean=0.000000, std=3.386985, max=14.801954
2025-08-22 11:34:34,904 | INFO | Normal lengths: min=1.000000, mean=1.000000, max=1.000000
2025-08-22 11:34:34,904 | INFO | Final FPS time: 1.7 ms
2025-08-22 11:34:34,914 | INFO | Saved bundle (npz): D:\Cursor Repos\From p2p\data\pointcloud\feet\118_foot_L.npz | points=(4096, 3) normals=(4096, 3)
2025-08-22 11:34:34,914 | INFO | Completed successfully.
