2025-08-19 12:57:04,325 | INFO | Input STL: D:\Cursor Repos\From p2p\data\raw\feet\118_foot_R.stl
2025-08-19 12:57:04,325 | INFO | Output log: D:\Cursor Repos\From p2p\Log\preprocess\feet\118_foot_R.log
2025-08-19 12:57:04,325 | INFO | Parameters: num_points=4096, candidate_multiplier=4, z_low_percent=None, z_high_percent=None, seed=None
2025-08-19 12:57:04,325 | INFO | File: size_bytes=1216634, mtime=2025-08-14 09:40:04
2025-08-19 12:57:04,325 | INFO | Env: python=3.11.13, numpy=2.1.2, trimesh=4.7.4, platform=Windows-10-10.0.26100-SP0
2025-08-19 12:57:04,365 | INFO | Mesh: vertices=12549, faces=24331
2025-08-19 12:57:04,376 | WARNING | Mesh is not watertight; surface sampling may include boundary artifacts
2025-08-19 12:57:04,379 | INFO | Mesh surface area: 18941.187700
2025-08-19 12:57:04,388 | INFO | Mesh volume: 99318.896608
2025-08-19 12:57:04,391 | INFO | Mesh AABB min=[-47.38127517700195, 0.0, -21.24866485595703] max=[47.62248992919922, 234.89834594726562, 0.0]
2025-08-19 12:57:04,391 | INFO | Boundary edges: 0
2025-08-19 12:57:04,391 | INFO | Load mesh time: 65.9 ms
2025-08-19 12:57:04,391 | INFO | Surface sampling: candidates=16384 (target=4096, multiplier=4)
2025-08-19 12:57:04,401 | INFO | Running Farthest Point Sampling (FPS) to enforce even spacing
2025-08-19 12:57:04,484 | INFO | FPS progress: 409/4096
2025-08-19 12:57:04,558 | INFO | FPS progress: 818/4096
2025-08-19 12:57:04,639 | INFO | FPS progress: 1227/4096
2025-08-19 12:57:04,724 | INFO | FPS progress: 1636/4096
2025-08-19 12:57:04,806 | INFO | FPS progress: 2045/4096
2025-08-19 12:57:04,892 | INFO | FPS progress: 2454/4096
2025-08-19 12:57:04,975 | INFO | FPS progress: 2863/4096
2025-08-19 12:57:05,053 | INFO | FPS progress: 3272/4096
2025-08-19 12:57:05,143 | INFO | FPS progress: 3681/4096
2025-08-19 12:57:05,225 | INFO | FPS progress: 4090/4096
2025-08-19 12:57:05,226 | INFO | Round 1: accumulated=4096, kept=4096 (100.00%), time=834.7 ms
2025-08-19 12:57:05,226 | INFO | Requested samples 4096 >= candidates 4096; returning all indices.
2025-08-19 12:57:05,226 | INFO | Sampled points: (4096, 3), normals: (4096, 3)
2025-08-19 12:57:05,226 | INFO | Sampling time: 835.0 ms
2025-08-19 12:57:05,227 | INFO | Centering only: centroid=[1.0699128994174916, 120.64850713107116, -2.2445232271158804] | scale fixed to 1.000000 (no scaling)
2025-08-19 12:57:05,227 | INFO | Axis x stats (centered): min=-47.584918, mean=-0.000000, std=22.933293, max=46.287370
2025-08-19 12:57:05,227 | INFO | Axis y stats (centered): min=-120.500865, mean=0.000000, std=63.771762, max=113.991983
2025-08-19 12:57:05,227 | INFO | Axis z stats (centered): min=-18.809741, mean=-0.000000, std=3.286763, max=2.227967
2025-08-19 12:57:05,227 | INFO | Centering time: 0.5 ms
2025-08-19 12:57:05,227 | INFO | PCA alignment: explained variance ratio=0.8835, 0.1144, 0.0021
2025-08-19 12:57:05,227 | INFO | Rotation matrix (columns are principal axes):
[[ 0.005769  0.999225  0.038929]
 [-0.999935  0.006146 -0.009575]
 [-0.009806 -0.038872  0.999196]]
2025-08-19 12:57:05,227 | INFO | Rotation matrix det=1.000000
2025-08-19 12:57:05,228 | INFO | Orientation enforcement: mean_nz=0.878785 -> sz=1, width_low=64.100406, width_high=58.633458 -> sx=-1, sy=-1
2025-08-19 12:57:05,228 | INFO | Orientation signs diag(S)=[-1.0, -1.0, 1.0]
2025-08-19 12:57:05,228 | INFO | PCA time: 1.5 ms
2025-08-19 12:57:05,228 | INFO | Requested samples 4096 >= candidates 4096; returning all indices.
2025-08-19 12:57:05,228 | INFO | Final points: (4096, 3), normals: (4096, 3)
2025-08-19 12:57:05,229 | INFO | Aligned normalized AABB min=[-120.59720549013707, -46.749894470787275, -16.79529990926036] max=[113.99348400403426, 47.39609804966084, 3.5802638290934095]
2025-08-19 12:57:05,229 | INFO | Final radii percentiles: p5=17.461897, p50=59.531845, p95=109.611923; centroid_norm=0.000000
2025-08-19 12:57:05,229 | INFO | Axis x stats (final): min=-120.597205, mean=0.000000, std=63.775727, max=113.993484
2025-08-19 12:57:05,229 | INFO | Axis y stats (final): min=-46.749894, mean=0.000000, std=22.947801, max=47.396098
2025-08-19 12:57:05,229 | INFO | Axis z stats (final): min=-16.795300, mean=-0.000000, std=3.103458, max=3.580264
2025-08-19 12:57:05,229 | INFO | Normal lengths: min=1.000000, mean=1.000000, max=1.000000
2025-08-19 12:57:05,230 | INFO | Final FPS time: 1.3 ms
2025-08-19 12:57:05,239 | INFO | Saved bundle (npz): D:\Cursor Repos\From p2p\data\pointcloud\feet\118_foot_R.npz | points=(4096, 3) normals=(4096, 3)
2025-08-19 12:57:05,241 | INFO | Completed successfully.
