2025-08-22 11:34:36,796 | INFO | Input STL: D:\Cursor Repos\From p2p\data\raw\feet\119_foot_R.stl
2025-08-22 11:34:36,796 | INFO | Output log: D:\Cursor Repos\From p2p\Log\preprocess\feet\119_foot_R.log
2025-08-22 11:34:36,796 | INFO | Parameters: num_points=4096, candidate_multiplier=4, z_low_percent=None, z_high_percent=None, seed=None
2025-08-22 11:34:36,796 | INFO | File: size_bytes=1176934, mtime=2025-08-13 13:26:23
2025-08-22 11:34:36,796 | INFO | Env: python=3.11.13, numpy=2.3.2, trimesh=4.7.4, platform=Windows-10-10.0.26100-SP0
2025-08-22 11:34:36,834 | INFO | Mesh: vertices=12092, faces=23537
2025-08-22 11:34:36,846 | WARNING | Mesh is not watertight; surface sampling may include boundary artifacts
2025-08-22 11:34:36,850 | INFO | Mesh surface area: 17255.898824
2025-08-22 11:34:36,857 | INFO | Mesh volume: 95172.001474
2025-08-22 11:34:36,859 | INFO | Mesh AABB min=[-43.82009506225586, 0.0, -19.907987594604492] max=[43.77119064331055, 227.51620483398438, 0.0]
2025-08-22 11:34:36,859 | INFO | Boundary edges: 0
2025-08-22 11:34:36,861 | INFO | Load mesh time: 63.8 ms
2025-08-22 11:34:36,896 | INFO | Surface sampling: candidates=16384 (target=4096, multiplier=4)
2025-08-22 11:34:36,906 | INFO | Running Farthest Point Sampling (FPS) to enforce even spacing
2025-08-22 11:34:36,984 | INFO | FPS progress: 409/4096
2025-08-22 11:34:37,063 | INFO | FPS progress: 818/4096
2025-08-22 11:34:37,140 | INFO | FPS progress: 1227/4096
2025-08-22 11:34:37,221 | INFO | FPS progress: 1636/4096
2025-08-22 11:34:37,308 | INFO | FPS progress: 2045/4096
2025-08-22 11:34:37,396 | INFO | FPS progress: 2454/4096
2025-08-22 11:34:37,483 | INFO | FPS progress: 2863/4096
2025-08-22 11:34:37,568 | INFO | FPS progress: 3272/4096
2025-08-22 11:34:37,648 | INFO | FPS progress: 3681/4096
2025-08-22 11:34:37,725 | INFO | FPS progress: 4090/4096
2025-08-22 11:34:37,726 | INFO | Round 1: accumulated=4096, kept=4096 (100.00%), time=829.3 ms
2025-08-22 11:34:37,726 | INFO | Requested samples 4096 >= candidates 4096; returning all indices.
2025-08-22 11:34:37,726 | INFO | Sampled points: (4096, 3), normals: (4096, 3)
2025-08-22 11:34:37,726 | INFO | Sampling time: 829.7 ms
2025-08-22 11:34:37,727 | INFO | Centering only: centroid=[2.236179972874355, 118.56734685009411, -2.906340534094205] | scale fixed to 1.000000 (no scaling)
2025-08-22 11:34:37,727 | INFO | Axis x stats (centered): min=-45.681310, mean=0.000000, std=21.858234, max=40.900878
2025-08-22 11:34:37,727 | INFO | Axis y stats (centered): min=-118.429745, mean=-0.000000, std=61.282950, max=108.878289
2025-08-22 11:34:37,727 | INFO | Axis z stats (centered): min=-16.836861, mean=0.000000, std=3.546798, max=2.895515
2025-08-22 11:34:37,727 | INFO | Centering time: 0.7 ms
2025-08-22 11:34:37,728 | INFO | PCA alignment: explained variance ratio=0.8846, 0.1130, 0.0024
2025-08-22 11:34:37,728 | INFO | Rotation matrix (columns are principal axes):
[[ 1.364498e-03  9.979737e-01 -6.361371e-02]
 [ 9.999388e-01 -6.632885e-04  1.104275e-02]
 [ 1.097818e-02 -6.362488e-02 -9.979135e-01]]
2025-08-22 11:34:37,728 | INFO | Rotation matrix det=1.000000
2025-08-22 11:34:37,729 | INFO | Orientation enforcement (concave-to-pos-z (corr_pos=-0.0558, corr_neg=0.0558)): sz=-1, width_low=54.827705, width_high=71.312305 -> sx=1, sy=-1
2025-08-22 11:34:37,729 | INFO | Orientation signs diag(S)=[1.0, -1.0, -1.0]
2025-08-22 11:34:37,729 | INFO | PCA time: 1.8 ms
2025-08-22 11:34:37,729 | INFO | Requested samples 4096 >= candidates 4096; returning all indices.
2025-08-22 11:34:37,729 | INFO | Final points: (4096, 3), normals: (4096, 3)
2025-08-22 11:34:37,730 | INFO | Aligned normalized AABB min=[-118.51207299196551, -40.943568949511985, -14.354946530914848] max=[108.84187028178114, 45.58061872908603, 4.8687340374015795]
2025-08-22 11:34:37,730 | INFO | Final radii percentiles: p5=16.912000, p50=56.904749, p95=106.372970; centroid_norm=0.000000
2025-08-22 11:34:37,730 | INFO | Axis x stats (final): min=-118.512073, mean=-0.000000, std=61.286688, max=108.841870
2025-08-22 11:34:37,730 | INFO | Axis y stats (final): min=-40.943569, mean=-0.000000, std=21.901507, max=45.580619
2025-08-22 11:34:37,730 | INFO | Axis z stats (final): min=-14.354947, mean=0.000000, std=3.198115, max=4.868734
2025-08-22 11:34:37,730 | INFO | Normal lengths: min=1.000000, mean=1.000000, max=1.000000
2025-08-22 11:34:37,730 | INFO | Final FPS time: 1.2 ms
2025-08-22 11:34:37,741 | INFO | Saved bundle (npz): D:\Cursor Repos\From p2p\data\pointcloud\feet\119_foot_R.npz | points=(4096, 3) normals=(4096, 3)
2025-08-22 11:34:37,741 | INFO | Completed successfully.
