2025-08-22 11:34:53,042 | INFO | Input STL: D:\Cursor Repos\From p2p\data\raw\feet\128_foot_L.stl
2025-08-22 11:34:53,043 | INFO | Output log: D:\Cursor Repos\From p2p\Log\preprocess\feet\128_foot_L.log
2025-08-22 11:34:53,043 | INFO | Parameters: num_points=4096, candidate_multiplier=4, z_low_percent=None, z_high_percent=None, seed=None
2025-08-22 11:34:53,043 | INFO | File: size_bytes=1168734, mtime=2025-08-13 13:42:22
2025-08-22 11:34:53,043 | INFO | Env: python=3.11.13, numpy=2.3.2, trimesh=4.7.4, platform=Windows-10-10.0.26100-SP0
2025-08-22 11:34:53,091 | INFO | Mesh: vertices=12115, faces=23373
2025-08-22 11:34:53,104 | WARNING | Mesh is not watertight; surface sampling may include boundary artifacts
2025-08-22 11:34:53,107 | INFO | Mesh surface area: 20994.935278
2025-08-22 11:34:53,115 | INFO | Mesh volume: 110668.234602
2025-08-22 11:34:53,117 | INFO | Mesh AABB min=[-49.106475830078125, 0.0, -19.724308013916016] max=[47.90194320678711, 251.89208984375, 0.0]
2025-08-22 11:34:53,117 | INFO | Boundary edges: 0
2025-08-22 11:34:53,117 | INFO | Load mesh time: 72.9 ms
2025-08-22 11:34:53,156 | INFO | Surface sampling: candidates=16384 (target=4096, multiplier=4)
2025-08-22 11:34:53,167 | INFO | Running Farthest Point Sampling (FPS) to enforce even spacing
2025-08-22 11:34:53,246 | INFO | FPS progress: 409/4096
2025-08-22 11:34:53,325 | INFO | FPS progress: 818/4096
2025-08-22 11:34:53,403 | INFO | FPS progress: 1227/4096
2025-08-22 11:34:53,479 | INFO | FPS progress: 1636/4096
2025-08-22 11:34:53,558 | INFO | FPS progress: 2045/4096
2025-08-22 11:34:53,636 | INFO | FPS progress: 2454/4096
2025-08-22 11:34:53,712 | INFO | FPS progress: 2863/4096
2025-08-22 11:34:53,795 | INFO | FPS progress: 3272/4096
2025-08-22 11:34:53,876 | INFO | FPS progress: 3681/4096
2025-08-22 11:34:53,957 | INFO | FPS progress: 4090/4096
2025-08-22 11:34:53,959 | INFO | Round 1: accumulated=4096, kept=4096 (100.00%), time=803.2 ms
2025-08-22 11:34:53,959 | INFO | Requested samples 4096 >= candidates 4096; returning all indices.
2025-08-22 11:34:53,959 | INFO | Sampled points: (4096, 3), normals: (4096, 3)
2025-08-22 11:34:53,959 | INFO | Sampling time: 803.7 ms
2025-08-22 11:34:53,960 | INFO | Centering only: centroid=[-1.9080444496221476, 132.85091822421003, -2.666163298073274] | scale fixed to 1.000000 (no scaling)
2025-08-22 11:34:53,960 | INFO | Axis x stats (centered): min=-46.763419, mean=0.000000, std=24.225307, max=49.696417
2025-08-22 11:34:53,960 | INFO | Axis y stats (centered): min=-132.809949, mean=0.000000, std=68.556226, max=118.700032
2025-08-22 11:34:53,960 | INFO | Axis z stats (centered): min=-16.681802, mean=-0.000000, std=3.790754, max=2.649260
2025-08-22 11:34:53,960 | INFO | Centering time: 0.9 ms
2025-08-22 11:34:53,961 | INFO | PCA alignment: explained variance ratio=0.8874, 0.1104, 0.0022
2025-08-22 11:34:53,961 | INFO | Rotation matrix (columns are principal axes):
[[-0.031428  0.997577  0.062071]
 [ 0.999468  0.030824  0.010679]
 [ 0.008739  0.062374 -0.998015]]
2025-08-22 11:34:53,961 | INFO | Rotation matrix det=1.000000
2025-08-22 11:34:53,963 | INFO | Orientation enforcement (concave-to-pos-z (corr_pos=0.0948, corr_neg=-0.0948)): sz=1, width_low=58.091061, width_high=81.727730 -> sx=1, sy=1
2025-08-22 11:34:53,963 | INFO | Orientation signs diag(S)=[1.0, 1.0, 1.0]
2025-08-22 11:34:53,963 | INFO | PCA time: 2.4 ms
2025-08-22 11:34:53,963 | INFO | Requested samples 4096 >= candidates 4096; returning all indices.
2025-08-22 11:34:53,963 | INFO | Final points: (4096, 3), normals: (4096, 3)
2025-08-22 11:34:53,963 | INFO | Aligned normalized AABB min=[-132.91645924313806, -44.942571442176124, -4.377533055896122] max=[118.51125144047484, 50.43948741038643, 14.571376250280839]
2025-08-22 11:34:53,963 | INFO | Final radii percentiles: p5=18.298327, p50=63.670569, p95=118.193488; centroid_norm=0.000000
2025-08-22 11:34:53,964 | INFO | Axis x stats (final): min=-132.916459, mean=0.000000, std=68.588666, max=118.511251
2025-08-22 11:34:53,964 | INFO | Axis y stats (final): min=-44.942571, mean=0.000000, std=24.186879, max=50.439487
2025-08-22 11:34:53,964 | INFO | Axis z stats (final): min=-4.377533, mean=0.000000, std=3.432387, max=14.571376
2025-08-22 11:34:53,964 | INFO | Normal lengths: min=1.000000, mean=1.000000, max=1.000000
2025-08-22 11:34:53,964 | INFO | Final FPS time: 1.6 ms
2025-08-22 11:34:53,974 | INFO | Saved bundle (npz): D:\Cursor Repos\From p2p\data\pointcloud\feet\128_foot_L.npz | points=(4096, 3) normals=(4096, 3)
2025-08-22 11:34:53,974 | INFO | Completed successfully.
