2025-08-19 12:57:29,470 | INFO | Input STL: D:\Cursor Repos\From p2p\data\raw\feet\131_foot_R.stl
2025-08-19 12:57:29,470 | INFO | Output log: D:\Cursor Repos\From p2p\Log\preprocess\feet\131_foot_R.log
2025-08-19 12:57:29,470 | INFO | Parameters: num_points=4096, candidate_multiplier=4, z_low_percent=None, z_high_percent=None, seed=None
2025-08-19 12:57:29,470 | INFO | File: size_bytes=1244784, mtime=2025-08-14 09:38:29
2025-08-19 12:57:29,470 | INFO | Env: python=3.11.13, numpy=2.1.2, trimesh=4.7.4, platform=Windows-10-10.0.26100-SP0
2025-08-19 12:57:29,510 | INFO | Mesh: vertices=12813, faces=24894
2025-08-19 12:57:29,523 | WARNING | Mesh is not watertight; surface sampling may include boundary artifacts
2025-08-19 12:57:29,527 | INFO | Mesh surface area: 18960.795115
2025-08-19 12:57:29,537 | INFO | Mesh volume: 110990.851484
2025-08-19 12:57:29,540 | INFO | Mesh AABB min=[-44.56877899169922, 0.0, -21.35770034790039] max=[44.74431228637695, 231.3824005126953, 0.0]
2025-08-19 12:57:29,540 | INFO | Boundary edges: 0
2025-08-19 12:57:29,540 | INFO | Load mesh time: 69.5 ms
2025-08-19 12:57:29,540 | INFO | Surface sampling: candidates=16384 (target=4096, multiplier=4)
2025-08-19 12:57:29,550 | INFO | Running Farthest Point Sampling (FPS) to enforce even spacing
2025-08-19 12:57:29,629 | INFO | FPS progress: 409/4096
2025-08-19 12:57:29,721 | INFO | FPS progress: 818/4096
2025-08-19 12:57:29,814 | INFO | FPS progress: 1227/4096
2025-08-19 12:57:29,897 | INFO | FPS progress: 1636/4096
2025-08-19 12:57:29,986 | INFO | FPS progress: 2045/4096
2025-08-19 12:57:30,085 | INFO | FPS progress: 2454/4096
2025-08-19 12:57:30,174 | INFO | FPS progress: 2863/4096
2025-08-19 12:57:30,262 | INFO | FPS progress: 3272/4096
2025-08-19 12:57:30,352 | INFO | FPS progress: 3681/4096
2025-08-19 12:57:30,443 | INFO | FPS progress: 4090/4096
2025-08-19 12:57:30,444 | INFO | Round 1: accumulated=4096, kept=4096 (100.00%), time=904.2 ms
2025-08-19 12:57:30,444 | INFO | Requested samples 4096 >= candidates 4096; returning all indices.
2025-08-19 12:57:30,444 | INFO | Sampled points: (4096, 3), normals: (4096, 3)
2025-08-19 12:57:30,444 | INFO | Sampling time: 904.8 ms
2025-08-19 12:57:30,445 | INFO | Centering only: centroid=[2.321814050824633, 119.83831718262357, -2.952699908995407] | scale fixed to 1.000000 (no scaling)
2025-08-19 12:57:30,445 | INFO | Axis x stats (centered): min=-46.799825, mean=0.000000, std=22.954015, max=41.603471
2025-08-19 12:57:30,445 | INFO | Axis y stats (centered): min=-119.796379, mean=0.000000, std=64.614818, max=111.217876
2025-08-19 12:57:30,446 | INFO | Axis z stats (centered): min=-18.365932, mean=0.000000, std=3.834553, max=2.936881
2025-08-19 12:57:30,446 | INFO | Centering time: 0.6 ms
2025-08-19 12:57:30,446 | INFO | PCA alignment: explained variance ratio=0.8855, 0.1119, 0.0026
2025-08-19 12:57:30,446 | INFO | Rotation matrix (columns are principal axes):
[[ 0.016244  0.998255 -0.056767]
 [ 0.999781 -0.015467  0.01411 ]
 [ 0.013207 -0.056984 -0.998288]]
2025-08-19 12:57:30,446 | INFO | Rotation matrix det=1.000000
2025-08-19 12:57:30,446 | INFO | Orientation enforcement: mean_nz=-0.867669 -> sz=-1, width_low=58.503328, width_high=76.350773 -> sx=1, sy=-1
2025-08-19 12:57:30,446 | INFO | Orientation signs diag(S)=[1.0, -1.0, -1.0]
2025-08-19 12:57:30,446 | INFO | PCA time: 1.3 ms
2025-08-19 12:57:30,446 | INFO | Requested samples 4096 >= candidates 4096; returning all indices.
2025-08-19 12:57:30,446 | INFO | Final points: (4096, 3), normals: (4096, 3)
2025-08-19 12:57:30,448 | INFO | Aligned normalized AABB min=[-120.0291155872446, -41.00887981089099, -16.837317458378305] max=[111.417275140395, 47.07591618728666, 5.199858048227079]
2025-08-19 12:57:30,448 | INFO | Final radii percentiles: p5=17.372081, p50=60.616811, p95=110.223714; centroid_norm=0.000000
2025-08-19 12:57:30,448 | INFO | Axis x stats (final): min=-120.029116, mean=0.000000, std=64.627987, max=111.417275
2025-08-19 12:57:30,448 | INFO | Axis y stats (final): min=-41.008880, mean=-0.000000, std=22.969204, max=47.075916
2025-08-19 12:57:30,448 | INFO | Axis z stats (final): min=-16.837317, mean=0.000000, std=3.507731, max=5.199858
2025-08-19 12:57:30,448 | INFO | Normal lengths: min=1.000000, mean=1.000000, max=1.000000
2025-08-19 12:57:30,448 | INFO | Final FPS time: 1.4 ms
2025-08-19 12:57:30,472 | INFO | Saved bundle (npz): D:\Cursor Repos\From p2p\data\pointcloud\feet\131_foot_R.npz | points=(4096, 3) normals=(4096, 3)
2025-08-19 12:57:30,472 | INFO | Completed successfully.
