2025-08-22 11:34:58,688 | INFO | Input STL: D:\Cursor Repos\From p2p\data\raw\feet\131_foot_L.stl
2025-08-22 11:34:58,688 | INFO | Output log: D:\Cursor Repos\From p2p\Log\preprocess\feet\131_foot_L.log
2025-08-22 11:34:58,688 | INFO | Parameters: num_points=4096, candidate_multiplier=4, z_low_percent=None, z_high_percent=None, seed=None
2025-08-22 11:34:58,688 | INFO | File: size_bytes=1183434, mtime=2025-08-14 09:38:25
2025-08-22 11:34:58,688 | INFO | Env: python=3.11.13, numpy=2.3.2, trimesh=4.7.4, platform=Windows-10-10.0.26100-SP0
2025-08-22 11:34:58,732 | INFO | Mesh: vertices=12186, faces=23667
2025-08-22 11:34:58,746 | WARNING | Mesh is not watertight; surface sampling may include boundary artifacts
2025-08-22 11:34:58,750 | INFO | Mesh surface area: 18914.841092
2025-08-22 11:34:58,760 | INFO | Mesh volume: 110301.082398
2025-08-22 11:34:58,762 | INFO | Mesh AABB min=[-46.62757873535156, 0.0, -23.90493392944336] max=[46.68772888183594, 233.5970916748047, 0.0]
2025-08-22 11:34:58,762 | INFO | Boundary edges: 0
2025-08-22 11:34:58,762 | INFO | Load mesh time: 73.7 ms
2025-08-22 11:34:58,804 | INFO | Surface sampling: candidates=16384 (target=4096, multiplier=4)
2025-08-22 11:34:58,816 | INFO | Running Farthest Point Sampling (FPS) to enforce even spacing
2025-08-22 11:34:58,894 | INFO | FPS progress: 409/4096
2025-08-22 11:34:58,974 | INFO | FPS progress: 818/4096
2025-08-22 11:34:59,066 | INFO | FPS progress: 1227/4096
2025-08-22 11:34:59,148 | INFO | FPS progress: 1636/4096
2025-08-22 11:34:59,231 | INFO | FPS progress: 2045/4096
2025-08-22 11:34:59,309 | INFO | FPS progress: 2454/4096
2025-08-22 11:34:59,384 | INFO | FPS progress: 2863/4096
2025-08-22 11:34:59,458 | INFO | FPS progress: 3272/4096
2025-08-22 11:34:59,535 | INFO | FPS progress: 3681/4096
2025-08-22 11:34:59,611 | INFO | FPS progress: 4090/4096
2025-08-22 11:34:59,612 | INFO | Round 1: accumulated=4096, kept=4096 (100.00%), time=808.1 ms
2025-08-22 11:34:59,612 | INFO | Requested samples 4096 >= candidates 4096; returning all indices.
2025-08-22 11:34:59,612 | INFO | Sampled points: (4096, 3), normals: (4096, 3)
2025-08-22 11:34:59,612 | INFO | Sampling time: 808.5 ms
2025-08-22 11:34:59,612 | INFO | Centering only: centroid=[-3.165959963068356, 121.16549332504525, -2.9188270804609537] | scale fixed to 1.000000 (no scaling)
2025-08-22 11:34:59,613 | INFO | Axis x stats (centered): min=-42.302853, mean=0.000000, std=23.211897, max=48.763935
2025-08-22 11:34:59,613 | INFO | Axis y stats (centered): min=-121.099122, mean=-0.000000, std=63.842689, max=112.260847
2025-08-22 11:34:59,613 | INFO | Axis z stats (centered): min=-20.683961, mean=-0.000000, std=3.986683, max=2.905372
2025-08-22 11:34:59,613 | INFO | Centering time: 0.4 ms
2025-08-22 11:34:59,613 | INFO | PCA alignment: explained variance ratio=0.8809, 0.1167, 0.0024
2025-08-22 11:34:59,613 | INFO | Rotation matrix (columns are principal axes):
[[-0.025986  0.995773  0.088094]
 [ 0.999584  0.024781  0.014738]
 [ 0.012492  0.088441 -0.996003]]
2025-08-22 11:34:59,613 | INFO | Rotation matrix det=1.000000
2025-08-22 11:34:59,614 | INFO | Orientation enforcement (concave-to-pos-z (corr_pos=0.0095, corr_neg=-0.0095)): sz=1, width_low=59.979740, width_high=72.770620 -> sx=1, sy=1
2025-08-22 11:34:59,614 | INFO | Orientation signs diag(S)=[1.0, 1.0, 1.0]
2025-08-22 11:34:59,614 | INFO | PCA time: 1.7 ms
2025-08-22 11:34:59,614 | INFO | Requested samples 4096 >= candidates 4096; returning all indices.
2025-08-22 11:34:59,615 | INFO | Final points: (4096, 3), normals: (4096, 3)
2025-08-22 11:34:59,615 | INFO | Aligned normalized AABB min=[-121.33243960788525, -41.5829870087312, -4.943005509655484] max=[112.51344514744041, 49.52250074566431, 16.73207990914497]
2025-08-22 11:34:59,615 | INFO | Final radii percentiles: p5=17.356464, p50=59.596566, p95=109.786620; centroid_norm=0.000000
2025-08-22 11:34:59,615 | INFO | Axis x stats (final): min=-121.332440, mean=-0.000000, std=63.866623, max=112.513445
2025-08-22 11:34:59,615 | INFO | Axis y stats (final): min=-41.582987, mean=0.000000, std=23.248897, max=49.522501
2025-08-22 11:34:59,616 | INFO | Axis z stats (final): min=-4.943006, mean=-0.000000, std=3.334377, max=16.732080
2025-08-22 11:34:59,616 | INFO | Normal lengths: min=1.000000, mean=1.000000, max=1.000000
2025-08-22 11:34:59,616 | INFO | Final FPS time: 1.2 ms
2025-08-22 11:34:59,625 | INFO | Saved bundle (npz): D:\Cursor Repos\From p2p\data\pointcloud\feet\131_foot_L.npz | points=(4096, 3) normals=(4096, 3)
2025-08-22 11:34:59,625 | INFO | Completed successfully.
