2025-08-22 11:35:00,589 | INFO | Input STL: D:\Cursor Repos\From p2p\data\raw\feet\132_foot_L.stl
2025-08-22 11:35:00,589 | INFO | Output log: D:\Cursor Repos\From p2p\Log\preprocess\feet\132_foot_L.log
2025-08-22 11:35:00,589 | INFO | Parameters: num_points=4096, candidate_multiplier=4, z_low_percent=None, z_high_percent=None, seed=None
2025-08-22 11:35:00,589 | INFO | File: size_bytes=1315184, mtime=2025-08-14 09:59:48
2025-08-22 11:35:00,590 | INFO | Env: python=3.11.13, numpy=2.3.2, trimesh=4.7.4, platform=Windows-10-10.0.26100-SP0
2025-08-22 11:35:00,632 | INFO | Mesh: vertices=13588, faces=26302
2025-08-22 11:35:00,646 | WARNING | Mesh is not watertight; surface sampling may include boundary artifacts
2025-08-22 11:35:00,648 | INFO | Mesh surface area: 14682.225446
2025-08-22 11:35:00,658 | INFO | Mesh volume: 82132.586108
2025-08-22 11:35:00,660 | INFO | Mesh AABB min=[-38.97086715698242, 0.0, -22.620681762695312] max=[38.88025665283203, 203.3560791015625, 0.0]
2025-08-22 11:35:00,660 | INFO | Boundary edges: 0
2025-08-22 11:35:00,660 | INFO | Load mesh time: 70.7 ms
2025-08-22 11:35:00,704 | INFO | Surface sampling: candidates=16384 (target=4096, multiplier=4)
2025-08-22 11:35:00,715 | INFO | Running Farthest Point Sampling (FPS) to enforce even spacing
2025-08-22 11:35:00,795 | INFO | FPS progress: 409/4096
2025-08-22 11:35:00,872 | INFO | FPS progress: 818/4096
2025-08-22 11:35:00,949 | INFO | FPS progress: 1227/4096
2025-08-22 11:35:01,031 | INFO | FPS progress: 1636/4096
2025-08-22 11:35:01,111 | INFO | FPS progress: 2045/4096
2025-08-22 11:35:01,194 | INFO | FPS progress: 2454/4096
2025-08-22 11:35:01,279 | INFO | FPS progress: 2863/4096
2025-08-22 11:35:01,355 | INFO | FPS progress: 3272/4096
2025-08-22 11:35:01,434 | INFO | FPS progress: 3681/4096
2025-08-22 11:35:01,512 | INFO | FPS progress: 4090/4096
2025-08-22 11:35:01,514 | INFO | Round 1: accumulated=4096, kept=4096 (100.00%), time=809.8 ms
2025-08-22 11:35:01,514 | INFO | Requested samples 4096 >= candidates 4096; returning all indices.
2025-08-22 11:35:01,514 | INFO | Sampled points: (4096, 3), normals: (4096, 3)
2025-08-22 11:35:01,514 | INFO | Sampling time: 810.4 ms
2025-08-22 11:35:01,515 | INFO | Centering only: centroid=[-2.002752086358251, 104.53020726577974, -3.18162209289615] | scale fixed to 1.000000 (no scaling)
2025-08-22 11:35:01,515 | INFO | Axis x stats (centered): min=-36.287060, mean=-0.000000, std=20.109859, max=40.703290
2025-08-22 11:35:01,515 | INFO | Axis y stats (centered): min=-104.364424, mean=0.000000, std=55.612854, max=98.277433
2025-08-22 11:35:01,515 | INFO | Axis z stats (centered): min=-19.319661, mean=-0.000000, std=3.802489, max=3.176623
2025-08-22 11:35:01,515 | INFO | Centering time: 0.4 ms
2025-08-22 11:35:01,515 | INFO | PCA alignment: explained variance ratio=0.8813, 0.1154, 0.0032
2025-08-22 11:35:01,516 | INFO | Rotation matrix (columns are principal axes):
[[-0.026218  0.996111  0.084118]
 [ 0.999605  0.025275  0.012259]
 [ 0.010085  0.084406 -0.99638 ]]
2025-08-22 11:35:01,516 | INFO | Rotation matrix det=1.000000
2025-08-22 11:35:01,516 | INFO | Orientation enforcement (concave-to-pos-z (corr_pos=0.1168, corr_neg=-0.1168)): sz=1, width_low=50.356348, width_high=57.160155 -> sx=1, sy=1
2025-08-22 11:35:01,517 | INFO | Orientation signs diag(S)=[1.0, 1.0, 1.0]
2025-08-22 11:35:01,517 | INFO | PCA time: 1.7 ms
2025-08-22 11:35:01,517 | INFO | Requested samples 4096 >= candidates 4096; returning all indices.
2025-08-22 11:35:01,517 | INFO | Final points: (4096, 3), normals: (4096, 3)
2025-08-22 11:35:01,517 | INFO | Aligned normalized AABB min=[-104.55418876108087, -35.39984123539536, -4.449888150299086] max=[98.87609580245487, 41.14218994029565, 16.201612749428346]
2025-08-22 11:35:01,517 | INFO | Final radii percentiles: p5=15.287826, p50=52.744302, p95=95.929488; centroid_norm=0.000000
2025-08-22 11:35:01,517 | INFO | Axis x stats (final): min=-104.554189, mean=0.000000, std=55.632464, max=98.876096
2025-08-22 11:35:01,518 | INFO | Axis y stats (final): min=-35.399841, mean=-0.000000, std=20.133196, max=41.142190
2025-08-22 11:35:01,518 | INFO | Axis z stats (final): min=-4.449888, mean=0.000000, std=3.367226, max=16.201613
2025-08-22 11:35:01,518 | INFO | Normal lengths: min=1.000000, mean=1.000000, max=1.000000
2025-08-22 11:35:01,518 | INFO | Final FPS time: 1.3 ms
2025-08-22 11:35:01,528 | INFO | Saved bundle (npz): D:\Cursor Repos\From p2p\data\pointcloud\feet\132_foot_L.npz | points=(4096, 3) normals=(4096, 3)
2025-08-22 11:35:01,528 | INFO | Completed successfully.
