2025-08-22 11:35:03,421 | INFO | Input STL: D:\Cursor Repos\From p2p\data\raw\feet\133_foot_R.stl
2025-08-22 11:35:03,421 | INFO | Output log: D:\Cursor Repos\From p2p\Log\preprocess\feet\133_foot_R.log
2025-08-22 11:35:03,421 | INFO | Parameters: num_points=4096, candidate_multiplier=4, z_low_percent=None, z_high_percent=None, seed=None
2025-08-22 11:35:03,421 | INFO | File: size_bytes=1338884, mtime=2025-08-14 09:37:41
2025-08-22 11:35:03,421 | INFO | Env: python=3.11.13, numpy=2.3.2, trimesh=4.7.4, platform=Windows-10-10.0.26100-SP0
2025-08-22 11:35:03,473 | INFO | Mesh: vertices=13802, faces=26776
2025-08-22 11:35:03,486 | WARNING | Mesh is not watertight; surface sampling may include boundary artifacts
2025-08-22 11:35:03,490 | INFO | Mesh surface area: 12671.127472
2025-08-22 11:35:03,499 | INFO | Mesh volume: 61481.644543
2025-08-22 11:35:03,501 | INFO | Mesh AABB min=[-38.45637512207031, 0.0, -15.318340301513672] max=[37.92335891723633, 183.2799072265625, 0.0]
2025-08-22 11:35:03,501 | INFO | Boundary edges: 0
2025-08-22 11:35:03,501 | INFO | Load mesh time: 80.3 ms
2025-08-22 11:35:03,545 | INFO | Surface sampling: candidates=16384 (target=4096, multiplier=4)
2025-08-22 11:35:03,557 | INFO | Running Farthest Point Sampling (FPS) to enforce even spacing
2025-08-22 11:35:03,636 | INFO | FPS progress: 409/4096
2025-08-22 11:35:03,711 | INFO | FPS progress: 818/4096
2025-08-22 11:35:03,790 | INFO | FPS progress: 1227/4096
2025-08-22 11:35:03,867 | INFO | FPS progress: 1636/4096
2025-08-22 11:35:03,942 | INFO | FPS progress: 2045/4096
2025-08-22 11:35:04,021 | INFO | FPS progress: 2454/4096
2025-08-22 11:35:04,103 | INFO | FPS progress: 2863/4096
2025-08-22 11:35:04,182 | INFO | FPS progress: 3272/4096
2025-08-22 11:35:04,264 | INFO | FPS progress: 3681/4096
2025-08-22 11:35:04,340 | INFO | FPS progress: 4090/4096
2025-08-22 11:35:04,342 | INFO | Round 1: accumulated=4096, kept=4096 (100.00%), time=795.6 ms
2025-08-22 11:35:04,342 | INFO | Requested samples 4096 >= candidates 4096; returning all indices.
2025-08-22 11:35:04,342 | INFO | Sampled points: (4096, 3), normals: (4096, 3)
2025-08-22 11:35:04,342 | INFO | Sampling time: 796.0 ms
2025-08-22 11:35:04,342 | INFO | Centering only: centroid=[2.1545390925718535, 95.68632796596278, -2.3730407927030854] | scale fixed to 1.000000 (no scaling)
2025-08-22 11:35:04,342 | INFO | Axis x stats (centered): min=-40.026383, mean=0.000000, std=19.107144, max=35.380679
2025-08-22 11:35:04,342 | INFO | Axis y stats (centered): min=-95.457215, mean=0.000000, std=50.698429, max=87.196145
2025-08-22 11:35:04,342 | INFO | Axis z stats (centered): min=-12.885979, mean=0.000000, std=2.694858, max=2.368173
2025-08-22 11:35:04,342 | INFO | Centering time: 0.4 ms
2025-08-22 11:35:04,343 | INFO | PCA alignment: explained variance ratio=0.8736, 0.1241, 0.0023
2025-08-22 11:35:04,343 | INFO | Rotation matrix (columns are principal axes):
[[-0.001124  0.999809 -0.019498]
 [-0.999952 -0.001313 -0.009706]
 [-0.009729  0.019486  0.999763]]
2025-08-22 11:35:04,344 | INFO | Rotation matrix det=1.000000
2025-08-22 11:35:04,345 | INFO | Orientation enforcement (concave-to-pos-z (corr_pos=-0.3302, corr_neg=0.3302)): sz=-1, width_low=54.645487, width_high=47.863837 -> sx=-1, sy=1
2025-08-22 11:35:04,345 | INFO | Orientation signs diag(S)=[-1.0, 1.0, -1.0]
2025-08-22 11:35:04,345 | INFO | PCA time: 2.5 ms
2025-08-22 11:35:04,345 | INFO | Requested samples 4096 >= candidates 4096; returning all indices.
2025-08-22 11:35:04,345 | INFO | Final points: (4096, 3), normals: (4096, 3)
2025-08-22 11:35:04,346 | INFO | Aligned normalized AABB min=[-95.56610302847216, -40.18513928878176, -2.691459882870834] max=[87.15392890128292, 35.26866129563147, 11.841446724306492]
2025-08-22 11:35:04,346 | INFO | Final radii percentiles: p5=14.339103, p50=48.373591, p95=86.683496; centroid_norm=0.000000
2025-08-22 11:35:04,346 | INFO | Axis x stats (final): min=-95.566103, mean=0.000000, std=50.700848, max=87.153929
2025-08-22 11:35:04,346 | INFO | Axis y stats (final): min=-40.185139, mean=0.000000, std=19.110636, max=35.268661
2025-08-22 11:35:04,346 | INFO | Axis z stats (final): min=-2.691460, mean=0.000000, std=2.623644, max=11.841447
2025-08-22 11:35:04,346 | INFO | Normal lengths: min=1.000000, mean=1.000000, max=1.000000
2025-08-22 11:35:04,346 | INFO | Final FPS time: 1.2 ms
2025-08-22 11:35:04,356 | INFO | Saved bundle (npz): D:\Cursor Repos\From p2p\data\pointcloud\feet\133_foot_R.npz | points=(4096, 3) normals=(4096, 3)
2025-08-22 11:35:04,356 | INFO | Completed successfully.
