2025-08-22 11:35:05,282 | INFO | Input STL: D:\Cursor Repos\From p2p\data\raw\feet\134_foot_R.stl
2025-08-22 11:35:05,282 | INFO | Output log: D:\Cursor Repos\From p2p\Log\preprocess\feet\134_foot_R.log
2025-08-22 11:35:05,282 | INFO | Parameters: num_points=4096, candidate_multiplier=4, z_low_percent=None, z_high_percent=None, seed=None
2025-08-22 11:35:05,282 | INFO | File: size_bytes=1162734, mtime=2025-08-13 13:20:32
2025-08-22 11:35:05,282 | INFO | Env: python=3.11.13, numpy=2.3.2, trimesh=4.7.4, platform=Windows-10-10.0.26100-SP0
2025-08-22 11:35:05,323 | INFO | Mesh: vertices=11996, faces=23253
2025-08-22 11:35:05,334 | WARNING | Mesh is not watertight; surface sampling may include boundary artifacts
2025-08-22 11:35:05,337 | INFO | Mesh surface area: 21857.305021
2025-08-22 11:35:05,344 | INFO | Mesh volume: 134006.249594
2025-08-22 11:35:05,347 | INFO | Mesh AABB min=[-46.71470260620117, 0.0, -22.32062530517578] max=[48.694183349609375, 255.7296600341797, 0.0]
2025-08-22 11:35:05,347 | INFO | Boundary edges: 0
2025-08-22 11:35:05,347 | INFO | Load mesh time: 64.6 ms
2025-08-22 11:35:05,388 | INFO | Surface sampling: candidates=16384 (target=4096, multiplier=4)
2025-08-22 11:35:05,397 | INFO | Running Farthest Point Sampling (FPS) to enforce even spacing
2025-08-22 11:35:05,476 | INFO | FPS progress: 409/4096
2025-08-22 11:35:05,554 | INFO | FPS progress: 818/4096
2025-08-22 11:35:05,633 | INFO | FPS progress: 1227/4096
2025-08-22 11:35:05,714 | INFO | FPS progress: 1636/4096
2025-08-22 11:35:05,792 | INFO | FPS progress: 2045/4096
2025-08-22 11:35:05,872 | INFO | FPS progress: 2454/4096
2025-08-22 11:35:05,952 | INFO | FPS progress: 2863/4096
2025-08-22 11:35:06,031 | INFO | FPS progress: 3272/4096
2025-08-22 11:35:06,106 | INFO | FPS progress: 3681/4096
2025-08-22 11:35:06,187 | INFO | FPS progress: 4090/4096
2025-08-22 11:35:06,188 | INFO | Round 1: accumulated=4096, kept=4096 (100.00%), time=800.4 ms
2025-08-22 11:35:06,188 | INFO | Requested samples 4096 >= candidates 4096; returning all indices.
2025-08-22 11:35:06,188 | INFO | Sampled points: (4096, 3), normals: (4096, 3)
2025-08-22 11:35:06,188 | INFO | Sampling time: 800.8 ms
2025-08-22 11:35:06,188 | INFO | Centering only: centroid=[4.016891807355246, 130.16297839194425, -2.8138156052897982] | scale fixed to 1.000000 (no scaling)
2025-08-22 11:35:06,189 | INFO | Axis x stats (centered): min=-50.040673, mean=-0.000000, std=24.813075, max=44.017410
2025-08-22 11:35:06,189 | INFO | Axis y stats (centered): min=-129.946547, mean=-0.000000, std=69.185885, max=125.436267
2025-08-22 11:35:06,189 | INFO | Axis z stats (centered): min=-19.067837, mean=0.000000, std=3.820115, max=2.797755
2025-08-22 11:35:06,189 | INFO | Centering time: 0.9 ms
2025-08-22 11:35:06,189 | INFO | PCA alignment: explained variance ratio=0.8846, 0.1131, 0.0023
2025-08-22 11:35:06,190 | INFO | Rotation matrix (columns are principal axes):
[[-0.03186  -0.998312 -0.048554]
 [-0.9994    0.031159  0.015134]
 [-0.013596  0.049008 -0.998706]]
2025-08-22 11:35:06,190 | INFO | Rotation matrix det=1.000000
2025-08-22 11:35:06,191 | INFO | Orientation enforcement (concave-to-pos-z (corr_pos=0.2095, corr_neg=-0.2095)): sz=1, width_low=72.001658, width_high=59.036138 -> sx=-1, sy=-1
2025-08-22 11:35:06,191 | INFO | Orientation signs diag(S)=[-1.0, -1.0, 1.0]
2025-08-22 11:35:06,191 | INFO | PCA time: 1.7 ms
2025-08-22 11:35:06,191 | INFO | Requested samples 4096 >= candidates 4096; returning all indices.
2025-08-22 11:35:06,191 | INFO | Final points: (4096, 3), normals: (4096, 3)
2025-08-22 11:35:06,192 | INFO | Aligned normalized AABB min=[-130.33623607994048, -50.6071293164884, -4.763548321645828] max=[126.22555580387389, 45.89653290067374, 16.816901587552763]
2025-08-22 11:35:06,192 | INFO | Final radii percentiles: p5=19.105039, p50=63.919874, p95=119.946039; centroid_norm=0.000000
2025-08-22 11:35:06,192 | INFO | Axis x stats (final): min=-130.336236, mean=-0.000000, std=69.223108, max=126.225556
2025-08-22 11:35:06,192 | INFO | Axis y stats (final): min=-50.607129, mean=-0.000000, std=24.756064, max=45.896533
2025-08-22 11:35:06,192 | INFO | Axis z stats (final): min=-4.763548, mean=-0.000000, std=3.502471, max=16.816902
2025-08-22 11:35:06,192 | INFO | Normal lengths: min=1.000000, mean=1.000000, max=1.000000
2025-08-22 11:35:06,192 | INFO | Final FPS time: 1.3 ms
2025-08-22 11:35:06,204 | INFO | Saved bundle (npz): D:\Cursor Repos\From p2p\data\pointcloud\feet\134_foot_R.npz | points=(4096, 3) normals=(4096, 3)
2025-08-22 11:35:06,205 | INFO | Completed successfully.
