2025-08-22 11:35:04,357 | INFO | Input STL: D:\Cursor Repos\From p2p\data\raw\feet\134_foot_L.stl
2025-08-22 11:35:04,357 | INFO | Output log: D:\Cursor Repos\From p2p\Log\preprocess\feet\134_foot_L.log
2025-08-22 11:35:04,357 | INFO | Parameters: num_points=4096, candidate_multiplier=4, z_low_percent=None, z_high_percent=None, seed=None
2025-08-22 11:35:04,357 | INFO | File: size_bytes=1179534, mtime=2025-08-13 13:20:30
2025-08-22 11:35:04,358 | INFO | Env: python=3.11.13, numpy=2.3.2, trimesh=4.7.4, platform=Windows-10-10.0.26100-SP0
2025-08-22 11:35:04,399 | INFO | Mesh: vertices=12152, faces=23589
2025-08-22 11:35:04,413 | WARNING | Mesh is not watertight; surface sampling may include boundary artifacts
2025-08-22 11:35:04,416 | INFO | Mesh surface area: 21896.747463
2025-08-22 11:35:04,424 | INFO | Mesh volume: 136894.678427
2025-08-22 11:35:04,426 | INFO | Mesh AABB min=[-48.18596267700195, 0.0, -25.239513397216797] max=[48.03791046142578, 255.57656860351562, 0.0]
2025-08-22 11:35:04,426 | INFO | Boundary edges: 0
2025-08-22 11:35:04,426 | INFO | Load mesh time: 69.2 ms
2025-08-22 11:35:04,468 | INFO | Connected-component cleanup: kept=1, removed=1, kept_area=21896.747463, removed_area=0.000000, removed/kept=0.000000
2025-08-22 11:35:04,468 | INFO | Feet cleanup: kept_area=21896.747463, removed_area=0.000000, components_removed=1
2025-08-22 11:35:04,468 | INFO | Surface sampling: candidates=16384 (target=4096, multiplier=4)
2025-08-22 11:35:04,478 | INFO | Running Farthest Point Sampling (FPS) to enforce even spacing
2025-08-22 11:35:04,549 | INFO | FPS progress: 409/4096
2025-08-22 11:35:04,632 | INFO | FPS progress: 818/4096
2025-08-22 11:35:04,712 | INFO | FPS progress: 1227/4096
2025-08-22 11:35:04,793 | INFO | FPS progress: 1636/4096
2025-08-22 11:35:04,877 | INFO | FPS progress: 2045/4096
2025-08-22 11:35:04,950 | INFO | FPS progress: 2454/4096
2025-08-22 11:35:05,029 | INFO | FPS progress: 2863/4096
2025-08-22 11:35:05,103 | INFO | FPS progress: 3272/4096
2025-08-22 11:35:05,183 | INFO | FPS progress: 3681/4096
2025-08-22 11:35:05,265 | INFO | FPS progress: 4090/4096
2025-08-22 11:35:05,266 | INFO | Round 1: accumulated=4096, kept=4096 (100.00%), time=798.0 ms
2025-08-22 11:35:05,266 | INFO | Requested samples 4096 >= candidates 4096; returning all indices.
2025-08-22 11:35:05,267 | INFO | Sampled points: (4096, 3), normals: (4096, 3)
2025-08-22 11:35:05,267 | INFO | Sampling time: 798.4 ms
2025-08-22 11:35:05,267 | INFO | Centering only: centroid=[-3.250623798579552, 130.55493587377885, -2.9535578228046013] | scale fixed to 1.000000 (no scaling)
2025-08-22 11:35:05,267 | INFO | Axis x stats (centered): min=-44.423298, mean=-0.000000, std=24.568979, max=51.242753
2025-08-22 11:35:05,267 | INFO | Axis y stats (centered): min=-130.413258, mean=-0.000000, std=68.485524, max=124.537757
2025-08-22 11:35:05,267 | INFO | Axis z stats (centered): min=-22.017777, mean=0.000000, std=4.156049, max=2.949437
2025-08-22 11:35:05,267 | INFO | Centering time: 0.4 ms
2025-08-22 11:35:05,268 | INFO | PCA alignment: explained variance ratio=0.8834, 0.1141, 0.0025
2025-08-22 11:35:05,268 | INFO | Rotation matrix (columns are principal axes):
[[-0.011204  0.997313  0.072403]
 [ 0.999838  0.010154  0.014846]
 [ 0.014071  0.072558 -0.997265]]
2025-08-22 11:35:05,268 | INFO | Rotation matrix det=1.000000
2025-08-22 11:35:05,269 | INFO | Orientation enforcement (concave-to-pos-z (corr_pos=0.1899, corr_neg=-0.1899)): sz=1, width_low=60.713116, width_high=73.216604 -> sx=1, sy=1
2025-08-22 11:35:05,269 | INFO | Orientation signs diag(S)=[1.0, 1.0, 1.0]
2025-08-22 11:35:05,269 | INFO | PCA time: 1.9 ms
2025-08-22 11:35:05,269 | INFO | Requested samples 4096 >= candidates 4096; returning all indices.
2025-08-22 11:35:05,269 | INFO | Final points: (4096, 3), normals: (4096, 3)
2025-08-22 11:35:05,270 | INFO | Aligned normalized AABB min=[-130.67283508164812, -45.54833520102281, -4.9101154446998185] max=[124.55041234345768, 51.284681285414216, 18.045912475668946]
2025-08-22 11:35:05,270 | INFO | Final radii percentiles: p5=18.640626, p50=63.244574, p95=119.721877; centroid_norm=0.000000
2025-08-22 11:35:05,270 | INFO | Axis x stats (final): min=-130.672835, mean=-0.000000, std=68.496127, max=124.550412
2025-08-22 11:35:05,270 | INFO | Axis y stats (final): min=-45.548335, mean=-0.000000, std=24.621750, max=51.284681
2025-08-22 11:35:05,270 | INFO | Axis z stats (final): min=-4.910115, mean=-0.000000, std=3.636557, max=18.045912
2025-08-22 11:35:05,270 | INFO | Normal lengths: min=1.000000, mean=1.000000, max=1.000000
2025-08-22 11:35:05,270 | INFO | Final FPS time: 1.2 ms
2025-08-22 11:35:05,280 | INFO | Saved bundle (npz): D:\Cursor Repos\From p2p\data\pointcloud\feet\134_foot_L.npz | points=(4096, 3) normals=(4096, 3)
2025-08-22 11:35:05,280 | INFO | Completed successfully.
