2025-08-19 12:57:37,278 | INFO | Input STL: D:\Cursor Repos\From p2p\data\raw\feet\135_foot_R.stl
2025-08-19 12:57:37,278 | INFO | Output log: D:\Cursor Repos\From p2p\Log\preprocess\feet\135_foot_R.log
2025-08-19 12:57:37,278 | INFO | Parameters: num_points=4096, candidate_multiplier=4, z_low_percent=None, z_high_percent=None, seed=None
2025-08-19 12:57:37,278 | INFO | File: size_bytes=1251084, mtime=2025-08-14 10:58:38
2025-08-19 12:57:37,278 | INFO | Env: python=3.11.13, numpy=2.1.2, trimesh=4.7.4, platform=Windows-10-10.0.26100-SP0
2025-08-19 12:57:37,321 | INFO | Mesh: vertices=12901, faces=25020
2025-08-19 12:57:37,335 | WARNING | Mesh is not watertight; surface sampling may include boundary artifacts
2025-08-19 12:57:37,339 | INFO | Mesh surface area: 15762.462899
2025-08-19 12:57:37,348 | INFO | Mesh volume: 84962.782746
2025-08-19 12:57:37,350 | INFO | Mesh AABB min=[-40.22869110107422, 0.0, -23.405424118041992] max=[41.408447265625, 212.2429656982422, 0.0]
2025-08-19 12:57:37,350 | INFO | Boundary edges: 0
2025-08-19 12:57:37,350 | INFO | Load mesh time: 72.3 ms
2025-08-19 12:57:37,350 | INFO | Surface sampling: candidates=16384 (target=4096, multiplier=4)
2025-08-19 12:57:37,361 | INFO | Running Farthest Point Sampling (FPS) to enforce even spacing
2025-08-19 12:57:37,448 | INFO | FPS progress: 409/4096
2025-08-19 12:57:37,534 | INFO | FPS progress: 818/4096
2025-08-19 12:57:37,617 | INFO | FPS progress: 1227/4096
2025-08-19 12:57:37,703 | INFO | FPS progress: 1636/4096
2025-08-19 12:57:37,792 | INFO | FPS progress: 2045/4096
2025-08-19 12:57:37,877 | INFO | FPS progress: 2454/4096
2025-08-19 12:57:37,965 | INFO | FPS progress: 2863/4096
2025-08-19 12:57:38,055 | INFO | FPS progress: 3272/4096
2025-08-19 12:57:38,145 | INFO | FPS progress: 3681/4096
2025-08-19 12:57:38,235 | INFO | FPS progress: 4090/4096
2025-08-19 12:57:38,237 | INFO | Round 1: accumulated=4096, kept=4096 (100.00%), time=887.1 ms
2025-08-19 12:57:38,238 | INFO | Requested samples 4096 >= candidates 4096; returning all indices.
2025-08-19 12:57:38,238 | INFO | Sampled points: (4096, 3), normals: (4096, 3)
2025-08-19 12:57:38,238 | INFO | Sampling time: 887.7 ms
2025-08-19 12:57:38,239 | INFO | Centering only: centroid=[3.1763248667420796, 111.67508048313303, -4.919854102320172] | scale fixed to 1.000000 (no scaling)
2025-08-19 12:57:38,239 | INFO | Axis x stats (centered): min=-42.752464, mean=-0.000000, std=20.630482, max=37.876776
2025-08-19 12:57:38,239 | INFO | Axis y stats (centered): min=-111.497494, mean=-0.000000, std=58.016827, max=100.333541
2025-08-19 12:57:38,239 | INFO | Axis z stats (centered): min=-18.350516, mean=-0.000000, std=3.867981, max=4.757282
2025-08-19 12:57:38,239 | INFO | Centering time: 0.7 ms
2025-08-19 12:57:38,239 | INFO | PCA alignment: explained variance ratio=0.8847, 0.1121, 0.0032
2025-08-19 12:57:38,249 | INFO | Rotation matrix (columns are principal axes):
[[ 0.021127  0.996967 -0.074899]
 [ 0.999721 -0.020277  0.012098]
 [ 0.010542 -0.075134 -0.997118]]
2025-08-19 12:57:38,250 | INFO | Rotation matrix det=1.000000
2025-08-19 12:57:38,250 | INFO | Orientation enforcement: mean_nz=-0.847132 -> sz=-1, width_low=49.880687, width_high=66.357654 -> sx=1, sy=-1
2025-08-19 12:57:38,250 | INFO | Orientation signs diag(S)=[1.0, -1.0, -1.0]
2025-08-19 12:57:38,250 | INFO | PCA time: 12.1 ms
2025-08-19 12:57:38,251 | INFO | Requested samples 4096 >= candidates 4096; returning all indices.
2025-08-19 12:57:38,251 | INFO | Final points: (4096, 3), normals: (4096, 3)
2025-08-19 12:57:38,251 | INFO | Aligned normalized AABB min=[-111.6761715385315, -36.63470618389193, -15.410119839238423] max=[100.70636678721142, 43.30768000386188, 4.890032597092754]
2025-08-19 12:57:38,251 | INFO | Final radii percentiles: p5=15.821254, p50=54.411956, p95=99.992747; centroid_norm=0.000000
2025-08-19 12:57:38,252 | INFO | Axis x stats (final): min=-111.676172, mean=-0.000000, std=58.031479, max=100.706367
2025-08-19 12:57:38,252 | INFO | Axis y stats (final): min=-36.634706, mean=0.000000, std=20.654990, max=43.307680
2025-08-19 12:57:38,252 | INFO | Axis z stats (final): min=-15.410120, mean=-0.000000, std=3.499877, max=4.890033
2025-08-19 12:57:38,252 | INFO | Normal lengths: min=1.000000, mean=1.000000, max=1.000000
2025-08-19 12:57:38,252 | INFO | Final FPS time: 1.8 ms
2025-08-19 12:57:38,278 | INFO | Saved bundle (npz): D:\Cursor Repos\From p2p\data\pointcloud\feet\135_foot_R.npz | points=(4096, 3) normals=(4096, 3)
2025-08-19 12:57:38,278 | INFO | Completed successfully.
