2025-08-22 11:35:06,207 | INFO | Input STL: D:\Cursor Repos\From p2p\data\raw\feet\135_foot_L.stl
2025-08-22 11:35:06,207 | INFO | Output log: D:\Cursor Repos\From p2p\Log\preprocess\feet\135_foot_L.log
2025-08-22 11:35:06,207 | INFO | Parameters: num_points=4096, candidate_multiplier=4, z_low_percent=None, z_high_percent=None, seed=None
2025-08-22 11:35:06,207 | INFO | File: size_bytes=1283334, mtime=2025-08-14 10:58:36
2025-08-22 11:35:06,207 | INFO | Env: python=3.11.13, numpy=2.3.2, trimesh=4.7.4, platform=Windows-10-10.0.26100-SP0
2025-08-22 11:35:06,253 | INFO | Mesh: vertices=13295, faces=25665
2025-08-22 11:35:06,267 | WARNING | Mesh is not watertight; surface sampling may include boundary artifacts
2025-08-22 11:35:06,270 | INFO | Mesh surface area: 15202.754925
2025-08-22 11:35:06,278 | INFO | Mesh volume: 81439.090332
2025-08-22 11:35:06,280 | INFO | Mesh AABB min=[-41.87675857543945, 0.0, -25.05521011352539] max=[40.7220573425293, 208.84530639648438, 0.0]
2025-08-22 11:35:06,280 | INFO | Boundary edges: 0
2025-08-22 11:35:06,280 | INFO | Load mesh time: 72.6 ms
2025-08-22 11:35:06,323 | INFO | Surface sampling: candidates=16384 (target=4096, multiplier=4)
2025-08-22 11:35:06,332 | INFO | Running Farthest Point Sampling (FPS) to enforce even spacing
2025-08-22 11:35:06,409 | INFO | FPS progress: 409/4096
2025-08-22 11:35:06,493 | INFO | FPS progress: 818/4096
2025-08-22 11:35:06,571 | INFO | FPS progress: 1227/4096
2025-08-22 11:35:06,654 | INFO | FPS progress: 1636/4096
2025-08-22 11:35:06,730 | INFO | FPS progress: 2045/4096
2025-08-22 11:35:06,811 | INFO | FPS progress: 2454/4096
2025-08-22 11:35:06,892 | INFO | FPS progress: 2863/4096
2025-08-22 11:35:06,974 | INFO | FPS progress: 3272/4096
2025-08-22 11:35:07,059 | INFO | FPS progress: 3681/4096
2025-08-22 11:35:07,137 | INFO | FPS progress: 4090/4096
2025-08-22 11:35:07,140 | INFO | Round 1: accumulated=4096, kept=4096 (100.00%), time=817.7 ms
2025-08-22 11:35:07,140 | INFO | Requested samples 4096 >= candidates 4096; returning all indices.
2025-08-22 11:35:07,141 | INFO | Sampled points: (4096, 3), normals: (4096, 3)
2025-08-22 11:35:07,141 | INFO | Sampling time: 818.2 ms
2025-08-22 11:35:07,141 | INFO | Centering only: centroid=[-2.6138947893122806, 110.59830463058857, -3.2514425844022203] | scale fixed to 1.000000 (no scaling)
2025-08-22 11:35:07,141 | INFO | Axis x stats (centered): min=-39.038760, mean=-0.000000, std=20.233854, max=42.685962
2025-08-22 11:35:07,141 | INFO | Axis y stats (centered): min=-110.351036, mean=-0.000000, std=57.839202, max=98.031797
2025-08-22 11:35:07,141 | INFO | Axis z stats (centered): min=-21.253118, mean=-0.000000, std=4.405196, max=3.246943
2025-08-22 11:35:07,141 | INFO | Centering time: 0.4 ms
2025-08-22 11:35:07,141 | INFO | PCA alignment: explained variance ratio=0.8874, 0.1087, 0.0039
2025-08-22 11:35:07,142 | INFO | Rotation matrix (columns are principal axes):
[[-0.03407   0.994115  0.102829]
 [ 0.999371  0.032872  0.013328]
 [ 0.00987   0.103219 -0.99461 ]]
2025-08-22 11:35:07,142 | INFO | Rotation matrix det=1.000000
2025-08-22 11:35:07,143 | INFO | Orientation enforcement (concave-to-pos-z (corr_pos=-0.0862, corr_neg=0.0862)): sz=-1, width_low=50.364036, width_high=66.214835 -> sx=1, sy=-1
2025-08-22 11:35:07,143 | INFO | Orientation signs diag(S)=[1.0, -1.0, -1.0]
2025-08-22 11:35:07,143 | INFO | PCA time: 1.8 ms
2025-08-22 11:35:07,143 | INFO | Requested samples 4096 >= candidates 4096; returning all indices.
2025-08-22 11:35:07,143 | INFO | Final points: (4096, 3), normals: (4096, 3)
2025-08-22 11:35:07,144 | INFO | Aligned normalized AABB min=[-110.5380221284515, -43.67719538537627, -17.74211582409296] max=[98.18091122682969, 36.325713561475794, 5.6232573751369355]
2025-08-22 11:35:07,144 | INFO | Final radii percentiles: p5=15.864294, p50=53.748182, p95=99.941257; centroid_norm=0.000000
2025-08-22 11:35:07,144 | INFO | Axis x stats (final): min=-110.538022, mean=-0.000000, std=57.871766, max=98.180911
2025-08-22 11:35:07,144 | INFO | Axis y stats (final): min=-43.677195, mean=0.000000, std=20.252834, max=36.325714
2025-08-22 11:35:07,144 | INFO | Axis z stats (final): min=-17.742116, mean=-0.000000, std=3.856074, max=5.623257
2025-08-22 11:35:07,144 | INFO | Normal lengths: min=1.000000, mean=1.000000, max=1.000000
2025-08-22 11:35:07,144 | INFO | Final FPS time: 1.5 ms
2025-08-22 11:35:07,154 | INFO | Saved bundle (npz): D:\Cursor Repos\From p2p\data\pointcloud\feet\135_foot_L.npz | points=(4096, 3) normals=(4096, 3)
2025-08-22 11:35:07,155 | INFO | Completed successfully.
