2025-08-19 12:57:39,239 | INFO | Input STL: D:\Cursor Repos\From p2p\data\raw\feet\136_foot_R.stl
2025-08-19 12:57:39,239 | INFO | Output log: D:\Cursor Repos\From p2p\Log\preprocess\feet\136_foot_R.log
2025-08-19 12:57:39,239 | INFO | Parameters: num_points=4096, candidate_multiplier=4, z_low_percent=None, z_high_percent=None, seed=None
2025-08-19 12:57:39,239 | INFO | File: size_bytes=1135684, mtime=2025-08-14 10:05:21
2025-08-19 12:57:39,239 | INFO | Env: python=3.11.13, numpy=2.1.2, trimesh=4.7.4, platform=Windows-10-10.0.26100-SP0
2025-08-19 12:57:39,285 | INFO | Mesh: vertices=11730, faces=22712
2025-08-19 12:57:39,298 | WARNING | Mesh is not watertight; surface sampling may include boundary artifacts
2025-08-19 12:57:39,302 | INFO | Mesh surface area: 17726.461904
2025-08-19 12:57:39,312 | INFO | Mesh volume: 100497.627523
2025-08-19 12:57:39,313 | INFO | Mesh AABB min=[-41.274715423583984, 0.0, -20.274682998657227] max=[41.22616958618164, 233.8046417236328, 0.0]
2025-08-19 12:57:39,313 | INFO | Boundary edges: 0
2025-08-19 12:57:39,313 | INFO | Load mesh time: 74.2 ms
2025-08-19 12:57:39,313 | INFO | Surface sampling: candidates=16384 (target=4096, multiplier=4)
2025-08-19 12:57:39,324 | INFO | Running Farthest Point Sampling (FPS) to enforce even spacing
2025-08-19 12:57:39,414 | INFO | FPS progress: 409/4096
2025-08-19 12:57:39,504 | INFO | FPS progress: 818/4096
2025-08-19 12:57:39,587 | INFO | FPS progress: 1227/4096
2025-08-19 12:57:39,668 | INFO | FPS progress: 1636/4096
2025-08-19 12:57:39,753 | INFO | FPS progress: 2045/4096
2025-08-19 12:57:39,839 | INFO | FPS progress: 2454/4096
2025-08-19 12:57:39,924 | INFO | FPS progress: 2863/4096
2025-08-19 12:57:40,022 | INFO | FPS progress: 3272/4096
2025-08-19 12:57:40,108 | INFO | FPS progress: 3681/4096
2025-08-19 12:57:40,196 | INFO | FPS progress: 4090/4096
2025-08-19 12:57:40,198 | INFO | Round 1: accumulated=4096, kept=4096 (100.00%), time=883.9 ms
2025-08-19 12:57:40,198 | INFO | Requested samples 4096 >= candidates 4096; returning all indices.
2025-08-19 12:57:40,199 | INFO | Sampled points: (4096, 3), normals: (4096, 3)
2025-08-19 12:57:40,199 | INFO | Sampling time: 884.6 ms
2025-08-19 12:57:40,199 | INFO | Centering only: centroid=[2.5856908580630233, 120.5071995903988, -2.6248531539207782] | scale fixed to 1.000000 (no scaling)
2025-08-19 12:57:40,199 | INFO | Axis x stats (centered): min=-43.795729, mean=-0.000000, std=21.292725, max=38.060915
2025-08-19 12:57:40,199 | INFO | Axis y stats (centered): min=-120.279023, mean=0.000000, std=63.957813, max=113.246742
2025-08-19 12:57:40,199 | INFO | Axis z stats (centered): min=-17.237271, mean=-0.000000, std=3.821434, max=2.613061
2025-08-19 12:57:40,199 | INFO | Centering time: 0.9 ms
2025-08-19 12:57:40,200 | INFO | PCA alignment: explained variance ratio=0.8976, 0.0998, 0.0027
2025-08-19 12:57:40,200 | INFO | Rotation matrix (columns are principal axes):
[[ 0.012997  0.99761  -0.067861]
 [ 0.99986  -0.012249  0.011418]
 [ 0.01056  -0.068    -0.997629]]
2025-08-19 12:57:40,200 | INFO | Rotation matrix det=1.000000
2025-08-19 12:57:40,201 | INFO | Orientation enforcement: mean_nz=-0.863885 -> sz=-1, width_low=53.022008, width_high=62.361291 -> sx=1, sy=-1
2025-08-19 12:57:40,201 | INFO | Orientation signs diag(S)=[1.0, -1.0, -1.0]
2025-08-19 12:57:40,201 | INFO | PCA time: 1.5 ms
2025-08-19 12:57:40,201 | INFO | Requested samples 4096 >= candidates 4096; returning all indices.
2025-08-19 12:57:40,201 | INFO | Final points: (4096, 3), normals: (4096, 3)
2025-08-19 12:57:40,201 | INFO | Aligned normalized AABB min=[-120.45885589655936, -37.91267559887812, -14.556336768297768] max=[113.17340664782914, 44.08715316538219, 4.45904671942667]
2025-08-19 12:57:40,201 | INFO | Final radii percentiles: p5=17.050367, p50=58.823111, p95=109.922224; centroid_norm=0.000000
2025-08-19 12:57:40,202 | INFO | Axis x stats (final): min=-120.458856, mean=0.000000, std=63.966236, max=113.173407
2025-08-19 12:57:40,202 | INFO | Axis y stats (final): min=-37.912676, mean=0.000000, std=21.326147, max=44.087153
2025-08-19 12:57:40,202 | INFO | Axis z stats (final): min=-14.556337, mean=-0.000000, std=3.478708, max=4.459047
2025-08-19 12:57:40,202 | INFO | Normal lengths: min=1.000000, mean=1.000000, max=1.000000
2025-08-19 12:57:40,202 | INFO | Final FPS time: 1.6 ms
2025-08-19 12:57:40,227 | INFO | Saved bundle (npz): D:\Cursor Repos\From p2p\data\pointcloud\feet\136_foot_R.npz | points=(4096, 3) normals=(4096, 3)
2025-08-19 12:57:40,227 | INFO | Completed successfully.
