2025-08-22 11:35:10,088 | INFO | Input STL: D:\Cursor Repos\From p2p\data\raw\feet\137_foot_L.stl
2025-08-22 11:35:10,088 | INFO | Output log: D:\Cursor Repos\From p2p\Log\preprocess\feet\137_foot_L.log
2025-08-22 11:35:10,088 | INFO | Parameters: num_points=4096, candidate_multiplier=4, z_low_percent=None, z_high_percent=None, seed=None
2025-08-22 11:35:10,089 | INFO | File: size_bytes=1226834, mtime=2025-08-14 10:05:38
2025-08-22 11:35:10,089 | INFO | Env: python=3.11.13, numpy=2.3.2, trimesh=4.7.4, platform=Windows-10-10.0.26100-SP0
2025-08-22 11:35:10,131 | INFO | Mesh: vertices=12609, faces=24535
2025-08-22 11:35:10,143 | WARNING | Mesh is not watertight; surface sampling may include boundary artifacts
2025-08-22 11:35:10,146 | INFO | Mesh surface area: 26129.883489
2025-08-22 11:35:10,154 | INFO | Mesh volume: 152057.127781
2025-08-22 11:35:10,156 | INFO | Mesh AABB min=[-56.3256721496582, 0.0, -23.49247169494629] max=[56.217342376708984, 269.6281433105469, 0.0]
2025-08-22 11:35:10,156 | INFO | Boundary edges: 0
2025-08-22 11:35:10,156 | INFO | Load mesh time: 66.5 ms
2025-08-22 11:35:10,208 | INFO | Surface sampling: candidates=16384 (target=4096, multiplier=4)
2025-08-22 11:35:10,217 | INFO | Running Farthest Point Sampling (FPS) to enforce even spacing
2025-08-22 11:35:10,297 | INFO | FPS progress: 409/4096
2025-08-22 11:35:10,372 | INFO | FPS progress: 818/4096
2025-08-22 11:35:10,449 | INFO | FPS progress: 1227/4096
2025-08-22 11:35:10,525 | INFO | FPS progress: 1636/4096
2025-08-22 11:35:10,602 | INFO | FPS progress: 2045/4096
2025-08-22 11:35:10,678 | INFO | FPS progress: 2454/4096
2025-08-22 11:35:10,758 | INFO | FPS progress: 2863/4096
2025-08-22 11:35:10,838 | INFO | FPS progress: 3272/4096
2025-08-22 11:35:10,941 | INFO | FPS progress: 3681/4096
2025-08-22 11:35:11,038 | INFO | FPS progress: 4090/4096
2025-08-22 11:35:11,040 | INFO | Round 1: accumulated=4096, kept=4096 (100.00%), time=831.5 ms
2025-08-22 11:35:11,040 | INFO | Requested samples 4096 >= candidates 4096; returning all indices.
2025-08-22 11:35:11,040 | INFO | Sampled points: (4096, 3), normals: (4096, 3)
2025-08-22 11:35:11,040 | INFO | Sampling time: 832.1 ms
2025-08-22 11:35:11,041 | INFO | Centering only: centroid=[-2.6525558328861094, 136.72866358089576, -2.3142594394046587] | scale fixed to 1.000000 (no scaling)
2025-08-22 11:35:11,041 | INFO | Axis x stats (centered): min=-53.621505, mean=-0.000000, std=28.521153, max=58.318636
2025-08-22 11:35:11,041 | INFO | Axis y stats (centered): min=-136.651325, mean=0.000000, std=71.985071, max=132.622958
2025-08-22 11:35:11,041 | INFO | Axis z stats (centered): min=-21.034914, mean=0.000000, std=3.706387, max=2.309801
2025-08-22 11:35:11,041 | INFO | Centering time: 0.6 ms
2025-08-22 11:35:11,041 | INFO | PCA alignment: explained variance ratio=0.8626, 0.1356, 0.0019
2025-08-22 11:35:11,042 | INFO | Rotation matrix (columns are principal axes):
[[-0.006713  0.999187 -0.039743]
 [-0.99986  -0.007316 -0.015027]
 [-0.015306  0.039636  0.999097]]
2025-08-22 11:35:11,042 | INFO | Rotation matrix det=1.000000
2025-08-22 11:35:11,043 | INFO | Orientation enforcement (concave-to-pos-z (corr_pos=-0.3302, corr_neg=0.3302)): sz=-1, width_low=86.086411, width_high=66.370903 -> sx=-1, sy=1
2025-08-22 11:35:11,043 | INFO | Orientation signs diag(S)=[-1.0, 1.0, -1.0]
2025-08-22 11:35:11,043 | INFO | PCA time: 2.3 ms
2025-08-22 11:35:11,043 | INFO | Requested samples 4096 >= candidates 4096; returning all indices.
2025-08-22 11:35:11,044 | INFO | Final points: (4096, 3), normals: (4096, 3)
2025-08-22 11:35:11,044 | INFO | Aligned normalized AABB min=[-136.92371234665356, -54.00652355710466, -4.195218610414723] max=[132.3700486297471, 58.01292261510199, 18.791403090181106]
2025-08-22 11:35:11,045 | INFO | Final radii percentiles: p5=20.500393, p50=67.170487, p95=126.117550; centroid_norm=0.000000
2025-08-22 11:35:11,045 | INFO | Axis x stats (final): min=-136.923712, mean=0.000000, std=71.994806, max=132.370049
2025-08-22 11:35:11,045 | INFO | Axis y stats (final): min=-54.006524, mean=-0.000000, std=28.539937, max=58.012923
2025-08-22 11:35:11,045 | INFO | Axis z stats (final): min=-4.195219, mean=0.000000, std=3.356147, max=18.791403
2025-08-22 11:35:11,045 | INFO | Normal lengths: min=1.000000, mean=1.000000, max=1.000000
2025-08-22 11:35:11,045 | INFO | Final FPS time: 1.9 ms
2025-08-22 11:35:11,055 | INFO | Saved bundle (npz): D:\Cursor Repos\From p2p\data\pointcloud\feet\137_foot_L.npz | points=(4096, 3) normals=(4096, 3)
2025-08-22 11:35:11,055 | INFO | Completed successfully.
