2025-08-22 11:35:13,904 | INFO | Input STL: D:\Cursor Repos\From p2p\data\raw\feet\139_foot_L.stl
2025-08-22 11:35:13,904 | INFO | Output log: D:\Cursor Repos\From p2p\Log\preprocess\feet\139_foot_L.log
2025-08-22 11:35:13,904 | INFO | Parameters: num_points=4096, candidate_multiplier=4, z_low_percent=None, z_high_percent=None, seed=None
2025-08-22 11:35:13,904 | INFO | File: size_bytes=1183534, mtime=2025-08-13 14:53:29
2025-08-22 11:35:13,904 | INFO | Env: python=3.11.13, numpy=2.3.2, trimesh=4.7.4, platform=Windows-10-10.0.26100-SP0
2025-08-22 11:35:13,955 | INFO | Mesh: vertices=12217, faces=23669
2025-08-22 11:35:13,969 | WARNING | Mesh is not watertight; surface sampling may include boundary artifacts
2025-08-22 11:35:13,972 | INFO | Mesh surface area: 20880.289788
2025-08-22 11:35:13,981 | INFO | Mesh volume: 126956.951124
2025-08-22 11:35:13,983 | INFO | Mesh AABB min=[-51.263118743896484, 0.0, -26.908275604248047] max=[49.29600524902344, 244.11456298828125, 0.0]
2025-08-22 11:35:13,983 | INFO | Boundary edges: 0
2025-08-22 11:35:13,983 | INFO | Load mesh time: 78.7 ms
2025-08-22 11:35:14,029 | INFO | Surface sampling: candidates=16384 (target=4096, multiplier=4)
2025-08-22 11:35:14,040 | INFO | Running Farthest Point Sampling (FPS) to enforce even spacing
2025-08-22 11:35:14,126 | INFO | FPS progress: 409/4096
2025-08-22 11:35:14,205 | INFO | FPS progress: 818/4096
2025-08-22 11:35:14,284 | INFO | FPS progress: 1227/4096
2025-08-22 11:35:14,367 | INFO | FPS progress: 1636/4096
2025-08-22 11:35:14,446 | INFO | FPS progress: 2045/4096
2025-08-22 11:35:14,525 | INFO | FPS progress: 2454/4096
2025-08-22 11:35:14,605 | INFO | FPS progress: 2863/4096
2025-08-22 11:35:14,686 | INFO | FPS progress: 3272/4096
2025-08-22 11:35:14,769 | INFO | FPS progress: 3681/4096
2025-08-22 11:35:14,848 | INFO | FPS progress: 4090/4096
2025-08-22 11:35:14,849 | INFO | Round 1: accumulated=4096, kept=4096 (100.00%), time=819.9 ms
2025-08-22 11:35:14,849 | INFO | Requested samples 4096 >= candidates 4096; returning all indices.
2025-08-22 11:35:14,849 | INFO | Sampled points: (4096, 3), normals: (4096, 3)
2025-08-22 11:35:14,849 | INFO | Sampling time: 820.3 ms
2025-08-22 11:35:14,850 | INFO | Centering only: centroid=[-3.941558538369965, 123.36633906605908, -4.0997554745204745] | scale fixed to 1.000000 (no scaling)
2025-08-22 11:35:14,850 | INFO | Axis x stats (centered): min=-46.932261, mean=0.000000, std=24.900961, max=52.834431
2025-08-22 11:35:14,850 | INFO | Axis y stats (centered): min=-123.310868, mean=-0.000000, std=66.013729, max=120.717410
2025-08-22 11:35:14,850 | INFO | Axis z stats (centered): min=-22.380866, mean=-0.000000, std=4.549331, max=3.889455
2025-08-22 11:35:14,850 | INFO | Centering time: 0.4 ms
2025-08-22 11:35:14,850 | INFO | PCA alignment: explained variance ratio=0.8761, 0.1208, 0.0031
2025-08-22 11:35:14,850 | INFO | Rotation matrix (columns are principal axes):
[[-0.073261  0.993887  0.082596]
 [ 0.997211  0.071822  0.020272]
 [ 0.014216  0.083851 -0.996377]]
2025-08-22 11:35:14,850 | INFO | Rotation matrix det=1.000000
2025-08-22 11:35:14,851 | INFO | Orientation enforcement (concave-to-pos-z (corr_pos=-0.1251, corr_neg=0.1251)): sz=-1, width_low=61.767841, width_high=76.981626 -> sx=1, sy=-1
2025-08-22 11:35:14,852 | INFO | Orientation signs diag(S)=[1.0, -1.0, -1.0]
2025-08-22 11:35:14,852 | INFO | PCA time: 1.7 ms
2025-08-22 11:35:14,852 | INFO | Requested samples 4096 >= candidates 4096; returning all indices.
2025-08-22 11:35:14,852 | INFO | Final points: (4096, 3), normals: (4096, 3)
2025-08-22 11:35:14,852 | INFO | Aligned normalized AABB min=[-123.37292602638297, -54.76268235408294, -18.513410218131025] max=[122.26613497548074, 41.79535139140402, 6.139353350671668]
2025-08-22 11:35:14,852 | INFO | Final radii percentiles: p5=18.281791, p50=61.389330, p95=115.691989; centroid_norm=0.000000
2025-08-22 11:35:14,853 | INFO | Axis x stats (final): min=-123.372926, mean=-0.000000, std=66.174616, max=122.266135
2025-08-22 11:35:14,853 | INFO | Axis y stats (final): min=-54.762682, mean=0.000000, std=24.572493, max=41.795351
2025-08-22 11:35:14,853 | INFO | Axis z stats (final): min=-18.513410, mean=-0.000000, std=3.959734, max=6.139353
2025-08-22 11:35:14,853 | INFO | Normal lengths: min=1.000000, mean=1.000000, max=1.000000
2025-08-22 11:35:14,853 | INFO | Final FPS time: 1.3 ms
2025-08-22 11:35:14,862 | INFO | Saved bundle (npz): D:\Cursor Repos\From p2p\data\pointcloud\feet\139_foot_L.npz | points=(4096, 3) normals=(4096, 3)
2025-08-22 11:35:14,862 | INFO | Completed successfully.
