2025-08-22 11:35:18,684 | INFO | Input STL: D:\Cursor Repos\From p2p\data\raw\feet\141_foot_R.stl
2025-08-22 11:35:18,685 | INFO | Output log: D:\Cursor Repos\From p2p\Log\preprocess\feet\141_foot_R.log
2025-08-22 11:35:18,685 | INFO | Parameters: num_points=4096, candidate_multiplier=4, z_low_percent=None, z_high_percent=None, seed=None
2025-08-22 11:35:18,685 | INFO | File: size_bytes=1398534, mtime=2025-08-13 14:41:06
2025-08-22 11:35:18,685 | INFO | Env: python=3.11.13, numpy=2.3.2, trimesh=4.7.4, platform=Windows-10-10.0.26100-SP0
2025-08-22 11:35:18,732 | INFO | Mesh: vertices=14384, faces=27969
2025-08-22 11:35:18,748 | WARNING | Mesh is not watertight; surface sampling may include boundary artifacts
2025-08-22 11:35:18,752 | INFO | Mesh surface area: 13879.714286
2025-08-22 11:35:18,763 | INFO | Mesh volume: 72958.066994
2025-08-22 11:35:18,765 | INFO | Mesh AABB min=[-41.02063751220703, 0.0, -18.685861587524414] max=[39.12227249145508, 189.8263702392578, 0.0]
2025-08-22 11:35:18,765 | INFO | Boundary edges: 0
2025-08-22 11:35:18,765 | INFO | Load mesh time: 79.6 ms
2025-08-22 11:35:18,819 | INFO | Surface sampling: candidates=16384 (target=4096, multiplier=4)
2025-08-22 11:35:18,831 | INFO | Running Farthest Point Sampling (FPS) to enforce even spacing
2025-08-22 11:35:18,914 | INFO | FPS progress: 409/4096
2025-08-22 11:35:19,000 | INFO | FPS progress: 818/4096
2025-08-22 11:35:19,082 | INFO | FPS progress: 1227/4096
2025-08-22 11:35:19,160 | INFO | FPS progress: 1636/4096
2025-08-22 11:35:19,238 | INFO | FPS progress: 2045/4096
2025-08-22 11:35:19,317 | INFO | FPS progress: 2454/4096
2025-08-22 11:35:19,399 | INFO | FPS progress: 2863/4096
2025-08-22 11:35:19,477 | INFO | FPS progress: 3272/4096
2025-08-22 11:35:19,558 | INFO | FPS progress: 3681/4096
2025-08-22 11:35:19,639 | INFO | FPS progress: 4090/4096
2025-08-22 11:35:19,641 | INFO | Round 1: accumulated=4096, kept=4096 (100.00%), time=821.8 ms
2025-08-22 11:35:19,641 | INFO | Requested samples 4096 >= candidates 4096; returning all indices.
2025-08-22 11:35:19,641 | INFO | Sampled points: (4096, 3), normals: (4096, 3)
2025-08-22 11:35:19,641 | INFO | Sampling time: 822.4 ms
2025-08-22 11:35:19,641 | INFO | Centering only: centroid=[1.0197998529689294, 99.89152586780443, -3.049860646885653] | scale fixed to 1.000000 (no scaling)
2025-08-22 11:35:19,641 | INFO | Axis x stats (centered): min=-41.342644, mean=0.000000, std=20.021454, max=37.787371
2025-08-22 11:35:19,641 | INFO | Axis y stats (centered): min=-99.825545, mean=-0.000000, std=52.849565, max=89.443488
2025-08-22 11:35:19,641 | INFO | Axis z stats (centered): min=-15.430601, mean=0.000000, std=3.503073, max=3.028622
2025-08-22 11:35:19,641 | INFO | Centering time: 0.4 ms
2025-08-22 11:35:19,642 | INFO | PCA alignment: explained variance ratio=0.8714, 0.1251, 0.0035
2025-08-22 11:35:19,642 | INFO | Rotation matrix (columns are principal axes):
[[ 0.003485  0.999498 -0.031485]
 [ 0.999868 -0.002984  0.015942]
 [ 0.01584  -0.031536 -0.999377]]
2025-08-22 11:35:19,642 | INFO | Rotation matrix det=1.000000
2025-08-22 11:35:19,643 | INFO | Orientation enforcement (concave-to-pos-z (corr_pos=0.3609, corr_neg=-0.3609)): sz=1, width_low=47.709837, width_high=66.763045 -> sx=1, sy=1
2025-08-22 11:35:19,643 | INFO | Orientation signs diag(S)=[1.0, 1.0, 1.0]
2025-08-22 11:35:19,643 | INFO | PCA time: 2.0 ms
2025-08-22 11:35:19,644 | INFO | Requested samples 4096 >= candidates 4096; returning all indices.
2025-08-22 11:35:19,644 | INFO | Final points: (4096, 3), normals: (4096, 3)
2025-08-22 11:35:19,644 | INFO | Aligned normalized AABB min=[-100.06280026515567, -41.3314151217409, -4.137256539184217] max=[89.37813131826245, 37.713876541577854, 13.883561125396783]
2025-08-22 11:35:19,644 | INFO | Final radii percentiles: p5=15.141448, p50=50.669055, p95=90.023289; centroid_norm=0.000000
2025-08-22 11:35:19,644 | INFO | Axis x stats (final): min=-100.062800, mean=-0.000000, std=52.856456, max=89.378131
2025-08-22 11:35:19,644 | INFO | Axis y stats (final): min=-41.331415, mean=0.000000, std=20.030382, max=37.713877
2025-08-22 11:35:19,645 | INFO | Axis z stats (final): min=-4.137257, mean=-0.000000, std=3.344470, max=13.883561
2025-08-22 11:35:19,645 | INFO | Normal lengths: min=1.000000, mean=1.000000, max=1.000000
2025-08-22 11:35:19,645 | INFO | Final FPS time: 1.3 ms
2025-08-22 11:35:19,656 | INFO | Saved bundle (npz): D:\Cursor Repos\From p2p\data\pointcloud\feet\141_foot_R.npz | points=(4096, 3) normals=(4096, 3)
2025-08-22 11:35:19,656 | INFO | Completed successfully.
