2025-08-19 12:57:54,907 | INFO | Input STL: D:\Cursor Repos\From p2p\data\raw\feet\144_foot_R.stl
2025-08-19 12:57:54,907 | INFO | Output log: D:\Cursor Repos\From p2p\Log\preprocess\feet\144_foot_R.log
2025-08-19 12:57:54,907 | INFO | Parameters: num_points=4096, candidate_multiplier=4, z_low_percent=None, z_high_percent=None, seed=None
2025-08-19 12:57:54,907 | INFO | File: size_bytes=1199884, mtime=2025-08-14 09:39:48
2025-08-19 12:57:54,907 | INFO | Env: python=3.11.13, numpy=2.1.2, trimesh=4.7.4, platform=Windows-10-10.0.26100-SP0
2025-08-19 12:57:54,957 | INFO | Mesh: vertices=12365, faces=23996
2025-08-19 12:57:54,972 | WARNING | Mesh is not watertight; surface sampling may include boundary artifacts
2025-08-19 12:57:54,976 | INFO | Mesh surface area: 20160.489402
2025-08-19 12:57:54,984 | INFO | Mesh volume: 94741.292085
2025-08-19 12:57:54,987 | INFO | Mesh AABB min=[-45.2089958190918, 0.0, -16.569730758666992] max=[48.44739532470703, 238.98681640625, 0.0]
2025-08-19 12:57:54,987 | INFO | Boundary edges: 0
2025-08-19 12:57:54,987 | INFO | Load mesh time: 79.8 ms
2025-08-19 12:57:54,987 | INFO | Surface sampling: candidates=16384 (target=4096, multiplier=4)
2025-08-19 12:57:54,997 | INFO | Running Farthest Point Sampling (FPS) to enforce even spacing
2025-08-19 12:57:55,083 | INFO | FPS progress: 409/4096
2025-08-19 12:57:55,175 | INFO | FPS progress: 818/4096
2025-08-19 12:57:55,256 | INFO | FPS progress: 1227/4096
2025-08-19 12:57:55,339 | INFO | FPS progress: 1636/4096
2025-08-19 12:57:55,418 | INFO | FPS progress: 2045/4096
2025-08-19 12:57:55,498 | INFO | FPS progress: 2454/4096
2025-08-19 12:57:55,577 | INFO | FPS progress: 2863/4096
2025-08-19 12:57:55,668 | INFO | FPS progress: 3272/4096
2025-08-19 12:57:55,752 | INFO | FPS progress: 3681/4096
2025-08-19 12:57:55,831 | INFO | FPS progress: 4090/4096
2025-08-19 12:57:55,833 | INFO | Round 1: accumulated=4096, kept=4096 (100.00%), time=846.6 ms
2025-08-19 12:57:55,833 | INFO | Requested samples 4096 >= candidates 4096; returning all indices.
2025-08-19 12:57:55,835 | INFO | Sampled points: (4096, 3), normals: (4096, 3)
2025-08-19 12:57:55,835 | INFO | Sampling time: 847.2 ms
2025-08-19 12:57:55,835 | INFO | Centering only: centroid=[3.315751662358144, 122.35302095696825, -1.9317910321781153] | scale fixed to 1.000000 (no scaling)
2025-08-19 12:57:55,835 | INFO | Axis x stats (centered): min=-47.949713, mean=0.000000, std=23.953838, max=44.939888
2025-08-19 12:57:55,835 | INFO | Axis y stats (centered): min=-122.155695, mean=0.000000, std=65.530745, max=116.275103
2025-08-19 12:57:55,835 | INFO | Axis z stats (centered): min=-14.392646, mean=-0.000000, std=2.555471, max=1.925353
2025-08-19 12:57:55,836 | INFO | Centering time: 0.8 ms
2025-08-19 12:57:55,836 | INFO | PCA alignment: explained variance ratio=0.8812, 0.1175, 0.0013
2025-08-19 12:57:55,836 | INFO | Rotation matrix (columns are principal axes):
[[-1.451821e-02 -9.998942e-01  8.759337e-04]
 [-9.998695e-01  1.452405e-02  7.078880e-03]
 [-7.090853e-03 -7.730467e-04 -9.999746e-01]]
2025-08-19 12:57:55,836 | INFO | Rotation matrix det=1.000000
2025-08-19 12:57:55,837 | INFO | Orientation enforcement: mean_nz=-0.887520 -> sz=-1, width_low=72.182170, width_high=60.740880 -> sx=-1, sy=1
2025-08-19 12:57:55,837 | INFO | Orientation signs diag(S)=[-1.0, 1.0, -1.0]
2025-08-19 12:57:55,837 | INFO | PCA time: 1.5 ms
2025-08-19 12:57:55,837 | INFO | Requested samples 4096 >= candidates 4096; returning all indices.
2025-08-19 12:57:55,837 | INFO | Final points: (4096, 3), normals: (4096, 3)
2025-08-19 12:57:55,837 | INFO | Aligned normalized AABB min=[-122.36664588434051, -45.36802249461635, -13.533689939689813] max=[116.46864855297574, 48.79536648179916, 2.2440630931747765]
2025-08-19 12:57:55,837 | INFO | Final radii percentiles: p5=17.980553, p50=60.962603, p95=112.771273; centroid_norm=0.000000
2025-08-19 12:57:55,837 | INFO | Axis x stats (final): min=-122.366646, mean=0.000000, std=65.538376, max=116.468649
2025-08-19 12:57:55,837 | INFO | Axis y stats (final): min=-45.368022, mean=-0.000000, std=23.937465, max=48.795366
2025-08-19 12:57:55,837 | INFO | Axis z stats (final): min=-13.533690, mean=-0.000000, std=2.512855, max=2.244063
2025-08-19 12:57:55,838 | INFO | Normal lengths: min=1.000000, mean=1.000000, max=1.000000
2025-08-19 12:57:55,838 | INFO | Final FPS time: 1.3 ms
2025-08-19 12:57:55,857 | INFO | Saved bundle (npz): D:\Cursor Repos\From p2p\data\pointcloud\feet\144_foot_R.npz | points=(4096, 3) normals=(4096, 3)
2025-08-19 12:57:55,858 | INFO | Completed successfully.
