2025-08-22 11:35:26,337 | INFO | Input STL: D:\Cursor Repos\From p2p\data\raw\feet\145_foot_R.stl
2025-08-22 11:35:26,337 | INFO | Output log: D:\Cursor Repos\From p2p\Log\preprocess\feet\145_foot_R.log
2025-08-22 11:35:26,337 | INFO | Parameters: num_points=4096, candidate_multiplier=4, z_low_percent=None, z_high_percent=None, seed=None
2025-08-22 11:35:26,338 | INFO | File: size_bytes=1216134, mtime=2025-08-13 14:52:54
2025-08-22 11:35:26,338 | INFO | Env: python=3.11.13, numpy=2.3.2, trimesh=4.7.4, platform=Windows-10-10.0.26100-SP0
2025-08-22 11:35:26,379 | INFO | Mesh: vertices=12498, faces=24321
2025-08-22 11:35:26,392 | WARNING | Mesh is not watertight; surface sampling may include boundary artifacts
2025-08-22 11:35:26,396 | INFO | Mesh surface area: 18922.305698
2025-08-22 11:35:26,404 | INFO | Mesh volume: 116447.465726
2025-08-22 11:35:26,407 | INFO | Mesh AABB min=[-45.76556396484375, 0.0, -20.408418655395508] max=[44.300086975097656, 234.47988891601562, 0.0]
2025-08-22 11:35:26,407 | INFO | Boundary edges: 0
2025-08-22 11:35:26,407 | INFO | Load mesh time: 69.6 ms
2025-08-22 11:35:26,451 | INFO | Surface sampling: candidates=16384 (target=4096, multiplier=4)
2025-08-22 11:35:26,460 | INFO | Running Farthest Point Sampling (FPS) to enforce even spacing
2025-08-22 11:35:26,536 | INFO | FPS progress: 409/4096
2025-08-22 11:35:26,613 | INFO | FPS progress: 818/4096
2025-08-22 11:35:26,695 | INFO | FPS progress: 1227/4096
2025-08-22 11:35:26,777 | INFO | FPS progress: 1636/4096
2025-08-22 11:35:26,855 | INFO | FPS progress: 2045/4096
2025-08-22 11:35:26,935 | INFO | FPS progress: 2454/4096
2025-08-22 11:35:27,016 | INFO | FPS progress: 2863/4096
2025-08-22 11:35:27,091 | INFO | FPS progress: 3272/4096
2025-08-22 11:35:27,174 | INFO | FPS progress: 3681/4096
2025-08-22 11:35:27,253 | INFO | FPS progress: 4090/4096
2025-08-22 11:35:27,255 | INFO | Round 1: accumulated=4096, kept=4096 (100.00%), time=803.4 ms
2025-08-22 11:35:27,255 | INFO | Requested samples 4096 >= candidates 4096; returning all indices.
2025-08-22 11:35:27,255 | INFO | Sampled points: (4096, 3), normals: (4096, 3)
2025-08-22 11:35:27,255 | INFO | Sampling time: 803.8 ms
2025-08-22 11:35:27,255 | INFO | Centering only: centroid=[1.1580467029363137, 119.79407866376292, -2.896236145827875] | scale fixed to 1.000000 (no scaling)
2025-08-22 11:35:27,255 | INFO | Axis x stats (centered): min=-46.432097, mean=0.000000, std=22.891863, max=43.019004
2025-08-22 11:35:27,255 | INFO | Axis y stats (centered): min=-119.509751, mean=-0.000000, std=63.180946, max=114.233263
2025-08-22 11:35:27,256 | INFO | Axis z stats (centered): min=-16.541807, mean=0.000000, std=3.430731, max=2.852385
2025-08-22 11:35:27,256 | INFO | Centering time: 0.9 ms
2025-08-22 11:35:27,256 | INFO | PCA alignment: explained variance ratio=0.8818, 0.1158, 0.0024
2025-08-22 11:35:27,257 | INFO | Rotation matrix (columns are principal axes):
[[ 0.001621  0.999625  0.027347]
 [-0.999933  0.001933 -0.011389]
 [-0.011438 -0.027326  0.999561]]
2025-08-22 11:35:27,257 | INFO | Rotation matrix det=1.000000
2025-08-22 11:35:27,258 | INFO | Orientation enforcement (concave-to-pos-z (corr_pos=-0.1927, corr_neg=0.1927)): sz=-1, width_low=67.650912, width_high=57.297835 -> sx=-1, sy=1
2025-08-22 11:35:27,258 | INFO | Orientation signs diag(S)=[-1.0, 1.0, -1.0]
2025-08-22 11:35:27,258 | INFO | PCA time: 1.8 ms
2025-08-22 11:35:27,258 | INFO | Requested samples 4096 >= candidates 4096; returning all indices.
2025-08-22 11:35:27,258 | INFO | Final points: (4096, 3), normals: (4096, 3)
2025-08-22 11:35:27,258 | INFO | Aligned normalized AABB min=[-119.62964091074049, -46.1591523557327, -4.10311243538909] max=[114.16279339976475, 43.16854190192704, 14.941532559105115]
2025-08-22 11:35:27,258 | INFO | Final radii percentiles: p5=17.523824, p50=58.721579, p95=109.807289; centroid_norm=0.000000
2025-08-22 11:35:27,258 | INFO | Axis x stats (final): min=-119.629641, mean=-0.000000, std=63.185135, max=114.162793
2025-08-22 11:35:27,259 | INFO | Axis y stats (final): min=-46.159152, mean=-0.000000, std=22.900051, max=43.168542
2025-08-22 11:35:27,259 | INFO | Axis z stats (final): min=-4.103112, mean=-0.000000, std=3.296295, max=14.941533
2025-08-22 11:35:27,259 | INFO | Normal lengths: min=1.000000, mean=1.000000, max=1.000000
2025-08-22 11:35:27,259 | INFO | Final FPS time: 1.2 ms
2025-08-22 11:35:27,269 | INFO | Saved bundle (npz): D:\Cursor Repos\From p2p\data\pointcloud\feet\145_foot_R.npz | points=(4096, 3) normals=(4096, 3)
2025-08-22 11:35:27,269 | INFO | Completed successfully.
