2025-08-20 17:33:35,684 | INFO | 日志文件: Log\train\train_deformnet.log
2025-08-20 17:33:35,685 | INFO | PyTorch: 2.8.0+cu126 | CUDA: 12.6 | cudnn: 91002
2025-08-20 17:33:35,692 | INFO | CUDA Device: NVIDIA GeForce RTX 4060 Laptop GPU | SMs: 24 | Mem: 8.00GB
2025-08-20 17:33:35,692 | INFO | 使用设备: cuda
2025-08-20 17:33:38,712 | INFO | LCD 自适应半径: factor=4.0 × d_mean=2.452683 -> radius=9.810730
2025-08-20 17:33:38,712 | INFO | 数据集: 训练批次=10 | 验证批次=2 | 每批=12
2025-08-20 17:33:38,876 | INFO | DGCNN: k=20, feat_dim=256, dropout=0.3, ms_ks=10,20,30
2025-08-20 17:33:38,877 | INFO | Regressor: hidden=(256, 256, 128), mlp_dropout=0.4
2025-08-20 17:33:38,877 | INFO | 参数量: encoder=1,209,728 | regressor=165,635
2025-08-20 17:33:40,892 | INFO | 损失: α(CD)=0.5, β(EMD)=0.5, localCD=0.1, offsetL2=0.001 | CD归一化=False
2025-08-20 17:33:40,892 | INFO | EMD: eps=0.02, iters=50, subset=1024 | 局部CD: patches=64, radius=9.810730389041366
2025-08-20 17:33:40,892 | INFO | 梯度裁剪: max_norm=1.0
2025-08-20 17:36:10,986 | INFO | [L] Ep001 It0010/10 | loss=26.546873 | cd=45.578400 | lcd=37.444141 | emd=0.025623 | regL2=0.448891 | grad_norm=12.2752 | lr=5.00e-05
2025-08-20 17:36:32,212 | INFO | [L] Ep001 训练/验证: 27.187316/15.220504
2025-08-20 17:36:32,254 | INFO | [L] 保存最佳模型 (val=15.220504) -> checkpoints\L\best.pth
2025-08-20 17:39:18,989 | INFO | [L] Ep002 It0010/10 | loss=42.083057 | cd=71.379005 | lcd=63.789696 | emd=0.023634 | regL2=2.764978 | grad_norm=27.4389 | lr=1.63e-04
2025-08-20 17:39:40,464 | INFO | [L] Ep002 训练/验证: 25.445047/13.363005
2025-08-20 17:39:40,494 | INFO | [L] 保存最佳模型 (val=13.363005) -> checkpoints\L\best.pth
2025-08-20 17:41:59,636 | INFO | [L] Ep003 It0010/10 | loss=15.070788 | cd=24.970367 | lcd=25.256895 | emd=0.020253 | regL2=49.788567 | grad_norm=14.6867 | lr=2.75e-04
2025-08-20 17:42:32,353 | INFO | [L] Ep003 训练/验证: 20.936159/10.221478
2025-08-20 17:42:32,400 | INFO | [L] 保存最佳模型 (val=10.221478) -> checkpoints\L\best.pth
2025-08-20 17:45:12,225 | INFO | [L] Ep004 It0010/10 | loss=16.400862 | cd=27.418013 | lcd=25.437511 | emd=0.016465 | regL2=139.872070 | grad_norm=15.2547 | lr=3.88e-04
2025-08-20 17:45:33,735 | INFO | [L] Ep004 训练/验证: 15.284168/8.761349
2025-08-20 17:45:33,767 | INFO | [L] 保存最佳模型 (val=8.761349) -> checkpoints\L\best.pth
2025-08-20 17:48:01,422 | INFO | [L] Ep005 It0010/10 | loss=10.132694 | cd=16.971178 | lcd=14.547619 | emd=0.017976 | regL2=183.355804 | grad_norm=10.0457 | lr=5.00e-04
2025-08-20 17:48:36,245 | INFO | [L] Ep005 训练/验证: 13.523740/8.665568
2025-08-20 17:48:36,287 | INFO | [L] 保存最佳模型 (val=8.665568) -> checkpoints\L\best.pth
2025-08-20 17:50:54,908 | INFO | [L] Ep006 It0010/10 | loss=10.778805 | cd=17.926561 | lcd=16.699257 | emd=0.019414 | regL2=135.892014 | grad_norm=7.7216 | lr=5.00e-04
2025-08-20 17:51:29,266 | INFO | [L] Ep006 训练/验证: 12.634063/8.409538
2025-08-20 17:51:29,306 | INFO | [L] 保存最佳模型 (val=8.409538) -> checkpoints\L\best.pth
2025-08-20 17:54:23,881 | INFO | [L] Ep007 It0010/10 | loss=8.424360 | cd=14.133659 | lcd=11.974680 | emd=0.023301 | regL2=148.412598 | grad_norm=11.8084 | lr=5.00e-04
2025-08-20 17:54:45,545 | INFO | [L] Ep007 训练/验证: 11.295375/6.818154
2025-08-20 17:54:45,584 | INFO | [L] 保存最佳模型 (val=6.818154) -> checkpoints\L\best.pth
2025-08-20 17:57:15,101 | INFO | [L] Ep008 It0010/10 | loss=8.622449 | cd=14.312687 | lcd=11.945679 | emd=0.019164 | regL2=261.956207 | grad_norm=19.7633 | lr=5.00e-04
2025-08-20 17:57:40,115 | INFO | [L] Ep008 训练/验证: 9.570137/6.234760
2025-08-20 17:57:40,151 | INFO | [L] 保存最佳模型 (val=6.234760) -> checkpoints\L\best.pth
2025-08-20 18:00:27,087 | INFO | [L] Ep009 It0010/10 | loss=7.566407 | cd=12.605412 | lcd=11.769958 | emd=0.027468 | regL2=72.971542 | grad_norm=24.9562 | lr=5.00e-04
2025-08-20 18:00:50,857 | INFO | [L] Ep009 训练/验证: 9.371564/5.926842
2025-08-20 18:00:50,890 | INFO | [L] 保存最佳模型 (val=5.926842) -> checkpoints\L\best.pth
2025-08-20 18:03:25,940 | INFO | [L] Ep010 It0010/10 | loss=7.560695 | cd=12.652309 | lcd=10.521683 | emd=0.021763 | regL2=171.490814 | grad_norm=16.3739 | lr=5.00e-04
2025-08-20 18:03:47,715 | INFO | [L] Ep010 训练/验证: 8.486858/6.480774
2025-08-20 18:03:47,715 | INFO | [L] Ep010 | 耗时: 176.8s | 耐心: 1/15
2025-08-20 18:06:21,795 | INFO | [L] Ep011 It0010/10 | loss=7.221463 | cd=12.020909 | lcd=10.755729 | emd=0.026980 | regL2=121.945190 | grad_norm=12.4492 | lr=5.00e-04
2025-08-20 18:06:43,530 | INFO | [L] Ep011 训练/验证: 8.223642/6.088168
2025-08-20 18:06:43,530 | INFO | [L] Ep011 | 耗时: 175.8s | 耐心: 2/15
2025-08-20 18:09:24,193 | INFO | [L] Ep012 It0010/10 | loss=6.509902 | cd=10.900789 | lcd=9.730116 | emd=0.023310 | regL2=74.840355 | grad_norm=9.0164 | lr=5.00e-04
2025-08-20 18:09:46,040 | INFO | [L] Ep012 训练/验证: 7.199663/5.675179
2025-08-20 18:09:46,077 | INFO | [L] 保存最佳模型 (val=5.675179) -> checkpoints\L\best.pth
2025-08-20 18:12:36,089 | INFO | [L] Ep013 It0010/10 | loss=6.114399 | cd=9.863137 | lcd=9.478065 | emd=0.027032 | regL2=221.507904 | grad_norm=6.5382 | lr=5.00e-04
2025-08-20 18:12:57,549 | INFO | [L] Ep013 训练/验证: 7.115804/6.913048
2025-08-20 18:12:57,549 | INFO | [L] Ep013 | 耗时: 191.5s | 耐心: 1/15
2025-08-20 18:15:25,364 | INFO | [L] Ep014 It0010/10 | loss=6.700917 | cd=11.228686 | lcd=9.181021 | emd=0.026460 | regL2=155.241837 | grad_norm=13.3181 | lr=5.00e-04
2025-08-20 18:15:47,145 | INFO | [L] Ep014 训练/验证: 7.000063/5.910570
2025-08-20 18:15:47,145 | INFO | [L] Ep014 | 耗时: 169.6s | 耐心: 2/15
2025-08-20 18:18:01,800 | INFO | [L] Ep015 It0010/10 | loss=6.697400 | cd=11.084032 | lcd=10.326185 | emd=0.026604 | regL2=109.463181 | grad_norm=10.7762 | lr=5.00e-04
2025-08-20 18:18:26,999 | INFO | [L] Ep015 训练/验证: 6.978549/6.699408
2025-08-20 18:18:27,000 | INFO | [L] Ep015 | 耗时: 159.9s | 耐心: 3/15
2025-08-20 18:20:44,719 | INFO | [L] Ep016 It0010/10 | loss=5.963103 | cd=10.037245 | lcd=8.446491 | emd=0.027465 | regL2=86.099091 | grad_norm=12.6860 | lr=5.00e-04
2025-08-20 18:21:07,023 | INFO | [L] Ep016 训练/验证: 6.778991/5.523137
2025-08-20 18:21:07,058 | INFO | [L] 保存最佳模型 (val=5.523137) -> checkpoints\L\best.pth
2025-08-20 18:23:33,436 | INFO | [L] Ep017 It0010/10 | loss=6.143613 | cd=10.200607 | lcd=8.709188 | emd=0.028077 | regL2=158.351685 | grad_norm=10.4179 | lr=5.00e-04
2025-08-20 18:23:54,979 | INFO | [L] Ep017 训练/验证: 6.451528/5.817249
2025-08-20 18:23:54,979 | INFO | [L] Ep017 | 耗时: 167.9s | 耐心: 1/15
2025-08-20 18:26:35,173 | INFO | [L] Ep018 It0010/10 | loss=6.081976 | cd=10.136564 | lcd=8.437860 | emd=0.029309 | regL2=155.253723 | grad_norm=7.1498 | lr=5.00e-04
2025-08-20 18:26:56,939 | INFO | [L] Ep018 训练/验证: 6.522040/5.482083
2025-08-20 18:26:56,973 | INFO | [L] 保存最佳模型 (val=5.482083) -> checkpoints\L\best.pth
2025-08-20 18:29:48,679 | INFO | [L] Ep019 It0010/10 | loss=6.754890 | cd=11.273256 | lcd=9.396860 | emd=0.028460 | regL2=164.345825 | grad_norm=30.3209 | lr=5.00e-04
2025-08-20 18:30:16,533 | INFO | [L] Ep019 训练/验证: 6.917009/9.340352
2025-08-20 18:30:16,533 | INFO | [L] Ep019 | 耗时: 199.6s | 耐心: 1/15
2025-08-20 18:32:38,640 | INFO | [L] Ep020 It0010/10 | loss=8.702820 | cd=14.493053 | lcd=13.754565 | emd=0.030609 | regL2=65.531967 | grad_norm=41.6938 | lr=5.00e-04
2025-08-20 18:33:00,471 | INFO | [L] Ep020 训练/验证: 7.759370/5.167948
2025-08-20 18:33:00,508 | INFO | [L] 保存最佳模型 (val=5.167948) -> checkpoints\L\best.pth
2025-08-20 18:35:48,948 | INFO | [L] Ep021 It0010/10 | loss=6.134429 | cd=9.943575 | lcd=8.560260 | emd=0.027329 | regL2=292.950714 | grad_norm=13.7147 | lr=5.00e-04
2025-08-20 18:36:16,589 | INFO | [L] Ep021 训练/验证: 7.262563/6.226544
2025-08-20 18:36:16,591 | INFO | [L] Ep021 | 耗时: 196.1s | 耐心: 1/15
2025-08-20 18:38:40,082 | INFO | [L] Ep022 It0010/10 | loss=6.194951 | cd=10.117071 | lcd=10.338842 | emd=0.029013 | regL2=88.024048 | grad_norm=14.9558 | lr=5.00e-04
2025-08-20 18:39:01,910 | INFO | [L] Ep022 训练/验证: 6.697519/6.286267
2025-08-20 18:39:01,911 | INFO | [L] Ep022 | 耗时: 165.3s | 耐心: 2/15
2025-08-20 18:41:26,849 | INFO | [L] Ep023 It0010/10 | loss=5.529094 | cd=9.129459 | lcd=8.301616 | emd=0.028025 | regL2=120.190063 | grad_norm=13.1316 | lr=5.00e-04
2025-08-20 18:41:48,676 | INFO | [L] Ep023 训练/验证: 6.575546/5.527048
2025-08-20 18:41:48,676 | INFO | [L] Ep023 | 耗时: 166.8s | 耐心: 3/15
2025-08-20 18:45:02,993 | INFO | [L] Ep024 It0010/10 | loss=6.084916 | cd=10.211036 | lcd=8.339855 | emd=0.030614 | regL2=130.105484 | grad_norm=15.2283 | lr=5.00e-04
2025-08-20 18:45:24,727 | INFO | [L] Ep024 训练/验证: 6.161065/6.904761
2025-08-20 18:45:24,729 | INFO | [L] Ep024 | 耗时: 216.1s | 耐心: 4/15
2025-08-20 18:47:49,655 | INFO | [L] Ep025 It0010/10 | loss=5.444269 | cd=8.972685 | lcd=8.465804 | emd=0.027747 | regL2=97.472618 | grad_norm=8.9167 | lr=5.00e-04
2025-08-20 18:48:18,145 | INFO | [L] Ep025 训练/验证: 6.282065/4.995386
2025-08-20 18:48:18,188 | INFO | [L] 保存最佳模型 (val=4.995386) -> checkpoints\L\best.pth
2025-08-20 18:50:56,910 | INFO | [L] Ep026 It0010/10 | loss=5.380859 | cd=8.907827 | lcd=8.089252 | emd=0.030548 | regL2=102.745850 | grad_norm=10.2568 | lr=5.00e-04
2025-08-20 18:51:28,339 | INFO | [L] Ep026 训练/验证: 6.098401/5.113549
2025-08-20 18:51:28,339 | INFO | [L] Ep026 | 耗时: 190.2s | 耐心: 1/15
2025-08-20 18:54:23,576 | INFO | [L] Ep027 It0010/10 | loss=6.697362 | cd=11.554770 | lcd=8.482523 | emd=0.024851 | regL2=59.299633 | grad_norm=37.2949 | lr=5.00e-04
2025-08-20 18:54:45,364 | INFO | [L] Ep027 训练/验证: 6.809152/6.738369
2025-08-20 18:54:45,364 | INFO | [L] Ep027 | 耗时: 197.0s | 耐心: 2/15
2025-08-20 18:57:21,993 | INFO | [L] Ep028 It0010/10 | loss=7.048666 | cd=11.740946 | lcd=11.003094 | emd=0.027482 | regL2=64.142014 | grad_norm=37.2986 | lr=5.00e-04
2025-08-20 18:57:56,757 | INFO | [L] Ep028 训练/验证: 6.129400/5.907682
2025-08-20 18:57:56,757 | INFO | [L] Ep028 | 耗时: 191.4s | 耐心: 3/15
2025-08-20 19:00:29,248 | INFO | [L] Ep029 It0010/10 | loss=5.118757 | cd=8.347761 | lcd=8.398444 | emd=0.030955 | regL2=89.554810 | grad_norm=12.0416 | lr=5.00e-04
2025-08-20 19:00:51,014 | INFO | [L] Ep029 训练/验证: 5.806003/6.990874
2025-08-20 19:00:51,014 | INFO | [L] Ep029 | 耗时: 174.3s | 耐心: 4/15
2025-08-20 19:03:24,176 | INFO | [L] Ep030 It0010/10 | loss=6.046432 | cd=9.983173 | lcd=9.772934 | emd=0.030671 | regL2=62.216949 | grad_norm=24.5003 | lr=5.00e-04
2025-08-20 19:03:46,130 | INFO | [L] Ep030 训练/验证: 6.100060/4.741167
2025-08-20 19:03:46,164 | INFO | [L] 保存最佳模型 (val=4.741167) -> checkpoints\L\best.pth
2025-08-20 19:06:36,574 | INFO | [L] Ep031 It0010/10 | loss=6.039730 | cd=9.887679 | lcd=10.282066 | emd=0.027343 | regL2=54.012188 | grad_norm=13.8586 | lr=5.00e-04
2025-08-20 19:06:58,213 | INFO | [L] Ep031 训练/验证: 6.605945/4.923007
2025-08-20 19:06:58,214 | INFO | [L] Ep031 | 耗时: 192.0s | 耐心: 1/15
2025-08-20 19:09:45,225 | INFO | [L] Ep032 It0010/10 | loss=5.054566 | cd=8.215012 | lcd=7.942620 | emd=0.031545 | regL2=137.025299 | grad_norm=13.6938 | lr=5.00e-04
2025-08-20 19:10:08,742 | INFO | [L] Ep032 训练/验证: 6.253319/7.192690
2025-08-20 19:10:08,742 | INFO | [L] Ep032 | 耗时: 190.5s | 耐心: 2/15
2025-08-20 19:12:45,860 | INFO | [L] Ep033 It0010/10 | loss=7.845147 | cd=12.838995 | lcd=13.305517 | emd=0.031131 | regL2=79.532562 | grad_norm=47.1467 | lr=5.00e-04
2025-08-20 19:13:09,583 | INFO | [L] Ep033 训练/验证: 6.741464/4.693623
2025-08-20 19:13:09,620 | INFO | [L] 保存最佳模型 (val=4.693623) -> checkpoints\L\best.pth
2025-08-20 19:15:29,860 | INFO | [L] Ep034 It0010/10 | loss=6.529720 | cd=10.629807 | lcd=10.016237 | emd=0.028463 | regL2=198.961655 | grad_norm=12.5866 | lr=5.00e-04
2025-08-20 19:15:51,649 | INFO | [L] Ep034 训练/验证: 6.290628/6.522335
2025-08-20 19:15:51,649 | INFO | [L] Ep034 | 耗时: 162.0s | 耐心: 1/15
2025-08-20 19:18:44,920 | INFO | [L] Ep035 It0010/10 | loss=6.643665 | cd=11.110262 | lcd=9.385827 | emd=0.027317 | regL2=136.293121 | grad_norm=32.5647 | lr=5.00e-04
2025-08-20 19:19:11,915 | INFO | [L] Ep035 训练/验证: 5.978582/6.884589
2025-08-20 19:19:11,915 | INFO | [L] Ep035 | 耗时: 200.3s | 耐心: 2/15
2025-08-20 19:21:54,717 | INFO | [L] Ep036 It0010/10 | loss=8.009417 | cd=13.090372 | lcd=13.810223 | emd=0.026425 | regL2=69.996033 | grad_norm=19.5983 | lr=5.00e-04
2025-08-20 19:22:27,743 | INFO | [L] Ep036 训练/验证: 6.069297/5.569087
2025-08-20 19:22:27,744 | INFO | [L] Ep036 | 耗时: 195.8s | 耐心: 3/15
2025-08-20 19:25:15,880 | INFO | [L] Ep037 It0010/10 | loss=6.357116 | cd=10.439978 | lcd=10.164976 | emd=0.030308 | regL2=105.475800 | grad_norm=32.4988 | lr=5.00e-04
2025-08-20 19:25:37,550 | INFO | [L] Ep037 训练/验证: 5.816723/6.433995
2025-08-20 19:25:37,552 | INFO | [L] Ep037 | 耗时: 189.8s | 耐心: 4/15
2025-08-20 19:27:50,733 | INFO | [L] Ep038 It0010/10 | loss=5.512152 | cd=9.183922 | lcd=8.268591 | emd=0.029620 | regL2=78.522247 | grad_norm=18.9424 | lr=5.00e-04
2025-08-20 19:28:20,066 | INFO | [L] Ep038 训练/验证: 5.772689/9.649010
2025-08-20 19:28:20,066 | INFO | [L] Ep038 | 耗时: 162.5s | 耐心: 5/15
2025-08-20 19:30:48,086 | INFO | [L] Ep039 It0010/10 | loss=5.362036 | cd=8.893532 | lcd=8.529942 | emd=0.028283 | regL2=48.134537 | grad_norm=6.2466 | lr=5.00e-04
2025-08-20 19:31:12,406 | INFO | [L] Ep039 训练/验证: 5.856946/5.292584
2025-08-20 19:31:12,406 | INFO | [L] Ep039 | 耗时: 172.3s | 耐心: 6/15
2025-08-20 19:33:46,963 | INFO | [L] Ep040 It0010/10 | loss=7.896693 | cd=13.084946 | lcd=11.491611 | emd=0.028432 | regL2=190.843018 | grad_norm=26.0716 | lr=2.50e-04
2025-08-20 19:34:17,785 | INFO | [L] Ep040 训练/验证: 5.768980/8.555691
2025-08-20 19:34:17,785 | INFO | [L] Ep040 | 耗时: 185.4s | 耐心: 7/15
2025-08-20 19:36:42,010 | INFO | [L] Ep041 It0010/10 | loss=7.009256 | cd=11.650914 | lcd=10.850132 | emd=0.033045 | regL2=82.262825 | grad_norm=49.2034 | lr=2.50e-04
2025-08-20 19:37:03,963 | INFO | [L] Ep041 训练/验证: 5.909487/4.788217
2025-08-20 19:37:03,963 | INFO | [L] Ep041 | 耗时: 166.2s | 耐心: 8/15
2025-08-20 19:39:24,021 | INFO | [L] Ep042 It0010/10 | loss=5.822238 | cd=9.572758 | lcd=8.742896 | emd=0.027480 | regL2=147.830154 | grad_norm=28.6260 | lr=2.50e-04
2025-08-20 19:39:45,940 | INFO | [L] Ep042 训练/验证: 5.778150/7.898592
2025-08-20 19:39:45,942 | INFO | [L] Ep042 | 耗时: 162.0s | 耐心: 9/15
2025-08-20 19:42:44,670 | INFO | [L] Ep043 It0010/10 | loss=5.168367 | cd=8.453255 | lcd=8.299019 | emd=0.032146 | regL2=95.764969 | grad_norm=16.8845 | lr=2.50e-04
2025-08-20 19:43:07,567 | INFO | [L] Ep043 训练/验证: 5.473994/5.719614
2025-08-20 19:43:07,567 | INFO | [L] Ep043 | 耗时: 201.6s | 耐心: 10/15
2025-08-20 19:45:45,154 | INFO | [L] Ep044 It0010/10 | loss=5.386630 | cd=8.878777 | lcd=8.554583 | emd=0.032041 | regL2=75.762985 | grad_norm=19.9835 | lr=2.50e-04
2025-08-20 19:46:12,176 | INFO | [L] Ep044 训练/验证: 5.501977/5.091595
2025-08-20 19:46:12,176 | INFO | [L] Ep044 | 耗时: 184.6s | 耐心: 11/15
2025-08-20 19:49:21,172 | INFO | [L] Ep045 It0010/10 | loss=4.709991 | cd=7.753084 | lcd=7.629598 | emd=0.029642 | regL2=55.668152 | grad_norm=7.8938 | lr=2.50e-04
2025-08-20 19:49:42,772 | INFO | [L] Ep045 训练/验证: 6.173912/6.698822
2025-08-20 19:49:42,773 | INFO | [L] Ep045 | 耗时: 210.6s | 耐心: 12/15
2025-08-20 19:52:19,166 | INFO | [L] Ep046 It0010/10 | loss=7.483531 | cd=12.993110 | lcd=8.771957 | emd=0.023399 | regL2=98.080551 | grad_norm=51.1411 | lr=1.25e-04
2025-08-20 19:52:53,593 | INFO | [L] Ep046 训练/验证: 5.640027/6.808023
2025-08-20 19:52:53,594 | INFO | [L] Ep046 | 耗时: 190.8s | 耐心: 13/15
2025-08-20 19:56:20,514 | INFO | [L] Ep047 It0010/10 | loss=7.698521 | cd=12.986197 | lcd=11.471540 | emd=0.026736 | regL2=44.900490 | grad_norm=19.8715 | lr=1.25e-04
2025-08-20 19:56:42,099 | INFO | [L] Ep047 训练/验证: 5.584655/5.083218
2025-08-20 19:56:42,100 | INFO | [L] Ep047 | 耗时: 228.5s | 耐心: 14/15
2025-08-20 19:59:32,233 | INFO | [L] Ep048 It0010/10 | loss=6.187763 | cd=10.441008 | lcd=8.724876 | emd=0.028984 | regL2=80.279388 | grad_norm=41.5112 | lr=1.25e-04
2025-08-20 19:59:53,876 | INFO | [L] Ep048 训练/验证: 5.547500/6.742706
2025-08-20 19:59:53,876 | INFO | [L] Ep048 | 耗时: 191.8s | 耐心: 15/15
2025-08-20 19:59:53,877 | INFO | [L] 提前停止触发！最佳验证损失: 4.693623 (第 33 轮)
2025-08-20 19:59:53,890 | INFO | [L] 训练结束，最终模型已保存到 checkpoints\L\final.pth | 最佳 val=4.693623 @ epoch 33
2025-08-20 19:59:53,891 | INFO | [L] 指标已保存到: Log\train\L\metrics.csv
2025-08-20 19:59:54,111 | INFO | [L] Loss 曲线已保存: Log\train\L\loss_curve.png
2025-08-20 19:59:55,677 | INFO | LCD 自适应半径: factor=4.0 × d_mean=2.453744 -> radius=9.814976
2025-08-20 19:59:55,677 | INFO | 数据集: 训练批次=10 | 验证批次=2 | 每批=12
2025-08-20 19:59:55,691 | INFO | DGCNN: k=20, feat_dim=256, dropout=0.3, ms_ks=10,20,30
2025-08-20 19:59:55,691 | INFO | Regressor: hidden=(256, 256, 128), mlp_dropout=0.4
2025-08-20 19:59:55,692 | INFO | 参数量: encoder=1,209,728 | regressor=165,635
2025-08-20 19:59:55,692 | INFO | 损失: α(CD)=0.5, β(EMD)=0.5, localCD=0.1, offsetL2=0.001 | CD归一化=False
2025-08-20 19:59:55,694 | INFO | EMD: eps=0.02, iters=50, subset=1024 | 局部CD: patches=64, radius=9.81497631250653
2025-08-20 19:59:55,694 | INFO | 梯度裁剪: max_norm=1.0
2025-08-20 20:02:24,806 | INFO | [R] Ep001 It0010/10 | loss=8.409291 | cd=13.858432 | lcd=14.669418 | emd=0.025116 | regL2=0.575082 | grad_norm=2.8707 | lr=5.00e-05
2025-08-20 20:02:46,700 | INFO | [R] Ep001 训练/验证: 23.824874/14.158552
2025-08-20 20:02:46,740 | INFO | [R] 保存最佳模型 (val=14.158552) -> checkpoints\R\best.pth
2025-08-20 20:05:03,261 | INFO | [R] Ep002 It0010/10 | loss=44.088745 | cd=71.563927 | lcd=82.911148 | emd=0.024595 | regL2=3.368968 | grad_norm=32.8316 | lr=1.63e-04
2025-08-20 20:05:24,935 | INFO | [R] Ep002 训练/验证: 23.215535/12.814953
2025-08-20 20:05:24,964 | INFO | [R] 保存最佳模型 (val=12.814953) -> checkpoints\R\best.pth
2025-08-20 20:07:39,464 | INFO | [R] Ep003 It0010/10 | loss=9.349798 | cd=15.333096 | lcd=16.131252 | emd=0.017271 | regL2=61.490448 | grad_norm=9.1289 | lr=2.75e-04
2025-08-20 20:08:01,436 | INFO | [R] Ep003 训练/验证: 19.808186/9.684961
2025-08-20 20:08:01,477 | INFO | [R] 保存最佳模型 (val=9.684961) -> checkpoints\R\best.pth
2025-08-20 20:10:32,047 | INFO | [R] Ep004 It0010/10 | loss=14.138516 | cd=24.835346 | lcd=15.244993 | emd=0.015364 | regL2=188.662521 | grad_norm=31.3090 | lr=3.88e-04
2025-08-20 20:10:53,723 | INFO | [R] Ep004 训练/验证: 15.320578/8.476814
2025-08-20 20:10:53,757 | INFO | [R] 保存最佳模型 (val=8.476814) -> checkpoints\R\best.pth
2025-08-20 20:13:28,649 | INFO | [R] Ep005 It0010/10 | loss=10.884464 | cd=18.546936 | lcd=14.551321 | emd=0.018894 | regL2=146.416931 | grad_norm=11.4201 | lr=5.00e-04
2025-08-20 20:13:50,704 | INFO | [R] Ep005 训练/验证: 13.290205/8.134482
2025-08-20 20:13:50,733 | INFO | [R] 保存最佳模型 (val=8.134482) -> checkpoints\R\best.pth
2025-08-20 20:16:48,250 | INFO | [R] Ep006 It0010/10 | loss=8.633688 | cd=14.551135 | lcd=12.161541 | emd=0.017860 | regL2=133.035767 | grad_norm=12.1247 | lr=5.00e-04
2025-08-20 20:17:13,274 | INFO | [R] Ep006 训练/验证: 12.544143/7.661693
2025-08-20 20:17:13,315 | INFO | [R] 保存最佳模型 (val=7.661693) -> checkpoints\R\best.pth
2025-08-20 20:19:51,268 | INFO | [R] Ep007 It0010/10 | loss=8.399225 | cd=14.078901 | lcd=12.439362 | emd=0.023143 | regL2=104.265747 | grad_norm=17.2336 | lr=5.00e-04
2025-08-20 20:20:23,912 | INFO | [R] Ep007 训练/验证: 10.986212/6.650065
2025-08-20 20:20:23,957 | INFO | [R] 保存最佳模型 (val=6.650065) -> checkpoints\R\best.pth
2025-08-20 20:23:14,383 | INFO | [R] Ep008 It0010/10 | loss=9.438043 | cd=16.160959 | lcd=12.419856 | emd=0.020187 | regL2=105.483749 | grad_norm=33.9600 | lr=5.00e-04
2025-08-20 20:23:36,022 | INFO | [R] Ep008 训练/验证: 8.988379/5.635964
2025-08-20 20:23:36,054 | INFO | [R] 保存最佳模型 (val=5.635964) -> checkpoints\R\best.pth
2025-08-20 20:26:33,321 | INFO | [R] Ep009 It0010/10 | loss=8.334863 | cd=14.094820 | lcd=10.924129 | emd=0.023450 | regL2=183.315033 | grad_norm=16.0609 | lr=5.00e-04
2025-08-20 20:26:55,177 | INFO | [R] Ep009 训练/验证: 10.226362/6.703696
2025-08-20 20:26:55,177 | INFO | [R] Ep009 | 耗时: 199.1s | 耐心: 1/15
2025-08-20 20:29:37,305 | INFO | [R] Ep010 It0010/10 | loss=6.828127 | cd=11.376953 | lcd=9.622062 | emd=0.024946 | regL2=164.972000 | grad_norm=9.1049 | lr=5.00e-04
2025-08-20 20:29:59,136 | INFO | [R] Ep010 训练/验证: 8.125429/7.462729
2025-08-20 20:29:59,136 | INFO | [R] Ep010 | 耗时: 184.0s | 耐心: 2/15
2025-08-20 20:33:45,744 | INFO | [R] Ep011 It0010/10 | loss=9.205296 | cd=14.864581 | lcd=16.261396 | emd=0.029063 | regL2=132.334625 | grad_norm=46.9606 | lr=5.00e-04
2025-08-20 20:34:09,608 | INFO | [R] Ep011 训练/验证: 8.210438/6.704354
2025-08-20 20:34:09,609 | INFO | [R] Ep011 | 耗时: 250.5s | 耐心: 3/15
2025-08-20 20:36:57,028 | INFO | [R] Ep012 It0010/10 | loss=6.892867 | cd=11.283321 | lcd=11.476128 | emd=0.030580 | regL2=88.303192 | grad_norm=23.4651 | lr=5.00e-04
2025-08-20 20:37:22,349 | INFO | [R] Ep012 训练/验证: 7.014677/5.381120
2025-08-20 20:37:22,386 | INFO | [R] 保存最佳模型 (val=5.381120) -> checkpoints\R\best.pth
2025-08-20 20:40:37,023 | INFO | [R] Ep013 It0010/10 | loss=7.400961 | cd=12.359738 | lcd=9.562369 | emd=0.024020 | regL2=252.844879 | grad_norm=24.7468 | lr=5.00e-04
2025-08-20 20:40:58,712 | INFO | [R] Ep013 训练/验证: 8.188278/7.581246
2025-08-20 20:40:58,712 | INFO | [R] Ep013 | 耗时: 216.3s | 耐心: 1/15
2025-08-20 20:43:39,889 | INFO | [R] Ep014 It0010/10 | loss=7.276946 | cd=12.078703 | lcd=11.609674 | emd=0.028984 | regL2=62.134972 | grad_norm=24.1188 | lr=5.00e-04
2025-08-20 20:44:01,712 | INFO | [R] Ep014 训练/验证: 7.378531/5.313457
2025-08-20 20:44:01,752 | INFO | [R] 保存最佳模型 (val=5.313457) -> checkpoints\R\best.pth
2025-08-20 20:46:54,221 | INFO | [R] Ep015 It0010/10 | loss=6.610260 | cd=10.945345 | lcd=10.292046 | emd=0.029762 | regL2=93.503113 | grad_norm=23.3334 | lr=5.00e-04
2025-08-20 20:47:19,574 | INFO | [R] Ep015 训练/验证: 6.819132/6.435169
2025-08-20 20:47:19,574 | INFO | [R] Ep015 | 耗时: 197.8s | 耐心: 1/15
2025-08-20 20:50:13,034 | INFO | [R] Ep016 It0010/10 | loss=8.238933 | cd=13.539663 | lcd=13.884352 | emd=0.029296 | regL2=66.017731 | grad_norm=36.6837 | lr=5.00e-04
2025-08-20 20:50:41,953 | INFO | [R] Ep016 训练/验证: 6.928699/5.217548
2025-08-20 20:50:42,005 | INFO | [R] 保存最佳模型 (val=5.217548) -> checkpoints\R\best.pth
2025-08-20 20:54:03,319 | INFO | [R] Ep017 It0010/10 | loss=8.725270 | cd=14.993200 | lcd=10.638470 | emd=0.026072 | regL2=151.787384 | grad_norm=32.3394 | lr=5.00e-04
2025-08-20 20:54:38,136 | INFO | [R] Ep017 训练/验证: 6.901428/10.563327
2025-08-20 20:54:38,136 | INFO | [R] Ep017 | 耗时: 236.1s | 耐心: 1/15
2025-08-20 20:58:51,425 | INFO | [R] Ep018 It0010/10 | loss=5.779035 | cd=9.553671 | lcd=8.956835 | emd=0.028505 | regL2=92.263306 | grad_norm=5.8673 | lr=5.00e-04
2025-08-20 20:59:26,259 | INFO | [R] Ep018 训练/验证: 7.164463/5.825408
2025-08-20 20:59:26,259 | INFO | [R] Ep018 | 耗时: 288.1s | 耐心: 2/15
2025-08-20 21:03:40,883 | INFO | [R] Ep019 It0010/10 | loss=7.157886 | cd=11.882453 | lcd=10.799559 | emd=0.030121 | regL2=121.642502 | grad_norm=18.6301 | lr=5.00e-04
2025-08-20 21:04:14,356 | INFO | [R] Ep019 训练/验证: 6.610559/6.776554
2025-08-20 21:04:14,356 | INFO | [R] Ep019 | 耗时: 288.1s | 耐心: 3/15
2025-08-20 21:08:17,700 | INFO | [R] Ep020 It0010/10 | loss=6.099233 | cd=10.078381 | lcd=8.982904 | emd=0.028464 | regL2=147.520004 | grad_norm=9.5894 | lr=5.00e-04
2025-08-20 21:08:51,620 | INFO | [R] Ep020 训练/验证: 6.217077/6.626133
2025-08-20 21:08:51,620 | INFO | [R] Ep020 | 耗时: 277.3s | 耐心: 4/15
2025-08-20 21:12:58,065 | INFO | [R] Ep021 It0010/10 | loss=6.495809 | cd=10.616751 | lcd=10.016238 | emd=0.026421 | regL2=172.598846 | grad_norm=11.1859 | lr=5.00e-04
2025-08-20 21:13:31,640 | INFO | [R] Ep021 训练/验证: 6.314615/5.341476
2025-08-20 21:13:31,640 | INFO | [R] Ep021 | 耗时: 280.0s | 耐心: 5/15
2025-08-20 21:17:36,245 | INFO | [R] Ep022 It0010/10 | loss=5.649304 | cd=9.363280 | lcd=8.457516 | emd=0.031358 | regL2=106.233566 | grad_norm=8.7104 | lr=5.00e-04
2025-08-20 21:18:08,854 | INFO | [R] Ep022 训练/验证: 6.055696/6.449123
2025-08-20 21:18:08,854 | INFO | [R] Ep022 | 耗时: 277.2s | 耐心: 6/15
2025-08-20 21:21:22,970 | INFO | [R] Ep023 It0010/10 | loss=6.054079 | cd=9.954836 | lcd=9.242918 | emd=0.031723 | regL2=136.508148 | grad_norm=15.0015 | lr=2.50e-04
2025-08-20 21:21:52,549 | INFO | [R] Ep023 训练/验证: 6.097188/5.399897
2025-08-20 21:21:52,549 | INFO | [R] Ep023 | 耗时: 223.7s | 耐心: 7/15
2025-08-20 21:25:07,211 | INFO | [R] Ep024 It0010/10 | loss=6.076300 | cd=10.121510 | lcd=8.526322 | emd=0.027090 | regL2=149.367935 | grad_norm=10.7647 | lr=2.50e-04
2025-08-20 21:25:36,298 | INFO | [R] Ep024 训练/验证: 6.064796/5.615045
2025-08-20 21:25:36,298 | INFO | [R] Ep024 | 耗时: 223.7s | 耐心: 8/15
2025-08-20 21:28:43,704 | INFO | [R] Ep025 It0010/10 | loss=5.927776 | cd=10.045829 | lcd=8.277307 | emd=0.027801 | regL2=63.231182 | grad_norm=22.6274 | lr=2.50e-04
2025-08-20 21:29:14,065 | INFO | [R] Ep025 训练/验证: 6.032681/5.702716
2025-08-20 21:29:14,065 | INFO | [R] Ep025 | 耗时: 217.8s | 耐心: 9/15
2025-08-20 21:32:24,495 | INFO | [R] Ep026 It0010/10 | loss=6.880285 | cd=11.199294 | lcd=11.405087 | emd=0.029653 | regL2=125.302841 | grad_norm=26.2662 | lr=2.50e-04
2025-08-20 21:32:53,906 | INFO | [R] Ep026 训练/验证: 6.344769/5.228144
2025-08-20 21:32:53,906 | INFO | [R] Ep026 | 耗时: 219.8s | 耐心: 10/15
2025-08-20 21:35:56,318 | INFO | [R] Ep027 It0010/10 | loss=5.725347 | cd=9.620480 | lcd=8.038499 | emd=0.028588 | regL2=96.963303 | grad_norm=21.2351 | lr=2.50e-04
2025-08-20 21:36:26,162 | INFO | [R] Ep027 训练/验证: 6.029972/7.052682
2025-08-20 21:36:26,162 | INFO | [R] Ep027 | 耗时: 212.3s | 耐心: 11/15
2025-08-20 21:39:45,934 | INFO | [R] Ep028 It0010/10 | loss=5.612129 | cd=9.122371 | lcd=9.227793 | emd=0.027678 | regL2=114.325066 | grad_norm=10.9117 | lr=2.50e-04
2025-08-20 21:40:15,327 | INFO | [R] Ep028 训练/验证: 5.669375/6.598409
2025-08-20 21:40:15,327 | INFO | [R] Ep028 | 耗时: 229.2s | 耐心: 12/15
2025-08-20 21:43:27,195 | INFO | [R] Ep029 It0010/10 | loss=5.087312 | cd=8.417675 | lcd=7.771245 | emd=0.032313 | regL2=85.193016 | grad_norm=7.4259 | lr=1.25e-04
2025-08-20 21:43:56,757 | INFO | [R] Ep029 训练/验证: 5.700341/6.033962
2025-08-20 21:43:56,758 | INFO | [R] Ep029 | 耗时: 221.4s | 耐心: 13/15
2025-08-20 21:47:14,673 | INFO | [R] Ep030 It0010/10 | loss=5.472467 | cd=9.027408 | lcd=8.104576 | emd=0.030810 | regL2=132.900681 | grad_norm=8.4849 | lr=1.25e-04
2025-08-20 21:47:45,289 | INFO | [R] Ep030 训练/验证: 6.369204/5.826106
2025-08-20 21:47:45,289 | INFO | [R] Ep030 | 耗时: 228.5s | 耐心: 14/15
2025-08-20 21:50:53,325 | INFO | [R] Ep031 It0010/10 | loss=5.130847 | cd=8.442367 | lcd=7.921638 | emd=0.029603 | regL2=102.697906 | grad_norm=9.3364 | lr=1.25e-04
2025-08-20 21:51:21,186 | INFO | [R] Ep031 训练/验证: 5.596528/8.014469
2025-08-20 21:51:21,187 | INFO | [R] Ep031 | 耗时: 215.9s | 耐心: 15/15
2025-08-20 21:51:21,187 | INFO | [R] 提前停止触发！最佳验证损失: 5.217548 (第 16 轮)
2025-08-20 21:51:21,209 | INFO | [R] 训练结束，最终模型已保存到 checkpoints\R\final.pth | 最佳 val=5.217548 @ epoch 16
2025-08-20 21:51:21,212 | INFO | [R] 指标已保存到: Log\train\R\metrics.csv
2025-08-20 21:51:21,486 | INFO | [R] Loss 曲线已保存: Log\train\R\loss_curve.png
