2025-08-20 09:21:48,048 | INFO | 日志文件: Log\train\train_deformnet_20250820_092148.log
2025-08-20 09:21:48,048 | INFO | 使用设备: cuda
2025-08-20 09:21:48,048 | INFO | 开始训练侧别: L | 模板: Templates\average_insole_template_L.npz
2025-08-20 09:25:02,283 | INFO | [L] Epoch 001 | Iter 0010/97 | loss=392.503601
2025-08-20 09:28:09,172 | INFO | [L] Epoch 001 | Iter 0020/97 | loss=437.730927
2025-08-20 09:31:12,083 | INFO | [L] Epoch 001 | Iter 0030/97 | loss=273.589752
2025-08-20 09:33:58,338 | INFO | [L] Epoch 001 | Iter 0040/97 | loss=213.655975
2025-08-20 09:37:00,905 | INFO | [L] Epoch 001 | Iter 0050/97 | loss=155.166885
2025-08-20 09:40:07,162 | INFO | [L] Epoch 001 | Iter 0060/97 | loss=95.575081
2025-08-20 09:43:09,712 | INFO | [L] Epoch 001 | Iter 0070/97 | loss=95.634392
2025-08-20 09:46:00,347 | INFO | [L] Epoch 001 | Iter 0080/97 | loss=81.832764
2025-08-20 09:48:08,206 | INFO | [L] Epoch 001 | Iter 0090/97 | loss=51.883465
2025-08-20 09:50:14,169 | INFO | [L] [Epoch 001] train_loss=193.071836 | val_loss=86.448629
2025-08-20 09:50:14,223 | INFO | [L] 保存最佳模型 (val=86.448629) -> checkpoints\L\best.pth
2025-08-20 09:53:30,586 | INFO | [L] Epoch 002 | Iter 0010/97 | loss=40.612167
2025-08-20 09:56:33,815 | INFO | [L] Epoch 002 | Iter 0020/97 | loss=55.566978
2025-08-20 09:59:44,271 | INFO | [L] Epoch 002 | Iter 0030/97 | loss=49.122734
2025-08-20 10:02:40,742 | INFO | [L] Epoch 002 | Iter 0040/97 | loss=42.481041
2025-08-20 10:05:33,239 | INFO | [L] Epoch 002 | Iter 0050/97 | loss=37.966465
2025-08-20 10:08:33,618 | INFO | [L] Epoch 002 | Iter 0060/97 | loss=34.642269
2025-08-20 10:11:37,886 | INFO | [L] Epoch 002 | Iter 0070/97 | loss=34.457661
2025-08-20 10:14:30,987 | INFO | [L] Epoch 002 | Iter 0080/97 | loss=38.056164
2025-08-20 10:17:37,597 | INFO | [L] Epoch 002 | Iter 0090/97 | loss=37.989536
2025-08-20 10:19:49,699 | INFO | [L] [Epoch 002] train_loss=41.246265 | val_loss=123.186492
2025-08-20 10:19:49,699 | INFO | [L] 验证损失未改善，耐心计数: 1/10
2025-08-20 10:22:38,512 | INFO | [L] Epoch 003 | Iter 0010/97 | loss=33.297234
2025-08-20 10:25:24,578 | INFO | [L] Epoch 003 | Iter 0020/97 | loss=45.616581
2025-08-20 10:28:08,202 | INFO | [L] Epoch 003 | Iter 0030/97 | loss=35.490429
