2025-08-19 15:05:14,065 | INFO | 日志文件: Log\train\train_deformnet_20250819_150514.log
2025-08-19 15:05:14,065 | INFO | 使用设备: cuda
2025-08-19 15:05:14,066 | INFO | 开始训练侧别: L | 模板: Templates\average_insole_template_L.npz
2025-08-19 15:05:57,138 | INFO | [L] Epoch 001 | Iter 0010/10 | loss=13.451433
2025-08-19 15:06:11,528 | INFO | [L] [Epoch 001] train_loss=16.128779 | val_loss=14.325195
2025-08-19 15:06:11,566 | INFO | [L] 保存最佳模型 (val=14.325195) -> checkpoints\L\best.pth
2025-08-19 15:06:51,930 | INFO | [L] Epoch 002 | Iter 0010/10 | loss=10.069286
2025-08-19 15:07:06,383 | INFO | [L] [Epoch 002] train_loss=10.661679 | val_loss=11.634600
2025-08-19 15:07:06,433 | INFO | [L] 保存最佳模型 (val=11.634600) -> checkpoints\L\best.pth
2025-08-19 15:07:46,728 | INFO | [L] Epoch 003 | Iter 0010/10 | loss=7.546047
2025-08-19 15:08:01,115 | INFO | [L] [Epoch 003] train_loss=8.034510 | val_loss=9.022294
2025-08-19 15:08:01,152 | INFO | [L] 保存最佳模型 (val=9.022294) -> checkpoints\L\best.pth
2025-08-19 15:08:40,982 | INFO | [L] Epoch 004 | Iter 0010/10 | loss=6.796400
2025-08-19 15:08:55,563 | INFO | [L] [Epoch 004] train_loss=7.000966 | val_loss=8.527246
2025-08-19 15:08:55,597 | INFO | [L] 保存最佳模型 (val=8.527246) -> checkpoints\L\best.pth
2025-08-19 15:09:36,489 | INFO | [L] Epoch 005 | Iter 0010/10 | loss=6.304570
2025-08-19 15:09:51,138 | INFO | [L] [Epoch 005] train_loss=6.878693 | val_loss=8.885430
2025-08-19 15:09:51,138 | INFO | [L] 验证损失未改善，耐心计数: 1/20
2025-08-19 15:10:32,001 | INFO | [L] Epoch 006 | Iter 0010/10 | loss=7.320896
2025-08-19 15:10:46,513 | INFO | [L] [Epoch 006] train_loss=6.784830 | val_loss=8.737731
2025-08-19 15:10:46,515 | INFO | [L] 验证损失未改善，耐心计数: 2/20
2025-08-19 15:11:27,308 | INFO | [L] Epoch 007 | Iter 0010/10 | loss=6.407135
2025-08-19 15:11:42,346 | INFO | [L] [Epoch 007] train_loss=6.757128 | val_loss=8.855675
2025-08-19 15:11:42,346 | INFO | [L] 验证损失未改善，耐心计数: 3/20
2025-08-19 15:12:24,830 | INFO | [L] Epoch 008 | Iter 0010/10 | loss=6.464775
2025-08-19 15:12:39,419 | INFO | [L] [Epoch 008] train_loss=6.795709 | val_loss=8.582484
2025-08-19 15:12:39,420 | INFO | [L] 验证损失未改善，耐心计数: 4/20
2025-08-19 15:13:20,946 | INFO | [L] Epoch 009 | Iter 0010/10 | loss=6.096856
2025-08-19 15:13:35,377 | INFO | [L] [Epoch 009] train_loss=6.622828 | val_loss=9.013512
2025-08-19 15:13:35,377 | INFO | [L] 验证损失未改善，耐心计数: 5/20
2025-08-19 15:14:15,997 | INFO | [L] Epoch 010 | Iter 0010/10 | loss=6.471248
2025-08-19 15:14:30,623 | INFO | [L] [Epoch 010] train_loss=6.567035 | val_loss=8.668158
2025-08-19 15:14:30,623 | INFO | [L] 验证损失未改善，耐心计数: 6/20
2025-08-19 15:15:11,263 | INFO | [L] Epoch 011 | Iter 0010/10 | loss=6.371922
2025-08-19 15:15:26,211 | INFO | [L] [Epoch 011] train_loss=6.484822 | val_loss=8.564857
2025-08-19 15:15:26,211 | INFO | [L] 验证损失未改善，耐心计数: 7/20
2025-08-19 15:16:07,163 | INFO | [L] Epoch 012 | Iter 0010/10 | loss=6.468296
2025-08-19 15:16:21,803 | INFO | [L] [Epoch 012] train_loss=6.322488 | val_loss=8.441871
2025-08-19 15:16:21,840 | INFO | [L] 保存最佳模型 (val=8.441871) -> checkpoints\L\best.pth
2025-08-19 15:17:02,824 | INFO | [L] Epoch 013 | Iter 0010/10 | loss=6.157073
2025-08-19 15:17:17,397 | INFO | [L] [Epoch 013] train_loss=6.249073 | val_loss=9.172807
2025-08-19 15:17:17,399 | INFO | [L] 验证损失未改善，耐心计数: 1/20
2025-08-19 15:17:58,127 | INFO | [L] Epoch 014 | Iter 0010/10 | loss=6.278677
2025-08-19 15:18:12,764 | INFO | [L] [Epoch 014] train_loss=6.183470 | val_loss=8.089226
2025-08-19 15:18:12,796 | INFO | [L] 保存最佳模型 (val=8.089226) -> checkpoints\L\best.pth
2025-08-19 15:18:53,602 | INFO | [L] Epoch 015 | Iter 0010/10 | loss=6.158328
2025-08-19 15:19:08,495 | INFO | [L] [Epoch 015] train_loss=6.191658 | val_loss=8.437897
2025-08-19 15:19:08,495 | INFO | [L] 验证损失未改善，耐心计数: 1/20
2025-08-19 15:19:57,202 | INFO | [L] Epoch 016 | Iter 0010/10 | loss=5.884585
2025-08-19 15:20:12,966 | INFO | [L] [Epoch 016] train_loss=6.049821 | val_loss=8.531787
2025-08-19 15:20:12,967 | INFO | [L] 验证损失未改善，耐心计数: 2/20
2025-08-19 15:21:01,276 | INFO | [L] Epoch 017 | Iter 0010/10 | loss=6.198505
2025-08-19 15:21:16,671 | INFO | [L] [Epoch 017] train_loss=6.039558 | val_loss=7.734377
2025-08-19 15:21:16,715 | INFO | [L] 保存最佳模型 (val=7.734377) -> checkpoints\L\best.pth
2025-08-19 15:22:02,106 | INFO | [L] Epoch 018 | Iter 0010/10 | loss=5.693355
2025-08-19 15:22:17,674 | INFO | [L] [Epoch 018] train_loss=5.997547 | val_loss=7.720042
2025-08-19 15:22:17,700 | INFO | [L] 保存最佳模型 (val=7.720042) -> checkpoints\L\best.pth
2025-08-19 15:23:01,359 | INFO | [L] Epoch 019 | Iter 0010/10 | loss=6.021787
2025-08-19 15:23:17,783 | INFO | [L] [Epoch 019] train_loss=6.021053 | val_loss=7.765039
2025-08-19 15:23:17,783 | INFO | [L] 验证损失未改善，耐心计数: 1/20
2025-08-19 15:24:21,350 | INFO | [L] Epoch 020 | Iter 0010/10 | loss=5.916027
2025-08-19 15:24:39,826 | INFO | [L] [Epoch 020] train_loss=6.010594 | val_loss=7.578009
2025-08-19 15:24:39,858 | INFO | [L] 保存最佳模型 (val=7.578009) -> checkpoints\L\best.pth
2025-08-19 15:25:24,423 | INFO | [L] Epoch 021 | Iter 0010/10 | loss=5.819111
2025-08-19 15:25:40,686 | INFO | [L] [Epoch 021] train_loss=6.014227 | val_loss=8.352970
2025-08-19 15:25:40,687 | INFO | [L] 验证损失未改善，耐心计数: 1/20
2025-08-19 15:26:24,915 | INFO | [L] Epoch 022 | Iter 0010/10 | loss=5.871185
2025-08-19 15:26:40,896 | INFO | [L] [Epoch 022] train_loss=5.940556 | val_loss=7.712135
2025-08-19 15:26:40,896 | INFO | [L] 验证损失未改善，耐心计数: 2/20
2025-08-19 15:27:25,764 | INFO | [L] Epoch 023 | Iter 0010/10 | loss=5.851542
2025-08-19 15:27:44,118 | INFO | [L] [Epoch 023] train_loss=5.900482 | val_loss=7.814216
2025-08-19 15:27:44,118 | INFO | [L] 验证损失未改善，耐心计数: 3/20
