2025-08-22 11:35:33,307 | INFO | Input STL: D:\Cursor Repos\From p2p\data\raw\insoles\002_insole_R.stl
2025-08-22 11:35:33,307 | INFO | Output log: D:\Cursor Repos\From p2p\Log\preprocess\insoles\002_insole_R.log
2025-08-22 11:35:33,307 | INFO | Parameters: num_points=4096, candidate_multiplier=4, z_low_percent=None, z_high_percent=None, seed=None
2025-08-22 11:35:33,308 | INFO | File: size_bytes=2493584, mtime=2025-08-14 09:53:53
2025-08-22 11:35:33,308 | INFO | Env: python=3.11.13, numpy=2.3.2, trimesh=4.7.4, platform=Windows-10-10.0.26100-SP0
2025-08-22 11:35:33,384 | INFO | Mesh: vertices=24936, faces=49870
2025-08-22 11:35:33,410 | WARNING | Mesh is not watertight; surface sampling may include boundary artifacts
2025-08-22 11:35:33,416 | INFO | Mesh surface area: 37142.811505
2025-08-22 11:35:33,437 | INFO | Mesh volume: 98289.533562
2025-08-22 11:35:33,440 | INFO | Mesh AABB min=[-41.11589813232422, -115.85079956054688, -0.8935999870300293] max=[40.8838996887207, 115.14929962158203, 22.30470085144043]
2025-08-22 11:35:33,440 | INFO | Boundary edges: 0
2025-08-22 11:35:33,440 | INFO | Load mesh time: 131.8 ms
2025-08-22 11:35:33,440 | INFO | Surface sampling: candidates=16384 (target=4096, multiplier=4)
2025-08-22 11:35:33,459 | INFO | Running Farthest Point Sampling (FPS) to enforce even spacing
2025-08-22 11:35:33,538 | INFO | FPS progress: 409/4096
2025-08-22 11:35:33,611 | INFO | FPS progress: 818/4096
2025-08-22 11:35:33,690 | INFO | FPS progress: 1227/4096
2025-08-22 11:35:33,776 | INFO | FPS progress: 1636/4096
2025-08-22 11:35:33,864 | INFO | FPS progress: 2045/4096
2025-08-22 11:35:33,945 | INFO | FPS progress: 2454/4096
2025-08-22 11:35:34,028 | INFO | FPS progress: 2863/4096
2025-08-22 11:35:34,116 | INFO | FPS progress: 3272/4096
2025-08-22 11:35:34,214 | INFO | FPS progress: 3681/4096
2025-08-22 11:35:34,303 | INFO | FPS progress: 4090/4096
2025-08-22 11:35:34,305 | INFO | Round 1: accumulated=4096, kept=4096 (100.00%), time=864.9 ms
2025-08-22 11:35:34,305 | INFO | Requested samples 4096 >= candidates 4096; returning all indices.
2025-08-22 11:35:34,305 | INFO | Sampled points: (4096, 3), normals: (4096, 3)
2025-08-22 11:35:34,305 | INFO | Sampling time: 865.5 ms
2025-08-22 11:35:34,306 | INFO | Centering only: centroid=[-4.624195880112607, -5.7344954271889454, 4.119667222982858] | scale fixed to 1.000000 (no scaling)
2025-08-22 11:35:34,306 | INFO | Axis x stats (centered): min=-36.457226, mean=0.000000, std=21.777979, max=45.422603
2025-08-22 11:35:34,306 | INFO | Axis y stats (centered): min=-110.079296, mean=-0.000000, std=62.996767, max=120.660612
2025-08-22 11:35:34,306 | INFO | Axis z stats (centered): min=-5.013231, mean=-0.000000, std=5.689892, max=18.100979
2025-08-22 11:35:34,306 | INFO | Centering time: 0.5 ms
2025-08-22 11:35:34,306 | INFO | PCA alignment: explained variance ratio=0.8908, 0.1036, 0.0056
2025-08-22 11:35:34,306 | INFO | Rotation matrix (columns are principal axes):
[[-0.059643 -0.995836 -0.06895 ]
 [-0.997522  0.062041 -0.033174]
 [ 0.037313  0.0668   -0.997068]]
2025-08-22 11:35:34,307 | INFO | Rotation matrix det=1.000000
2025-08-22 11:35:34,308 | INFO | Orientation enforcement (flat-to-neg-z): sz=-1, width_low=68.757331, width_high=54.755620 -> sx=-1, sy=1
2025-08-22 11:35:34,308 | INFO | Orientation signs diag(S)=[-1.0, 1.0, -1.0]
2025-08-22 11:35:34,308 | INFO | PCA time: 2.3 ms
2025-08-22 11:35:34,309 | INFO | Bottom alignment: bottom_q=0.20, band_q=0.05, min_z_shift=-14.019297, xy_center=[-82.0209912023911, 9.844028073153302]
2025-08-22 11:35:34,309 | INFO | Bottom leveling time: 0.7 ms | bottom_xy_center=[-82.0209912023911, 9.844028073153302]
2025-08-22 11:35:34,309 | INFO | Requested samples 4096 >= candidates 4096; returning all indices.
2025-08-22 11:35:34,309 | INFO | Final points: (4096, 3), normals: (4096, 3)
2025-08-22 11:35:34,310 | INFO | Aligned normalized AABB min=[-29.04059669507876, -52.4901686753826, 0.0] max=[202.61092197756597, 29.85041672249053, 26.130443779830422]
2025-08-22 11:35:34,310 | INFO | Final radii percentiles: p5=18.731900, p50=88.793281, p95=183.908978; centroid_norm=83.790743
2025-08-22 11:35:34,310 | INFO | Axis x stats (final): min=-29.040597, mean=82.020991, std=63.108218, max=202.610922
2025-08-22 11:35:34,310 | INFO | Axis y stats (final): min=-52.490169, mean=-9.844028, std=21.510427, max=29.850417
2025-08-22 11:35:34,310 | INFO | Axis z stats (final): min=0.000000, mean=14.019297, std=5.468289, max=26.130444
2025-08-22 11:35:34,310 | INFO | Normal lengths: min=1.000000, mean=1.000000, max=1.000000
2025-08-22 11:35:34,310 | INFO | Final FPS time: 1.2 ms
2025-08-22 11:35:34,319 | INFO | Saved bundle (npz): D:\Cursor Repos\From p2p\data\pointcloud\insoles\002_insole_R.npz | points=(4096, 3) normals=(4096, 3)
2025-08-22 11:35:34,319 | INFO | Completed successfully.
