2025-08-19 12:58:10,188 | INFO | Input STL: D:\Cursor Repos\From p2p\data\raw\insoles\004_insole_R.stl
2025-08-19 12:58:10,188 | INFO | Output log: D:\Cursor Repos\From p2p\Log\preprocess\insoles\004_insole_R.log
2025-08-19 12:58:10,189 | INFO | Parameters: num_points=4096, candidate_multiplier=4, z_low_percent=None, z_high_percent=None, seed=None
2025-08-19 12:58:10,189 | INFO | File: size_bytes=28963584, mtime=2025-08-14 10:59:35
2025-08-19 12:58:10,189 | INFO | Env: python=3.11.13, numpy=2.1.2, trimesh=4.7.4, platform=Windows-10-10.0.26100-SP0
2025-08-19 12:58:11,310 | INFO | Mesh: vertices=289637, faces=579270
2025-08-19 12:58:11,732 | INFO | Mesh surface area: 44288.116592
2025-08-19 12:58:12,021 | INFO | Mesh volume: 110489.787368
2025-08-19 12:58:12,056 | INFO | Mesh AABB min=[-43.26380157470703, -132.4792938232422, -0.8934999704360962] max=[43.73619842529297, 132.5207977294922, 23.38450050354004]
2025-08-19 12:58:12,056 | INFO | Boundary edges: 0
2025-08-19 12:58:12,056 | INFO | Load mesh time: 1866.5 ms
2025-08-19 12:58:12,056 | INFO | Surface sampling: candidates=16384 (target=4096, multiplier=4)
2025-08-19 12:58:12,174 | INFO | Running Farthest Point Sampling (FPS) to enforce even spacing
2025-08-19 12:58:12,257 | INFO | FPS progress: 409/4096
2025-08-19 12:58:12,346 | INFO | FPS progress: 818/4096
2025-08-19 12:58:12,438 | INFO | FPS progress: 1227/4096
2025-08-19 12:58:12,525 | INFO | FPS progress: 1636/4096
2025-08-19 12:58:12,612 | INFO | FPS progress: 2045/4096
2025-08-19 12:58:12,694 | INFO | FPS progress: 2454/4096
2025-08-19 12:58:12,775 | INFO | FPS progress: 2863/4096
2025-08-19 12:58:12,859 | INFO | FPS progress: 3272/4096
2025-08-19 12:58:12,945 | INFO | FPS progress: 3681/4096
2025-08-19 12:58:13,031 | INFO | FPS progress: 4090/4096
2025-08-19 12:58:13,033 | INFO | Round 1: accumulated=4096, kept=4096 (100.00%), time=977.1 ms
2025-08-19 12:58:13,033 | INFO | Requested samples 4096 >= candidates 4096; returning all indices.
2025-08-19 12:58:13,033 | INFO | Sampled points: (4096, 3), normals: (4096, 3)
2025-08-19 12:58:13,033 | INFO | Sampling time: 977.5 ms
2025-08-19 12:58:13,033 | INFO | Centering only: centroid=[-4.8927825283731226, -5.673903357409477, 4.001817388638739] | scale fixed to 1.000000 (no scaling)
2025-08-19 12:58:13,034 | INFO | Axis x stats (centered): min=-38.160731, mean=0.000000, std=22.796435, max=48.510445
2025-08-19 12:58:13,034 | INFO | Axis y stats (centered): min=-126.615149, mean=-0.000000, std=72.610225, max=138.105956
2025-08-19 12:58:13,034 | INFO | Axis z stats (centered): min=-4.895317, mean=0.000000, std=5.707465, max=19.368529
2025-08-19 12:58:13,034 | INFO | Centering time: 0.7 ms
2025-08-19 12:58:13,034 | INFO | PCA alignment: explained variance ratio=0.9086, 0.0871, 0.0043
2025-08-19 12:58:13,035 | INFO | Rotation matrix (columns are principal axes):
[[-0.05528  -0.996109 -0.068632]
 [-0.997934  0.057373 -0.028907]
 [ 0.032732  0.066892 -0.997223]]
2025-08-19 12:58:13,035 | INFO | Rotation matrix det=1.000000
2025-08-19 12:58:13,035 | INFO | Orientation enforcement: mean_nz=-0.000935 -> sz=-1, width_low=71.710641, width_high=58.301592 -> sx=-1, sy=1
2025-08-19 12:58:13,035 | INFO | Orientation signs diag(S)=[-1.0, 1.0, -1.0]
2025-08-19 12:58:13,035 | INFO | PCA time: 1.3 ms
2025-08-19 12:58:13,035 | INFO | Requested samples 4096 >= candidates 4096; returning all indices.
2025-08-19 12:58:13,035 | INFO | Final points: (4096, 3), normals: (4096, 3)
2025-08-19 12:58:13,036 | INFO | Aligned normalized AABB min=[-127.31258992019556, -45.50110077862641, -9.862535800553784] max=[138.08772163311474, 41.641096766128385, 16.09659137519266]
2025-08-19 12:58:13,036 | INFO | Final radii percentiles: p5=19.024458, p50=66.562474, p95=123.023896; centroid_norm=0.000000
2025-08-19 12:58:13,037 | INFO | Axis x stats (final): min=-127.312590, mean=-0.000000, std=72.748864, max=138.087722
2025-08-19 12:58:13,037 | INFO | Axis y stats (final): min=-45.501101, mean=-0.000000, std=22.523940, max=41.641097
2025-08-19 12:58:13,037 | INFO | Axis z stats (final): min=-9.862536, mean=0.000000, std=4.977173, max=16.096591
2025-08-19 12:58:13,037 | INFO | Normal lengths: min=1.000000, mean=1.000000, max=1.000000
2025-08-19 12:58:13,037 | INFO | Final FPS time: 2.0 ms
2025-08-19 12:58:13,059 | INFO | Saved bundle (npz): D:\Cursor Repos\From p2p\data\pointcloud\insoles\004_insole_R.npz | points=(4096, 3) normals=(4096, 3)
2025-08-19 12:58:13,059 | INFO | Completed successfully.
