2025-08-22 11:35:36,300 | INFO | Input STL: D:\Cursor Repos\From p2p\data\raw\insoles\004_insole_L.stl
2025-08-22 11:35:36,300 | INFO | Output log: D:\Cursor Repos\From p2p\Log\preprocess\insoles\004_insole_L.log
2025-08-22 11:35:36,300 | INFO | Parameters: num_points=4096, candidate_multiplier=4, z_low_percent=None, z_high_percent=None, seed=None
2025-08-22 11:35:36,301 | INFO | File: size_bytes=28959484, mtime=2025-08-14 10:59:33
2025-08-22 11:35:36,301 | INFO | Env: python=3.11.13, numpy=2.3.2, trimesh=4.7.4, platform=Windows-10-10.0.26100-SP0
2025-08-22 11:35:37,338 | INFO | Mesh: vertices=289596, faces=579188
2025-08-22 11:35:37,775 | INFO | Mesh surface area: 44288.113397
2025-08-22 11:35:38,087 | INFO | Mesh volume: 110489.787095
2025-08-22 11:35:38,126 | INFO | Mesh AABB min=[-43.73619842529297, -132.4792938232422, -0.8934999704360962] max=[43.26380157470703, 132.5207977294922, 23.38450050354004]
2025-08-22 11:35:38,127 | INFO | Boundary edges: 0
2025-08-22 11:35:38,127 | INFO | Load mesh time: 1825.9 ms
2025-08-22 11:35:38,127 | INFO | Surface sampling: candidates=16384 (target=4096, multiplier=4)
2025-08-22 11:35:38,270 | INFO | Running Farthest Point Sampling (FPS) to enforce even spacing
2025-08-22 11:35:38,349 | INFO | FPS progress: 409/4096
2025-08-22 11:35:38,427 | INFO | FPS progress: 818/4096
2025-08-22 11:35:38,507 | INFO | FPS progress: 1227/4096
2025-08-22 11:35:38,587 | INFO | FPS progress: 1636/4096
2025-08-22 11:35:38,668 | INFO | FPS progress: 2045/4096
2025-08-22 11:35:38,746 | INFO | FPS progress: 2454/4096
2025-08-22 11:35:38,830 | INFO | FPS progress: 2863/4096
2025-08-22 11:35:38,913 | INFO | FPS progress: 3272/4096
2025-08-22 11:35:38,989 | INFO | FPS progress: 3681/4096
2025-08-22 11:35:39,069 | INFO | FPS progress: 4090/4096
2025-08-22 11:35:39,071 | INFO | Round 1: accumulated=4096, kept=4096 (100.00%), time=943.9 ms
2025-08-22 11:35:39,071 | INFO | Requested samples 4096 >= candidates 4096; returning all indices.
2025-08-22 11:35:39,071 | INFO | Sampled points: (4096, 3), normals: (4096, 3)
2025-08-22 11:35:39,071 | INFO | Sampling time: 944.3 ms
2025-08-22 11:35:39,071 | INFO | Centering only: centroid=[4.673536507094791, -6.333590291484551, 4.00427882493409] | scale fixed to 1.000000 (no scaling)
2025-08-22 11:35:39,071 | INFO | Axis x stats (centered): min=-48.238723, mean=0.000000, std=22.856820, max=38.545199
2025-08-22 11:35:39,072 | INFO | Axis y stats (centered): min=-126.052600, mean=-0.000000, std=72.105817, max=138.712283
2025-08-22 11:35:39,072 | INFO | Axis z stats (centered): min=-4.897779, mean=0.000000, std=5.744348, max=19.267674
2025-08-22 11:35:39,072 | INFO | Centering time: 0.8 ms
2025-08-22 11:35:39,072 | INFO | PCA alignment: explained variance ratio=0.9068, 0.0889, 0.0044
2025-08-22 11:35:39,072 | INFO | Rotation matrix (columns are principal axes):
[[-0.053413  0.996082  0.07048 ]
 [ 0.998035  0.055567 -0.028961]
 [-0.032764  0.068795 -0.997093]]
2025-08-22 11:35:39,072 | INFO | Rotation matrix det=1.000000
2025-08-22 11:35:39,073 | INFO | Orientation enforcement (flat-to-neg-z): sz=-1, width_low=59.176324, width_high=73.317241 -> sx=1, sy=-1
2025-08-22 11:35:39,073 | INFO | Orientation signs diag(S)=[1.0, -1.0, -1.0]
2025-08-22 11:35:39,073 | INFO | PCA time: 1.7 ms
2025-08-22 11:35:39,074 | INFO | Bottom alignment: bottom_q=0.20, band_q=0.05, min_z_shift=-13.982078, xy_center=[-94.3074521846377, -10.865906708633101]
2025-08-22 11:35:39,074 | INFO | Bottom leveling time: 0.7 ms | bottom_xy_center=[-94.3074521846377, -10.865906708633101]
2025-08-22 11:35:39,074 | INFO | Requested samples 4096 >= candidates 4096; returning all indices.
2025-08-22 11:35:39,074 | INFO | Final points: (4096, 3), normals: (4096, 3)
2025-08-22 11:35:39,075 | INFO | Aligned normalized AABB min=[-32.65731681101158, -30.784003304702996, 0.0] max=[232.9526807554356, 56.05818646834439, 27.691895620274238]
2025-08-22 11:35:39,075 | INFO | Final radii percentiles: p5=19.561141, p50=100.496353, p95=210.846098; centroid_norm=95.955521
2025-08-22 11:35:39,075 | INFO | Axis x stats (final): min=-32.657317, mean=94.307452, std=72.210509, max=232.952681
2025-08-22 11:35:39,075 | INFO | Axis y stats (final): min=-30.784003, mean=10.865907, std=22.586392, max=56.058186
2025-08-22 11:35:39,075 | INFO | Axis z stats (final): min=0.000000, mean=13.982078, std=5.493434, max=27.691896
2025-08-22 11:35:39,076 | INFO | Normal lengths: min=1.000000, mean=1.000000, max=1.000000
2025-08-22 11:35:39,076 | INFO | Final FPS time: 1.5 ms
2025-08-22 11:35:39,086 | INFO | Saved bundle (npz): D:\Cursor Repos\From p2p\data\pointcloud\insoles\004_insole_L.npz | points=(4096, 3) normals=(4096, 3)
2025-08-22 11:35:39,086 | INFO | Completed successfully.
