2025-08-19 12:58:13,061 | INFO | Input STL: D:\Cursor Repos\From p2p\data\raw\insoles\005_insole_L.stl
2025-08-19 12:58:13,062 | INFO | Output log: D:\Cursor Repos\From p2p\Log\preprocess\insoles\005_insole_L.log
2025-08-19 12:58:13,062 | INFO | Parameters: num_points=4096, candidate_multiplier=4, z_low_percent=None, z_high_percent=None, seed=None
2025-08-19 12:58:13,062 | INFO | File: size_bytes=2575484, mtime=2025-08-13 11:28:00
2025-08-19 12:58:13,062 | INFO | Env: python=3.11.13, numpy=2.1.2, trimesh=4.7.4, platform=Windows-10-10.0.26100-SP0
2025-08-19 12:58:13,173 | INFO | Mesh: vertices=25756, faces=51508
2025-08-19 12:58:13,207 | INFO | Mesh surface area: 37749.633030
2025-08-19 12:58:13,231 | INFO | Mesh volume: 97648.136428
2025-08-19 12:58:13,234 | INFO | Mesh AABB min=[-39.714298248291016, -119.89209747314453, -0.8942999839782715] max=[40.285701751708984, 120.10870361328125, 23.77549934387207]
2025-08-19 12:58:13,234 | INFO | Boundary edges: 0
2025-08-19 12:58:13,234 | INFO | Load mesh time: 171.7 ms
2025-08-19 12:58:13,234 | INFO | Surface sampling: candidates=16384 (target=4096, multiplier=4)
2025-08-19 12:58:13,251 | INFO | Running Farthest Point Sampling (FPS) to enforce even spacing
2025-08-19 12:58:13,331 | INFO | FPS progress: 409/4096
2025-08-19 12:58:13,423 | INFO | FPS progress: 818/4096
2025-08-19 12:58:13,507 | INFO | FPS progress: 1227/4096
2025-08-19 12:58:13,592 | INFO | FPS progress: 1636/4096
2025-08-19 12:58:13,672 | INFO | FPS progress: 2045/4096
2025-08-19 12:58:13,752 | INFO | FPS progress: 2454/4096
2025-08-19 12:58:13,835 | INFO | FPS progress: 2863/4096
2025-08-19 12:58:13,921 | INFO | FPS progress: 3272/4096
2025-08-19 12:58:14,008 | INFO | FPS progress: 3681/4096
2025-08-19 12:58:14,090 | INFO | FPS progress: 4090/4096
2025-08-19 12:58:14,092 | INFO | Round 1: accumulated=4096, kept=4096 (100.00%), time=857.4 ms
2025-08-19 12:58:14,092 | INFO | Requested samples 4096 >= candidates 4096; returning all indices.
2025-08-19 12:58:14,092 | INFO | Sampled points: (4096, 3), normals: (4096, 3)
2025-08-19 12:58:14,092 | INFO | Sampling time: 858.0 ms
2025-08-19 12:58:14,092 | INFO | Centering only: centroid=[5.063763904161975, -6.656875129119269, 4.319573260616844] | scale fixed to 1.000000 (no scaling)
2025-08-19 12:58:14,093 | INFO | Axis x stats (centered): min=-44.777578, mean=-0.000000, std=21.117525, max=34.989280
2025-08-19 12:58:14,093 | INFO | Axis y stats (centered): min=-113.060192, mean=0.000000, std=65.561268, max=126.409276
2025-08-19 12:58:14,093 | INFO | Axis z stats (centered): min=-5.213734, mean=-0.000000, std=5.917028, max=19.339049
2025-08-19 12:58:14,093 | INFO | Centering time: 0.6 ms
2025-08-19 12:58:14,093 | INFO | PCA alignment: explained variance ratio=0.9033, 0.0912, 0.0055
2025-08-19 12:58:14,093 | INFO | Rotation matrix (columns are principal axes):
[[-0.056916  0.995423  0.076769]
 [ 0.997635  0.059673 -0.034098]
 [-0.038523  0.074647 -0.996466]]
2025-08-19 12:58:14,094 | INFO | Rotation matrix det=1.000000
2025-08-19 12:58:14,094 | INFO | Orientation enforcement: mean_nz=-0.002163 -> sz=-1, width_low=54.313298, width_high=67.158268 -> sx=1, sy=-1
2025-08-19 12:58:14,094 | INFO | Orientation signs diag(S)=[1.0, -1.0, -1.0]
2025-08-19 12:58:14,094 | INFO | PCA time: 1.2 ms
2025-08-19 12:58:14,094 | INFO | Requested samples 4096 >= candidates 4096; returning all indices.
2025-08-19 12:58:14,094 | INFO | Final points: (4096, 3), normals: (4096, 3)
2025-08-19 12:58:14,095 | INFO | Aligned normalized AABB min=[-113.76770813624621, -38.19828653762012, -10.431648585903657] max=[126.40295447186875, 41.80313838916442, 15.932305306688956]
2025-08-19 12:58:14,095 | INFO | Final radii percentiles: p5=17.685583, p50=60.094141, p95=111.292424; centroid_norm=0.000000
2025-08-19 12:58:14,096 | INFO | Axis x stats (final): min=-113.767708, mean=0.000000, std=65.704560, max=126.402954
2025-08-19 12:58:14,096 | INFO | Axis y stats (final): min=-38.198287, mean=0.000000, std=20.875572, max=41.803138
2025-08-19 12:58:14,096 | INFO | Axis z stats (final): min=-10.431649, mean=-0.000000, std=5.134419, max=15.932305
2025-08-19 12:58:14,096 | INFO | Normal lengths: min=1.000000, mean=1.000000, max=1.000000
2025-08-19 12:58:14,096 | INFO | Final FPS time: 2.0 ms
2025-08-19 12:58:14,119 | INFO | Saved bundle (npz): D:\Cursor Repos\From p2p\data\pointcloud\insoles\005_insole_L.npz | points=(4096, 3) normals=(4096, 3)
2025-08-19 12:58:14,119 | INFO | Completed successfully.
