2025-08-19 12:58:19,584 | INFO | Input STL: D:\Cursor Repos\From p2p\data\raw\insoles\008_insole_L.stl
2025-08-19 12:58:19,585 | INFO | Output log: D:\Cursor Repos\From p2p\Log\preprocess\insoles\008_insole_L.log
2025-08-19 12:58:19,585 | INFO | Parameters: num_points=4096, candidate_multiplier=4, z_low_percent=None, z_high_percent=None, seed=None
2025-08-19 12:58:19,585 | INFO | File: size_bytes=2487084, mtime=2025-08-13 11:27:27
2025-08-19 12:58:19,585 | INFO | Env: python=3.11.13, numpy=2.1.2, trimesh=4.7.4, platform=Windows-10-10.0.26100-SP0
2025-08-19 12:58:19,676 | INFO | Mesh: vertices=24872, faces=49740
2025-08-19 12:58:19,709 | INFO | Mesh surface area: 23348.559482
2025-08-19 12:58:19,734 | INFO | Mesh volume: 58758.978134
2025-08-19 12:58:19,736 | INFO | Mesh AABB min=[-30.48550033569336, -84.6488037109375, -0.8938000202178955] max=[31.51449966430664, 85.3511962890625, 28.736799240112305]
2025-08-19 12:58:19,736 | INFO | Boundary edges: 0
2025-08-19 12:58:19,736 | INFO | Load mesh time: 151.8 ms
2025-08-19 12:58:19,736 | INFO | Surface sampling: candidates=16384 (target=4096, multiplier=4)
2025-08-19 12:58:19,752 | INFO | Running Farthest Point Sampling (FPS) to enforce even spacing
2025-08-19 12:58:19,835 | INFO | FPS progress: 409/4096
2025-08-19 12:58:19,914 | INFO | FPS progress: 818/4096
2025-08-19 12:58:19,999 | INFO | FPS progress: 1227/4096
2025-08-19 12:58:20,085 | INFO | FPS progress: 1636/4096
2025-08-19 12:58:20,173 | INFO | FPS progress: 2045/4096
2025-08-19 12:58:20,255 | INFO | FPS progress: 2454/4096
2025-08-19 12:58:20,342 | INFO | FPS progress: 2863/4096
2025-08-19 12:58:20,422 | INFO | FPS progress: 3272/4096
2025-08-19 12:58:20,501 | INFO | FPS progress: 3681/4096
2025-08-19 12:58:20,583 | INFO | FPS progress: 4090/4096
2025-08-19 12:58:20,584 | INFO | Round 1: accumulated=4096, kept=4096 (100.00%), time=847.3 ms
2025-08-19 12:58:20,585 | INFO | Requested samples 4096 >= candidates 4096; returning all indices.
2025-08-19 12:58:20,585 | INFO | Sampled points: (4096, 3), normals: (4096, 3)
2025-08-19 12:58:20,585 | INFO | Sampling time: 847.8 ms
2025-08-19 12:58:20,585 | INFO | Centering only: centroid=[4.735081179682352, -8.238313228773269, 5.635739330520701] | scale fixed to 1.000000 (no scaling)
2025-08-19 12:58:20,585 | INFO | Axis x stats (centered): min=-35.185616, mean=0.000000, std=16.706767, max=26.734602
2025-08-19 12:58:20,585 | INFO | Axis y stats (centered): min=-76.405658, mean=0.000000, std=46.940047, max=93.333429
2025-08-19 12:58:20,585 | INFO | Axis z stats (centered): min=-6.529353, mean=0.000000, std=7.240047, max=22.937875
2025-08-19 12:58:20,585 | INFO | Centering time: 0.5 ms
2025-08-19 12:58:20,586 | INFO | PCA alignment: explained variance ratio=0.8779, 0.1080, 0.0141
2025-08-19 12:58:20,586 | INFO | Rotation matrix (columns are principal axes):
[[-0.066129  0.990958  0.116744]
 [ 0.994661  0.074756 -0.071137]
 [-0.079221  0.111417 -0.990611]]
2025-08-19 12:58:20,586 | INFO | Rotation matrix det=1.000000
2025-08-19 12:58:20,587 | INFO | Orientation enforcement: mean_nz=0.008251 -> sz=1, width_low=40.744009, width_high=52.246399 -> sx=1, sy=1
2025-08-19 12:58:20,587 | INFO | Orientation signs diag(S)=[1.0, 1.0, 1.0]
2025-08-19 12:58:20,587 | INFO | PCA time: 1.5 ms
2025-08-19 12:58:20,587 | INFO | Requested samples 4096 >= candidates 4096; returning all indices.
2025-08-19 12:58:20,587 | INFO | Final points: (4096, 3), normals: (4096, 3)
2025-08-19 12:58:20,588 | INFO | Aligned normalized AABB min=[-77.8376326348302, -32.49937453777246, -15.72235102173378] max=[93.42769863108818, 29.847176375535476, 13.217115922248066]
2025-08-19 12:58:20,588 | INFO | Final radii percentiles: p5=14.088020, p50=44.634249, p95=78.600293; centroid_norm=0.000000
2025-08-19 12:58:20,588 | INFO | Axis x stats (final): min=-77.837633, mean=0.000000, std=47.173665, max=93.427699
2025-08-19 12:58:20,588 | INFO | Axis y stats (final): min=-32.499375, mean=0.000000, std=16.547726, max=29.847176
2025-08-19 12:58:20,588 | INFO | Axis z stats (final): min=-15.722351, mean=-0.000000, std=5.976657, max=13.217116
2025-08-19 12:58:20,588 | INFO | Normal lengths: min=1.000000, mean=1.000000, max=1.000000
2025-08-19 12:58:20,588 | INFO | Final FPS time: 1.4 ms
2025-08-19 12:58:20,611 | INFO | Saved bundle (npz): D:\Cursor Repos\From p2p\data\pointcloud\insoles\008_insole_L.npz | points=(4096, 3) normals=(4096, 3)
2025-08-19 12:58:20,611 | INFO | Completed successfully.
