2025-08-19 12:58:33,596 | INFO | Input STL: D:\Cursor Repos\From p2p\data\raw\insoles\012_insole_R.stl
2025-08-19 12:58:33,596 | INFO | Output log: D:\Cursor Repos\From p2p\Log\preprocess\insoles\012_insole_R.log
2025-08-19 12:58:33,596 | INFO | Parameters: num_points=4096, candidate_multiplier=4, z_low_percent=None, z_high_percent=None, seed=None
2025-08-19 12:58:33,596 | INFO | File: size_bytes=23147784, mtime=2025-08-14 10:58:57
2025-08-19 12:58:33,596 | INFO | Env: python=3.11.13, numpy=2.1.2, trimesh=4.7.4, platform=Windows-10-10.0.26100-SP0
2025-08-19 12:58:34,493 | INFO | Mesh: vertices=231479, faces=462954
2025-08-19 12:58:34,850 | INFO | Mesh surface area: 34895.942903
2025-08-19 12:58:35,083 | INFO | Mesh volume: 99128.173520
2025-08-19 12:58:35,110 | INFO | Mesh AABB min=[-38.80799865722656, -111.97509765625, -0.8937000036239624] max=[39.19219970703125, 111.02490234375, 25.013500213623047]
2025-08-19 12:58:35,110 | INFO | Boundary edges: 0
2025-08-19 12:58:35,110 | INFO | Load mesh time: 1514.2 ms
2025-08-19 12:58:35,110 | INFO | Surface sampling: candidates=16384 (target=4096, multiplier=4)
2025-08-19 12:58:35,203 | INFO | Running Farthest Point Sampling (FPS) to enforce even spacing
2025-08-19 12:58:35,283 | INFO | FPS progress: 409/4096
2025-08-19 12:58:35,366 | INFO | FPS progress: 818/4096
2025-08-19 12:58:35,454 | INFO | FPS progress: 1227/4096
2025-08-19 12:58:35,539 | INFO | FPS progress: 1636/4096
2025-08-19 12:58:35,623 | INFO | FPS progress: 2045/4096
2025-08-19 12:58:35,704 | INFO | FPS progress: 2454/4096
2025-08-19 12:58:35,788 | INFO | FPS progress: 2863/4096
2025-08-19 12:58:35,874 | INFO | FPS progress: 3272/4096
2025-08-19 12:58:35,960 | INFO | FPS progress: 3681/4096
2025-08-19 12:58:36,041 | INFO | FPS progress: 4090/4096
2025-08-19 12:58:36,043 | INFO | Round 1: accumulated=4096, kept=4096 (100.00%), time=932.4 ms
2025-08-19 12:58:36,043 | INFO | Requested samples 4096 >= candidates 4096; returning all indices.
2025-08-19 12:58:36,043 | INFO | Sampled points: (4096, 3), normals: (4096, 3)
2025-08-19 12:58:36,043 | INFO | Sampling time: 932.7 ms
2025-08-19 12:58:36,043 | INFO | Centering only: centroid=[-4.206572593078573, -8.059012895685232, 4.998439577548266] | scale fixed to 1.000000 (no scaling)
2025-08-19 12:58:36,043 | INFO | Axis x stats (centered): min=-34.463104, mean=0.000000, std=20.805096, max=43.279009
2025-08-19 12:58:36,043 | INFO | Axis y stats (centered): min=-103.846299, mean=-0.000000, std=61.095975, max=118.966683
2025-08-19 12:58:36,043 | INFO | Axis z stats (centered): min=-5.892140, mean=-0.000000, std=6.538565, max=19.917840
2025-08-19 12:58:36,044 | INFO | Centering time: 0.5 ms
2025-08-19 12:58:36,044 | INFO | PCA alignment: explained variance ratio=0.8922, 0.1005, 0.0074
2025-08-19 12:58:36,044 | INFO | Rotation matrix (columns are principal axes):
[[-0.061143 -0.99506  -0.07821 ]
 [-0.996841  0.064856 -0.045846]
 [ 0.050692  0.07516  -0.995882]]
2025-08-19 12:58:36,044 | INFO | Rotation matrix det=1.000000
2025-08-19 12:58:36,045 | INFO | Orientation enforcement: mean_nz=0.004493 -> sz=1, width_low=65.336255, width_high=51.010103 -> sx=-1, sy=-1
2025-08-19 12:58:36,045 | INFO | Orientation signs diag(S)=[-1.0, -1.0, 1.0]
2025-08-19 12:58:36,045 | INFO | PCA time: 1.6 ms
2025-08-19 12:58:36,045 | INFO | Requested samples 4096 >= candidates 4096; returning all indices.
2025-08-19 12:58:36,046 | INFO | Final points: (4096, 3), normals: (4096, 3)
2025-08-19 12:58:36,046 | INFO | Aligned normalized AABB min=[-104.71136996881637, -37.72630537989625, -16.276377797128823] max=[118.87308887291827, 40.44026842389176, 11.829065028528856]
2025-08-19 12:58:36,046 | INFO | Final radii percentiles: p5=17.318478, p50=56.911230, p95=102.966930; centroid_norm=0.000000
2025-08-19 12:58:36,046 | INFO | Axis x stats (final): min=-104.711370, mean=-0.000000, std=61.274458, max=118.873089
2025-08-19 12:58:36,046 | INFO | Axis y stats (final): min=-37.726305, mean=0.000000, std=20.561929, max=40.440268
2025-08-19 12:58:36,046 | INFO | Axis z stats (final): min=-16.276378, mean=0.000000, std=5.565150, max=11.829065
2025-08-19 12:58:36,048 | INFO | Normal lengths: min=1.000000, mean=1.000000, max=1.000000
2025-08-19 12:58:36,048 | INFO | Final FPS time: 1.8 ms
2025-08-19 12:58:36,072 | INFO | Saved bundle (npz): D:\Cursor Repos\From p2p\data\pointcloud\insoles\012_insole_R.npz | points=(4096, 3) normals=(4096, 3)
2025-08-19 12:58:36,072 | INFO | Completed successfully.
