2025-08-22 11:36:08,740 | INFO | Input STL: D:\Cursor Repos\From p2p\data\raw\insoles\014_insole_R.stl
2025-08-22 11:36:08,740 | INFO | Output log: D:\Cursor Repos\From p2p\Log\preprocess\insoles\014_insole_R.log
2025-08-22 11:36:08,740 | INFO | Parameters: num_points=4096, candidate_multiplier=4, z_low_percent=None, z_high_percent=None, seed=None
2025-08-22 11:36:08,741 | INFO | File: size_bytes=2698484, mtime=2025-08-14 10:08:05
2025-08-22 11:36:08,741 | INFO | Env: python=3.11.13, numpy=2.3.2, trimesh=4.7.4, platform=Windows-10-10.0.26100-SP0
2025-08-22 11:36:08,815 | INFO | Mesh: vertices=26986, faces=53968
2025-08-22 11:36:08,853 | INFO | Mesh surface area: 37258.335684
2025-08-22 11:36:08,877 | INFO | Mesh volume: 96726.980159
2025-08-22 11:36:08,880 | INFO | Mesh AABB min=[-39.9119987487793, -119.24639892578125, -0.8938000202178955] max=[40.0880012512207, 117.75409698486328, 23.23870086669922]
2025-08-22 11:36:08,880 | INFO | Boundary edges: 0
2025-08-22 11:36:08,880 | INFO | Load mesh time: 140.1 ms
2025-08-22 11:36:08,880 | INFO | Surface sampling: candidates=16384 (target=4096, multiplier=4)
2025-08-22 11:36:08,895 | INFO | Running Farthest Point Sampling (FPS) to enforce even spacing
2025-08-22 11:36:08,976 | INFO | FPS progress: 409/4096
2025-08-22 11:36:09,057 | INFO | FPS progress: 818/4096
2025-08-22 11:36:09,135 | INFO | FPS progress: 1227/4096
2025-08-22 11:36:09,214 | INFO | FPS progress: 1636/4096
2025-08-22 11:36:09,292 | INFO | FPS progress: 2045/4096
2025-08-22 11:36:09,370 | INFO | FPS progress: 2454/4096
2025-08-22 11:36:09,453 | INFO | FPS progress: 2863/4096
2025-08-22 11:36:09,534 | INFO | FPS progress: 3272/4096
2025-08-22 11:36:09,616 | INFO | FPS progress: 3681/4096
2025-08-22 11:36:09,710 | INFO | FPS progress: 4090/4096
2025-08-22 11:36:09,711 | INFO | Round 1: accumulated=4096, kept=4096 (100.00%), time=830.8 ms
2025-08-22 11:36:09,711 | INFO | Requested samples 4096 >= candidates 4096; returning all indices.
2025-08-22 11:36:09,712 | INFO | Sampled points: (4096, 3), normals: (4096, 3)
2025-08-22 11:36:09,712 | INFO | Sampling time: 831.2 ms
2025-08-22 11:36:09,712 | INFO | Centering only: centroid=[-4.970690646286533, -7.175531781514165, 4.322796585181899] | scale fixed to 1.000000 (no scaling)
2025-08-22 11:36:09,712 | INFO | Axis x stats (centered): min=-34.694239, mean=0.000000, std=21.182989, max=45.043128
2025-08-22 11:36:09,712 | INFO | Axis y stats (centered): min=-112.001234, mean=-0.000000, std=64.651712, max=124.600755
2025-08-22 11:36:09,712 | INFO | Axis z stats (centered): min=-5.216412, mean=-0.000000, std=5.967574, max=18.885183
2025-08-22 11:36:09,712 | INFO | Centering time: 0.6 ms
2025-08-22 11:36:09,713 | INFO | PCA alignment: explained variance ratio=0.9001, 0.0941, 0.0058
2025-08-22 11:36:09,713 | INFO | Rotation matrix (columns are principal axes):
[[-0.057303 -0.995282 -0.078289]
 [-0.99759   0.060155 -0.034572]
 [ 0.039119  0.076119 -0.996331]]
2025-08-22 11:36:09,713 | INFO | Rotation matrix det=1.000000
2025-08-22 11:36:09,714 | INFO | Orientation enforcement (flat-to-neg-z): sz=-1, width_low=66.186832, width_high=53.806615 -> sx=-1, sy=1
2025-08-22 11:36:09,715 | INFO | Orientation signs diag(S)=[-1.0, 1.0, -1.0]
2025-08-22 11:36:09,715 | INFO | PCA time: 2.3 ms
2025-08-22 11:36:09,715 | INFO | Bottom alignment: bottom_q=0.20, band_q=0.05, min_z_shift=-14.463672, xy_center=[-82.73166911639429, 9.588352893605393]
2025-08-22 11:36:09,715 | INFO | Bottom leveling time: 0.8 ms | bottom_xy_center=[-82.73166911639429, 9.588352893605393]
2025-08-22 11:36:09,715 | INFO | Requested samples 4096 >= candidates 4096; returning all indices.
2025-08-22 11:36:09,716 | INFO | Final points: (4096, 3), normals: (4096, 3)
2025-08-22 11:36:09,717 | INFO | Aligned normalized AABB min=[-30.23324402095875, -51.435571174599005, 0.0] max=[207.25120124939983, 28.31854648592925, 27.605877447885064]
2025-08-22 11:36:09,717 | INFO | Final radii percentiles: p5=18.044462, p50=88.454180, p95=187.655425; centroid_norm=84.532026
2025-08-22 11:36:09,717 | INFO | Axis x stats (final): min=-30.233244, mean=82.731669, std=64.763706, max=207.251201
2025-08-22 11:36:09,717 | INFO | Axis y stats (final): min=-51.435571, mean=-9.588353, std=20.920936, max=28.318546
2025-08-22 11:36:09,718 | INFO | Axis z stats (final): min=0.000000, mean=14.463672, std=5.670242, max=27.605877
2025-08-22 11:36:09,718 | INFO | Normal lengths: min=1.000000, mean=1.000000, max=1.000000
2025-08-22 11:36:09,718 | INFO | Final FPS time: 2.5 ms
2025-08-22 11:36:09,727 | INFO | Saved bundle (npz): D:\Cursor Repos\From p2p\data\pointcloud\insoles\014_insole_R.npz | points=(4096, 3) normals=(4096, 3)
2025-08-22 11:36:09,727 | INFO | Completed successfully.
