2025-08-22 11:36:09,728 | INFO | Input STL: D:\Cursor Repos\From p2p\data\raw\insoles\015_insole_L.stl
2025-08-22 11:36:09,728 | INFO | Output log: D:\Cursor Repos\From p2p\Log\preprocess\insoles\015_insole_L.log
2025-08-22 11:36:09,728 | INFO | Parameters: num_points=4096, candidate_multiplier=4, z_low_percent=None, z_high_percent=None, seed=None
2025-08-22 11:36:09,728 | INFO | File: size_bytes=2739984, mtime=2025-08-14 10:58:08
2025-08-22 11:36:09,728 | INFO | Env: python=3.11.13, numpy=2.3.2, trimesh=4.7.4, platform=Windows-10-10.0.26100-SP0
2025-08-22 11:36:09,823 | INFO | Mesh: vertices=27401, faces=54798
2025-08-22 11:36:09,871 | INFO | Mesh surface area: 44468.210280
2025-08-22 11:36:09,898 | INFO | Mesh volume: 112491.153565
2025-08-22 11:36:09,901 | INFO | Mesh AABB min=[-43.445499420166016, -133.33999633789062, -0.8992999792098999] max=[44.55459976196289, 131.66050720214844, 22.462299346923828]
2025-08-22 11:36:09,901 | INFO | Boundary edges: 0
2025-08-22 11:36:09,901 | INFO | Load mesh time: 173.0 ms
2025-08-22 11:36:09,901 | INFO | Surface sampling: candidates=16384 (target=4096, multiplier=4)
2025-08-22 11:36:09,917 | INFO | Running Farthest Point Sampling (FPS) to enforce even spacing
2025-08-22 11:36:09,997 | INFO | FPS progress: 409/4096
2025-08-22 11:36:10,079 | INFO | FPS progress: 818/4096
2025-08-22 11:36:10,161 | INFO | FPS progress: 1227/4096
2025-08-22 11:36:10,244 | INFO | FPS progress: 1636/4096
2025-08-22 11:36:10,326 | INFO | FPS progress: 2045/4096
2025-08-22 11:36:10,408 | INFO | FPS progress: 2454/4096
2025-08-22 11:36:10,491 | INFO | FPS progress: 2863/4096
2025-08-22 11:36:10,573 | INFO | FPS progress: 3272/4096
2025-08-22 11:36:10,653 | INFO | FPS progress: 3681/4096
2025-08-22 11:36:10,741 | INFO | FPS progress: 4090/4096
2025-08-22 11:36:10,743 | INFO | Round 1: accumulated=4096, kept=4096 (100.00%), time=842.3 ms
2025-08-22 11:36:10,743 | INFO | Requested samples 4096 >= candidates 4096; returning all indices.
2025-08-22 11:36:10,744 | INFO | Sampled points: (4096, 3), normals: (4096, 3)
2025-08-22 11:36:10,744 | INFO | Sampling time: 842.6 ms
2025-08-22 11:36:10,744 | INFO | Centering only: centroid=[5.236930888469923, -6.061706639986707, 3.9100655219591345] | scale fixed to 1.000000 (no scaling)
2025-08-22 11:36:10,744 | INFO | Axis x stats (centered): min=-48.447513, mean=-0.000000, std=22.975569, max=39.281921
2025-08-22 11:36:10,744 | INFO | Axis y stats (centered): min=-127.235097, mean=-0.000000, std=72.306946, max=137.682388
2025-08-22 11:36:10,744 | INFO | Axis z stats (centered): min=-4.807959, mean=0.000000, std=5.585627, max=18.449008
2025-08-22 11:36:10,744 | INFO | Centering time: 0.4 ms
2025-08-22 11:36:10,744 | INFO | PCA alignment: explained variance ratio=0.9067, 0.0891, 0.0042
2025-08-22 11:36:10,744 | INFO | Rotation matrix (columns are principal axes):
[[-0.054803  0.996627  0.061079]
 [ 0.997994  0.056614 -0.028317]
 [-0.03168   0.059405 -0.997731]]
2025-08-22 11:36:10,745 | INFO | Rotation matrix det=1.000000
2025-08-22 11:36:10,745 | INFO | Orientation enforcement (flat-to-neg-z): sz=-1, width_low=59.599144, width_high=72.519346 -> sx=1, sy=-1
2025-08-22 11:36:10,745 | INFO | Orientation signs diag(S)=[1.0, -1.0, -1.0]
2025-08-22 11:36:10,746 | INFO | PCA time: 1.5 ms
2025-08-22 11:36:10,746 | INFO | Bottom alignment: bottom_q=0.20, band_q=0.05, min_z_shift=-13.414069, xy_center=[-95.65743841431343, -10.900595596549405]
2025-08-22 11:36:10,746 | INFO | Bottom leveling time: 0.7 ms | bottom_xy_center=[-95.65743841431343, -10.900595596549405]
2025-08-22 11:36:10,746 | INFO | Requested samples 4096 >= candidates 4096; returning all indices.
2025-08-22 11:36:10,746 | INFO | Final points: (4096, 3), normals: (4096, 3)
2025-08-22 11:36:10,747 | INFO | Aligned normalized AABB min=[-32.53208701809102, -31.55925720518078, 0.0] max=[233.1419545395064, 56.2673012018724, 26.85531170427336]
2025-08-22 11:36:10,747 | INFO | Final radii percentiles: p5=19.535758, p50=101.368576, p95=211.444953; centroid_norm=97.206511
2025-08-22 11:36:10,747 | INFO | Axis x stats (final): min=-32.532087, mean=95.657438, std=72.416147, max=233.141955
2025-08-22 11:36:10,747 | INFO | Axis y stats (final): min=-31.559257, mean=10.900596, std=22.683036, max=56.267301
2025-08-22 11:36:10,747 | INFO | Axis z stats (final): min=0.000000, mean=13.414069, std=5.362086, max=26.855312
2025-08-22 11:36:10,747 | INFO | Normal lengths: min=1.000000, mean=1.000000, max=1.000000
2025-08-22 11:36:10,748 | INFO | Final FPS time: 1.2 ms
2025-08-22 11:36:10,756 | INFO | Saved bundle (npz): D:\Cursor Repos\From p2p\data\pointcloud\insoles\015_insole_L.npz | points=(4096, 3) normals=(4096, 3)
2025-08-22 11:36:10,756 | INFO | Completed successfully.
