2025-08-22 11:36:14,518 | INFO | Input STL: D:\Cursor Repos\From p2p\data\raw\insoles\016_insole_R.stl
2025-08-22 11:36:14,518 | INFO | Output log: D:\Cursor Repos\From p2p\Log\preprocess\insoles\016_insole_R.log
2025-08-22 11:36:14,519 | INFO | Parameters: num_points=4096, candidate_multiplier=4, z_low_percent=None, z_high_percent=None, seed=None
2025-08-22 11:36:14,519 | INFO | File: size_bytes=26687384, mtime=2025-08-14 10:58:28
2025-08-22 11:36:14,519 | INFO | Env: python=3.11.13, numpy=2.3.2, trimesh=4.7.4, platform=Windows-10-10.0.26100-SP0
2025-08-22 11:36:15,391 | INFO | Mesh: vertices=266875, faces=533746
2025-08-22 11:36:15,741 | INFO | Mesh surface area: 39770.750116
2025-08-22 11:36:15,972 | INFO | Mesh volume: 96183.189087
2025-08-22 11:36:16,005 | INFO | Mesh AABB min=[-41.18330001831055, -123.99629974365234, -0.8937000036239624] max=[41.81679916381836, 124.00409698486328, 22.74329948425293]
2025-08-22 11:36:16,005 | INFO | Boundary edges: 0
2025-08-22 11:36:16,005 | INFO | Load mesh time: 1486.3 ms
2025-08-22 11:36:16,005 | INFO | Surface sampling: candidates=16384 (target=4096, multiplier=4)
2025-08-22 11:36:16,113 | INFO | Running Farthest Point Sampling (FPS) to enforce even spacing
2025-08-22 11:36:16,211 | INFO | FPS progress: 409/4096
2025-08-22 11:36:16,311 | INFO | FPS progress: 818/4096
2025-08-22 11:36:16,402 | INFO | FPS progress: 1227/4096
2025-08-22 11:36:16,495 | INFO | FPS progress: 1636/4096
2025-08-22 11:36:16,586 | INFO | FPS progress: 2045/4096
2025-08-22 11:36:16,686 | INFO | FPS progress: 2454/4096
2025-08-22 11:36:16,771 | INFO | FPS progress: 2863/4096
2025-08-22 11:36:16,867 | INFO | FPS progress: 3272/4096
2025-08-22 11:36:16,943 | INFO | FPS progress: 3681/4096
2025-08-22 11:36:17,023 | INFO | FPS progress: 4090/4096
2025-08-22 11:36:17,024 | INFO | Round 1: accumulated=4096, kept=4096 (100.00%), time=1018.5 ms
2025-08-22 11:36:17,024 | INFO | Requested samples 4096 >= candidates 4096; returning all indices.
2025-08-22 11:36:17,024 | INFO | Sampled points: (4096, 3), normals: (4096, 3)
2025-08-22 11:36:17,024 | INFO | Sampling time: 1018.9 ms
2025-08-22 11:36:17,024 | INFO | Centering only: centroid=[-4.423819395951604, -6.431586846081281, 3.919352492430188] | scale fixed to 1.000000 (no scaling)
2025-08-22 11:36:17,025 | INFO | Axis x stats (centered): min=-36.672265, mean=-0.000000, std=21.777016, max=46.063885
2025-08-22 11:36:17,025 | INFO | Axis y stats (centered): min=-117.432613, mean=0.000000, std=67.689634, max=130.292824
2025-08-22 11:36:17,025 | INFO | Axis z stats (centered): min=-4.813052, mean=0.000000, std=5.592555, max=18.658998
2025-08-22 11:36:17,025 | INFO | Centering time: 0.4 ms
2025-08-22 11:36:17,025 | INFO | PCA alignment: explained variance ratio=0.9046, 0.0908, 0.0047
2025-08-22 11:36:17,025 | INFO | Rotation matrix (columns are principal axes):
[[-0.059068 -0.996075 -0.065927]
 [-0.997637  0.061224 -0.031179]
 [ 0.035093  0.063929 -0.997337]]
2025-08-22 11:36:17,025 | INFO | Rotation matrix det=1.000000
2025-08-22 11:36:17,026 | INFO | Orientation enforcement (flat-to-neg-z): sz=-1, width_low=70.368298, width_high=56.004094 -> sx=-1, sy=1
2025-08-22 11:36:17,026 | INFO | Orientation signs diag(S)=[-1.0, 1.0, -1.0]
2025-08-22 11:36:17,026 | INFO | PCA time: 1.7 ms
2025-08-22 11:36:17,027 | INFO | Bottom alignment: bottom_q=0.20, band_q=0.05, min_z_shift=-13.471317, xy_center=[-87.82725150270143, 9.552564671857613]
2025-08-22 11:36:17,027 | INFO | Bottom leveling time: 0.6 ms | bottom_xy_center=[-87.82725150270143, 9.552564671857613]
2025-08-22 11:36:17,027 | INFO | Requested samples 4096 >= candidates 4096; returning all indices.
2025-08-22 11:36:17,027 | INFO | Final points: (4096, 3), normals: (4096, 3)
2025-08-22 11:36:17,028 | INFO | Aligned normalized AABB min=[-30.42161610484162, -52.558749290047146, 0.0] max=[217.99875073436954, 30.10865087135628, 26.994882067186737]
2025-08-22 11:36:17,028 | INFO | Final radii percentiles: p5=18.432471, p50=93.466116, p95=196.985285; centroid_norm=89.366403
2025-08-22 11:36:17,028 | INFO | Axis x stats (final): min=-30.421616, mean=87.827252, std=67.809113, max=217.998751
2025-08-22 11:36:17,029 | INFO | Axis y stats (final): min=-52.558749, mean=-9.552565, std=21.466383, max=30.108651
2025-08-22 11:36:17,029 | INFO | Axis z stats (final): min=0.000000, mean=13.471317, std=5.340430, max=26.994882
2025-08-22 11:36:17,029 | INFO | Normal lengths: min=1.000000, mean=1.000000, max=1.000000
2025-08-22 11:36:17,029 | INFO | Final FPS time: 1.7 ms
2025-08-22 11:36:17,037 | INFO | Saved bundle (npz): D:\Cursor Repos\From p2p\data\pointcloud\insoles\016_insole_R.npz | points=(4096, 3) normals=(4096, 3)
2025-08-22 11:36:17,038 | INFO | Completed successfully.
