2025-08-22 11:36:11,790 | INFO | Input STL: D:\Cursor Repos\From p2p\data\raw\insoles\016_insole_L.stl
2025-08-22 11:36:11,790 | INFO | Output log: D:\Cursor Repos\From p2p\Log\preprocess\insoles\016_insole_L.log
2025-08-22 11:36:11,790 | INFO | Parameters: num_points=4096, candidate_multiplier=4, z_low_percent=None, z_high_percent=None, seed=None
2025-08-22 11:36:11,790 | INFO | File: size_bytes=26693184, mtime=2025-08-14 10:58:24
2025-08-22 11:36:11,790 | INFO | Env: python=3.11.13, numpy=2.3.2, trimesh=4.7.4, platform=Windows-10-10.0.26100-SP0
2025-08-22 11:36:12,749 | INFO | Mesh: vertices=266933, faces=533862
2025-08-22 11:36:13,188 | INFO | Mesh surface area: 39770.754260
2025-08-22 11:36:13,469 | INFO | Mesh volume: 96183.187335
2025-08-22 11:36:13,504 | INFO | Mesh AABB min=[-41.81679916381836, -123.99629974365234, -0.8937000036239624] max=[41.18330001831055, 124.00409698486328, 22.74329948425293]
2025-08-22 11:36:13,505 | INFO | Boundary edges: 0
2025-08-22 11:36:13,505 | INFO | Load mesh time: 1715.3 ms
2025-08-22 11:36:13,505 | INFO | Surface sampling: candidates=16384 (target=4096, multiplier=4)
2025-08-22 11:36:13,632 | INFO | Running Farthest Point Sampling (FPS) to enforce even spacing
2025-08-22 11:36:13,721 | INFO | FPS progress: 409/4096
2025-08-22 11:36:13,830 | INFO | FPS progress: 818/4096
2025-08-22 11:36:13,914 | INFO | FPS progress: 1227/4096
2025-08-22 11:36:13,990 | INFO | FPS progress: 1636/4096
2025-08-22 11:36:14,068 | INFO | FPS progress: 2045/4096
2025-08-22 11:36:14,146 | INFO | FPS progress: 2454/4096
2025-08-22 11:36:14,233 | INFO | FPS progress: 2863/4096
2025-08-22 11:36:14,325 | INFO | FPS progress: 3272/4096
2025-08-22 11:36:14,409 | INFO | FPS progress: 3681/4096
2025-08-22 11:36:14,499 | INFO | FPS progress: 4090/4096
2025-08-22 11:36:14,501 | INFO | Round 1: accumulated=4096, kept=4096 (100.00%), time=995.8 ms
2025-08-22 11:36:14,501 | INFO | Requested samples 4096 >= candidates 4096; returning all indices.
2025-08-22 11:36:14,501 | INFO | Sampled points: (4096, 3), normals: (4096, 3)
2025-08-22 11:36:14,501 | INFO | Sampling time: 996.5 ms
2025-08-22 11:36:14,502 | INFO | Centering only: centroid=[4.258581119608706, -6.270841450861431, 3.920285477014323] | scale fixed to 1.000000 (no scaling)
2025-08-22 11:36:14,502 | INFO | Axis x stats (centered): min=-45.741250, mean=0.000000, std=21.721399, max=36.870572
2025-08-22 11:36:14,502 | INFO | Axis y stats (centered): min=-117.669926, mean=0.000000, std=67.578795, max=130.218775
2025-08-22 11:36:14,502 | INFO | Axis z stats (centered): min=-4.813985, mean=0.000000, std=5.566675, max=18.463537
2025-08-22 11:36:14,502 | INFO | Centering time: 0.4 ms
2025-08-22 11:36:14,502 | INFO | PCA alignment: explained variance ratio=0.9047, 0.0907, 0.0047
2025-08-22 11:36:14,502 | INFO | Rotation matrix (columns are principal axes):
[[-0.058186  0.996152  0.065541]
 [ 0.997687  0.060336 -0.031308]
 [-0.035142  0.063568 -0.997359]]
2025-08-22 11:36:14,503 | INFO | Rotation matrix det=1.000000
2025-08-22 11:36:14,504 | INFO | Orientation enforcement (flat-to-neg-z): sz=-1, width_low=56.857806, width_high=68.099531 -> sx=1, sy=-1
2025-08-22 11:36:14,504 | INFO | Orientation signs diag(S)=[1.0, -1.0, -1.0]
2025-08-22 11:36:14,504 | INFO | PCA time: 2.0 ms
2025-08-22 11:36:14,505 | INFO | Bottom alignment: bottom_q=0.20, band_q=0.05, min_z_shift=-13.428101, xy_center=[-88.62999460404049, -9.064144339800285]
2025-08-22 11:36:14,505 | INFO | Bottom leveling time: 1.4 ms | bottom_xy_center=[-88.62999460404049, -9.064144339800285]
2025-08-22 11:36:14,505 | INFO | Requested samples 4096 >= candidates 4096; returning all indices.
2025-08-22 11:36:14,505 | INFO | Final points: (4096, 3), normals: (4096, 3)
2025-08-22 11:36:14,507 | INFO | Aligned normalized AABB min=[-30.06282758711677, -30.842493757310606, 0.0] max=[218.77216102602787, 51.969650819731356, 26.924495565601923]
2025-08-22 11:36:14,507 | INFO | Final radii percentiles: p5=18.611694, p50=93.960621, p95=198.238845; centroid_norm=90.098549
2025-08-22 11:36:14,508 | INFO | Axis x stats (final): min=-30.062828, mean=88.629995, std=67.696036, max=218.772161
2025-08-22 11:36:14,508 | INFO | Axis y stats (final): min=-30.842494, mean=9.064144, std=21.421287, max=51.969651
2025-08-22 11:36:14,508 | INFO | Axis z stats (final): min=0.000000, mean=13.428101, std=5.298649, max=26.924496
2025-08-22 11:36:14,508 | INFO | Normal lengths: min=1.000000, mean=1.000000, max=1.000000
2025-08-22 11:36:14,508 | INFO | Final FPS time: 1.9 ms
2025-08-22 11:36:14,517 | INFO | Saved bundle (npz): D:\Cursor Repos\From p2p\data\pointcloud\insoles\016_insole_L.npz | points=(4096, 3) normals=(4096, 3)
2025-08-22 11:36:14,517 | INFO | Completed successfully.
