2025-08-22 11:36:22,362 | INFO | Input STL: D:\Cursor Repos\From p2p\data\raw\insoles\018_insole_L.stl
2025-08-22 11:36:22,362 | INFO | Output log: D:\Cursor Repos\From p2p\Log\preprocess\insoles\018_insole_L.log
2025-08-22 11:36:22,362 | INFO | Parameters: num_points=4096, candidate_multiplier=4, z_low_percent=None, z_high_percent=None, seed=None
2025-08-22 11:36:22,362 | INFO | File: size_bytes=2726084, mtime=2025-08-14 10:07:14
2025-08-22 11:36:22,362 | INFO | Env: python=3.11.13, numpy=2.3.2, trimesh=4.7.4, platform=Windows-10-10.0.26100-SP0
2025-08-22 11:36:22,477 | INFO | Mesh: vertices=27262, faces=54520
2025-08-22 11:36:22,523 | INFO | Mesh surface area: 48369.423004
2025-08-22 11:36:22,555 | INFO | Mesh volume: 124228.160070
2025-08-22 11:36:22,559 | INFO | Mesh AABB min=[-46.166900634765625, -138.66830444335938, -0.8985999822616577] max=[45.83359909057617, 139.3321075439453, 23.063600540161133]
2025-08-22 11:36:22,559 | INFO | Boundary edges: 0
2025-08-22 11:36:22,559 | INFO | Load mesh time: 196.6 ms
2025-08-22 11:36:22,559 | INFO | Surface sampling: candidates=16384 (target=4096, multiplier=4)
2025-08-22 11:36:22,578 | INFO | Running Farthest Point Sampling (FPS) to enforce even spacing
2025-08-22 11:36:22,661 | INFO | FPS progress: 409/4096
2025-08-22 11:36:22,742 | INFO | FPS progress: 818/4096
2025-08-22 11:36:22,822 | INFO | FPS progress: 1227/4096
2025-08-22 11:36:22,905 | INFO | FPS progress: 1636/4096
2025-08-22 11:36:22,983 | INFO | FPS progress: 2045/4096
2025-08-22 11:36:23,064 | INFO | FPS progress: 2454/4096
2025-08-22 11:36:23,143 | INFO | FPS progress: 2863/4096
2025-08-22 11:36:23,232 | INFO | FPS progress: 3272/4096
2025-08-22 11:36:23,323 | INFO | FPS progress: 3681/4096
2025-08-22 11:36:23,403 | INFO | FPS progress: 4090/4096
2025-08-22 11:36:23,405 | INFO | Round 1: accumulated=4096, kept=4096 (100.00%), time=846.5 ms
2025-08-22 11:36:23,406 | INFO | Requested samples 4096 >= candidates 4096; returning all indices.
2025-08-22 11:36:23,406 | INFO | Sampled points: (4096, 3), normals: (4096, 3)
2025-08-22 11:36:23,406 | INFO | Sampling time: 847.1 ms
2025-08-22 11:36:23,406 | INFO | Centering only: centroid=[4.858478830324952, -5.415446526414476, 3.9351656126163146] | scale fixed to 1.000000 (no scaling)
2025-08-22 11:36:23,406 | INFO | Axis x stats (centered): min=-50.967626, mean=0.000000, std=23.934571, max=40.814962
2025-08-22 11:36:23,406 | INFO | Axis y stats (centered): min=-133.123026, mean=0.000000, std=75.484741, max=144.551399
2025-08-22 11:36:23,406 | INFO | Axis z stats (centered): min=-4.832453, mean=0.000000, std=5.660714, max=19.059317
2025-08-22 11:36:23,406 | INFO | Centering time: 0.5 ms
2025-08-22 11:36:23,407 | INFO | PCA alignment: explained variance ratio=0.9072, 0.0889, 0.0039
2025-08-22 11:36:23,448 | INFO | Rotation matrix (columns are principal axes):
[[-0.053543  0.996656  0.06172 ]
 [ 0.998086  0.05533  -0.027625]
 [-0.030948  0.060123 -0.997711]]
2025-08-22 11:36:23,449 | INFO | Rotation matrix det=1.000000
2025-08-22 11:36:23,450 | INFO | Orientation enforcement (flat-to-neg-z): sz=-1, width_low=61.904026, width_high=76.088746 -> sx=1, sy=-1
2025-08-22 11:36:23,451 | INFO | Orientation signs diag(S)=[1.0, -1.0, -1.0]
2025-08-22 11:36:23,451 | INFO | PCA time: 44.7 ms
2025-08-22 11:36:23,452 | INFO | Bottom alignment: bottom_q=0.20, band_q=0.05, min_z_shift=-13.829838, xy_center=[-100.52990746060117, -10.747131235589935]
2025-08-22 11:36:23,452 | INFO | Bottom leveling time: 0.9 ms | bottom_xy_center=[-100.52990746060117, -10.747131235589935]
2025-08-22 11:36:23,452 | INFO | Requested samples 4096 >= candidates 4096; returning all indices.
2025-08-22 11:36:23,452 | INFO | Final points: (4096, 3), normals: (4096, 3)
2025-08-22 11:36:23,453 | INFO | Aligned normalized AABB min=[-33.53408773287536, -33.22734811081631, 0.0] max=[244.98404113619227, 58.5235660627976, 27.523893324122348]
2025-08-22 11:36:23,453 | INFO | Final radii percentiles: p5=20.828028, p50=107.385454, p95=221.846962; centroid_norm=102.044243
2025-08-22 11:36:23,453 | INFO | Axis x stats (final): min=-33.534088, mean=100.529907, std=75.593329, max=244.984041
2025-08-22 11:36:23,453 | INFO | Axis y stats (final): min=-33.227348, mean=10.747131, std=23.644435, max=58.523566
2025-08-22 11:36:23,454 | INFO | Axis z stats (final): min=0.000000, mean=13.829838, std=5.426124, max=27.523893
2025-08-22 11:36:23,454 | INFO | Normal lengths: min=1.000000, mean=1.000000, max=1.000000
2025-08-22 11:36:23,454 | INFO | Final FPS time: 2.1 ms
2025-08-22 11:36:23,464 | INFO | Saved bundle (npz): D:\Cursor Repos\From p2p\data\pointcloud\insoles\018_insole_L.npz | points=(4096, 3) normals=(4096, 3)
2025-08-22 11:36:23,464 | INFO | Completed successfully.
