2025-08-19 12:59:00,274 | INFO | Input STL: D:\Cursor Repos\From p2p\data\raw\insoles\020_insole_R.stl
2025-08-19 12:59:00,274 | INFO | Output log: D:\Cursor Repos\From p2p\Log\preprocess\insoles\020_insole_R.log
2025-08-19 12:59:00,274 | INFO | Parameters: num_points=4096, candidate_multiplier=4, z_low_percent=None, z_high_percent=None, seed=None
2025-08-19 12:59:00,275 | INFO | File: size_bytes=3035884, mtime=2025-08-14 10:00:49
2025-08-19 12:59:00,275 | INFO | Env: python=3.11.13, numpy=2.1.2, trimesh=4.7.4, platform=Windows-10-10.0.26100-SP0
2025-08-19 12:59:00,377 | INFO | Mesh: vertices=30360, faces=60716
2025-08-19 12:59:00,417 | INFO | Mesh surface area: 55840.019835
2025-08-19 12:59:00,447 | INFO | Mesh volume: 150331.820885
2025-08-19 12:59:00,452 | INFO | Mesh AABB min=[-50.050899505615234, -145.34030151367188, -0.8935999870300293] max=[49.94900131225586, 144.65969848632812, 27.79789924621582]
2025-08-19 12:59:00,452 | INFO | Boundary edges: 0
2025-08-19 12:59:00,452 | INFO | Load mesh time: 176.9 ms
2025-08-19 12:59:00,452 | INFO | Surface sampling: candidates=16384 (target=4096, multiplier=4)
2025-08-19 12:59:00,471 | INFO | Running Farthest Point Sampling (FPS) to enforce even spacing
2025-08-19 12:59:00,557 | INFO | FPS progress: 409/4096
2025-08-19 12:59:00,643 | INFO | FPS progress: 818/4096
2025-08-19 12:59:00,735 | INFO | FPS progress: 1227/4096
2025-08-19 12:59:00,817 | INFO | FPS progress: 1636/4096
2025-08-19 12:59:00,905 | INFO | FPS progress: 2045/4096
2025-08-19 12:59:00,993 | INFO | FPS progress: 2454/4096
2025-08-19 12:59:01,091 | INFO | FPS progress: 2863/4096
2025-08-19 12:59:01,185 | INFO | FPS progress: 3272/4096
2025-08-19 12:59:01,278 | INFO | FPS progress: 3681/4096
2025-08-19 12:59:01,387 | INFO | FPS progress: 4090/4096
2025-08-19 12:59:01,390 | INFO | Round 1: accumulated=4096, kept=4096 (100.00%), time=937.5 ms
2025-08-19 12:59:01,390 | INFO | Requested samples 4096 >= candidates 4096; returning all indices.
2025-08-19 12:59:01,390 | INFO | Sampled points: (4096, 3), normals: (4096, 3)
2025-08-19 12:59:01,390 | INFO | Sampling time: 938.1 ms
2025-08-19 12:59:01,391 | INFO | Centering only: centroid=[-5.60136135097419, -7.97174635601448, 4.494145684790862] | scale fixed to 1.000000 (no scaling)
2025-08-19 12:59:01,391 | INFO | Axis x stats (centered): min=-44.411973, mean=-0.000000, std=26.142185, max=55.416734
2025-08-19 12:59:01,391 | INFO | Axis y stats (centered): min=-137.348316, mean=0.000000, std=79.734881, max=152.415480
2025-08-19 12:59:01,391 | INFO | Axis z stats (centered): min=-5.387646, mean=0.000000, std=6.525399, max=23.156814
2025-08-19 12:59:01,391 | INFO | Centering time: 0.5 ms
2025-08-19 12:59:01,391 | INFO | PCA alignment: explained variance ratio=0.9016, 0.0939, 0.0045
2025-08-19 12:59:01,391 | INFO | Rotation matrix (columns are principal axes):
[[-0.05944  -0.996569 -0.057595]
 [-0.997522  0.061474 -0.03421 ]
 [ 0.037633  0.055419 -0.997754]]
2025-08-19 12:59:01,391 | INFO | Rotation matrix det=1.000000
2025-08-19 12:59:01,392 | INFO | Orientation enforcement: mean_nz=0.005793 -> sz=1, width_low=82.776791, width_high=66.580527 -> sx=-1, sy=-1
2025-08-19 12:59:01,392 | INFO | Orientation signs diag(S)=[-1.0, -1.0, 1.0]
2025-08-19 12:59:01,392 | INFO | PCA time: 1.2 ms
2025-08-19 12:59:01,392 | INFO | Requested samples 4096 >= candidates 4096; returning all indices.
2025-08-19 12:59:01,392 | INFO | Final points: (4096, 3), normals: (4096, 3)
2025-08-19 12:59:01,392 | INFO | Aligned normalized AABB min=[-138.15313188293538, -48.233303360493856, -16.96145142015145] max=[152.400440344489, 51.98411634262257, 11.260026419371505]
2025-08-19 12:59:01,392 | INFO | Final radii percentiles: p5=21.479195, p50=74.229682, p95=134.488876; centroid_norm=0.000000
2025-08-19 12:59:01,393 | INFO | Axis x stats (final): min=-138.153132, mean=0.000000, std=79.916896, max=152.400440
2025-08-19 12:59:01,393 | INFO | Axis y stats (final): min=-48.233303, mean=-0.000000, std=25.793436, max=51.984116
2025-08-19 12:59:01,393 | INFO | Axis z stats (final): min=-16.961451, mean=-0.000000, std=5.624452, max=11.260026
2025-08-19 12:59:01,393 | INFO | Normal lengths: min=1.000000, mean=1.000000, max=1.000000
2025-08-19 12:59:01,393 | INFO | Final FPS time: 1.2 ms
2025-08-19 12:59:01,418 | INFO | Saved bundle (npz): D:\Cursor Repos\From p2p\data\pointcloud\insoles\020_insole_R.npz | points=(4096, 3) normals=(4096, 3)
2025-08-19 12:59:01,419 | INFO | Completed successfully.
