2025-08-19 12:59:01,420 | INFO | Input STL: D:\Cursor Repos\From p2p\data\raw\insoles\021_insole_L.stl
2025-08-19 12:59:01,420 | INFO | Output log: D:\Cursor Repos\From p2p\Log\preprocess\insoles\021_insole_L.log
2025-08-19 12:59:01,420 | INFO | Parameters: num_points=4096, candidate_multiplier=4, z_low_percent=None, z_high_percent=None, seed=None
2025-08-19 12:59:01,420 | INFO | File: size_bytes=2893184, mtime=2025-08-07 13:49:18
2025-08-19 12:59:01,420 | INFO | Env: python=3.11.13, numpy=2.1.2, trimesh=4.7.4, platform=Windows-10-10.0.26100-SP0
2025-08-19 12:59:01,521 | INFO | Mesh: vertices=28933, faces=57862
2025-08-19 12:59:01,556 | INFO | Mesh surface area: 44664.965414
2025-08-19 12:59:01,580 | INFO | Mesh volume: 119653.451153
2025-08-19 12:59:01,583 | INFO | Mesh AABB min=[-45.32360076904297, -128.65530395507812, -0.8985000252723694] max=[44.67649841308594, 129.34469604492188, 23.923599243164062]
2025-08-19 12:59:01,583 | INFO | Boundary edges: 0
2025-08-19 12:59:01,583 | INFO | Load mesh time: 163.2 ms
2025-08-19 12:59:01,583 | INFO | Surface sampling: candidates=16384 (target=4096, multiplier=4)
2025-08-19 12:59:01,602 | INFO | Running Farthest Point Sampling (FPS) to enforce even spacing
2025-08-19 12:59:01,690 | INFO | FPS progress: 409/4096
2025-08-19 12:59:01,766 | INFO | FPS progress: 818/4096
2025-08-19 12:59:01,846 | INFO | FPS progress: 1227/4096
2025-08-19 12:59:01,930 | INFO | FPS progress: 1636/4096
2025-08-19 12:59:02,016 | INFO | FPS progress: 2045/4096
2025-08-19 12:59:02,107 | INFO | FPS progress: 2454/4096
2025-08-19 12:59:02,201 | INFO | FPS progress: 2863/4096
2025-08-19 12:59:02,297 | INFO | FPS progress: 3272/4096
2025-08-19 12:59:02,388 | INFO | FPS progress: 3681/4096
2025-08-19 12:59:02,481 | INFO | FPS progress: 4090/4096
2025-08-19 12:59:02,483 | INFO | Round 1: accumulated=4096, kept=4096 (100.00%), time=899.2 ms
2025-08-19 12:59:02,483 | INFO | Requested samples 4096 >= candidates 4096; returning all indices.
2025-08-19 12:59:02,483 | INFO | Sampled points: (4096, 3), normals: (4096, 3)
2025-08-19 12:59:02,484 | INFO | Sampling time: 899.7 ms
2025-08-19 12:59:02,484 | INFO | Centering only: centroid=[4.552143335064576, -6.20216430770154, 4.269159039649578] | scale fixed to 1.000000 (no scaling)
2025-08-19 12:59:02,484 | INFO | Axis x stats (centered): min=-49.818505, mean=-0.000000, std=23.805413, max=40.090883
2025-08-19 12:59:02,484 | INFO | Axis y stats (centered): min=-122.398512, mean=-0.000000, std=70.105372, max=134.911726
2025-08-19 12:59:02,484 | INFO | Axis z stats (centered): min=-5.167217, mean=0.000000, std=5.945393, max=19.618961
2025-08-19 12:59:02,484 | INFO | Centering time: 0.5 ms
2025-08-19 12:59:02,484 | INFO | PCA alignment: explained variance ratio=0.8950, 0.1001, 0.0049
2025-08-19 12:59:02,485 | INFO | Rotation matrix (columns are principal axes):
[[-0.06208   0.995756  0.067936]
 [ 0.997468  0.064265 -0.030456]
 [-0.034693  0.065873 -0.997225]]
2025-08-19 12:59:02,485 | INFO | Rotation matrix det=1.000000
2025-08-19 12:59:02,485 | INFO | Orientation enforcement: mean_nz=-0.003833 -> sz=-1, width_low=61.230903, width_high=73.994764 -> sx=1, sy=-1
2025-08-19 12:59:02,485 | INFO | Orientation signs diag(S)=[1.0, -1.0, -1.0]
2025-08-19 12:59:02,485 | INFO | PCA time: 1.3 ms
2025-08-19 12:59:02,485 | INFO | Requested samples 4096 >= candidates 4096; returning all indices.
2025-08-19 12:59:02,485 | INFO | Final points: (4096, 3), normals: (4096, 3)
2025-08-19 12:59:02,486 | INFO | Aligned normalized AABB min=[-122.98870492366427, -43.742953157176984, -10.320471354831964] max=[134.9656184568542, 46.422620127079846, 16.034157180081582]
2025-08-19 12:59:02,486 | INFO | Final radii percentiles: p5=19.122663, p50=64.777281, p95=119.609715; centroid_norm=0.000000
2025-08-19 12:59:02,486 | INFO | Axis x stats (final): min=-122.988705, mean=-0.000000, std=70.266838, max=134.965618
2025-08-19 12:59:02,486 | INFO | Axis y stats (final): min=-43.742953, mean=0.000000, std=23.499375, max=46.422620
2025-08-19 12:59:02,486 | INFO | Axis z stats (final): min=-10.320471, mean=0.000000, std=5.211467, max=16.034157
2025-08-19 12:59:02,487 | INFO | Normal lengths: min=1.000000, mean=1.000000, max=1.000000
2025-08-19 12:59:02,487 | INFO | Final FPS time: 1.4 ms
2025-08-19 12:59:02,503 | INFO | Saved bundle (npz): D:\Cursor Repos\From p2p\data\pointcloud\insoles\021_insole_L.npz | points=(4096, 3) normals=(4096, 3)
2025-08-19 12:59:02,504 | INFO | Completed successfully.
