2025-08-19 12:59:04,672 | INFO | Input STL: D:\Cursor Repos\From p2p\data\raw\insoles\022_insole_R.stl
2025-08-19 12:59:04,672 | INFO | Output log: D:\Cursor Repos\From p2p\Log\preprocess\insoles\022_insole_R.log
2025-08-19 12:59:04,672 | INFO | Parameters: num_points=4096, candidate_multiplier=4, z_low_percent=None, z_high_percent=None, seed=None
2025-08-19 12:59:04,672 | INFO | File: size_bytes=2960884, mtime=2025-08-14 09:39:16
2025-08-19 12:59:04,672 | INFO | Env: python=3.11.13, numpy=2.1.2, trimesh=4.7.4, platform=Windows-10-10.0.26100-SP0
2025-08-19 12:59:04,776 | INFO | Mesh: vertices=29610, faces=59216
2025-08-19 12:59:04,815 | INFO | Mesh surface area: 50480.504338
2025-08-19 12:59:04,843 | INFO | Mesh volume: 130824.992664
2025-08-19 12:59:04,846 | INFO | Mesh AABB min=[-46.81290054321289, -139.5059051513672, -0.8960999846458435] max=[48.18730163574219, 140.4940948486328, 24.132699966430664]
2025-08-19 12:59:04,846 | INFO | Boundary edges: 0
2025-08-19 12:59:04,846 | INFO | Load mesh time: 174.1 ms
2025-08-19 12:59:04,846 | INFO | Surface sampling: candidates=16384 (target=4096, multiplier=4)
2025-08-19 12:59:04,864 | INFO | Running Farthest Point Sampling (FPS) to enforce even spacing
2025-08-19 12:59:04,943 | INFO | FPS progress: 409/4096
2025-08-19 12:59:05,026 | INFO | FPS progress: 818/4096
2025-08-19 12:59:05,109 | INFO | FPS progress: 1227/4096
2025-08-19 12:59:05,193 | INFO | FPS progress: 1636/4096
2025-08-19 12:59:05,278 | INFO | FPS progress: 2045/4096
2025-08-19 12:59:05,367 | INFO | FPS progress: 2454/4096
2025-08-19 12:59:05,450 | INFO | FPS progress: 2863/4096
2025-08-19 12:59:05,543 | INFO | FPS progress: 3272/4096
2025-08-19 12:59:05,626 | INFO | FPS progress: 3681/4096
2025-08-19 12:59:05,720 | INFO | FPS progress: 4090/4096
2025-08-19 12:59:05,721 | INFO | Round 1: accumulated=4096, kept=4096 (100.00%), time=875.0 ms
2025-08-19 12:59:05,721 | INFO | Requested samples 4096 >= candidates 4096; returning all indices.
2025-08-19 12:59:05,721 | INFO | Sampled points: (4096, 3), normals: (4096, 3)
2025-08-19 12:59:05,721 | INFO | Sampling time: 875.5 ms
2025-08-19 12:59:05,721 | INFO | Centering only: centroid=[-4.500112543615139, -4.734843333989629, 3.9795752441782253] | scale fixed to 1.000000 (no scaling)
2025-08-19 12:59:05,721 | INFO | Axis x stats (centered): min=-42.254873, mean=-0.000000, std=24.817226, max=52.548733
2025-08-19 12:59:05,722 | INFO | Axis y stats (centered): min=-134.747412, mean=-0.000000, std=76.157059, max=144.940666
2025-08-19 12:59:05,722 | INFO | Axis z stats (centered): min=-4.874336, mean=-0.000000, std=5.799675, max=20.088696
2025-08-19 12:59:05,722 | INFO | Centering time: 0.5 ms
2025-08-19 12:59:05,722 | INFO | PCA alignment: explained variance ratio=0.9028, 0.0932, 0.0040
2025-08-19 12:59:05,722 | INFO | Rotation matrix (columns are principal axes):
[[-0.057113 -0.996395 -0.062732]
 [-0.997856  0.058983 -0.028362]
 [ 0.03196   0.060977 -0.997627]]
2025-08-19 12:59:05,722 | INFO | Rotation matrix det=1.000000
2025-08-19 12:59:05,722 | INFO | Orientation enforcement: mean_nz=0.012934 -> sz=1, width_low=78.359790, width_high=65.231630 -> sx=-1, sy=-1
2025-08-19 12:59:05,724 | INFO | Orientation signs diag(S)=[-1.0, -1.0, 1.0]
2025-08-19 12:59:05,724 | INFO | PCA time: 1.7 ms
2025-08-19 12:59:05,724 | INFO | Requested samples 4096 >= candidates 4096; returning all indices.
2025-08-19 12:59:05,724 | INFO | Final points: (4096, 3), normals: (4096, 3)
2025-08-19 12:59:05,725 | INFO | Aligned normalized AABB min=[-135.390533557467, -45.632474241133714, -16.600929886002028] max=[145.04106159978338, 49.572906994164796, 10.123808293081314]
2025-08-19 12:59:05,725 | INFO | Final radii percentiles: p5=19.915818, p50=69.620182, p95=130.245680; centroid_norm=0.000000
2025-08-19 12:59:05,725 | INFO | Axis x stats (final): min=-135.390534, mean=-0.000000, std=76.306793, max=145.041062
2025-08-19 12:59:05,725 | INFO | Axis y stats (final): min=-45.632474, mean=-0.000000, std=24.517893, max=49.572907
2025-08-19 12:59:05,725 | INFO | Axis z stats (final): min=-16.600930, mean=0.000000, std=5.057157, max=10.123808
2025-08-19 12:59:05,726 | INFO | Normal lengths: min=1.000000, mean=1.000000, max=1.000000
2025-08-19 12:59:05,726 | INFO | Final FPS time: 1.7 ms
2025-08-19 12:59:05,750 | INFO | Saved bundle (npz): D:\Cursor Repos\From p2p\data\pointcloud\insoles\022_insole_R.npz | points=(4096, 3) normals=(4096, 3)
2025-08-19 12:59:05,751 | INFO | Completed successfully.
