2025-08-22 11:36:36,121 | INFO | Input STL: D:\Cursor Repos\From p2p\data\raw\insoles\024_insole_R.stl
2025-08-22 11:36:36,121 | INFO | Output log: D:\Cursor Repos\From p2p\Log\preprocess\insoles\024_insole_R.log
2025-08-22 11:36:36,121 | INFO | Parameters: num_points=4096, candidate_multiplier=4, z_low_percent=None, z_high_percent=None, seed=None
2025-08-22 11:36:36,121 | INFO | File: size_bytes=3009684, mtime=2025-08-13 13:43:31
2025-08-22 11:36:36,121 | INFO | Env: python=3.11.13, numpy=2.3.2, trimesh=4.7.4, platform=Windows-10-10.0.26100-SP0
2025-08-22 11:36:36,213 | INFO | Mesh: vertices=30098, faces=60192
2025-08-22 11:36:36,252 | INFO | Mesh surface area: 27683.703996
2025-08-22 11:36:36,285 | INFO | Mesh volume: 68770.204760
2025-08-22 11:36:36,288 | INFO | Mesh AABB min=[-37.24259948730469, -95.60389709472656, -0.8960999846458435] max=[36.75749969482422, 94.39620208740234, 23.70479965209961]
2025-08-22 11:36:36,288 | INFO | Boundary edges: 0
2025-08-22 11:36:36,288 | INFO | Load mesh time: 166.8 ms
2025-08-22 11:36:36,288 | INFO | Surface sampling: candidates=16384 (target=4096, multiplier=4)
2025-08-22 11:36:36,307 | INFO | Running Farthest Point Sampling (FPS) to enforce even spacing
2025-08-22 11:36:36,385 | INFO | FPS progress: 409/4096
2025-08-22 11:36:36,467 | INFO | FPS progress: 818/4096
2025-08-22 11:36:36,549 | INFO | FPS progress: 1227/4096
2025-08-22 11:36:36,635 | INFO | FPS progress: 1636/4096
2025-08-22 11:36:36,715 | INFO | FPS progress: 2045/4096
2025-08-22 11:36:36,797 | INFO | FPS progress: 2454/4096
2025-08-22 11:36:36,884 | INFO | FPS progress: 2863/4096
2025-08-22 11:36:36,966 | INFO | FPS progress: 3272/4096
2025-08-22 11:36:37,048 | INFO | FPS progress: 3681/4096
2025-08-22 11:36:37,128 | INFO | FPS progress: 4090/4096
2025-08-22 11:36:37,131 | INFO | Round 1: accumulated=4096, kept=4096 (100.00%), time=841.9 ms
2025-08-22 11:36:37,131 | INFO | Requested samples 4096 >= candidates 4096; returning all indices.
2025-08-22 11:36:37,131 | INFO | Sampled points: (4096, 3), normals: (4096, 3)
2025-08-22 11:36:37,131 | INFO | Sampling time: 842.3 ms
2025-08-22 11:36:37,131 | INFO | Centering only: centroid=[-4.681923536593527, -6.651430138650881, 4.311054220521562] | scale fixed to 1.000000 (no scaling)
2025-08-22 11:36:37,131 | INFO | Axis x stats (centered): min=-32.516623, mean=0.000000, std=19.373015, max=41.387241
2025-08-22 11:36:37,131 | INFO | Axis y stats (centered): min=-88.925718, mean=-0.000000, std=52.136779, max=100.909619
2025-08-22 11:36:37,131 | INFO | Axis z stats (centered): min=-5.206117, mean=-0.000000, std=5.863940, max=19.355056
2025-08-22 11:36:37,131 | INFO | Centering time: 0.4 ms
2025-08-22 11:36:37,132 | INFO | PCA alignment: explained variance ratio=0.8751, 0.1171, 0.0078
2025-08-22 11:36:37,132 | INFO | Rotation matrix (columns are principal axes):
[[-0.068512 -0.994475 -0.079532]
 [-0.996171  0.072532 -0.048806]
 [ 0.054305  0.075884 -0.995637]]
2025-08-22 11:36:37,132 | INFO | Rotation matrix det=1.000000
2025-08-22 11:36:37,133 | INFO | Orientation enforcement (flat-to-neg-z): sz=-1, width_low=60.537174, width_high=49.220161 -> sx=-1, sy=1
2025-08-22 11:36:37,133 | INFO | Orientation signs diag(S)=[-1.0, 1.0, -1.0]
2025-08-22 11:36:37,133 | INFO | PCA time: 2.0 ms
2025-08-22 11:36:37,134 | INFO | Bottom alignment: bottom_q=0.20, band_q=0.05, min_z_shift=-14.029700, xy_center=[-66.63759015595953, 6.377585253072453]
2025-08-22 11:36:37,134 | INFO | Bottom leveling time: 0.7 ms | bottom_xy_center=[-66.63759015595953, 6.377585253072453]
2025-08-22 11:36:37,134 | INFO | Requested samples 4096 >= candidates 4096; returning all indices.
2025-08-22 11:36:37,134 | INFO | Final points: (4096, 3), normals: (4096, 3)
2025-08-22 11:36:37,135 | INFO | Aligned normalized AABB min=[-23.671185487200475, -44.817446562722836, 0.0] max=[167.43570929734295, 29.132265715200127, 26.524877623187628]
2025-08-22 11:36:37,135 | INFO | Final radii percentiles: p5=16.270442, p50=71.766209, p95=151.923977; centroid_norm=68.396451
2025-08-22 11:36:37,135 | INFO | Axis x stats (final): min=-23.671185, mean=66.637590, std=52.277126, max=167.435709
2025-08-22 11:36:37,135 | INFO | Axis y stats (final): min=-44.817447, mean=-6.377585, std=19.122483, max=29.132266
2025-08-22 11:36:37,135 | INFO | Axis z stats (final): min=0.000000, mean=14.029700, std=5.419959, max=26.524878
2025-08-22 11:36:37,135 | INFO | Normal lengths: min=1.000000, mean=1.000000, max=1.000000
2025-08-22 11:36:37,135 | INFO | Final FPS time: 1.2 ms
2025-08-22 11:36:37,145 | INFO | Saved bundle (npz): D:\Cursor Repos\From p2p\data\pointcloud\insoles\024_insole_R.npz | points=(4096, 3) normals=(4096, 3)
2025-08-22 11:36:37,145 | INFO | Completed successfully.
