2025-08-22 11:36:37,146 | INFO | Input STL: D:\Cursor Repos\From p2p\data\raw\insoles\025_insole_L.stl
2025-08-22 11:36:37,146 | INFO | Output log: D:\Cursor Repos\From p2p\Log\preprocess\insoles\025_insole_L.log
2025-08-22 11:36:37,146 | INFO | Parameters: num_points=4096, candidate_multiplier=4, z_low_percent=None, z_high_percent=None, seed=None
2025-08-22 11:36:37,146 | INFO | File: size_bytes=2765984, mtime=2025-08-14 09:37:23
2025-08-22 11:36:37,146 | INFO | Env: python=3.11.13, numpy=2.3.2, trimesh=4.7.4, platform=Windows-10-10.0.26100-SP0
2025-08-22 11:36:37,235 | INFO | Mesh: vertices=27661, faces=55318
2025-08-22 11:36:37,273 | INFO | Mesh surface area: 51641.137046
2025-08-22 11:36:37,298 | INFO | Mesh volume: 130422.883718
2025-08-22 11:36:37,302 | INFO | Mesh AABB min=[-46.73310089111328, -145.41920471191406, -0.8970000147819519] max=[47.26679992675781, 144.58079528808594, 23.79199981689453]
2025-08-22 11:36:37,302 | INFO | Boundary edges: 0
2025-08-22 11:36:37,302 | INFO | Load mesh time: 155.1 ms
2025-08-22 11:36:37,302 | INFO | Surface sampling: candidates=16384 (target=4096, multiplier=4)
2025-08-22 11:36:37,319 | INFO | Running Farthest Point Sampling (FPS) to enforce even spacing
2025-08-22 11:36:37,399 | INFO | FPS progress: 409/4096
2025-08-22 11:36:37,490 | INFO | FPS progress: 818/4096
2025-08-22 11:36:37,580 | INFO | FPS progress: 1227/4096
2025-08-22 11:36:37,670 | INFO | FPS progress: 1636/4096
2025-08-22 11:36:37,766 | INFO | FPS progress: 2045/4096
2025-08-22 11:36:37,847 | INFO | FPS progress: 2454/4096
2025-08-22 11:36:37,931 | INFO | FPS progress: 2863/4096
2025-08-22 11:36:38,016 | INFO | FPS progress: 3272/4096
2025-08-22 11:36:38,098 | INFO | FPS progress: 3681/4096
2025-08-22 11:36:38,177 | INFO | FPS progress: 4090/4096
2025-08-22 11:36:38,180 | INFO | Round 1: accumulated=4096, kept=4096 (100.00%), time=877.9 ms
2025-08-22 11:36:38,180 | INFO | Requested samples 4096 >= candidates 4096; returning all indices.
2025-08-22 11:36:38,180 | INFO | Sampled points: (4096, 3), normals: (4096, 3)
2025-08-22 11:36:38,180 | INFO | Sampling time: 878.3 ms
2025-08-22 11:36:38,180 | INFO | Centering only: centroid=[5.244609947078221, -6.267862929872165, 3.831402722045448] | scale fixed to 1.000000 (no scaling)
2025-08-22 11:36:38,180 | INFO | Axis x stats (centered): min=-51.801358, mean=0.000000, std=24.602153, max=41.989721
2025-08-22 11:36:38,181 | INFO | Axis y stats (centered): min=-139.026367, mean=-0.000000, std=79.155727, max=150.341132
2025-08-22 11:36:38,181 | INFO | Axis z stats (centered): min=-4.726081, mean=-0.000000, std=5.663976, max=19.798842
2025-08-22 11:36:38,181 | INFO | Centering time: 0.4 ms
2025-08-22 11:36:38,181 | INFO | PCA alignment: explained variance ratio=0.9110, 0.0854, 0.0036
2025-08-22 11:36:38,181 | INFO | Rotation matrix (columns are principal axes):
[[-0.055241  0.996779  0.058136]
 [ 0.998024  0.056869 -0.026729]
 [-0.029949  0.056544 -0.997951]]
2025-08-22 11:36:38,181 | INFO | Rotation matrix det=1.000000
2025-08-22 11:36:38,182 | INFO | Orientation enforcement (flat-to-neg-z): sz=-1, width_low=63.656332, width_high=77.180901 -> sx=1, sy=-1
2025-08-22 11:36:38,182 | INFO | Orientation signs diag(S)=[1.0, -1.0, -1.0]
2025-08-22 11:36:38,182 | INFO | PCA time: 1.5 ms
2025-08-22 11:36:38,183 | INFO | Bottom alignment: bottom_q=0.20, band_q=0.05, min_z_shift=-13.639910, xy_center=[-105.6497658824461, -10.27435579403141]
2025-08-22 11:36:38,183 | INFO | Bottom leveling time: 0.9 ms | bottom_xy_center=[-105.6497658824461, -10.27435579403141]
2025-08-22 11:36:38,183 | INFO | Requested samples 4096 >= candidates 4096; returning all indices.
2025-08-22 11:36:38,183 | INFO | Final points: (4096, 3), normals: (4096, 3)
2025-08-22 11:36:38,184 | INFO | Aligned normalized AABB min=[-34.1343473125892, -35.126510604634475, 0.0] max=[255.54681190784328, 59.08108500257036, 27.626416937460373]
2025-08-22 11:36:38,184 | INFO | Final radii percentiles: p5=21.657514, p50=111.254737, p95=232.443629; centroid_norm=107.020944
2025-08-22 11:36:38,184 | INFO | Axis x stats (final): min=-34.134347, mean=105.649766, std=79.275989, max=255.546812
2025-08-22 11:36:38,184 | INFO | Axis y stats (final): min=-35.126511, mean=10.274356, std=24.265963, max=59.081085
2025-08-22 11:36:38,184 | INFO | Axis z stats (final): min=0.000000, mean=13.639910, std=5.427365, max=27.626417
2025-08-22 11:36:38,184 | INFO | Normal lengths: min=1.000000, mean=1.000000, max=1.000000
2025-08-22 11:36:38,184 | INFO | Final FPS time: 1.2 ms
2025-08-22 11:36:38,196 | INFO | Saved bundle (npz): D:\Cursor Repos\From p2p\data\pointcloud\insoles\025_insole_L.npz | points=(4096, 3) normals=(4096, 3)
2025-08-22 11:36:38,196 | INFO | Completed successfully.
