2025-08-22 11:36:41,335 | INFO | Input STL: D:\Cursor Repos\From p2p\data\raw\insoles\027_insole_L.stl
2025-08-22 11:36:41,335 | INFO | Output log: D:\Cursor Repos\From p2p\Log\preprocess\insoles\027_insole_L.log
2025-08-22 11:36:41,335 | INFO | Parameters: num_points=4096, candidate_multiplier=4, z_low_percent=None, z_high_percent=None, seed=None
2025-08-22 11:36:41,335 | INFO | File: size_bytes=2534784, mtime=2025-08-14 09:52:55
2025-08-22 11:36:41,335 | INFO | Env: python=3.11.13, numpy=2.3.2, trimesh=4.7.4, platform=Windows-10-10.0.26100-SP0
2025-08-22 11:36:41,410 | INFO | Mesh: vertices=25349, faces=50694
2025-08-22 11:36:41,450 | INFO | Mesh surface area: 38150.067150
2025-08-22 11:36:41,472 | INFO | Mesh volume: 97175.395504
2025-08-22 11:36:41,475 | INFO | Mesh AABB min=[-40.816001892089844, -122.29280090332031, -0.8996000289916992] max=[39.183998107910156, 120.70700073242188, 23.365999221801758]
2025-08-22 11:36:41,475 | INFO | Boundary edges: 0
2025-08-22 11:36:41,475 | INFO | Load mesh time: 139.7 ms
2025-08-22 11:36:41,476 | INFO | Surface sampling: candidates=16384 (target=4096, multiplier=4)
2025-08-22 11:36:41,490 | INFO | Running Farthest Point Sampling (FPS) to enforce even spacing
2025-08-22 11:36:41,570 | INFO | FPS progress: 409/4096
2025-08-22 11:36:41,660 | INFO | FPS progress: 818/4096
2025-08-22 11:36:41,743 | INFO | FPS progress: 1227/4096
2025-08-22 11:36:41,828 | INFO | FPS progress: 1636/4096
2025-08-22 11:36:41,914 | INFO | FPS progress: 2045/4096
2025-08-22 11:36:41,995 | INFO | FPS progress: 2454/4096
2025-08-22 11:36:42,078 | INFO | FPS progress: 2863/4096
2025-08-22 11:36:42,164 | INFO | FPS progress: 3272/4096
2025-08-22 11:36:42,247 | INFO | FPS progress: 3681/4096
2025-08-22 11:36:42,329 | INFO | FPS progress: 4090/4096
2025-08-22 11:36:42,331 | INFO | Round 1: accumulated=4096, kept=4096 (100.00%), time=855.6 ms
2025-08-22 11:36:42,331 | INFO | Requested samples 4096 >= candidates 4096; returning all indices.
2025-08-22 11:36:42,331 | INFO | Sampled points: (4096, 3), normals: (4096, 3)
2025-08-22 11:36:42,331 | INFO | Sampling time: 856.0 ms
2025-08-22 11:36:42,331 | INFO | Centering only: centroid=[3.7049939011997726, -7.195142705298052, 4.056108385393232] | scale fixed to 1.000000 (no scaling)
2025-08-22 11:36:42,331 | INFO | Axis x stats (centered): min=-44.333973, mean=0.000000, std=21.121843, max=35.406298
2025-08-22 11:36:42,332 | INFO | Axis y stats (centered): min=-115.061175, mean=-0.000000, std=66.703594, max=127.181481
2025-08-22 11:36:42,332 | INFO | Axis z stats (centered): min=-4.951783, mean=-0.000000, std=5.755895, max=19.285737
2025-08-22 11:36:42,332 | INFO | Centering time: 0.5 ms
2025-08-22 11:36:42,332 | INFO | PCA alignment: explained variance ratio=0.9067, 0.0882, 0.0051
2025-08-22 11:36:42,332 | INFO | Rotation matrix (columns are principal axes):
[[-0.057634  0.996092  0.066928]
 [ 0.997654  0.059945 -0.033059]
 [-0.036942  0.064865 -0.99721 ]]
2025-08-22 11:36:42,332 | INFO | Rotation matrix det=1.000000
2025-08-22 11:36:42,333 | INFO | Orientation enforcement (flat-to-neg-z): sz=-1, width_low=53.445235, width_high=66.818501 -> sx=1, sy=-1
2025-08-22 11:36:42,334 | INFO | Orientation signs diag(S)=[1.0, -1.0, -1.0]
2025-08-22 11:36:42,334 | INFO | PCA time: 2.0 ms
2025-08-22 11:36:42,334 | INFO | Bottom alignment: bottom_q=0.20, band_q=0.05, min_z_shift=-13.888072, xy_center=[-86.89164602821656, -9.277598538570277]
2025-08-22 11:36:42,334 | INFO | Bottom leveling time: 0.7 ms | bottom_xy_center=[-86.89164602821656, -9.277598538570277]
2025-08-22 11:36:42,334 | INFO | Requested samples 4096 >= candidates 4096; returning all indices.
2025-08-22 11:36:42,335 | INFO | Final points: (4096, 3), normals: (4096, 3)
2025-08-22 11:36:42,335 | INFO | Aligned normalized AABB min=[-29.081267856146866, -29.184090043708107, 0.0] max=[214.1849569652734, 50.973967116941694, 27.778400206289128]
2025-08-22 11:36:42,335 | INFO | Final radii percentiles: p5=18.384379, p50=92.434076, p95=194.272017; centroid_norm=88.482261
2025-08-22 11:36:42,335 | INFO | Axis x stats (final): min=-29.081268, mean=86.891646, std=66.818365, max=214.184957
2025-08-22 11:36:42,335 | INFO | Axis y stats (final): min=-29.184090, mean=9.277599, std=20.824793, max=50.973967
2025-08-22 11:36:42,335 | INFO | Axis z stats (final): min=0.000000, mean=13.888072, std=5.501467, max=27.778400
2025-08-22 11:36:42,336 | INFO | Normal lengths: min=1.000000, mean=1.000000, max=1.000000
2025-08-22 11:36:42,336 | INFO | Final FPS time: 1.2 ms
2025-08-22 11:36:42,345 | INFO | Saved bundle (npz): D:\Cursor Repos\From p2p\data\pointcloud\insoles\027_insole_L.npz | points=(4096, 3) normals=(4096, 3)
2025-08-22 11:36:42,345 | INFO | Completed successfully.
