2025-08-22 11:36:44,414 | INFO | Input STL: D:\Cursor Repos\From p2p\data\raw\insoles\028_insole_R.stl
2025-08-22 11:36:44,414 | INFO | Output log: D:\Cursor Repos\From p2p\Log\preprocess\insoles\028_insole_R.log
2025-08-22 11:36:44,414 | INFO | Parameters: num_points=4096, candidate_multiplier=4, z_low_percent=None, z_high_percent=None, seed=None
2025-08-22 11:36:44,414 | INFO | File: size_bytes=2595384, mtime=2025-08-07 13:58:26
2025-08-22 11:36:44,414 | INFO | Env: python=3.11.13, numpy=2.3.2, trimesh=4.7.4, platform=Windows-10-10.0.26100-SP0
2025-08-22 11:36:44,511 | INFO | Mesh: vertices=25955, faces=51906
2025-08-22 11:36:44,549 | INFO | Mesh surface area: 41728.759462
2025-08-22 11:36:44,576 | INFO | Mesh volume: 104803.716189
2025-08-22 11:36:44,580 | INFO | Mesh AABB min=[-42.61040115356445, -127.12010192871094, -0.8984000086784363] max=[42.38990020751953, 126.88040161132812, 23.046300888061523]
2025-08-22 11:36:44,580 | INFO | Boundary edges: 0
2025-08-22 11:36:44,580 | INFO | Load mesh time: 165.6 ms
2025-08-22 11:36:44,581 | INFO | Surface sampling: candidates=16384 (target=4096, multiplier=4)
2025-08-22 11:36:44,597 | INFO | Running Farthest Point Sampling (FPS) to enforce even spacing
2025-08-22 11:36:44,691 | INFO | FPS progress: 409/4096
2025-08-22 11:36:44,773 | INFO | FPS progress: 818/4096
2025-08-22 11:36:44,855 | INFO | FPS progress: 1227/4096
2025-08-22 11:36:44,937 | INFO | FPS progress: 1636/4096
2025-08-22 11:36:45,019 | INFO | FPS progress: 2045/4096
2025-08-22 11:36:45,101 | INFO | FPS progress: 2454/4096
2025-08-22 11:36:45,179 | INFO | FPS progress: 2863/4096
2025-08-22 11:36:45,271 | INFO | FPS progress: 3272/4096
2025-08-22 11:36:45,361 | INFO | FPS progress: 3681/4096
2025-08-22 11:36:45,439 | INFO | FPS progress: 4090/4096
2025-08-22 11:36:45,440 | INFO | Round 1: accumulated=4096, kept=4096 (100.00%), time=859.8 ms
2025-08-22 11:36:45,440 | INFO | Requested samples 4096 >= candidates 4096; returning all indices.
2025-08-22 11:36:45,440 | INFO | Sampled points: (4096, 3), normals: (4096, 3)
2025-08-22 11:36:45,441 | INFO | Sampling time: 860.1 ms
2025-08-22 11:36:45,441 | INFO | Centering only: centroid=[-4.832106358943994, -6.074175670797343, 4.0171465382195555] | scale fixed to 1.000000 (no scaling)
2025-08-22 11:36:45,441 | INFO | Axis x stats (centered): min=-37.716591, mean=-0.000000, std=22.360445, max=46.859858
2025-08-22 11:36:45,441 | INFO | Axis y stats (centered): min=-120.971343, mean=0.000000, std=69.274783, max=132.772164
2025-08-22 11:36:45,441 | INFO | Axis z stats (centered): min=-4.913943, mean=0.000000, std=5.685108, max=18.931073
2025-08-22 11:36:45,441 | INFO | Centering time: 1.0 ms
2025-08-22 11:36:45,442 | INFO | PCA alignment: explained variance ratio=0.9038, 0.0915, 0.0047
2025-08-22 11:36:45,447 | INFO | Rotation matrix (columns are principal axes):
[[-0.057395 -0.996273 -0.064391]
 [-0.99779   0.059407 -0.029773]
 [ 0.033488  0.062539 -0.997481]]
2025-08-22 11:36:45,447 | INFO | Rotation matrix det=1.000000
2025-08-22 11:36:45,448 | INFO | Orientation enforcement (flat-to-neg-z): sz=-1, width_low=69.848048, width_high=57.804205 -> sx=-1, sy=1
2025-08-22 11:36:45,448 | INFO | Orientation signs diag(S)=[-1.0, 1.0, -1.0]
2025-08-22 11:36:45,448 | INFO | PCA time: 7.0 ms
2025-08-22 11:36:45,449 | INFO | Bottom alignment: bottom_q=0.20, band_q=0.05, min_z_shift=-13.692495, xy_center=[-91.50592019366441, 10.256660790001973]
2025-08-22 11:36:45,450 | INFO | Bottom leveling time: 1.0 ms | bottom_xy_center=[-91.50592019366441, 10.256660790001973]
2025-08-22 11:36:45,450 | INFO | Requested samples 4096 >= candidates 4096; returning all indices.
2025-08-22 11:36:45,450 | INFO | Final points: (4096, 3), normals: (4096, 3)
2025-08-22 11:36:45,450 | INFO | Aligned normalized AABB min=[-30.27682676262812, -54.15005549512215, 0.0] max=[224.11231516280213, 30.710890130011208, 27.586375271688745]
2025-08-22 11:36:45,450 | INFO | Final radii percentiles: p5=19.023558, p50=97.766560, p95=203.591883; centroid_norm=93.091444
2025-08-22 11:36:45,450 | INFO | Axis x stats (final): min=-30.276827, mean=91.505920, std=69.388936, max=224.112315
2025-08-22 11:36:45,451 | INFO | Axis y stats (final): min=-54.150055, mean=-10.256661, std=22.060238, max=30.710890
2025-08-22 11:36:45,451 | INFO | Axis z stats (final): min=0.000000, mean=13.692495, std=5.461407, max=27.586375
2025-08-22 11:36:45,451 | INFO | Normal lengths: min=1.000000, mean=1.000000, max=1.000000
2025-08-22 11:36:45,451 | INFO | Final FPS time: 1.3 ms
2025-08-22 11:36:45,460 | INFO | Saved bundle (npz): D:\Cursor Repos\From p2p\data\pointcloud\insoles\028_insole_R.npz | points=(4096, 3) normals=(4096, 3)
2025-08-22 11:36:45,460 | INFO | Completed successfully.
