2025-08-22 11:36:45,462 | INFO | Input STL: D:\Cursor Repos\From p2p\data\raw\insoles\029_insole_L.stl
2025-08-22 11:36:45,462 | INFO | Output log: D:\Cursor Repos\From p2p\Log\preprocess\insoles\029_insole_L.log
2025-08-22 11:36:45,462 | INFO | Parameters: num_points=4096, candidate_multiplier=4, z_low_percent=None, z_high_percent=None, seed=None
2025-08-22 11:36:45,462 | INFO | File: size_bytes=2406884, mtime=2025-08-13 12:59:49
2025-08-22 11:36:45,462 | INFO | Env: python=3.11.13, numpy=2.3.2, trimesh=4.7.4, platform=Windows-10-10.0.26100-SP0
2025-08-22 11:36:45,533 | INFO | Mesh: vertices=24070, faces=48136
2025-08-22 11:36:45,568 | INFO | Mesh surface area: 36362.568084
2025-08-22 11:36:45,589 | INFO | Mesh volume: 93110.235079
2025-08-22 11:36:45,592 | INFO | Mesh AABB min=[-41.23830032348633, -112.19329833984375, -0.8942000269889832] max=[41.76169967651367, 112.80660247802734, 23.376699447631836]
2025-08-22 11:36:45,592 | INFO | Boundary edges: 0
2025-08-22 11:36:45,592 | INFO | Load mesh time: 129.2 ms
2025-08-22 11:36:45,592 | INFO | Surface sampling: candidates=16384 (target=4096, multiplier=4)
2025-08-22 11:36:45,610 | INFO | Running Farthest Point Sampling (FPS) to enforce even spacing
2025-08-22 11:36:45,688 | INFO | FPS progress: 409/4096
2025-08-22 11:36:45,769 | INFO | FPS progress: 818/4096
2025-08-22 11:36:45,853 | INFO | FPS progress: 1227/4096
2025-08-22 11:36:45,934 | INFO | FPS progress: 1636/4096
2025-08-22 11:36:46,014 | INFO | FPS progress: 2045/4096
2025-08-22 11:36:46,097 | INFO | FPS progress: 2454/4096
2025-08-22 11:36:46,176 | INFO | FPS progress: 2863/4096
2025-08-22 11:36:46,259 | INFO | FPS progress: 3272/4096
2025-08-22 11:36:46,340 | INFO | FPS progress: 3681/4096
2025-08-22 11:36:46,431 | INFO | FPS progress: 4090/4096
2025-08-22 11:36:46,434 | INFO | Round 1: accumulated=4096, kept=4096 (100.00%), time=842.0 ms
2025-08-22 11:36:46,434 | INFO | Requested samples 4096 >= candidates 4096; returning all indices.
2025-08-22 11:36:46,434 | INFO | Sampled points: (4096, 3), normals: (4096, 3)
2025-08-22 11:36:46,434 | INFO | Sampling time: 842.6 ms
2025-08-22 11:36:46,435 | INFO | Centering only: centroid=[4.987334462410443, -5.916754614934738, 4.245609719219477] | scale fixed to 1.000000 (no scaling)
2025-08-22 11:36:46,435 | INFO | Axis x stats (centered): min=-46.000525, mean=-0.000000, std=21.790247, max=36.640501
2025-08-22 11:36:46,435 | INFO | Axis y stats (centered): min=-106.247415, mean=0.000000, std=61.803298, max=118.613957
2025-08-22 11:36:46,435 | INFO | Axis z stats (centered): min=-5.139485, mean=-0.000000, std=5.848296, max=19.100769
2025-08-22 11:36:46,435 | INFO | Centering time: 0.6 ms
2025-08-22 11:36:46,435 | INFO | PCA alignment: explained variance ratio=0.8875, 0.1066, 0.0059
2025-08-22 11:36:46,436 | INFO | Rotation matrix (columns are principal axes):
[[-0.067933  0.995296  0.069077]
 [ 0.996825  0.070592 -0.036819]
 [-0.041522  0.066356 -0.996932]]
2025-08-22 11:36:46,436 | INFO | Rotation matrix det=1.000000
2025-08-22 11:36:46,437 | INFO | Orientation enforcement (flat-to-neg-z): sz=-1, width_low=55.295863, width_high=68.855806 -> sx=1, sy=-1
2025-08-22 11:36:46,437 | INFO | Orientation signs diag(S)=[1.0, -1.0, -1.0]
2025-08-22 11:36:46,437 | INFO | PCA time: 2.4 ms
2025-08-22 11:36:46,438 | INFO | Bottom alignment: bottom_q=0.20, band_q=0.05, min_z_shift=-14.267412, xy_center=[-80.07882574932721, -8.718804974615455]
2025-08-22 11:36:46,438 | INFO | Bottom leveling time: 1.0 ms | bottom_xy_center=[-80.07882574932721, -8.718804974615455]
2025-08-22 11:36:46,439 | INFO | Requested samples 4096 >= candidates 4096; returning all indices.
2025-08-22 11:36:46,439 | INFO | Final points: (4096, 3), normals: (4096, 3)
2025-08-22 11:36:46,440 | INFO | Aligned normalized AABB min=[-27.26544952119265, -31.160260857970766, 0.0] max=[198.5303493063471, 51.54198959727785, 27.716630354623963]
2025-08-22 11:36:46,440 | INFO | Final radii percentiles: p5=18.020834, p50=85.911826, p95=180.488034; centroid_norm=81.805837
2025-08-22 11:36:46,440 | INFO | Axis x stats (final): min=-27.265450, mean=80.078826, std=61.948216, max=198.530349
2025-08-22 11:36:46,440 | INFO | Axis y stats (final): min=-31.160261, mean=8.718805, std=21.457259, max=51.541990
2025-08-22 11:36:46,440 | INFO | Axis z stats (final): min=0.000000, mean=14.267412, std=5.538027, max=27.716630
2025-08-22 11:36:46,440 | INFO | Normal lengths: min=1.000000, mean=1.000000, max=1.000000
2025-08-22 11:36:46,440 | INFO | Final FPS time: 1.8 ms
2025-08-22 11:36:46,481 | INFO | Saved bundle (npz): D:\Cursor Repos\From p2p\data\pointcloud\insoles\029_insole_L.npz | points=(4096, 3) normals=(4096, 3)
2025-08-22 11:36:46,481 | INFO | Completed successfully.
