2025-08-19 12:59:19,551 | INFO | Input STL: D:\Cursor Repos\From p2p\data\raw\insoles\029_insole_R.stl
2025-08-19 12:59:19,551 | INFO | Output log: D:\Cursor Repos\From p2p\Log\preprocess\insoles\029_insole_R.log
2025-08-19 12:59:19,551 | INFO | Parameters: num_points=4096, candidate_multiplier=4, z_low_percent=None, z_high_percent=None, seed=None
2025-08-19 12:59:19,552 | INFO | File: size_bytes=2412484, mtime=2025-08-13 12:59:52
2025-08-19 12:59:19,552 | INFO | Env: python=3.11.13, numpy=2.1.2, trimesh=4.7.4, platform=Windows-10-10.0.26100-SP0
2025-08-19 12:59:19,630 | INFO | Mesh: vertices=24126, faces=48248
2025-08-19 12:59:19,660 | INFO | Mesh surface area: 36362.566687
2025-08-19 12:59:19,683 | INFO | Mesh volume: 93110.234792
2025-08-19 12:59:19,688 | INFO | Mesh AABB min=[-41.76169967651367, -112.19329833984375, -0.8942000269889832] max=[41.23830032348633, 112.80660247802734, 23.376699447631836]
2025-08-19 12:59:19,688 | INFO | Boundary edges: 0
2025-08-19 12:59:19,688 | INFO | Load mesh time: 135.9 ms
2025-08-19 12:59:19,688 | INFO | Surface sampling: candidates=16384 (target=4096, multiplier=4)
2025-08-19 12:59:19,703 | INFO | Running Farthest Point Sampling (FPS) to enforce even spacing
2025-08-19 12:59:19,793 | INFO | FPS progress: 409/4096
2025-08-19 12:59:19,875 | INFO | FPS progress: 818/4096
2025-08-19 12:59:19,959 | INFO | FPS progress: 1227/4096
2025-08-19 12:59:20,043 | INFO | FPS progress: 1636/4096
2025-08-19 12:59:20,128 | INFO | FPS progress: 2045/4096
2025-08-19 12:59:20,236 | INFO | FPS progress: 2454/4096
2025-08-19 12:59:20,322 | INFO | FPS progress: 2863/4096
2025-08-19 12:59:20,405 | INFO | FPS progress: 3272/4096
2025-08-19 12:59:20,493 | INFO | FPS progress: 3681/4096
2025-08-19 12:59:20,572 | INFO | FPS progress: 4090/4096
2025-08-19 12:59:20,574 | INFO | Round 1: accumulated=4096, kept=4096 (100.00%), time=885.8 ms
2025-08-19 12:59:20,574 | INFO | Requested samples 4096 >= candidates 4096; returning all indices.
2025-08-19 12:59:20,574 | INFO | Sampled points: (4096, 3), normals: (4096, 3)
2025-08-19 12:59:20,574 | INFO | Sampling time: 886.6 ms
2025-08-19 12:59:20,574 | INFO | Centering only: centroid=[-5.001948211138651, -5.604867428724488, 4.187180711577722] | scale fixed to 1.000000 (no scaling)
2025-08-19 12:59:20,575 | INFO | Axis x stats (centered): min=-36.649887, mean=-0.000000, std=21.773800, max=46.035456
2025-08-19 12:59:20,575 | INFO | Axis y stats (centered): min=-106.564903, mean=-0.000000, std=61.477906, max=118.112817
2025-08-19 12:59:20,575 | INFO | Axis z stats (centered): min=-5.081286, mean=0.000000, std=5.859160, max=19.151071
2025-08-19 12:59:20,575 | INFO | Centering time: 0.7 ms
2025-08-19 12:59:20,575 | INFO | PCA alignment: explained variance ratio=0.8862, 0.1077, 0.0060
2025-08-19 12:59:20,575 | INFO | Rotation matrix (columns are principal axes):
[[-0.065212 -0.99555  -0.068032]
 [-0.996993  0.067863 -0.037416]
 [ 0.041867  0.065387 -0.996981]]
2025-08-19 12:59:20,575 | INFO | Rotation matrix det=1.000000
2025-08-19 12:59:20,577 | INFO | Orientation enforcement: mean_nz=0.001884 -> sz=1, width_low=69.340458, width_high=55.409228 -> sx=-1, sy=-1
2025-08-19 12:59:20,577 | INFO | Orientation signs diag(S)=[-1.0, -1.0, 1.0]
2025-08-19 12:59:20,577 | INFO | PCA time: 1.3 ms
2025-08-19 12:59:20,577 | INFO | Requested samples 4096 >= candidates 4096; returning all indices.
2025-08-19 12:59:20,577 | INFO | Final points: (4096, 3), normals: (4096, 3)
2025-08-19 12:59:20,578 | INFO | Aligned normalized AABB min=[-107.38203875484186, -39.85311352355746, -15.922785825125851] max=[118.25330260045773, 43.02541981543366, 10.308288655081624]
2025-08-19 12:59:20,578 | INFO | Final radii percentiles: p5=17.494920, p50=57.288079, p95=104.786425; centroid_norm=0.000000
2025-08-19 12:59:20,578 | INFO | Axis x stats (final): min=-107.382039, mean=-0.000000, std=61.645690, max=118.253303
2025-08-19 12:59:20,578 | INFO | Axis y stats (final): min=-39.853114, mean=0.000000, std=21.492331, max=43.025420
2025-08-19 12:59:20,578 | INFO | Axis z stats (final): min=-15.922786, mean=-0.000000, std=5.084253, max=10.308289
2025-08-19 12:59:20,578 | INFO | Normal lengths: min=1.000000, mean=1.000000, max=1.000000
2025-08-19 12:59:20,578 | INFO | Final FPS time: 1.5 ms
2025-08-19 12:59:20,602 | INFO | Saved bundle (npz): D:\Cursor Repos\From p2p\data\pointcloud\insoles\029_insole_R.npz | points=(4096, 3) normals=(4096, 3)
2025-08-19 12:59:20,602 | INFO | Completed successfully.
