2025-08-22 11:36:49,636 | INFO | Input STL: D:\Cursor Repos\From p2p\data\raw\insoles\031_insole_L.stl
2025-08-22 11:36:49,636 | INFO | Output log: D:\Cursor Repos\From p2p\Log\preprocess\insoles\031_insole_L.log
2025-08-22 11:36:49,636 | INFO | Parameters: num_points=4096, candidate_multiplier=4, z_low_percent=None, z_high_percent=None, seed=None
2025-08-22 11:36:49,636 | INFO | File: size_bytes=2505784, mtime=2025-08-14 10:01:36
2025-08-22 11:36:49,636 | INFO | Env: python=3.11.13, numpy=2.3.2, trimesh=4.7.4, platform=Windows-10-10.0.26100-SP0
2025-08-22 11:36:49,710 | INFO | Mesh: vertices=25059, faces=50114
2025-08-22 11:36:49,743 | INFO | Mesh surface area: 40037.682613
2025-08-22 11:36:49,771 | INFO | Mesh volume: 95506.876016
2025-08-22 11:36:49,774 | INFO | Mesh AABB min=[-40.78879928588867, -126.247802734375, -0.9018999934196472] max=[42.21120071411133, 124.75199890136719, 19.91670036315918]
2025-08-22 11:36:49,774 | INFO | Boundary edges: 0
2025-08-22 11:36:49,774 | INFO | Load mesh time: 137.3 ms
2025-08-22 11:36:49,774 | INFO | Surface sampling: candidates=16384 (target=4096, multiplier=4)
2025-08-22 11:36:49,790 | INFO | Running Farthest Point Sampling (FPS) to enforce even spacing
2025-08-22 11:36:49,876 | INFO | FPS progress: 409/4096
2025-08-22 11:36:49,956 | INFO | FPS progress: 818/4096
2025-08-22 11:36:50,038 | INFO | FPS progress: 1227/4096
2025-08-22 11:36:50,118 | INFO | FPS progress: 1636/4096
2025-08-22 11:36:50,202 | INFO | FPS progress: 2045/4096
2025-08-22 11:36:50,285 | INFO | FPS progress: 2454/4096
2025-08-22 11:36:50,365 | INFO | FPS progress: 2863/4096
2025-08-22 11:36:50,449 | INFO | FPS progress: 3272/4096
2025-08-22 11:36:50,532 | INFO | FPS progress: 3681/4096
2025-08-22 11:36:50,611 | INFO | FPS progress: 4090/4096
2025-08-22 11:36:50,613 | INFO | Round 1: accumulated=4096, kept=4096 (100.00%), time=839.1 ms
2025-08-22 11:36:50,613 | INFO | Requested samples 4096 >= candidates 4096; returning all indices.
2025-08-22 11:36:50,613 | INFO | Sampled points: (4096, 3), normals: (4096, 3)
2025-08-22 11:36:50,613 | INFO | Sampling time: 839.5 ms
2025-08-22 11:36:50,614 | INFO | Centering only: centroid=[4.827527173434465, -6.827249837024311, 3.5680327416164714] | scale fixed to 1.000000 (no scaling)
2025-08-22 11:36:50,614 | INFO | Axis x stats (centered): min=-45.538398, mean=-0.000000, std=21.860279, max=37.381781
2025-08-22 11:36:50,614 | INFO | Axis y stats (centered): min=-119.281317, mean=0.000000, std=68.399416, max=131.327487
2025-08-22 11:36:50,614 | INFO | Axis z stats (centered): min=-4.465746, mean=-0.000000, std=5.037236, max=16.164408
2025-08-22 11:36:50,614 | INFO | Centering time: 0.5 ms
2025-08-22 11:36:50,614 | INFO | PCA alignment: explained variance ratio=0.9060, 0.0900, 0.0039
2025-08-22 11:36:50,615 | INFO | Rotation matrix (columns are principal axes):
[[-0.053605  0.997582  0.044228]
 [ 0.998109  0.054862 -0.027706]
 [-0.030066  0.04266  -0.998637]]
2025-08-22 11:36:50,615 | INFO | Rotation matrix det=1.000000
2025-08-22 11:36:50,615 | INFO | Orientation enforcement (flat-to-neg-z): sz=-1, width_low=55.680765, width_high=69.259497 -> sx=1, sy=-1
2025-08-22 11:36:50,616 | INFO | Orientation signs diag(S)=[1.0, -1.0, -1.0]
2025-08-22 11:36:50,616 | INFO | PCA time: 1.7 ms
2025-08-22 11:36:50,616 | INFO | Bottom alignment: bottom_q=0.20, band_q=0.05, min_z_shift=-11.836058, xy_center=[-92.32226420209992, -8.505370781498886]
2025-08-22 11:36:50,616 | INFO | Bottom leveling time: 1.0 ms | bottom_xy_center=[-92.32226420209992, -8.505370781498886]
2025-08-22 11:36:50,617 | INFO | Requested samples 4096 >= candidates 4096; returning all indices.
2025-08-22 11:36:50,617 | INFO | Final points: (4096, 3), normals: (4096, 3)
2025-08-22 11:36:50,617 | INFO | Aligned normalized AABB min=[-27.804637792206236, -31.80710363032549, 0.0] max=[223.32730050329366, 51.47667134355176, 24.25311019994708]
2025-08-22 11:36:50,617 | INFO | Final radii percentiles: p5=18.448643, p50=97.769028, p95=201.813846; centroid_norm=93.465684
2025-08-22 11:36:50,617 | INFO | Axis x stats (final): min=-27.804638, mean=92.322264, std=68.496662, max=223.327301
2025-08-22 11:36:50,617 | INFO | Axis y stats (final): min=-31.807104, mean=8.505371, std=21.591169, max=51.476671
2025-08-22 11:36:50,618 | INFO | Axis z stats (final): min=0.000000, mean=11.836058, std=4.873849, max=24.253110
2025-08-22 11:36:50,618 | INFO | Normal lengths: min=1.000000, mean=1.000000, max=1.000000
2025-08-22 11:36:50,618 | INFO | Final FPS time: 1.2 ms
2025-08-22 11:36:50,627 | INFO | Saved bundle (npz): D:\Cursor Repos\From p2p\data\pointcloud\insoles\031_insole_L.npz | points=(4096, 3) normals=(4096, 3)
2025-08-22 11:36:50,627 | INFO | Completed successfully.
