2025-08-19 12:59:24,925 | INFO | Input STL: D:\Cursor Repos\From p2p\data\raw\insoles\032_insole_L.stl
2025-08-19 12:59:24,925 | INFO | Output log: D:\Cursor Repos\From p2p\Log\preprocess\insoles\032_insole_L.log
2025-08-19 12:59:24,925 | INFO | Parameters: num_points=4096, candidate_multiplier=4, z_low_percent=None, z_high_percent=None, seed=None
2025-08-19 12:59:24,925 | INFO | File: size_bytes=2563484, mtime=2025-08-14 09:54:00
2025-08-19 12:59:24,925 | INFO | Env: python=3.11.13, numpy=2.1.2, trimesh=4.7.4, platform=Windows-10-10.0.26100-SP0
2025-08-19 12:59:25,019 | INFO | Mesh: vertices=25636, faces=51268
2025-08-19 12:59:25,052 | INFO | Mesh surface area: 34268.179248
2025-08-19 12:59:25,076 | INFO | Mesh volume: 83173.819416
2025-08-19 12:59:25,080 | INFO | Mesh AABB min=[-39.59360122680664, -111.68450164794922, -0.45159998536109924] max=[39.40639877319336, 110.31549835205078, 21.54840087890625]
2025-08-19 12:59:25,080 | INFO | Boundary edges: 0
2025-08-19 12:59:25,080 | INFO | Load mesh time: 154.4 ms
2025-08-19 12:59:25,080 | INFO | Surface sampling: candidates=16384 (target=4096, multiplier=4)
2025-08-19 12:59:25,097 | INFO | Running Farthest Point Sampling (FPS) to enforce even spacing
2025-08-19 12:59:25,188 | INFO | FPS progress: 409/4096
2025-08-19 12:59:25,271 | INFO | FPS progress: 818/4096
2025-08-19 12:59:25,354 | INFO | FPS progress: 1227/4096
2025-08-19 12:59:25,448 | INFO | FPS progress: 1636/4096
2025-08-19 12:59:25,549 | INFO | FPS progress: 2045/4096
2025-08-19 12:59:25,665 | INFO | FPS progress: 2454/4096
2025-08-19 12:59:25,767 | INFO | FPS progress: 2863/4096
2025-08-19 12:59:25,845 | INFO | FPS progress: 3272/4096
2025-08-19 12:59:25,922 | INFO | FPS progress: 3681/4096
2025-08-19 12:59:26,006 | INFO | FPS progress: 4090/4096
2025-08-19 12:59:26,007 | INFO | Round 1: accumulated=4096, kept=4096 (100.00%), time=927.0 ms
2025-08-19 12:59:26,007 | INFO | Requested samples 4096 >= candidates 4096; returning all indices.
2025-08-19 12:59:26,007 | INFO | Sampled points: (4096, 3), normals: (4096, 3)
2025-08-19 12:59:26,008 | INFO | Sampling time: 927.4 ms
2025-08-19 12:59:26,008 | INFO | Centering only: centroid=[4.180526436462526, -6.0902332426428005, 4.223758532730843] | scale fixed to 1.000000 (no scaling)
2025-08-19 12:59:26,008 | INFO | Axis x stats (centered): min=-43.722829, mean=-0.000000, std=20.881080, max=35.205282
2025-08-19 12:59:26,008 | INFO | Axis y stats (centered): min=-105.569698, mean=-0.000000, std=60.692752, max=116.327331
2025-08-19 12:59:26,008 | INFO | Axis z stats (centered): min=-4.670204, mean=0.000000, std=5.365944, max=17.264929
2025-08-19 12:59:26,008 | INFO | Centering time: 0.5 ms
2025-08-19 12:59:26,008 | INFO | PCA alignment: explained variance ratio=0.8921, 0.1025, 0.0054
2025-08-19 12:59:26,008 | INFO | Rotation matrix (columns are principal axes):
[[-0.061606  0.99614   0.062534]
 [ 0.997419  0.063758 -0.033029]
 [-0.036889  0.060338 -0.997496]]
2025-08-19 12:59:26,008 | INFO | Rotation matrix det=1.000000
2025-08-19 12:59:26,009 | INFO | Orientation enforcement: mean_nz=0.002135 -> sz=1, width_low=52.709942, width_high=65.520911 -> sx=1, sy=1
2025-08-19 12:59:26,009 | INFO | Orientation signs diag(S)=[1.0, 1.0, 1.0]
2025-08-19 12:59:26,009 | INFO | PCA time: 1.2 ms
2025-08-19 12:59:26,009 | INFO | Requested samples 4096 >= candidates 4096; returning all indices.
2025-08-19 12:59:26,009 | INFO | Final points: (4096, 3), normals: (4096, 3)
2025-08-19 12:59:26,010 | INFO | Aligned normalized AABB min=[-106.2317284078559, -40.980413481007794, -13.988920534322846] max=[116.38569114525117, 38.13780303987659, 9.296682045814439]
2025-08-19 12:59:26,010 | INFO | Final radii percentiles: p5=16.710288, p50=56.293748, p95=103.327464; centroid_norm=0.000000
2025-08-19 12:59:26,010 | INFO | Axis x stats (final): min=-106.231728, mean=-0.000000, std=60.835350, max=116.385691
2025-08-19 12:59:26,010 | INFO | Axis y stats (final): min=-40.980413, mean=-0.000000, std=20.619464, max=38.137803
2025-08-19 12:59:26,010 | INFO | Axis z stats (final): min=-13.988921, mean=-0.000000, std=4.724509, max=9.296682
2025-08-19 12:59:26,010 | INFO | Normal lengths: min=1.000000, mean=1.000000, max=1.000000
2025-08-19 12:59:26,010 | INFO | Final FPS time: 1.2 ms
2025-08-19 12:59:26,032 | INFO | Saved bundle (npz): D:\Cursor Repos\From p2p\data\pointcloud\insoles\032_insole_L.npz | points=(4096, 3) normals=(4096, 3)
2025-08-19 12:59:26,032 | INFO | Completed successfully.
