2025-08-22 11:36:57,818 | INFO | Input STL: D:\Cursor Repos\From p2p\data\raw\insoles\035_insole_L.stl
2025-08-22 11:36:57,819 | INFO | Output log: D:\Cursor Repos\From p2p\Log\preprocess\insoles\035_insole_L.log
2025-08-22 11:36:57,819 | INFO | Parameters: num_points=4096, candidate_multiplier=4, z_low_percent=None, z_high_percent=None, seed=None
2025-08-22 11:36:57,819 | INFO | File: size_bytes=26488284, mtime=2025-08-14 10:06:40
2025-08-22 11:36:57,819 | INFO | Env: python=3.11.13, numpy=2.3.2, trimesh=4.7.4, platform=Windows-10-10.0.26100-SP0
2025-08-22 11:36:58,668 | INFO | Mesh: vertices=264884, faces=529764
2025-08-22 11:36:59,025 | INFO | Mesh surface area: 40810.714882
2025-08-22 11:36:59,255 | INFO | Mesh volume: 104235.695792
2025-08-22 11:36:59,289 | INFO | Mesh AABB min=[-43.652000427246094, -122.56990051269531, -0.8937000036239624] max=[43.34830093383789, 122.4301986694336, 22.414199829101562]
2025-08-22 11:36:59,289 | INFO | Boundary edges: 0
2025-08-22 11:36:59,289 | INFO | Load mesh time: 1469.8 ms
2025-08-22 11:36:59,289 | INFO | Surface sampling: candidates=16384 (target=4096, multiplier=4)
2025-08-22 11:36:59,415 | INFO | Running Farthest Point Sampling (FPS) to enforce even spacing
2025-08-22 11:36:59,511 | INFO | FPS progress: 409/4096
2025-08-22 11:36:59,615 | INFO | FPS progress: 818/4096
2025-08-22 11:36:59,693 | INFO | FPS progress: 1227/4096
2025-08-22 11:36:59,772 | INFO | FPS progress: 1636/4096
2025-08-22 11:36:59,854 | INFO | FPS progress: 2045/4096
2025-08-22 11:36:59,935 | INFO | FPS progress: 2454/4096
2025-08-22 11:37:00,026 | INFO | FPS progress: 2863/4096
2025-08-22 11:37:00,109 | INFO | FPS progress: 3272/4096
2025-08-22 11:37:00,195 | INFO | FPS progress: 3681/4096
2025-08-22 11:37:00,277 | INFO | FPS progress: 4090/4096
2025-08-22 11:37:00,278 | INFO | Round 1: accumulated=4096, kept=4096 (100.00%), time=989.7 ms
2025-08-22 11:37:00,278 | INFO | Requested samples 4096 >= candidates 4096; returning all indices.
2025-08-22 11:37:00,279 | INFO | Sampled points: (4096, 3), normals: (4096, 3)
2025-08-22 11:37:00,279 | INFO | Sampling time: 990.5 ms
2025-08-22 11:37:00,279 | INFO | Centering only: centroid=[4.258010103269656, -5.335315511246719, 3.974325739468805] | scale fixed to 1.000000 (no scaling)
2025-08-22 11:37:00,279 | INFO | Axis x stats (centered): min=-47.745943, mean=0.000000, std=22.808279, max=39.037324
2025-08-22 11:37:00,279 | INFO | Axis y stats (centered): min=-117.173142, mean=-0.000000, std=66.890587, max=127.733700
2025-08-22 11:37:00,280 | INFO | Axis z stats (centered): min=-4.868026, mean=0.000000, std=5.590249, max=18.392791
2025-08-22 11:37:00,280 | INFO | Centering time: 0.8 ms
2025-08-22 11:37:00,280 | INFO | PCA alignment: explained variance ratio=0.8943, 0.1009, 0.0048
2025-08-22 11:37:00,280 | INFO | Rotation matrix (columns are principal axes):
[[-0.060642  0.996446  0.058471]
 [ 0.997532  0.062576 -0.031837]
 [-0.035383  0.056396 -0.997781]]
2025-08-22 11:37:00,280 | INFO | Rotation matrix det=1.000000
2025-08-22 11:37:00,281 | INFO | Orientation enforcement (flat-to-neg-z): sz=-1, width_low=59.298842, width_high=70.659184 -> sx=1, sy=-1
2025-08-22 11:37:00,281 | INFO | Orientation signs diag(S)=[1.0, -1.0, -1.0]
2025-08-22 11:37:00,281 | INFO | PCA time: 1.8 ms
2025-08-22 11:37:00,283 | INFO | Bottom alignment: bottom_q=0.20, band_q=0.05, min_z_shift=-13.692999, xy_center=[-88.45649165618364, -10.21252901107939]
2025-08-22 11:37:00,283 | INFO | Bottom leveling time: 1.1 ms | bottom_xy_center=[-88.45649165618364, -10.21252901107939]
2025-08-22 11:37:00,283 | INFO | Requested samples 4096 >= candidates 4096; returning all indices.
2025-08-22 11:37:00,283 | INFO | Final points: (4096, 3), normals: (4096, 3)
2025-08-22 11:37:00,283 | INFO | Aligned normalized AABB min=[-29.716584896053803, -31.866179713443195, 0.0] max=[216.07995873680858, 54.905628379150045, 26.75743708402836]
2025-08-22 11:37:00,284 | INFO | Final radii percentiles: p5=18.938858, p50=94.746786, p95=196.873782; centroid_norm=90.090759
2025-08-22 11:37:00,284 | INFO | Axis x stats (final): min=-29.716585, mean=88.456492, std=67.011007, max=216.079959
2025-08-22 11:37:00,284 | INFO | Axis y stats (final): min=-31.866180, mean=10.212529, std=22.501248, max=54.905628
2025-08-22 11:37:00,284 | INFO | Axis z stats (final): min=0.000000, mean=13.692999, std=5.388676, max=26.757437
2025-08-22 11:37:00,284 | INFO | Normal lengths: min=1.000000, mean=1.000000, max=1.000000
2025-08-22 11:37:00,284 | INFO | Final FPS time: 1.4 ms
2025-08-22 11:37:00,293 | INFO | Saved bundle (npz): D:\Cursor Repos\From p2p\data\pointcloud\insoles\035_insole_L.npz | points=(4096, 3) normals=(4096, 3)
2025-08-22 11:37:00,293 | INFO | Completed successfully.
