2025-08-19 12:59:42,759 | INFO | Input STL: D:\Cursor Repos\From p2p\data\raw\insoles\039_insole_L.stl
2025-08-19 12:59:42,759 | INFO | Output log: D:\Cursor Repos\From p2p\Log\preprocess\insoles\039_insole_L.log
2025-08-19 12:59:42,759 | INFO | Parameters: num_points=4096, candidate_multiplier=4, z_low_percent=None, z_high_percent=None, seed=None
2025-08-19 12:59:42,759 | INFO | File: size_bytes=2966184, mtime=2025-08-14 09:38:03
2025-08-19 12:59:42,759 | INFO | Env: python=3.11.13, numpy=2.1.2, trimesh=4.7.4, platform=Windows-10-10.0.26100-SP0
2025-08-19 12:59:42,856 | INFO | Mesh: vertices=29663, faces=59322
2025-08-19 12:59:42,897 | INFO | Mesh surface area: 32872.286552
2025-08-19 12:59:42,926 | INFO | Mesh volume: 87529.499768
2025-08-19 12:59:42,929 | INFO | Mesh AABB min=[-37.41419982910156, -106.63369750976562, -0.8968999981880188] max=[38.58580017089844, 108.3667984008789, 24.841999053955078]
2025-08-19 12:59:42,929 | INFO | Boundary edges: 0
2025-08-19 12:59:42,929 | INFO | Load mesh time: 169.0 ms
2025-08-19 12:59:42,929 | INFO | Surface sampling: candidates=16384 (target=4096, multiplier=4)
2025-08-19 12:59:42,946 | INFO | Running Farthest Point Sampling (FPS) to enforce even spacing
2025-08-19 12:59:43,029 | INFO | FPS progress: 409/4096
2025-08-19 12:59:43,112 | INFO | FPS progress: 818/4096
2025-08-19 12:59:43,192 | INFO | FPS progress: 1227/4096
2025-08-19 12:59:43,268 | INFO | FPS progress: 1636/4096
2025-08-19 12:59:43,348 | INFO | FPS progress: 2045/4096
2025-08-19 12:59:43,427 | INFO | FPS progress: 2454/4096
2025-08-19 12:59:43,503 | INFO | FPS progress: 2863/4096
2025-08-19 12:59:43,586 | INFO | FPS progress: 3272/4096
2025-08-19 12:59:43,667 | INFO | FPS progress: 3681/4096
2025-08-19 12:59:43,742 | INFO | FPS progress: 4090/4096
2025-08-19 12:59:43,743 | INFO | Round 1: accumulated=4096, kept=4096 (100.00%), time=815.1 ms
2025-08-19 12:59:43,743 | INFO | Requested samples 4096 >= candidates 4096; returning all indices.
2025-08-19 12:59:43,744 | INFO | Sampled points: (4096, 3), normals: (4096, 3)
2025-08-19 12:59:43,744 | INFO | Sampling time: 815.4 ms
2025-08-19 12:59:43,744 | INFO | Centering only: centroid=[5.196953706818336, -5.908144578107353, 4.556551664003722] | scale fixed to 1.000000 (no scaling)
2025-08-19 12:59:43,744 | INFO | Axis x stats (centered): min=-42.595656, mean=0.000000, std=20.126027, max=33.320141
2025-08-19 12:59:43,744 | INFO | Axis y stats (centered): min=-100.721915, mean=0.000000, std=58.853039, max=114.104558
2025-08-19 12:59:43,744 | INFO | Axis z stats (centered): min=-5.452093, mean=-0.000000, std=6.075653, max=20.150377
2025-08-19 12:59:43,744 | INFO | Centering time: 0.5 ms
2025-08-19 12:59:43,744 | INFO | PCA alignment: explained variance ratio=0.8912, 0.1016, 0.0071
2025-08-19 12:59:43,745 | INFO | Rotation matrix (columns are principal axes):
[[-0.060746  0.99375   0.093655]
 [ 0.997293  0.064321 -0.035637]
 [-0.041438  0.091237 -0.994967]]
2025-08-19 12:59:43,745 | INFO | Rotation matrix det=1.000000
2025-08-19 12:59:43,745 | INFO | Orientation enforcement: mean_nz=-0.006294 -> sz=-1, width_low=51.501945, width_high=64.633021 -> sx=1, sy=-1
2025-08-19 12:59:43,745 | INFO | Orientation signs diag(S)=[1.0, -1.0, -1.0]
2025-08-19 12:59:43,745 | INFO | PCA time: 1.2 ms
2025-08-19 12:59:43,745 | INFO | Requested samples 4096 >= candidates 4096; returning all indices.
2025-08-19 12:59:43,745 | INFO | Final points: (4096, 3), normals: (4096, 3)
2025-08-19 12:59:43,746 | INFO | Aligned normalized AABB min=[-101.42352681053862, -36.48008464165884, -10.787270008378888] max=[113.88645994346645, 40.15976734177233, 16.142591363414706]
2025-08-19 12:59:43,746 | INFO | Final radii percentiles: p5=16.311982, p50=54.856243, p95=99.669668; centroid_norm=0.000000
2025-08-19 12:59:43,746 | INFO | Axis x stats (final): min=-101.423527, mean=0.000000, std=58.998512, max=113.886460
2025-08-19 12:59:43,746 | INFO | Axis y stats (final): min=-36.480085, mean=-0.000000, std=19.922691, max=40.159767
2025-08-19 12:59:43,746 | INFO | Axis z stats (final): min=-10.787270, mean=-0.000000, std=5.283258, max=16.142591
2025-08-19 12:59:43,746 | INFO | Normal lengths: min=1.000000, mean=1.000000, max=1.000000
2025-08-19 12:59:43,746 | INFO | Final FPS time: 1.3 ms
2025-08-19 12:59:43,769 | INFO | Saved bundle (npz): D:\Cursor Repos\From p2p\data\pointcloud\insoles\039_insole_L.npz | points=(4096, 3) normals=(4096, 3)
2025-08-19 12:59:43,769 | INFO | Completed successfully.
