2025-08-22 11:37:15,601 | INFO | Input STL: D:\Cursor Repos\From p2p\data\raw\insoles\042_insole_L.stl
2025-08-22 11:37:15,601 | INFO | Output log: D:\Cursor Repos\From p2p\Log\preprocess\insoles\042_insole_L.log
2025-08-22 11:37:15,601 | INFO | Parameters: num_points=4096, candidate_multiplier=4, z_low_percent=None, z_high_percent=None, seed=None
2025-08-22 11:37:15,601 | INFO | File: size_bytes=26376784, mtime=2025-08-14 10:09:00
2025-08-22 11:37:15,601 | INFO | Env: python=3.11.13, numpy=2.3.2, trimesh=4.7.4, platform=Windows-10-10.0.26100-SP0
2025-08-22 11:37:16,416 | INFO | Mesh: vertices=263769, faces=527534
2025-08-22 11:37:16,774 | INFO | Mesh surface area: 40889.392957
2025-08-22 11:37:17,022 | INFO | Mesh volume: 103518.855904
2025-08-22 11:37:17,056 | INFO | Mesh AABB min=[-43.33190155029297, -123.35489654541016, -0.8937000036239624] max=[41.668399810791016, 126.64520263671875, 21.61400032043457]
2025-08-22 11:37:17,056 | INFO | Boundary edges: 0
2025-08-22 11:37:17,056 | INFO | Load mesh time: 1454.6 ms
2025-08-22 11:37:17,056 | INFO | Surface sampling: candidates=16384 (target=4096, multiplier=4)
2025-08-22 11:37:17,167 | INFO | Running Farthest Point Sampling (FPS) to enforce even spacing
2025-08-22 11:37:17,268 | INFO | FPS progress: 409/4096
2025-08-22 11:37:17,356 | INFO | FPS progress: 818/4096
2025-08-22 11:37:17,455 | INFO | FPS progress: 1227/4096
2025-08-22 11:37:17,532 | INFO | FPS progress: 1636/4096
2025-08-22 11:37:17,611 | INFO | FPS progress: 2045/4096
2025-08-22 11:37:17,697 | INFO | FPS progress: 2454/4096
2025-08-22 11:37:17,793 | INFO | FPS progress: 2863/4096
2025-08-22 11:37:17,890 | INFO | FPS progress: 3272/4096
2025-08-22 11:37:17,979 | INFO | FPS progress: 3681/4096
2025-08-22 11:37:18,062 | INFO | FPS progress: 4090/4096
2025-08-22 11:37:18,063 | INFO | Round 1: accumulated=4096, kept=4096 (100.00%), time=1007.1 ms
2025-08-22 11:37:18,063 | INFO | Requested samples 4096 >= candidates 4096; returning all indices.
2025-08-22 11:37:18,063 | INFO | Sampled points: (4096, 3), normals: (4096, 3)
2025-08-22 11:37:18,063 | INFO | Sampling time: 1007.4 ms
2025-08-22 11:37:18,063 | INFO | Centering only: centroid=[3.9093216945706053, -3.1043539789098884, 3.9003183519912232] | scale fixed to 1.000000 (no scaling)
2025-08-22 11:37:18,063 | INFO | Axis x stats (centered): min=-47.118635, mean=0.000000, std=22.346916, max=37.706682
2025-08-22 11:37:18,064 | INFO | Axis y stats (centered): min=-120.080037, mean=0.000000, std=68.241907, max=129.436401
2025-08-22 11:37:18,064 | INFO | Axis z stats (centered): min=-4.794018, mean=-0.000000, std=5.508248, max=17.541451
2025-08-22 11:37:18,064 | INFO | Centering time: 0.4 ms
2025-08-22 11:37:18,064 | INFO | PCA alignment: explained variance ratio=0.9014, 0.0942, 0.0045
2025-08-22 11:37:18,064 | INFO | Rotation matrix (columns are principal axes):
[[-0.055109  0.996665  0.060174]
 [ 0.997893  0.057043 -0.030916]
 [-0.034246  0.058344 -0.997709]]
2025-08-22 11:37:18,064 | INFO | Rotation matrix det=1.000000
2025-08-22 11:37:18,066 | INFO | Orientation enforcement (flat-to-neg-z): sz=-1, width_low=57.787485, width_high=70.543795 -> sx=1, sy=-1
2025-08-22 11:37:18,066 | INFO | Orientation signs diag(S)=[1.0, -1.0, -1.0]
2025-08-22 11:37:18,066 | INFO | PCA time: 2.2 ms
2025-08-22 11:37:18,067 | INFO | Bottom alignment: bottom_q=0.20, band_q=0.05, min_z_shift=-13.376270, xy_center=[-91.11804582612368, -9.42751908894585]
2025-08-22 11:37:18,067 | INFO | Bottom leveling time: 0.7 ms | bottom_xy_center=[-91.11804582612368, -9.42751908894585]
2025-08-22 11:37:18,067 | INFO | Requested samples 4096 >= candidates 4096; returning all indices.
2025-08-22 11:37:18,067 | INFO | Final points: (4096, 3), normals: (4096, 3)
2025-08-22 11:37:18,067 | INFO | Aligned normalized AABB min=[-30.037892306671424, -31.364840704501034, 0.0] max=[220.6154787172875, 53.73933496828365, 25.682557778989324]
2025-08-22 11:37:18,067 | INFO | Final radii percentiles: p5=19.060868, p50=97.469762, p95=200.462369; centroid_norm=92.575920
2025-08-22 11:37:18,068 | INFO | Axis x stats (final): min=-30.037892, mean=91.118046, std=68.347703, max=220.615479
2025-08-22 11:37:18,068 | INFO | Axis y stats (final): min=-31.364841, mean=9.427519, std=22.079839, max=53.739335
2025-08-22 11:37:18,068 | INFO | Axis z stats (final): min=0.000000, mean=13.376270, std=5.268352, max=25.682558
2025-08-22 11:37:18,068 | INFO | Normal lengths: min=1.000000, mean=1.000000, max=1.000000
2025-08-22 11:37:18,068 | INFO | Final FPS time: 1.6 ms
2025-08-22 11:37:18,077 | INFO | Saved bundle (npz): D:\Cursor Repos\From p2p\data\pointcloud\insoles\042_insole_L.npz | points=(4096, 3) normals=(4096, 3)
2025-08-22 11:37:18,077 | INFO | Completed successfully.
