2025-08-19 12:59:55,006 | INFO | Input STL: D:\Cursor Repos\From p2p\data\raw\insoles\043_insole_R.stl
2025-08-19 12:59:55,006 | INFO | Output log: D:\Cursor Repos\From p2p\Log\preprocess\insoles\043_insole_R.log
2025-08-19 12:59:55,006 | INFO | Parameters: num_points=4096, candidate_multiplier=4, z_low_percent=None, z_high_percent=None, seed=None
2025-08-19 12:59:55,006 | INFO | File: size_bytes=2880484, mtime=2025-08-07 13:51:04
2025-08-19 12:59:55,006 | INFO | Env: python=3.11.13, numpy=2.1.2, trimesh=4.7.4, platform=Windows-10-10.0.26100-SP0
2025-08-19 12:59:55,086 | INFO | Mesh: vertices=28806, faces=57608
2025-08-19 12:59:55,129 | INFO | Mesh surface area: 39590.584132
2025-08-19 12:59:55,156 | INFO | Mesh volume: 101897.231649
2025-08-19 12:59:55,160 | INFO | Mesh AABB min=[-40.86650085449219, -122.05699920654297, -0.8985999822616577] max=[42.133399963378906, 120.943603515625, 24.897600173950195]
2025-08-19 12:59:55,160 | INFO | Boundary edges: 0
2025-08-19 12:59:55,160 | INFO | Load mesh time: 153.7 ms
2025-08-19 12:59:55,160 | INFO | Surface sampling: candidates=16384 (target=4096, multiplier=4)
2025-08-19 12:59:55,176 | INFO | Running Farthest Point Sampling (FPS) to enforce even spacing
2025-08-19 12:59:55,250 | INFO | FPS progress: 409/4096
2025-08-19 12:59:55,325 | INFO | FPS progress: 818/4096
2025-08-19 12:59:55,407 | INFO | FPS progress: 1227/4096
2025-08-19 12:59:55,494 | INFO | FPS progress: 1636/4096
2025-08-19 12:59:55,573 | INFO | FPS progress: 2045/4096
2025-08-19 12:59:55,648 | INFO | FPS progress: 2454/4096
2025-08-19 12:59:55,725 | INFO | FPS progress: 2863/4096
2025-08-19 12:59:55,805 | INFO | FPS progress: 3272/4096
2025-08-19 12:59:55,884 | INFO | FPS progress: 3681/4096
2025-08-19 12:59:55,971 | INFO | FPS progress: 4090/4096
2025-08-19 12:59:55,972 | INFO | Round 1: accumulated=4096, kept=4096 (100.00%), time=812.7 ms
2025-08-19 12:59:55,972 | INFO | Requested samples 4096 >= candidates 4096; returning all indices.
2025-08-19 12:59:55,974 | INFO | Sampled points: (4096, 3), normals: (4096, 3)
2025-08-19 12:59:55,974 | INFO | Sampling time: 813.1 ms
2025-08-19 12:59:55,974 | INFO | Centering only: centroid=[-3.9271369825399995, -7.144364243753926, 4.326258074103069] | scale fixed to 1.000000 (no scaling)
2025-08-19 12:59:55,974 | INFO | Axis x stats (centered): min=-36.726107, mean=0.000000, std=21.896607, max=45.767575
2025-08-19 12:59:55,974 | INFO | Axis y stats (centered): min=-114.892000, mean=-0.000000, std=66.391934, max=127.777028
2025-08-19 12:59:55,974 | INFO | Axis z stats (centered): min=-5.222754, mean=0.000000, std=6.024047, max=20.508515
2025-08-19 12:59:55,975 | INFO | Centering time: 1.0 ms
2025-08-19 12:59:55,975 | INFO | PCA alignment: explained variance ratio=0.8998, 0.0946, 0.0055
2025-08-19 12:59:55,975 | INFO | Rotation matrix (columns are principal axes):
[[-0.06405  -0.99487  -0.078302]
 [-0.997206  0.066829 -0.033393]
 [ 0.038454  0.075944 -0.99637 ]]
2025-08-19 12:59:55,975 | INFO | Rotation matrix det=1.000000
2025-08-19 12:59:55,976 | INFO | Orientation enforcement: mean_nz=0.002394 -> sz=1, width_low=68.391138, width_high=55.922767 -> sx=-1, sy=-1
2025-08-19 12:59:55,976 | INFO | Orientation signs diag(S)=[-1.0, -1.0, 1.0]
2025-08-19 12:59:55,976 | INFO | PCA time: 2.1 ms
2025-08-19 12:59:55,976 | INFO | Requested samples 4096 >= candidates 4096; returning all indices.
2025-08-19 12:59:55,976 | INFO | Final points: (4096, 3), normals: (4096, 3)
2025-08-19 12:59:55,977 | INFO | Aligned normalized AABB min=[-115.64058260091083, -40.1848464696321, -16.99516904697095] max=[127.84423885632543, 42.82617376412941, 10.546125914699713]
2025-08-19 12:59:55,977 | INFO | Final radii percentiles: p5=18.042746, p50=61.427508, p95=112.802380; centroid_norm=0.000000
2025-08-19 12:59:55,977 | INFO | Axis x stats (final): min=-115.640583, mean=-0.000000, std=66.562040, max=127.844239
2025-08-19 12:59:55,977 | INFO | Axis y stats (final): min=-40.184846, mean=0.000000, std=21.584397, max=42.826174
2025-08-19 12:59:55,977 | INFO | Axis z stats (final): min=-16.995169, mean=-0.000000, std=5.219964, max=10.546126
2025-08-19 12:59:55,978 | INFO | Normal lengths: min=1.000000, mean=1.000000, max=1.000000
2025-08-19 12:59:55,978 | INFO | Final FPS time: 1.3 ms
2025-08-19 12:59:56,001 | INFO | Saved bundle (npz): D:\Cursor Repos\From p2p\data\pointcloud\insoles\043_insole_R.npz | points=(4096, 3) normals=(4096, 3)
2025-08-19 12:59:56,001 | INFO | Completed successfully.
