2025-08-22 11:37:20,728 | INFO | Input STL: D:\Cursor Repos\From p2p\data\raw\insoles\043_insole_L.stl
2025-08-22 11:37:20,728 | INFO | Output log: D:\Cursor Repos\From p2p\Log\preprocess\insoles\043_insole_L.log
2025-08-22 11:37:20,728 | INFO | Parameters: num_points=4096, candidate_multiplier=4, z_low_percent=None, z_high_percent=None, seed=None
2025-08-22 11:37:20,728 | INFO | File: size_bytes=2872584, mtime=2025-08-07 13:51:00
2025-08-22 11:37:20,728 | INFO | Env: python=3.11.13, numpy=2.3.2, trimesh=4.7.4, platform=Windows-10-10.0.26100-SP0
2025-08-22 11:37:20,842 | INFO | Mesh: vertices=28727, faces=57450
2025-08-22 11:37:20,880 | INFO | Mesh surface area: 39590.586119
2025-08-22 11:37:20,904 | INFO | Mesh volume: 101897.251354
2025-08-22 11:37:20,908 | INFO | Mesh AABB min=[-42.133399963378906, -122.05699920654297, -0.8985999822616577] max=[40.86650085449219, 120.943603515625, 24.897600173950195]
2025-08-22 11:37:20,908 | INFO | Boundary edges: 0
2025-08-22 11:37:20,908 | INFO | Load mesh time: 180.1 ms
2025-08-22 11:37:20,908 | INFO | Surface sampling: candidates=16384 (target=4096, multiplier=4)
2025-08-22 11:37:20,924 | INFO | Running Farthest Point Sampling (FPS) to enforce even spacing
2025-08-22 11:37:21,007 | INFO | FPS progress: 409/4096
2025-08-22 11:37:21,087 | INFO | FPS progress: 818/4096
2025-08-22 11:37:21,165 | INFO | FPS progress: 1227/4096
2025-08-22 11:37:21,251 | INFO | FPS progress: 1636/4096
2025-08-22 11:37:21,334 | INFO | FPS progress: 2045/4096
2025-08-22 11:37:21,417 | INFO | FPS progress: 2454/4096
2025-08-22 11:37:21,507 | INFO | FPS progress: 2863/4096
2025-08-22 11:37:21,593 | INFO | FPS progress: 3272/4096
2025-08-22 11:37:21,683 | INFO | FPS progress: 3681/4096
2025-08-22 11:37:21,763 | INFO | FPS progress: 4090/4096
2025-08-22 11:37:21,765 | INFO | Round 1: accumulated=4096, kept=4096 (100.00%), time=857.2 ms
2025-08-22 11:37:21,767 | INFO | Requested samples 4096 >= candidates 4096; returning all indices.
2025-08-22 11:37:21,767 | INFO | Sampled points: (4096, 3), normals: (4096, 3)
2025-08-22 11:37:21,767 | INFO | Sampling time: 858.2 ms
2025-08-22 11:37:21,767 | INFO | Centering only: centroid=[3.827485834192607, -6.241696681301989, 4.330278796203477] | scale fixed to 1.000000 (no scaling)
2025-08-22 11:37:21,767 | INFO | Axis x stats (centered): min=-45.740823, mean=0.000000, std=21.987591, max=36.962923
2025-08-22 11:37:21,767 | INFO | Axis y stats (centered): min=-115.642657, mean=-0.000000, std=66.042108, max=127.104381
2025-08-22 11:37:21,767 | INFO | Axis z stats (centered): min=-5.227314, mean=0.000000, std=6.041889, max=20.163266
2025-08-22 11:37:21,767 | INFO | Centering time: 0.7 ms
2025-08-22 11:37:21,768 | INFO | PCA alignment: explained variance ratio=0.8981, 0.0963, 0.0056
2025-08-22 11:37:21,768 | INFO | Rotation matrix (columns are principal axes):
[[-0.064568  0.994795  0.078825]
 [ 0.997173  0.067361 -0.033301]
 [-0.038438  0.076452 -0.996332]]
2025-08-22 11:37:21,768 | INFO | Rotation matrix det=1.000000
2025-08-22 11:37:21,769 | INFO | Orientation enforcement (flat-to-neg-z): sz=-1, width_low=57.497654, width_high=69.985746 -> sx=1, sy=-1
2025-08-22 11:37:21,769 | INFO | Orientation signs diag(S)=[1.0, -1.0, -1.0]
2025-08-22 11:37:21,769 | INFO | PCA time: 1.7 ms
2025-08-22 11:37:21,770 | INFO | Bottom alignment: bottom_q=0.20, band_q=0.05, min_z_shift=-14.741347, xy_center=[-86.58864603463128, -9.09022545069377]
2025-08-22 11:37:21,770 | INFO | Bottom leveling time: 1.2 ms | bottom_xy_center=[-86.58864603463128, -9.09022545069377]
2025-08-22 11:37:21,770 | INFO | Requested samples 4096 >= candidates 4096; returning all indices.
2025-08-22 11:37:21,770 | INFO | Final points: (4096, 3), normals: (4096, 3)
2025-08-22 11:37:21,771 | INFO | Aligned normalized AABB min=[-30.150789628457147, -31.23822577828168, 0.0] max=[213.61047089170754, 51.65771935804429, 29.01895612207945]
2025-08-22 11:37:21,771 | INFO | Final radii percentiles: p5=18.424865, p50=92.985257, p95=193.730686; centroid_norm=88.303642
2025-08-22 11:37:21,771 | INFO | Axis x stats (final): min=-30.150790, mean=86.588646, std=66.181498, max=213.610471
2025-08-22 11:37:21,771 | INFO | Axis y stats (final): min=-31.238226, mean=9.090225, std=21.647813, max=51.657719
2025-08-22 11:37:21,771 | INFO | Axis z stats (final): min=0.000000, mean=14.741347, std=5.735862, max=29.018956
2025-08-22 11:37:21,771 | INFO | Normal lengths: min=1.000000, mean=1.000000, max=1.000000
2025-08-22 11:37:21,771 | INFO | Final FPS time: 1.5 ms
2025-08-22 11:37:21,780 | INFO | Saved bundle (npz): D:\Cursor Repos\From p2p\data\pointcloud\insoles\043_insole_L.npz | points=(4096, 3) normals=(4096, 3)
2025-08-22 11:37:21,780 | INFO | Completed successfully.
