2025-08-19 12:59:57,024 | INFO | Input STL: D:\Cursor Repos\From p2p\data\raw\insoles\044_insole_R.stl
2025-08-19 12:59:57,024 | INFO | Output log: D:\Cursor Repos\From p2p\Log\preprocess\insoles\044_insole_R.log
2025-08-19 12:59:57,024 | INFO | Parameters: num_points=4096, candidate_multiplier=4, z_low_percent=None, z_high_percent=None, seed=None
2025-08-19 12:59:57,024 | INFO | File: size_bytes=2653784, mtime=2025-08-07 13:53:00
2025-08-19 12:59:57,024 | INFO | Env: python=3.11.13, numpy=2.1.2, trimesh=4.7.4, platform=Windows-10-10.0.26100-SP0
2025-08-19 12:59:57,117 | INFO | Mesh: vertices=26539, faces=53074
2025-08-19 12:59:57,157 | INFO | Mesh surface area: 47823.782923
2025-08-19 12:59:57,180 | INFO | Mesh volume: 123002.390706
2025-08-19 12:59:57,184 | INFO | Mesh AABB min=[-45.8213005065918, -134.0491943359375, -0.8956999778747559] max=[47.1786003112793, 134.9508056640625, 23.886499404907227]
2025-08-19 12:59:57,184 | INFO | Boundary edges: 0
2025-08-19 12:59:57,184 | INFO | Load mesh time: 158.8 ms
2025-08-19 12:59:57,184 | INFO | Surface sampling: candidates=16384 (target=4096, multiplier=4)
2025-08-19 12:59:57,200 | INFO | Running Farthest Point Sampling (FPS) to enforce even spacing
2025-08-19 12:59:57,277 | INFO | FPS progress: 409/4096
2025-08-19 12:59:57,360 | INFO | FPS progress: 818/4096
2025-08-19 12:59:57,440 | INFO | FPS progress: 1227/4096
2025-08-19 12:59:57,522 | INFO | FPS progress: 1636/4096
2025-08-19 12:59:57,604 | INFO | FPS progress: 2045/4096
2025-08-19 12:59:57,682 | INFO | FPS progress: 2454/4096
2025-08-19 12:59:57,761 | INFO | FPS progress: 2863/4096
2025-08-19 12:59:57,843 | INFO | FPS progress: 3272/4096
2025-08-19 12:59:57,923 | INFO | FPS progress: 3681/4096
2025-08-19 12:59:58,001 | INFO | FPS progress: 4090/4096
2025-08-19 12:59:58,002 | INFO | Round 1: accumulated=4096, kept=4096 (100.00%), time=819.1 ms
2025-08-19 12:59:58,004 | INFO | Requested samples 4096 >= candidates 4096; returning all indices.
2025-08-19 12:59:58,004 | INFO | Sampled points: (4096, 3), normals: (4096, 3)
2025-08-19 12:59:58,004 | INFO | Sampling time: 820.0 ms
2025-08-19 12:59:58,004 | INFO | Centering only: centroid=[-4.48464173713894, -5.3106035019421975, 3.982750550002699] | scale fixed to 1.000000 (no scaling)
2025-08-19 12:59:58,005 | INFO | Axis x stats (centered): min=-41.228553, mean=-0.000000, std=24.543821, max=51.603317
2025-08-19 12:59:58,005 | INFO | Axis y stats (centered): min=-128.643355, mean=0.000000, std=73.286715, max=139.931554
2025-08-19 12:59:58,005 | INFO | Axis z stats (centered): min=-4.877291, mean=-0.000000, std=5.716886, max=19.803629
2025-08-19 12:59:58,005 | INFO | Centering time: 1.0 ms
2025-08-19 12:59:58,005 | INFO | PCA alignment: explained variance ratio=0.8982, 0.0976, 0.0042
2025-08-19 12:59:58,005 | INFO | Rotation matrix (columns are principal axes):
[[-0.061773 -0.996256 -0.060486]
 [-0.997589  0.063549 -0.027888]
 [ 0.031628  0.058617 -0.997779]]
2025-08-19 12:59:58,005 | INFO | Rotation matrix det=1.000000
2025-08-19 12:59:58,006 | INFO | Orientation enforcement: mean_nz=0.004880 -> sz=1, width_low=78.312359, width_high=63.797072 -> sx=-1, sy=-1
2025-08-19 12:59:58,006 | INFO | Orientation signs diag(S)=[-1.0, -1.0, 1.0]
2025-08-19 12:59:58,006 | INFO | PCA time: 1.5 ms
2025-08-19 12:59:58,006 | INFO | Requested samples 4096 >= candidates 4096; returning all indices.
2025-08-19 12:59:58,006 | INFO | Final points: (4096, 3), normals: (4096, 3)
2025-08-19 12:59:58,008 | INFO | Aligned normalized AABB min=[-129.2383990072968, -45.10413596787451, -16.659982448696937] max=[140.10751434363277, 48.36074729185643, 9.80801087042022]
2025-08-19 12:59:58,008 | INFO | Final radii percentiles: p5=19.552996, p50=67.774078, p95=124.798202; centroid_norm=0.000000
2025-08-19 12:59:58,008 | INFO | Axis x stats (final): min=-129.238399, mean=0.000000, std=73.447512, max=140.107514
2025-08-19 12:59:58,008 | INFO | Axis y stats (final): min=-45.104136, mean=-0.000000, std=24.209547, max=48.360747
2025-08-19 12:59:58,008 | INFO | Axis z stats (final): min=-16.659982, mean=0.000000, std=5.038385, max=9.808011
2025-08-19 12:59:58,009 | INFO | Normal lengths: min=1.000000, mean=1.000000, max=1.000000
2025-08-19 12:59:58,009 | INFO | Final FPS time: 1.6 ms
2025-08-19 12:59:58,032 | INFO | Saved bundle (npz): D:\Cursor Repos\From p2p\data\pointcloud\insoles\044_insole_R.npz | points=(4096, 3) normals=(4096, 3)
2025-08-19 12:59:58,032 | INFO | Completed successfully.
