2025-08-19 12:59:59,056 | INFO | Input STL: D:\Cursor Repos\From p2p\data\raw\insoles\045_insole_R.stl
2025-08-19 12:59:59,057 | INFO | Output log: D:\Cursor Repos\From p2p\Log\preprocess\insoles\045_insole_R.log
2025-08-19 12:59:59,057 | INFO | Parameters: num_points=4096, candidate_multiplier=4, z_low_percent=None, z_high_percent=None, seed=None
2025-08-19 12:59:59,057 | INFO | File: size_bytes=2636484, mtime=2025-08-07 13:49:40
2025-08-19 12:59:59,057 | INFO | Env: python=3.11.13, numpy=2.1.2, trimesh=4.7.4, platform=Windows-10-10.0.26100-SP0
2025-08-19 12:59:59,151 | INFO | Mesh: vertices=26366, faces=52728
2025-08-19 12:59:59,189 | INFO | Mesh surface area: 30904.566118
2025-08-19 12:59:59,217 | INFO | Mesh volume: 78176.910327
2025-08-19 12:59:59,220 | INFO | Mesh AABB min=[-36.247501373291016, -103.481201171875, -0.8978999853134155] max=[37.75270080566406, 104.5186996459961, 23.357200622558594]
2025-08-19 12:59:59,220 | INFO | Boundary edges: 0
2025-08-19 12:59:59,220 | INFO | Load mesh time: 163.1 ms
2025-08-19 12:59:59,220 | INFO | Surface sampling: candidates=16384 (target=4096, multiplier=4)
2025-08-19 12:59:59,237 | INFO | Running Farthest Point Sampling (FPS) to enforce even spacing
2025-08-19 12:59:59,315 | INFO | FPS progress: 409/4096
2025-08-19 12:59:59,391 | INFO | FPS progress: 818/4096
2025-08-19 12:59:59,475 | INFO | FPS progress: 1227/4096
2025-08-19 12:59:59,551 | INFO | FPS progress: 1636/4096
2025-08-19 12:59:59,630 | INFO | FPS progress: 2045/4096
2025-08-19 12:59:59,710 | INFO | FPS progress: 2454/4096
2025-08-19 12:59:59,788 | INFO | FPS progress: 2863/4096
2025-08-19 12:59:59,867 | INFO | FPS progress: 3272/4096
2025-08-19 12:59:59,944 | INFO | FPS progress: 3681/4096
2025-08-19 13:00:00,022 | INFO | FPS progress: 4090/4096
2025-08-19 13:00:00,023 | INFO | Round 1: accumulated=4096, kept=4096 (100.00%), time=802.3 ms
2025-08-19 13:00:00,023 | INFO | Requested samples 4096 >= candidates 4096; returning all indices.
2025-08-19 13:00:00,023 | INFO | Sampled points: (4096, 3), normals: (4096, 3)
2025-08-19 13:00:00,023 | INFO | Sampling time: 802.9 ms
2025-08-19 13:00:00,023 | INFO | Centering only: centroid=[-3.96255224831748, -5.702828387084632, 4.445547597303881] | scale fixed to 1.000000 (no scaling)
2025-08-19 13:00:00,023 | INFO | Axis x stats (centered): min=-32.179242, mean=0.000000, std=19.559722, max=41.477829
2025-08-19 13:00:00,023 | INFO | Axis y stats (centered): min=-97.755401, mean=-0.000000, std=56.680004, max=109.962446
2025-08-19 13:00:00,023 | INFO | Axis z stats (centered): min=-5.341331, mean=-0.000000, std=6.007767, max=18.863333
2025-08-19 13:00:00,023 | INFO | Centering time: 0.7 ms
2025-08-19 13:00:00,023 | INFO | PCA alignment: explained variance ratio=0.8898, 0.1029, 0.0073
2025-08-19 13:00:00,025 | INFO | Rotation matrix (columns are principal axes):
[[-0.063539 -0.993997 -0.089061]
 [-0.996871  0.067421 -0.041274]
 [ 0.047031  0.08616  -0.995171]]
2025-08-19 13:00:00,025 | INFO | Rotation matrix det=1.000000
2025-08-19 13:00:00,025 | INFO | Orientation enforcement: mean_nz=-0.004915 -> sz=-1, width_low=61.560578, width_high=49.369580 -> sx=-1, sy=1
2025-08-19 13:00:00,025 | INFO | Orientation signs diag(S)=[-1.0, 1.0, -1.0]
2025-08-19 13:00:00,025 | INFO | PCA time: 1.4 ms
2025-08-19 13:00:00,025 | INFO | Requested samples 4096 >= candidates 4096; returning all indices.
2025-08-19 13:00:00,026 | INFO | Final points: (4096, 3), normals: (4096, 3)
2025-08-19 13:00:00,026 | INFO | Aligned normalized AABB min=[-98.50725426662555, -38.80356827717777, -10.749574906083929] max=[110.13144557131145, 35.12474137616736, 15.090049875057446]
2025-08-19 13:00:00,026 | INFO | Final radii percentiles: p5=15.529646, p50=53.016924, p95=96.323590; centroid_norm=0.000000
2025-08-19 13:00:00,026 | INFO | Axis x stats (final): min=-98.507254, mean=-0.000000, std=56.842502, max=110.131446
2025-08-19 13:00:00,026 | INFO | Axis y stats (final): min=-38.803568, mean=-0.000000, std=19.333976, max=35.124741
2025-08-19 13:00:00,026 | INFO | Axis z stats (final): min=-10.749575, mean=-0.000000, std=5.140638, max=15.090050
2025-08-19 13:00:00,027 | INFO | Normal lengths: min=1.000000, mean=1.000000, max=1.000000
2025-08-19 13:00:00,027 | INFO | Final FPS time: 1.6 ms
2025-08-19 13:00:00,052 | INFO | Saved bundle (npz): D:\Cursor Repos\From p2p\data\pointcloud\insoles\045_insole_R.npz | points=(4096, 3) normals=(4096, 3)
2025-08-19 13:00:00,052 | INFO | Completed successfully.
