2025-08-22 11:37:30,028 | INFO | Input STL: D:\Cursor Repos\From p2p\data\raw\insoles\047_insole_R.stl
2025-08-22 11:37:30,028 | INFO | Output log: D:\Cursor Repos\From p2p\Log\preprocess\insoles\047_insole_R.log
2025-08-22 11:37:30,028 | INFO | Parameters: num_points=4096, candidate_multiplier=4, z_low_percent=None, z_high_percent=None, seed=None
2025-08-22 11:37:30,028 | INFO | File: size_bytes=2587884, mtime=2025-08-07 13:49:48
2025-08-22 11:37:30,028 | INFO | Env: python=3.11.13, numpy=2.3.2, trimesh=4.7.4, platform=Windows-10-10.0.26100-SP0
2025-08-22 11:37:30,103 | INFO | Mesh: vertices=25880, faces=51756
2025-08-22 11:37:30,138 | INFO | Mesh surface area: 29022.842792
2025-08-22 11:37:30,163 | INFO | Mesh volume: 74894.586157
2025-08-22 11:37:30,166 | INFO | Mesh AABB min=[-35.52090072631836, -99.4219970703125, -0.8960999846458435] max=[36.47919845581055, 98.57839965820312, 24.24090003967285]
2025-08-22 11:37:30,166 | INFO | Boundary edges: 0
2025-08-22 11:37:30,166 | INFO | Load mesh time: 138.3 ms
2025-08-22 11:37:30,166 | INFO | Surface sampling: candidates=16384 (target=4096, multiplier=4)
2025-08-22 11:37:30,183 | INFO | Running Farthest Point Sampling (FPS) to enforce even spacing
2025-08-22 11:37:30,268 | INFO | FPS progress: 409/4096
2025-08-22 11:37:30,346 | INFO | FPS progress: 818/4096
2025-08-22 11:37:30,427 | INFO | FPS progress: 1227/4096
2025-08-22 11:37:30,512 | INFO | FPS progress: 1636/4096
2025-08-22 11:37:30,604 | INFO | FPS progress: 2045/4096
2025-08-22 11:37:30,707 | INFO | FPS progress: 2454/4096
2025-08-22 11:37:30,801 | INFO | FPS progress: 2863/4096
2025-08-22 11:37:30,898 | INFO | FPS progress: 3272/4096
2025-08-22 11:37:30,987 | INFO | FPS progress: 3681/4096
2025-08-22 11:37:31,065 | INFO | FPS progress: 4090/4096
2025-08-22 11:37:31,067 | INFO | Round 1: accumulated=4096, kept=4096 (100.00%), time=900.6 ms
2025-08-22 11:37:31,067 | INFO | Requested samples 4096 >= candidates 4096; returning all indices.
2025-08-22 11:37:31,067 | INFO | Sampled points: (4096, 3), normals: (4096, 3)
2025-08-22 11:37:31,067 | INFO | Sampling time: 901.0 ms
2025-08-22 11:37:31,067 | INFO | Centering only: centroid=[-3.927254073619724, -7.036284586078353, 4.581053941348051] | scale fixed to 1.000000 (no scaling)
2025-08-22 11:37:31,067 | INFO | Axis x stats (centered): min=-31.580004, mean=-0.000000, std=19.164724, max=40.311989
2025-08-22 11:37:31,067 | INFO | Axis y stats (centered): min=-92.370242, mean=0.000000, std=54.182618, max=105.125731
2025-08-22 11:37:31,067 | INFO | Axis z stats (centered): min=-5.476762, mean=0.000000, std=6.161991, max=19.440774
2025-08-22 11:37:31,068 | INFO | Centering time: 0.4 ms
2025-08-22 11:37:31,068 | INFO | PCA alignment: explained variance ratio=0.8845, 0.1072, 0.0083
2025-08-22 11:37:31,068 | INFO | Rotation matrix (columns are principal axes):
[[-0.06817  -0.993443 -0.091785]
 [-0.996386  0.072466 -0.044314]
 [ 0.050675  0.088433 -0.994792]]
2025-08-22 11:37:31,068 | INFO | Rotation matrix det=1.000000
2025-08-22 11:37:31,069 | INFO | Orientation enforcement (flat-to-neg-z): sz=-1, width_low=61.552901, width_high=47.138424 -> sx=-1, sy=1
2025-08-22 11:37:31,069 | INFO | Orientation signs diag(S)=[-1.0, 1.0, -1.0]
2025-08-22 11:37:31,069 | INFO | PCA time: 1.8 ms
2025-08-22 11:37:31,070 | INFO | Bottom alignment: bottom_q=0.20, band_q=0.05, min_z_shift=-15.154217, xy_center=[-68.23047771105315, 7.538712923297394]
2025-08-22 11:37:31,070 | INFO | Bottom leveling time: 0.7 ms | bottom_xy_center=[-68.23047771105315, 7.538712923297394]
2025-08-22 11:37:31,070 | INFO | Requested samples 4096 >= candidates 4096; returning all indices.
2025-08-22 11:37:31,070 | INFO | Final points: (4096, 3), normals: (4096, 3)
2025-08-22 11:37:31,071 | INFO | Aligned normalized AABB min=[-25.339134792733503, -44.59965911237576, 0.0] max=[173.31851158088335, 27.19846531107077, 28.22627067207058]
2025-08-22 11:37:31,071 | INFO | Final radii percentiles: p5=16.865032, p50=73.640508, p95=157.701320; centroid_norm=70.298510
2025-08-22 11:37:31,071 | INFO | Axis x stats (final): min=-25.339135, mean=68.230478, std=54.319096, max=173.318512
2025-08-22 11:37:31,071 | INFO | Axis y stats (final): min=-44.599659, mean=-7.538713, std=18.888988, max=27.198465
2025-08-22 11:37:31,071 | INFO | Axis z stats (final): min=0.000000, mean=15.154217, std=5.801272, max=28.226271
2025-08-22 11:37:31,071 | INFO | Normal lengths: min=1.000000, mean=1.000000, max=1.000000
2025-08-22 11:37:31,071 | INFO | Final FPS time: 1.2 ms
2025-08-22 11:37:31,082 | INFO | Saved bundle (npz): D:\Cursor Repos\From p2p\data\pointcloud\insoles\047_insole_R.npz | points=(4096, 3) normals=(4096, 3)
2025-08-22 11:37:31,082 | INFO | Completed successfully.
