2025-08-22 11:37:31,083 | INFO | Input STL: D:\Cursor Repos\From p2p\data\raw\insoles\048_insole_L.stl
2025-08-22 11:37:31,083 | INFO | Output log: D:\Cursor Repos\From p2p\Log\preprocess\insoles\048_insole_L.log
2025-08-22 11:37:31,083 | INFO | Parameters: num_points=4096, candidate_multiplier=4, z_low_percent=None, z_high_percent=None, seed=None
2025-08-22 11:37:31,083 | INFO | File: size_bytes=2591584, mtime=2025-08-13 13:26:15
2025-08-22 11:37:31,083 | INFO | Env: python=3.11.13, numpy=2.3.2, trimesh=4.7.4, platform=Windows-10-10.0.26100-SP0
2025-08-22 11:37:31,165 | INFO | Mesh: vertices=25917, faces=51830
2025-08-22 11:37:31,201 | INFO | Mesh surface area: 24801.957255
2025-08-22 11:37:31,222 | INFO | Mesh volume: 61115.061721
2025-08-22 11:37:31,226 | INFO | Mesh AABB min=[-33.02640151977539, -88.82990264892578, -0.8973000049591064] max=[32.9734992980957, 89.1707992553711, 26.584699630737305]
2025-08-22 11:37:31,226 | INFO | Boundary edges: 0
2025-08-22 11:37:31,226 | INFO | Load mesh time: 142.7 ms
2025-08-22 11:37:31,226 | INFO | Surface sampling: candidates=16384 (target=4096, multiplier=4)
2025-08-22 11:37:31,242 | INFO | Running Farthest Point Sampling (FPS) to enforce even spacing
2025-08-22 11:37:31,331 | INFO | FPS progress: 409/4096
2025-08-22 11:37:31,413 | INFO | FPS progress: 818/4096
2025-08-22 11:37:31,493 | INFO | FPS progress: 1227/4096
2025-08-22 11:37:31,576 | INFO | FPS progress: 1636/4096
2025-08-22 11:37:31,659 | INFO | FPS progress: 2045/4096
2025-08-22 11:37:31,744 | INFO | FPS progress: 2454/4096
2025-08-22 11:37:31,833 | INFO | FPS progress: 2863/4096
2025-08-22 11:37:31,921 | INFO | FPS progress: 3272/4096
2025-08-22 11:37:32,005 | INFO | FPS progress: 3681/4096
2025-08-22 11:37:32,086 | INFO | FPS progress: 4090/4096
2025-08-22 11:37:32,088 | INFO | Round 1: accumulated=4096, kept=4096 (100.00%), time=861.8 ms
2025-08-22 11:37:32,088 | INFO | Requested samples 4096 >= candidates 4096; returning all indices.
2025-08-22 11:37:32,088 | INFO | Sampled points: (4096, 3), normals: (4096, 3)
2025-08-22 11:37:32,088 | INFO | Sampling time: 862.2 ms
2025-08-22 11:37:32,088 | INFO | Centering only: centroid=[4.1461346409367845, -7.767055963386539, 5.018486357546276] | scale fixed to 1.000000 (no scaling)
2025-08-22 11:37:32,088 | INFO | Axis x stats (centered): min=-37.137500, mean=-0.000000, std=17.520899, max=28.798688
2025-08-22 11:37:32,088 | INFO | Axis y stats (centered): min=-80.988846, mean=0.000000, std=49.249237, max=96.875053
2025-08-22 11:37:32,088 | INFO | Axis z stats (centered): min=-5.914117, mean=0.000000, std=6.667589, max=21.544367
2025-08-22 11:37:32,088 | INFO | Centering time: 0.4 ms
2025-08-22 11:37:32,089 | INFO | PCA alignment: explained variance ratio=0.8809, 0.1081, 0.0111
2025-08-22 11:37:32,089 | INFO | Rotation matrix (columns are principal axes):
[[-0.064991  0.99388   0.089322]
 [ 0.995447  0.070827 -0.063795]
 [-0.069731  0.08477  -0.993958]]
2025-08-22 11:37:32,089 | INFO | Rotation matrix det=1.000000
2025-08-22 11:37:32,090 | INFO | Orientation enforcement (flat-to-neg-z): sz=-1, width_low=42.419638, width_high=55.712554 -> sx=1, sy=-1
2025-08-22 11:37:32,090 | INFO | Orientation signs diag(S)=[1.0, -1.0, -1.0]
2025-08-22 11:37:32,090 | INFO | PCA time: 2.1 ms
2025-08-22 11:37:32,091 | INFO | Bottom alignment: bottom_q=0.20, band_q=0.05, min_z_shift=-16.657244, xy_center=[-61.403917524565856, -5.577681747981775]
2025-08-22 11:37:32,091 | INFO | Bottom leveling time: 0.9 ms | bottom_xy_center=[-61.403917524565856, -5.577681747981775]
2025-08-22 11:37:32,091 | INFO | Requested samples 4096 >= candidates 4096; returning all indices.
2025-08-22 11:37:32,092 | INFO | Final points: (4096, 3), normals: (4096, 3)
2025-08-22 11:37:32,092 | INFO | Aligned normalized AABB min=[-21.572742174275092, -26.020507396234212, 0.0] max=[157.99939763730507, 39.878255407196654, 28.741903958172674]
2025-08-22 11:37:32,092 | INFO | Final radii percentiles: p5=16.011372, p50=65.986947, p95=144.199216; centroid_norm=63.867170
2025-08-22 11:37:32,092 | INFO | Axis x stats (final): min=-21.572742, mean=61.403918, std=49.389445, max=157.999398
2025-08-22 11:37:32,092 | INFO | Axis y stats (final): min=-26.020507, mean=5.577682, std=17.300797, max=39.878255
2025-08-22 11:37:32,092 | INFO | Axis z stats (final): min=0.000000, mean=16.657244, std=6.187983, max=28.741904
2025-08-22 11:37:32,093 | INFO | Normal lengths: min=1.000000, mean=1.000000, max=1.000000
2025-08-22 11:37:32,093 | INFO | Final FPS time: 1.2 ms
2025-08-22 11:37:32,102 | INFO | Saved bundle (npz): D:\Cursor Repos\From p2p\data\pointcloud\insoles\048_insole_L.npz | points=(4096, 3) normals=(4096, 3)
2025-08-22 11:37:32,102 | INFO | Completed successfully.
