2025-08-22 11:37:34,170 | INFO | Input STL: D:\Cursor Repos\From p2p\data\raw\insoles\049_insole_R.stl
2025-08-22 11:37:34,170 | INFO | Output log: D:\Cursor Repos\From p2p\Log\preprocess\insoles\049_insole_R.log
2025-08-22 11:37:34,170 | INFO | Parameters: num_points=4096, candidate_multiplier=4, z_low_percent=None, z_high_percent=None, seed=None
2025-08-22 11:37:34,171 | INFO | File: size_bytes=2716684, mtime=2025-08-13 13:00:03
2025-08-22 11:37:34,171 | INFO | Env: python=3.11.13, numpy=2.3.2, trimesh=4.7.4, platform=Windows-10-10.0.26100-SP0
2025-08-22 11:37:34,261 | INFO | Mesh: vertices=27168, faces=54332
2025-08-22 11:37:34,297 | INFO | Mesh surface area: 31009.622572
2025-08-22 11:37:34,325 | INFO | Mesh volume: 79980.145017
2025-08-22 11:37:34,328 | INFO | Mesh AABB min=[-37.01319885253906, -101.91909790039062, -0.8981000185012817] max=[35.986900329589844, 103.08090209960938, 27.655500411987305]
2025-08-22 11:37:34,329 | INFO | Boundary edges: 0
2025-08-22 11:37:34,329 | INFO | Load mesh time: 158.1 ms
2025-08-22 11:37:34,329 | INFO | Surface sampling: candidates=16384 (target=4096, multiplier=4)
2025-08-22 11:37:34,346 | INFO | Running Farthest Point Sampling (FPS) to enforce even spacing
2025-08-22 11:37:34,429 | INFO | FPS progress: 409/4096
2025-08-22 11:37:34,513 | INFO | FPS progress: 818/4096
2025-08-22 11:37:34,590 | INFO | FPS progress: 1227/4096
2025-08-22 11:37:34,672 | INFO | FPS progress: 1636/4096
2025-08-22 11:37:34,752 | INFO | FPS progress: 2045/4096
2025-08-22 11:37:34,836 | INFO | FPS progress: 2454/4096
2025-08-22 11:37:34,919 | INFO | FPS progress: 2863/4096
2025-08-22 11:37:35,002 | INFO | FPS progress: 3272/4096
2025-08-22 11:37:35,097 | INFO | FPS progress: 3681/4096
2025-08-22 11:37:35,196 | INFO | FPS progress: 4090/4096
2025-08-22 11:37:35,197 | INFO | Round 1: accumulated=4096, kept=4096 (100.00%), time=868.8 ms
2025-08-22 11:37:35,197 | INFO | Requested samples 4096 >= candidates 4096; returning all indices.
2025-08-22 11:37:35,198 | INFO | Sampled points: (4096, 3), normals: (4096, 3)
2025-08-22 11:37:35,198 | INFO | Sampling time: 869.3 ms
2025-08-22 11:37:35,198 | INFO | Centering only: centroid=[-5.145078262881985, -7.491506818569946, 5.107403966972182] | scale fixed to 1.000000 (no scaling)
2025-08-22 11:37:35,198 | INFO | Axis x stats (centered): min=-31.773844, mean=0.000000, std=19.437174, max=41.104143
2025-08-22 11:37:35,198 | INFO | Axis y stats (centered): min=-94.386208, mean=-0.000000, std=56.438228, max=110.349937
2025-08-22 11:37:35,198 | INFO | Axis z stats (centered): min=-6.003311, mean=-0.000000, std=6.895717, max=22.442890
2025-08-22 11:37:35,199 | INFO | Centering time: 0.9 ms
2025-08-22 11:37:35,199 | INFO | PCA alignment: explained variance ratio=0.8888, 0.1020, 0.0092
2025-08-22 11:37:35,200 | INFO | Rotation matrix (columns are principal axes):
[[-0.065905 -0.993437 -0.093487]
 [-0.995975  0.071198 -0.054452]
 [ 0.060751  0.089522 -0.99413 ]]
2025-08-22 11:37:35,200 | INFO | Rotation matrix det=1.000000
2025-08-22 11:37:35,201 | INFO | Orientation enforcement (flat-to-neg-z): sz=-1, width_low=61.481491, width_high=47.973740 -> sx=-1, sy=1
2025-08-22 11:37:35,201 | INFO | Orientation signs diag(S)=[-1.0, 1.0, -1.0]
2025-08-22 11:37:35,201 | INFO | PCA time: 2.0 ms
2025-08-22 11:37:35,202 | INFO | Bottom alignment: bottom_q=0.20, band_q=0.05, min_z_shift=-17.151445, xy_center=[-70.5917270296253, 6.801502403288426]
2025-08-22 11:37:35,202 | INFO | Bottom leveling time: 0.9 ms | bottom_xy_center=[-70.5917270296253, 6.801502403288426]
2025-08-22 11:37:35,202 | INFO | Requested samples 4096 >= candidates 4096; returning all indices.
2025-08-22 11:37:35,202 | INFO | Final points: (4096, 3), normals: (4096, 3)
2025-08-22 11:37:35,204 | INFO | Aligned normalized AABB min=[-25.499775810710844, -44.59224135731456, 0.0] max=[180.75073665409357, 28.12558411010773, 30.650671000796777]
2025-08-22 11:37:35,204 | INFO | Final radii percentiles: p5=17.478763, p50=75.356428, p95=164.641347; centroid_norm=72.963172
2025-08-22 11:37:35,204 | INFO | Axis x stats (final): min=-25.499776, mean=70.591727, std=56.589587, max=180.750737
2025-08-22 11:37:35,204 | INFO | Axis y stats (final): min=-44.592241, mean=-6.801502, std=19.164756, max=28.125584
2025-08-22 11:37:35,204 | INFO | Axis z stats (final): min=0.000000, mean=17.151445, std=6.399919, max=30.650671
2025-08-22 11:37:35,204 | INFO | Normal lengths: min=1.000000, mean=1.000000, max=1.000000
2025-08-22 11:37:35,204 | INFO | Final FPS time: 2.0 ms
2025-08-22 11:37:35,215 | INFO | Saved bundle (npz): D:\Cursor Repos\From p2p\data\pointcloud\insoles\049_insole_R.npz | points=(4096, 3) normals=(4096, 3)
2025-08-22 11:37:35,215 | INFO | Completed successfully.
