2025-08-22 11:37:39,777 | INFO | Input STL: D:\Cursor Repos\From p2p\data\raw\insoles\051_insole_R.stl
2025-08-22 11:37:39,777 | INFO | Output log: D:\Cursor Repos\From p2p\Log\preprocess\insoles\051_insole_R.log
2025-08-22 11:37:39,777 | INFO | Parameters: num_points=4096, candidate_multiplier=4, z_low_percent=None, z_high_percent=None, seed=None
2025-08-22 11:37:39,779 | INFO | File: size_bytes=23023284, mtime=2025-08-13 14:42:18
2025-08-22 11:37:39,779 | INFO | Env: python=3.11.13, numpy=2.3.2, trimesh=4.7.4, platform=Windows-10-10.0.26100-SP0
2025-08-22 11:37:40,591 | INFO | Mesh: vertices=230234, faces=460464
2025-08-22 11:37:40,934 | INFO | Mesh surface area: 63180.438864
2025-08-22 11:37:41,175 | INFO | Mesh volume: 270649.024480
2025-08-22 11:37:41,207 | INFO | Mesh AABB min=[-53.38651657104492, -153.6561737060547, -4.834303379058838] max=[53.59135818481445, 153.2875518798828, 23.914995193481445]
2025-08-22 11:37:41,207 | INFO | Boundary edges: 0
2025-08-22 11:37:41,207 | INFO | Load mesh time: 1428.4 ms
2025-08-22 11:37:41,207 | INFO | Surface sampling: candidates=16384 (target=4096, multiplier=4)
2025-08-22 11:37:41,312 | INFO | Running Farthest Point Sampling (FPS) to enforce even spacing
2025-08-22 11:37:41,393 | INFO | FPS progress: 409/4096
2025-08-22 11:37:41,474 | INFO | FPS progress: 818/4096
2025-08-22 11:37:41,560 | INFO | FPS progress: 1227/4096
2025-08-22 11:37:41,641 | INFO | FPS progress: 1636/4096
2025-08-22 11:37:41,730 | INFO | FPS progress: 2045/4096
2025-08-22 11:37:41,811 | INFO | FPS progress: 2454/4096
2025-08-22 11:37:41,892 | INFO | FPS progress: 2863/4096
2025-08-22 11:37:41,973 | INFO | FPS progress: 3272/4096
2025-08-22 11:37:42,057 | INFO | FPS progress: 3681/4096
2025-08-22 11:37:42,133 | INFO | FPS progress: 4090/4096
2025-08-22 11:37:42,135 | INFO | Round 1: accumulated=4096, kept=4096 (100.00%), time=927.7 ms
2025-08-22 11:37:42,135 | INFO | Requested samples 4096 >= candidates 4096; returning all indices.
2025-08-22 11:37:42,135 | INFO | Sampled points: (4096, 3), normals: (4096, 3)
2025-08-22 11:37:42,135 | INFO | Sampling time: 928.1 ms
2025-08-22 11:37:42,135 | INFO | Centering only: centroid=[-4.631932935954798, -4.59556739559887, 1.9870763423270352] | scale fixed to 1.000000 (no scaling)
2025-08-22 11:37:42,135 | INFO | Axis x stats (centered): min=-48.499017, mean=0.000000, std=28.610021, max=58.151463
2025-08-22 11:37:42,136 | INFO | Axis y stats (centered): min=-148.972774, mean=0.000000, std=84.952068, max=157.700360
2025-08-22 11:37:42,136 | INFO | Axis z stats (centered): min=-6.821380, mean=0.000000, std=6.826949, max=21.835144
2025-08-22 11:37:42,136 | INFO | Centering time: 0.4 ms
2025-08-22 11:37:42,136 | INFO | PCA alignment: explained variance ratio=0.8957, 0.0991, 0.0052
2025-08-22 11:37:42,150 | INFO | Rotation matrix (columns are principal axes):
[[-0.053005 -0.998124 -0.030654]
 [-0.998316  0.053689 -0.021962]
 [ 0.023567  0.029438 -0.999289]]
2025-08-22 11:37:42,150 | INFO | Rotation matrix det=1.000000
2025-08-22 11:37:42,151 | INFO | Orientation enforcement (flat-to-neg-z): sz=-1, width_low=90.273670, width_high=72.554725 -> sx=-1, sy=1
2025-08-22 11:37:42,151 | INFO | Orientation signs diag(S)=[-1.0, 1.0, -1.0]
2025-08-22 11:37:42,151 | INFO | PCA time: 15.1 ms
2025-08-22 11:37:42,152 | INFO | Bottom alignment: bottom_q=0.20, band_q=0.05, min_z_shift=-14.462927, xy_center=[-117.5377877940938, 13.90823902363838]
2025-08-22 11:37:42,152 | INFO | Bottom leveling time: 0.9 ms | bottom_xy_center=[-117.5377877940938, 13.90823902363838]
2025-08-22 11:37:42,152 | INFO | Requested samples 4096 >= candidates 4096; returning all indices.
2025-08-22 11:37:42,152 | INFO | Final points: (4096, 3), normals: (4096, 3)
2025-08-22 11:37:42,153 | INFO | Aligned normalized AABB min=[-32.39692771492126, -69.27184900745246, 0.0] max=[274.35269661028855, 36.698806915904896, 32.00514084518714]
2025-08-22 11:37:42,153 | INFO | Final radii percentiles: p5=23.926580, p50=124.494251, p95=253.664977; centroid_norm=119.238194
2025-08-22 11:37:42,154 | INFO | Axis x stats (final): min=-32.396928, mean=117.537788, std=85.062209, max=274.352697
2025-08-22 11:37:42,154 | INFO | Axis y stats (final): min=-69.271849, mean=-13.908239, std=28.296849, max=36.698807
2025-08-22 11:37:42,154 | INFO | Axis z stats (final): min=0.000000, mean=14.462927, std=6.760430, max=32.005141
2025-08-22 11:37:42,154 | INFO | Normal lengths: min=1.000000, mean=1.000000, max=1.000000
2025-08-22 11:37:42,154 | INFO | Final FPS time: 2.0 ms
2025-08-22 11:37:42,166 | INFO | Saved bundle (npz): D:\Cursor Repos\From p2p\data\pointcloud\insoles\051_insole_R.npz | points=(4096, 3) normals=(4096, 3)
2025-08-22 11:37:42,166 | INFO | Completed successfully.
