2025-08-22 11:37:42,168 | INFO | Input STL: D:\Cursor Repos\From p2p\data\raw\insoles\052_insole_L.stl
2025-08-22 11:37:42,168 | INFO | Output log: D:\Cursor Repos\From p2p\Log\preprocess\insoles\052_insole_L.log
2025-08-22 11:37:42,168 | INFO | Parameters: num_points=4096, candidate_multiplier=4, z_low_percent=None, z_high_percent=None, seed=None
2025-08-22 11:37:42,168 | INFO | File: size_bytes=2653284, mtime=2025-08-07 13:53:22
2025-08-22 11:37:42,168 | INFO | Env: python=3.11.13, numpy=2.3.2, trimesh=4.7.4, platform=Windows-10-10.0.26100-SP0
2025-08-22 11:37:42,255 | INFO | Mesh: vertices=26534, faces=53064
2025-08-22 11:37:42,297 | INFO | Mesh surface area: 41464.958113
2025-08-22 11:37:42,327 | INFO | Mesh volume: 100594.616278
2025-08-22 11:37:42,330 | INFO | Mesh AABB min=[-43.7593994140625, -124.1353988647461, -0.9362000226974487] max=[43.240699768066406, 123.86530303955078, 23.202699661254883]
2025-08-22 11:37:42,330 | INFO | Boundary edges: 0
2025-08-22 11:37:42,330 | INFO | Load mesh time: 162.7 ms
2025-08-22 11:37:42,331 | INFO | Surface sampling: candidates=16384 (target=4096, multiplier=4)
2025-08-22 11:37:42,351 | INFO | Running Farthest Point Sampling (FPS) to enforce even spacing
2025-08-22 11:37:42,438 | INFO | FPS progress: 409/4096
2025-08-22 11:37:42,534 | INFO | FPS progress: 818/4096
2025-08-22 11:37:42,613 | INFO | FPS progress: 1227/4096
2025-08-22 11:37:42,690 | INFO | FPS progress: 1636/4096
2025-08-22 11:37:42,770 | INFO | FPS progress: 2045/4096
2025-08-22 11:37:42,859 | INFO | FPS progress: 2454/4096
2025-08-22 11:37:42,946 | INFO | FPS progress: 2863/4096
2025-08-22 11:37:43,034 | INFO | FPS progress: 3272/4096
2025-08-22 11:37:43,115 | INFO | FPS progress: 3681/4096
2025-08-22 11:37:43,201 | INFO | FPS progress: 4090/4096
2025-08-22 11:37:43,203 | INFO | Round 1: accumulated=4096, kept=4096 (100.00%), time=872.7 ms
2025-08-22 11:37:43,204 | INFO | Requested samples 4096 >= candidates 4096; returning all indices.
2025-08-22 11:37:43,204 | INFO | Sampled points: (4096, 3), normals: (4096, 3)
2025-08-22 11:37:43,204 | INFO | Sampling time: 873.2 ms
2025-08-22 11:37:43,204 | INFO | Centering only: centroid=[4.358053204314926, -5.370867055574654, 3.7567356040309385] | scale fixed to 1.000000 (no scaling)
2025-08-22 11:37:43,204 | INFO | Axis x stats (centered): min=-47.834610, mean=0.000000, std=22.689741, max=38.792586
2025-08-22 11:37:43,205 | INFO | Axis y stats (centered): min=-118.656341, mean=-0.000000, std=67.536598, max=129.086681
2025-08-22 11:37:43,205 | INFO | Axis z stats (centered): min=-4.685596, mean=-0.000000, std=5.421058, max=19.383455
2025-08-22 11:37:43,205 | INFO | Centering time: 0.7 ms
2025-08-22 11:37:43,205 | INFO | PCA alignment: explained variance ratio=0.8971, 0.0983, 0.0046
2025-08-22 11:37:43,205 | INFO | Rotation matrix (columns are principal axes):
[[-0.059115  0.996674  0.056095]
 [ 0.997757  0.060761 -0.028101]
 [-0.031416  0.054308 -0.99803 ]]
2025-08-22 11:37:43,205 | INFO | Rotation matrix det=1.000000
2025-08-22 11:37:43,206 | INFO | Orientation enforcement (flat-to-neg-z): sz=-1, width_low=58.796795, width_high=73.161632 -> sx=1, sy=-1
2025-08-22 11:37:43,206 | INFO | Orientation signs diag(S)=[1.0, -1.0, -1.0]
2025-08-22 11:37:43,206 | INFO | PCA time: 1.6 ms
2025-08-22 11:37:43,208 | INFO | Bottom alignment: bottom_q=0.20, band_q=0.05, min_z_shift=-12.852212, xy_center=[-89.54572743270836, -10.648127365476531]
2025-08-22 11:37:43,208 | INFO | Bottom leveling time: 1.3 ms | bottom_xy_center=[-89.54572743270836, -10.648127365476531]
2025-08-22 11:37:43,208 | INFO | Requested samples 4096 >= candidates 4096; returning all indices.
2025-08-22 11:37:43,208 | INFO | Final points: (4096, 3), normals: (4096, 3)
2025-08-22 11:37:43,208 | INFO | Aligned normalized AABB min=[-29.920803478162682, -31.17794589428283, 0.0] max=[218.63348510145553, 55.5184931908174, 27.267460929658604]
2025-08-22 11:37:43,208 | INFO | Final radii percentiles: p5=18.306716, p50=95.839611, p95=198.422834; centroid_norm=91.087866
2025-08-22 11:37:43,208 | INFO | Axis x stats (final): min=-29.920803, mean=89.545727, std=67.650026, max=218.633485
2025-08-22 11:37:43,208 | INFO | Axis y stats (final): min=-31.177946, mean=10.648127, std=22.387621, max=55.518493
2025-08-22 11:37:43,208 | INFO | Axis z stats (final): min=0.000000, mean=12.852212, std=5.260475, max=27.267461
2025-08-22 11:37:43,209 | INFO | Normal lengths: min=1.000000, mean=1.000000, max=1.000000
2025-08-22 11:37:43,209 | INFO | Final FPS time: 1.4 ms
2025-08-22 11:37:43,220 | INFO | Saved bundle (npz): D:\Cursor Repos\From p2p\data\pointcloud\insoles\052_insole_L.npz | points=(4096, 3) normals=(4096, 3)
2025-08-22 11:37:43,220 | INFO | Completed successfully.
