2025-08-19 13:00:18,499 | INFO | Input STL: D:\Cursor Repos\From p2p\data\raw\insoles\052_insole_R.stl
2025-08-19 13:00:18,500 | INFO | Output log: D:\Cursor Repos\From p2p\Log\preprocess\insoles\052_insole_R.log
2025-08-19 13:00:18,500 | INFO | Parameters: num_points=4096, candidate_multiplier=4, z_low_percent=None, z_high_percent=None, seed=None
2025-08-19 13:00:18,500 | INFO | File: size_bytes=2660584, mtime=2025-08-07 13:53:24
2025-08-19 13:00:18,500 | INFO | Env: python=3.11.13, numpy=2.1.2, trimesh=4.7.4, platform=Windows-10-10.0.26100-SP0
2025-08-19 13:00:18,615 | INFO | Mesh: vertices=26607, faces=53210
2025-08-19 13:00:18,664 | INFO | Mesh surface area: 41464.946506
2025-08-19 13:00:18,699 | INFO | Mesh volume: 100594.604411
2025-08-19 13:00:18,703 | INFO | Mesh AABB min=[-43.240699768066406, -124.1353988647461, -0.9362000226974487] max=[43.7593994140625, 123.86530303955078, 23.202699661254883]
2025-08-19 13:00:18,703 | INFO | Boundary edges: 0
2025-08-19 13:00:18,704 | INFO | Load mesh time: 203.2 ms
2025-08-19 13:00:18,704 | INFO | Surface sampling: candidates=16384 (target=4096, multiplier=4)
2025-08-19 13:00:18,724 | INFO | Running Farthest Point Sampling (FPS) to enforce even spacing
2025-08-19 13:00:18,843 | INFO | FPS progress: 409/4096
2025-08-19 13:00:18,952 | INFO | FPS progress: 818/4096
2025-08-19 13:00:19,070 | INFO | FPS progress: 1227/4096
2025-08-19 13:00:19,182 | INFO | FPS progress: 1636/4096
2025-08-19 13:00:19,299 | INFO | FPS progress: 2045/4096
2025-08-19 13:00:19,411 | INFO | FPS progress: 2454/4096
2025-08-19 13:00:19,533 | INFO | FPS progress: 2863/4096
2025-08-19 13:00:19,656 | INFO | FPS progress: 3272/4096
2025-08-19 13:00:19,782 | INFO | FPS progress: 3681/4096
2025-08-19 13:00:19,898 | INFO | FPS progress: 4090/4096
2025-08-19 13:00:19,900 | INFO | Round 1: accumulated=4096, kept=4096 (100.00%), time=1196.3 ms
2025-08-19 13:00:19,900 | INFO | Requested samples 4096 >= candidates 4096; returning all indices.
2025-08-19 13:00:19,900 | INFO | Sampled points: (4096, 3), normals: (4096, 3)
2025-08-19 13:00:19,900 | INFO | Sampling time: 1196.9 ms
2025-08-19 13:00:19,900 | INFO | Centering only: centroid=[-4.290908288109402, -4.989161872930376, 3.7409840797846226] | scale fixed to 1.000000 (no scaling)
2025-08-19 13:00:19,901 | INFO | Axis x stats (centered): min=-38.758893, mean=-0.000000, std=22.819724, max=47.837050
2025-08-19 13:00:19,901 | INFO | Axis y stats (centered): min=-119.083594, mean=-0.000000, std=67.096563, max=128.698222
2025-08-19 13:00:19,901 | INFO | Axis z stats (centered): min=-4.642376, mean=-0.000000, std=5.417244, max=19.387672
2025-08-19 13:00:19,901 | INFO | Centering time: 0.9 ms
2025-08-19 13:00:19,902 | INFO | PCA alignment: explained variance ratio=0.8947, 0.1007, 0.0046
2025-08-19 13:00:19,902 | INFO | Rotation matrix (columns are principal axes):
[[-0.058035 -0.996836 -0.054309]
 [-0.997806  0.059656 -0.028727]
 [ 0.031876  0.052523 -0.998111]]
2025-08-19 13:00:19,902 | INFO | Rotation matrix det=1.000000
2025-08-19 13:00:19,902 | INFO | Orientation enforcement: mean_nz=0.003224 -> sz=1, width_low=73.363892, width_high=59.483625 -> sx=-1, sy=-1
2025-08-19 13:00:19,904 | INFO | Orientation signs diag(S)=[-1.0, -1.0, 1.0]
2025-08-19 13:00:19,904 | INFO | PCA time: 1.9 ms
2025-08-19 13:00:19,904 | INFO | Requested samples 4096 >= candidates 4096; returning all indices.
2025-08-19 13:00:19,904 | INFO | Final points: (4096, 3), normals: (4096, 3)
2025-08-19 13:00:19,905 | INFO | Aligned normalized AABB min=[-119.65478375461586, -41.88102965675788, -16.65968280371685] max=[128.65339191366076, 45.10333987829812, 9.124824562906173]
2025-08-19 13:00:19,905 | INFO | Final radii percentiles: p5=18.099482, p50=61.673719, p95=115.045159; centroid_norm=0.000000
2025-08-19 13:00:19,905 | INFO | Axis x stats (final): min=-119.654784, mean=-0.000000, std=67.230463, max=128.653392
2025-08-19 13:00:19,906 | INFO | Axis y stats (final): min=-41.881030, mean=-0.000000, std=22.553510, max=45.103340
2025-08-19 13:00:19,906 | INFO | Axis z stats (final): min=-16.659683, mean=0.000000, std=4.841393, max=9.124825
2025-08-19 13:00:19,906 | INFO | Normal lengths: min=1.000000, mean=1.000000, max=1.000000
2025-08-19 13:00:19,906 | INFO | Final FPS time: 2.6 ms
2025-08-19 13:00:19,932 | INFO | Saved bundle (npz): D:\Cursor Repos\From p2p\data\pointcloud\insoles\052_insole_R.npz | points=(4096, 3) normals=(4096, 3)
2025-08-19 13:00:19,932 | INFO | Completed successfully.
