2025-08-19 13:00:30,043 | INFO | Input STL: D:\Cursor Repos\From p2p\data\raw\insoles\056_insole_R.stl
2025-08-19 13:00:30,043 | INFO | Output log: D:\Cursor Repos\From p2p\Log\preprocess\insoles\056_insole_R.log
2025-08-19 13:00:30,043 | INFO | Parameters: num_points=4096, candidate_multiplier=4, z_low_percent=None, z_high_percent=None, seed=None
2025-08-19 13:00:30,043 | INFO | File: size_bytes=2627584, mtime=2025-08-13 13:00:13
2025-08-19 13:00:30,043 | INFO | Env: python=3.11.13, numpy=2.1.2, trimesh=4.7.4, platform=Windows-10-10.0.26100-SP0
2025-08-19 13:00:30,164 | INFO | Mesh: vertices=26277, faces=52550
2025-08-19 13:00:30,210 | INFO | Mesh surface area: 29745.947090
2025-08-19 13:00:30,241 | INFO | Mesh volume: 77598.762787
2025-08-19 13:00:30,246 | INFO | Mesh AABB min=[-35.49660110473633, -98.67430114746094, -0.8937000036239624] max=[36.503501892089844, 99.32569885253906, 28.212099075317383]
2025-08-19 13:00:30,246 | INFO | Boundary edges: 0
2025-08-19 13:00:30,246 | INFO | Load mesh time: 201.9 ms
2025-08-19 13:00:30,246 | INFO | Surface sampling: candidates=16384 (target=4096, multiplier=4)
2025-08-19 13:00:30,270 | INFO | Running Farthest Point Sampling (FPS) to enforce even spacing
2025-08-19 13:00:30,380 | INFO | FPS progress: 409/4096
2025-08-19 13:00:30,492 | INFO | FPS progress: 818/4096
2025-08-19 13:00:30,608 | INFO | FPS progress: 1227/4096
2025-08-19 13:00:30,721 | INFO | FPS progress: 1636/4096
2025-08-19 13:00:30,833 | INFO | FPS progress: 2045/4096
2025-08-19 13:00:30,948 | INFO | FPS progress: 2454/4096
2025-08-19 13:00:31,066 | INFO | FPS progress: 2863/4096
2025-08-19 13:00:31,190 | INFO | FPS progress: 3272/4096
2025-08-19 13:00:31,308 | INFO | FPS progress: 3681/4096
2025-08-19 13:00:31,426 | INFO | FPS progress: 4090/4096
2025-08-19 13:00:31,428 | INFO | Round 1: accumulated=4096, kept=4096 (100.00%), time=1182.2 ms
2025-08-19 13:00:31,428 | INFO | Requested samples 4096 >= candidates 4096; returning all indices.
2025-08-19 13:00:31,429 | INFO | Sampled points: (4096, 3), normals: (4096, 3)
2025-08-19 13:00:31,429 | INFO | Sampling time: 1182.8 ms
2025-08-19 13:00:31,429 | INFO | Centering only: centroid=[-3.8627639400355918, -7.8219974532885, 5.164237513530944] | scale fixed to 1.000000 (no scaling)
2025-08-19 13:00:31,429 | INFO | Axis x stats (centered): min=-31.495938, mean=-0.000000, std=19.193132, max=40.315392
2025-08-19 13:00:31,429 | INFO | Axis y stats (centered): min=-90.792032, mean=-0.000000, std=54.676547, max=107.127743
2025-08-19 13:00:31,429 | INFO | Axis z stats (centered): min=-6.057852, mean=0.000000, std=6.982662, max=22.909531
2025-08-19 13:00:31,430 | INFO | Centering time: 0.7 ms
2025-08-19 13:00:31,430 | INFO | PCA alignment: explained variance ratio=0.8847, 0.1053, 0.0100
2025-08-19 13:00:31,430 | INFO | Rotation matrix (columns are principal axes):
[[-0.068306 -0.993452 -0.091586]
 [-0.995611  0.073764 -0.057592]
 [ 0.063971  0.087251 -0.99413 ]]
2025-08-19 13:00:31,430 | INFO | Rotation matrix det=1.000000
2025-08-19 13:00:31,432 | INFO | Orientation enforcement: mean_nz=0.005513 -> sz=1, width_low=60.845813, width_high=47.185017 -> sx=-1, sy=-1
2025-08-19 13:00:31,432 | INFO | Orientation signs diag(S)=[-1.0, -1.0, 1.0]
2025-08-19 13:00:31,432 | INFO | PCA time: 2.4 ms
2025-08-19 13:00:31,432 | INFO | Requested samples 4096 >= candidates 4096; returning all indices.
2025-08-19 13:00:31,432 | INFO | Final points: (4096, 3), normals: (4096, 3)
2025-08-19 13:00:31,433 | INFO | Aligned normalized AABB min=[-92.09402408979034, -34.797343179982775, -16.50898182279765] max=[107.11161009593754, 37.358091908895105, 12.574442366049256]
2025-08-19 13:00:31,433 | INFO | Final radii percentiles: p5=15.841312, p50=51.659969, p95=91.533313; centroid_norm=0.000000
2025-08-19 13:00:31,433 | INFO | Axis x stats (final): min=-92.094024, mean=-0.000000, std=54.898589, max=107.111610
2025-08-19 13:00:31,433 | INFO | Axis y stats (final): min=-34.797343, mean=-0.000000, std=18.939673, max=37.358092
2025-08-19 13:00:31,433 | INFO | Axis z stats (final): min=-16.508982, mean=-0.000000, std=5.838874, max=12.574442
2025-08-19 13:00:31,434 | INFO | Normal lengths: min=1.000000, mean=1.000000, max=1.000000
2025-08-19 13:00:31,434 | INFO | Final FPS time: 1.8 ms
2025-08-19 13:00:31,460 | INFO | Saved bundle (npz): D:\Cursor Repos\From p2p\data\pointcloud\insoles\056_insole_R.npz | points=(4096, 3) normals=(4096, 3)
2025-08-19 13:00:31,460 | INFO | Completed successfully.
