2025-08-22 11:37:55,747 | INFO | Input STL: D:\Cursor Repos\From p2p\data\raw\insoles\058_insole_R.stl
2025-08-22 11:37:55,747 | INFO | Output log: D:\Cursor Repos\From p2p\Log\preprocess\insoles\058_insole_R.log
2025-08-22 11:37:55,747 | INFO | Parameters: num_points=4096, candidate_multiplier=4, z_low_percent=None, z_high_percent=None, seed=None
2025-08-22 11:37:55,748 | INFO | File: size_bytes=2775984, mtime=2025-08-14 09:38:39
2025-08-22 11:37:55,748 | INFO | Env: python=3.11.13, numpy=2.3.2, trimesh=4.7.4, platform=Windows-10-10.0.26100-SP0
2025-08-22 11:37:55,853 | INFO | Mesh: vertices=27761, faces=55518
2025-08-22 11:37:55,889 | INFO | Mesh surface area: 42156.444871
2025-08-22 11:37:55,911 | INFO | Mesh volume: 109408.385444
2025-08-22 11:37:55,916 | INFO | Mesh AABB min=[-43.61029815673828, -126.2343978881836, -0.8945000171661377] max=[42.38970184326172, 124.7656021118164, 23.790300369262695]
2025-08-22 11:37:55,916 | INFO | Boundary edges: 0
2025-08-22 11:37:55,916 | INFO | Load mesh time: 168.1 ms
2025-08-22 11:37:55,916 | INFO | Surface sampling: candidates=16384 (target=4096, multiplier=4)
2025-08-22 11:37:55,931 | INFO | Running Farthest Point Sampling (FPS) to enforce even spacing
2025-08-22 11:37:56,017 | INFO | FPS progress: 409/4096
2025-08-22 11:37:56,099 | INFO | FPS progress: 818/4096
2025-08-22 11:37:56,187 | INFO | FPS progress: 1227/4096
2025-08-22 11:37:56,277 | INFO | FPS progress: 1636/4096
2025-08-22 11:37:56,365 | INFO | FPS progress: 2045/4096
2025-08-22 11:37:56,447 | INFO | FPS progress: 2454/4096
2025-08-22 11:37:56,525 | INFO | FPS progress: 2863/4096
2025-08-22 11:37:56,625 | INFO | FPS progress: 3272/4096
2025-08-22 11:37:56,725 | INFO | FPS progress: 3681/4096
2025-08-22 11:37:56,824 | INFO | FPS progress: 4090/4096
2025-08-22 11:37:56,826 | INFO | Round 1: accumulated=4096, kept=4096 (100.00%), time=910.6 ms
2025-08-22 11:37:56,826 | INFO | Requested samples 4096 >= candidates 4096; returning all indices.
2025-08-22 11:37:56,826 | INFO | Sampled points: (4096, 3), normals: (4096, 3)
2025-08-22 11:37:56,826 | INFO | Sampling time: 910.9 ms
2025-08-22 11:37:56,827 | INFO | Centering only: centroid=[-5.48495345100678, -6.811251611163085, 4.1351339396252556] | scale fixed to 1.000000 (no scaling)
2025-08-22 11:37:56,827 | INFO | Axis x stats (centered): min=-38.095796, mean=-0.000000, std=22.694963, max=47.849617
2025-08-22 11:37:56,827 | INFO | Axis y stats (centered): min=-119.364285, mean=-0.000000, std=68.656701, max=131.521150
2025-08-22 11:37:56,827 | INFO | Axis z stats (centered): min=-5.029060, mean=0.000000, std=5.879343, max=19.487128
2025-08-22 11:37:56,827 | INFO | Centering time: 0.4 ms
2025-08-22 11:37:56,827 | INFO | PCA alignment: explained variance ratio=0.8996, 0.0954, 0.0050
2025-08-22 11:37:56,828 | INFO | Rotation matrix (columns are principal axes):
[[-0.060291 -0.995707 -0.070238]
 [-0.99756   0.062586 -0.030944]
 [ 0.035207  0.068201 -0.99705 ]]
2025-08-22 11:37:56,828 | INFO | Rotation matrix det=1.000000
2025-08-22 11:37:56,829 | INFO | Orientation enforcement (flat-to-neg-z): sz=-1, width_low=71.536877, width_high=58.266314 -> sx=-1, sy=1
2025-08-22 11:37:56,829 | INFO | Orientation signs diag(S)=[-1.0, 1.0, -1.0]
2025-08-22 11:37:56,829 | INFO | PCA time: 2.5 ms
2025-08-22 11:37:56,830 | INFO | Bottom alignment: bottom_q=0.20, band_q=0.05, min_z_shift=-14.184040, xy_center=[-89.07834789054523, 10.63589575690303]
2025-08-22 11:37:56,830 | INFO | Bottom leveling time: 0.7 ms | bottom_xy_center=[-89.07834789054523, 10.63589575690303]
2025-08-22 11:37:56,830 | INFO | Requested samples 4096 >= candidates 4096; returning all indices.
2025-08-22 11:37:56,830 | INFO | Final points: (4096, 3), normals: (4096, 3)
2025-08-22 11:37:56,830 | INFO | Aligned normalized AABB min=[-31.15095743311278, -55.410464783949635, 0.0] max=[220.39585972892166, 30.759694659936514, 28.10419632259299]
2025-08-22 11:37:56,831 | INFO | Final radii percentiles: p5=19.199896, p50=95.825549, p95=199.132477; centroid_norm=90.825444
2025-08-22 11:37:56,831 | INFO | Axis x stats (final): min=-31.150957, mean=89.078348, std=68.782435, max=220.395860
2025-08-22 11:37:56,831 | INFO | Axis y stats (final): min=-55.410465, mean=-10.635896, std=22.379746, max=30.759695
2025-08-22 11:37:56,831 | INFO | Axis z stats (final): min=0.000000, mean=14.184040, std=5.611973, max=28.104196
2025-08-22 11:37:56,831 | INFO | Normal lengths: min=1.000000, mean=1.000000, max=1.000000
2025-08-22 11:37:56,831 | INFO | Final FPS time: 1.5 ms
2025-08-22 11:37:56,840 | INFO | Saved bundle (npz): D:\Cursor Repos\From p2p\data\pointcloud\insoles\058_insole_R.npz | points=(4096, 3) normals=(4096, 3)
2025-08-22 11:37:56,840 | INFO | Completed successfully.
