2025-08-19 13:00:38,634 | INFO | Input STL: D:\Cursor Repos\From p2p\data\raw\insoles\059_insole_R.stl
2025-08-19 13:00:38,634 | INFO | Output log: D:\Cursor Repos\From p2p\Log\preprocess\insoles\059_insole_R.log
2025-08-19 13:00:38,634 | INFO | Parameters: num_points=4096, candidate_multiplier=4, z_low_percent=None, z_high_percent=None, seed=None
2025-08-19 13:00:38,634 | INFO | File: size_bytes=2708584, mtime=2025-08-14 09:53:03
2025-08-19 13:00:38,634 | INFO | Env: python=3.11.13, numpy=2.1.2, trimesh=4.7.4, platform=Windows-10-10.0.26100-SP0
2025-08-19 13:00:38,754 | INFO | Mesh: vertices=27087, faces=54170
2025-08-19 13:00:38,798 | INFO | Mesh surface area: 43978.818818
2025-08-19 13:00:38,832 | INFO | Mesh volume: 114304.771699
2025-08-19 13:00:38,838 | INFO | Mesh AABB min=[-44.068599700927734, -129.2570037841797, -0.8999999761581421] max=[43.93170166015625, 130.74310302734375, 23.48419952392578]
2025-08-19 13:00:38,838 | INFO | Boundary edges: 0
2025-08-19 13:00:38,838 | INFO | Load mesh time: 203.9 ms
2025-08-19 13:00:38,838 | INFO | Surface sampling: candidates=16384 (target=4096, multiplier=4)
2025-08-19 13:00:38,860 | INFO | Running Farthest Point Sampling (FPS) to enforce even spacing
2025-08-19 13:00:38,974 | INFO | FPS progress: 409/4096
2025-08-19 13:00:39,094 | INFO | FPS progress: 818/4096
2025-08-19 13:00:39,209 | INFO | FPS progress: 1227/4096
2025-08-19 13:00:39,322 | INFO | FPS progress: 1636/4096
2025-08-19 13:00:39,435 | INFO | FPS progress: 2045/4096
2025-08-19 13:00:39,544 | INFO | FPS progress: 2454/4096
2025-08-19 13:00:39,659 | INFO | FPS progress: 2863/4096
2025-08-19 13:00:39,773 | INFO | FPS progress: 3272/4096
2025-08-19 13:00:39,889 | INFO | FPS progress: 3681/4096
2025-08-19 13:00:40,007 | INFO | FPS progress: 4090/4096
2025-08-19 13:00:40,009 | INFO | Round 1: accumulated=4096, kept=4096 (100.00%), time=1171.2 ms
2025-08-19 13:00:40,009 | INFO | Requested samples 4096 >= candidates 4096; returning all indices.
2025-08-19 13:00:40,011 | INFO | Sampled points: (4096, 3), normals: (4096, 3)
2025-08-19 13:00:40,011 | INFO | Sampling time: 1171.9 ms
2025-08-19 13:00:40,011 | INFO | Centering only: centroid=[-4.870585103228758, -6.0529067207225635, 4.02713638654811] | scale fixed to 1.000000 (no scaling)
2025-08-19 13:00:40,011 | INFO | Axis x stats (centered): min=-39.105755, mean=-0.000000, std=23.029278, max=48.726697
2025-08-19 13:00:40,012 | INFO | Axis y stats (centered): min=-123.143718, mean=-0.000000, std=70.985292, max=136.574774
2025-08-19 13:00:40,012 | INFO | Axis z stats (centered): min=-4.923227, mean=-0.000000, std=5.745710, max=19.168596
2025-08-19 13:00:40,012 | INFO | Centering time: 1.0 ms
2025-08-19 13:00:40,013 | INFO | PCA alignment: explained variance ratio=0.9032, 0.0922, 0.0046
2025-08-19 13:00:40,023 | INFO | Rotation matrix (columns are principal axes):
[[-0.058623 -0.996176 -0.064781]
 [-0.997737  0.060607 -0.029107]
 [ 0.032922  0.062928 -0.997475]]
2025-08-19 13:00:40,023 | INFO | Rotation matrix det=1.000000
2025-08-19 13:00:40,024 | INFO | Orientation enforcement: mean_nz=-0.001471 -> sz=-1, width_low=72.829563, width_high=58.579581 -> sx=-1, sy=1
2025-08-19 13:00:40,025 | INFO | Orientation signs diag(S)=[-1.0, 1.0, -1.0]
2025-08-19 13:00:40,025 | INFO | PCA time: 13.3 ms
2025-08-19 13:00:40,025 | INFO | Requested samples 4096 >= candidates 4096; returning all indices.
2025-08-19 13:00:40,025 | INFO | Final points: (4096, 3), normals: (4096, 3)
2025-08-19 13:00:40,026 | INFO | Aligned normalized AABB min=[-123.769690682237, -45.80828702583996, -9.843548587452984] max=[136.70764553744533, 42.523326623974654, 16.24021774030338]
2025-08-19 13:00:40,026 | INFO | Final radii percentiles: p5=18.740160, p50=65.230282, p95=120.709253; centroid_norm=0.000000
2025-08-19 13:00:40,026 | INFO | Axis x stats (final): min=-123.769691, mean=-0.000000, std=71.132725, max=136.707646
2025-08-19 13:00:40,026 | INFO | Axis y stats (final): min=-45.808287, mean=0.000000, std=22.733150, max=42.523327
2025-08-19 13:00:40,026 | INFO | Axis z stats (final): min=-9.843549, mean=-0.000000, std=5.060815, max=16.240218
2025-08-19 13:00:40,026 | INFO | Normal lengths: min=1.000000, mean=1.000000, max=1.000000
2025-08-19 13:00:40,026 | INFO | Final FPS time: 1.5 ms
2025-08-19 13:00:40,054 | INFO | Saved bundle (npz): D:\Cursor Repos\From p2p\data\pointcloud\insoles\059_insole_R.npz | points=(4096, 3) normals=(4096, 3)
2025-08-19 13:00:40,054 | INFO | Completed successfully.
