2025-08-19 13:00:41,510 | INFO | Input STL: D:\Cursor Repos\From p2p\data\raw\insoles\060_insole_R.stl
2025-08-19 13:00:41,510 | INFO | Output log: D:\Cursor Repos\From p2p\Log\preprocess\insoles\060_insole_R.log
2025-08-19 13:00:41,510 | INFO | Parameters: num_points=4096, candidate_multiplier=4, z_low_percent=None, z_high_percent=None, seed=None
2025-08-19 13:00:41,511 | INFO | File: size_bytes=2599584, mtime=2025-08-14 10:06:37
2025-08-19 13:00:41,511 | INFO | Env: python=3.11.13, numpy=2.1.2, trimesh=4.7.4, platform=Windows-10-10.0.26100-SP0
2025-08-19 13:00:41,632 | INFO | Mesh: vertices=25997, faces=51990
2025-08-19 13:00:41,681 | INFO | Mesh surface area: 40217.034195
2025-08-19 13:00:41,716 | INFO | Mesh volume: 100736.648159
2025-08-19 13:00:41,721 | INFO | Mesh AABB min=[-42.27750015258789, -123.70790100097656, -0.8956999778747559] max=[42.722198486328125, 123.29219818115234, 21.027099609375]
2025-08-19 13:00:41,721 | INFO | Boundary edges: 0
2025-08-19 13:00:41,721 | INFO | Load mesh time: 209.7 ms
2025-08-19 13:00:41,721 | INFO | Surface sampling: candidates=16384 (target=4096, multiplier=4)
2025-08-19 13:00:41,745 | INFO | Running Farthest Point Sampling (FPS) to enforce even spacing
2025-08-19 13:00:41,860 | INFO | FPS progress: 409/4096
2025-08-19 13:00:41,972 | INFO | FPS progress: 818/4096
2025-08-19 13:00:42,086 | INFO | FPS progress: 1227/4096
2025-08-19 13:00:42,198 | INFO | FPS progress: 1636/4096
2025-08-19 13:00:42,314 | INFO | FPS progress: 2045/4096
2025-08-19 13:00:42,422 | INFO | FPS progress: 2454/4096
2025-08-19 13:00:42,535 | INFO | FPS progress: 2863/4096
2025-08-19 13:00:42,652 | INFO | FPS progress: 3272/4096
2025-08-19 13:00:42,771 | INFO | FPS progress: 3681/4096
2025-08-19 13:00:42,890 | INFO | FPS progress: 4090/4096
2025-08-19 13:00:42,893 | INFO | Round 1: accumulated=4096, kept=4096 (100.00%), time=1171.8 ms
2025-08-19 13:00:42,893 | INFO | Requested samples 4096 >= candidates 4096; returning all indices.
2025-08-19 13:00:42,893 | INFO | Sampled points: (4096, 3), normals: (4096, 3)
2025-08-19 13:00:42,893 | INFO | Sampling time: 1172.3 ms
2025-08-19 13:00:42,893 | INFO | Centering only: centroid=[-4.1343433314050015, -5.025443708733833, 3.816763127716712] | scale fixed to 1.000000 (no scaling)
2025-08-19 13:00:42,893 | INFO | Axis x stats (centered): min=-38.121755, mean=0.000000, std=22.254692, max=46.616797
2025-08-19 13:00:42,893 | INFO | Axis y stats (centered): min=-118.676230, mean=-0.000000, std=67.110357, max=128.209538
2025-08-19 13:00:42,894 | INFO | Axis z stats (centered): min=-4.711816, mean=-0.000000, std=5.344511, max=17.162573
2025-08-19 13:00:42,894 | INFO | Centering time: 0.8 ms
2025-08-19 13:00:42,894 | INFO | PCA alignment: explained variance ratio=0.8992, 0.0963, 0.0045
2025-08-19 13:00:42,894 | INFO | Rotation matrix (columns are principal axes):
[[-0.056052 -0.996882 -0.055546]
 [-0.997906  0.057734 -0.029155]
 [ 0.032271  0.053795 -0.99803 ]]
2025-08-19 13:00:42,894 | INFO | Rotation matrix det=1.000000
2025-08-19 13:00:42,896 | INFO | Orientation enforcement: mean_nz=0.002537 -> sz=1, width_low=71.598779, width_high=57.809044 -> sx=-1, sy=-1
2025-08-19 13:00:42,896 | INFO | Orientation signs diag(S)=[-1.0, -1.0, 1.0]
2025-08-19 13:00:42,896 | INFO | PCA time: 2.0 ms
2025-08-19 13:00:42,896 | INFO | Requested samples 4096 >= candidates 4096; returning all indices.
2025-08-19 13:00:42,896 | INFO | Final points: (4096, 3), normals: (4096, 3)
2025-08-19 13:00:42,897 | INFO | Aligned normalized AABB min=[-119.30183216297907, -41.07676217853251, -14.644265531839832] max=[128.13357953283747, 43.91821175111412, 9.178458375794454]
2025-08-19 13:00:42,897 | INFO | Final radii percentiles: p5=18.081333, p50=61.663617, p95=114.504230; centroid_norm=0.000000
2025-08-19 13:00:42,897 | INFO | Axis x stats (final): min=-119.301832, mean=-0.000000, std=67.238977, max=128.133580
2025-08-19 13:00:42,897 | INFO | Axis y stats (final): min=-41.076762, mean=0.000000, std=22.000260, max=43.918212
2025-08-19 13:00:42,897 | INFO | Axis z stats (final): min=-14.644266, mean=0.000000, std=4.748004, max=9.178458
2025-08-19 13:00:42,898 | INFO | Normal lengths: min=1.000000, mean=1.000000, max=1.000000
2025-08-19 13:00:42,898 | INFO | Final FPS time: 1.9 ms
2025-08-19 13:00:42,923 | INFO | Saved bundle (npz): D:\Cursor Repos\From p2p\data\pointcloud\insoles\060_insole_R.npz | points=(4096, 3) normals=(4096, 3)
2025-08-19 13:00:42,923 | INFO | Completed successfully.
