2025-08-22 11:38:04,467 | INFO | Input STL: D:\Cursor Repos\From p2p\data\raw\insoles\061_insole_R.stl
2025-08-22 11:38:04,467 | INFO | Output log: D:\Cursor Repos\From p2p\Log\preprocess\insoles\061_insole_R.log
2025-08-22 11:38:04,467 | INFO | Parameters: num_points=4096, candidate_multiplier=4, z_low_percent=None, z_high_percent=None, seed=None
2025-08-22 11:38:04,467 | INFO | File: size_bytes=42820784, mtime=2025-08-07 13:53:54
2025-08-22 11:38:04,467 | INFO | Env: python=3.11.13, numpy=2.3.2, trimesh=4.7.4, platform=Windows-10-10.0.26100-SP0
2025-08-22 11:38:06,006 | INFO | Mesh: vertices=428209, faces=856414
2025-08-22 11:38:06,595 | INFO | Mesh surface area: 29049.127105
2025-08-22 11:38:06,979 | INFO | Mesh volume: 72332.882252
2025-08-22 11:38:07,030 | INFO | Mesh AABB min=[-35.5161018371582, -101.76110076904297, -0.8934999704360962] max=[34.48379898071289, 103.23899841308594, 23.50589942932129]
2025-08-22 11:38:07,030 | INFO | Boundary edges: 0
2025-08-22 11:38:07,030 | INFO | Load mesh time: 2562.1 ms
2025-08-22 11:38:07,030 | INFO | Surface sampling: candidates=16384 (target=4096, multiplier=4)
2025-08-22 11:38:07,198 | INFO | Running Farthest Point Sampling (FPS) to enforce even spacing
2025-08-22 11:38:07,276 | INFO | FPS progress: 409/4096
2025-08-22 11:38:07,354 | INFO | FPS progress: 818/4096
2025-08-22 11:38:07,438 | INFO | FPS progress: 1227/4096
2025-08-22 11:38:07,529 | INFO | FPS progress: 1636/4096
2025-08-22 11:38:07,619 | INFO | FPS progress: 2045/4096
2025-08-22 11:38:07,715 | INFO | FPS progress: 2454/4096
2025-08-22 11:38:07,818 | INFO | FPS progress: 2863/4096
2025-08-22 11:38:07,908 | INFO | FPS progress: 3272/4096
2025-08-22 11:38:08,020 | INFO | FPS progress: 3681/4096
2025-08-22 11:38:08,096 | INFO | FPS progress: 4090/4096
2025-08-22 11:38:08,097 | INFO | Round 1: accumulated=4096, kept=4096 (100.00%), time=1067.4 ms
2025-08-22 11:38:08,097 | INFO | Requested samples 4096 >= candidates 4096; returning all indices.
2025-08-22 11:38:08,098 | INFO | Sampled points: (4096, 3), normals: (4096, 3)
2025-08-22 11:38:08,098 | INFO | Sampling time: 1067.8 ms
2025-08-22 11:38:08,098 | INFO | Centering only: centroid=[-4.652424383531406, -5.508909064130557, 4.337692864097407] | scale fixed to 1.000000 (no scaling)
2025-08-22 11:38:08,098 | INFO | Axis x stats (centered): min=-30.820353, mean=-0.000000, std=18.610868, max=39.085200
2025-08-22 11:38:08,098 | INFO | Axis y stats (centered): min=-96.107711, mean=0.000000, std=55.953496, max=108.581626
2025-08-22 11:38:08,098 | INFO | Axis z stats (centered): min=-5.231193, mean=-0.000000, std=5.928963, max=18.858648
2025-08-22 11:38:08,098 | INFO | Centering time: 0.6 ms
2025-08-22 11:38:08,099 | INFO | PCA alignment: explained variance ratio=0.8965, 0.0961, 0.0073
2025-08-22 11:38:08,099 | INFO | Rotation matrix (columns are principal axes):
[[-0.062271 -0.994645 -0.082489]
 [-0.996874  0.066011 -0.043418]
 [ 0.04863   0.079528 -0.995646]]
2025-08-22 11:38:08,099 | INFO | Rotation matrix det=1.000000
2025-08-22 11:38:08,100 | INFO | Orientation enforcement (flat-to-neg-z): sz=-1, width_low=58.970823, width_high=46.115089 -> sx=-1, sy=1
2025-08-22 11:38:08,100 | INFO | Orientation signs diag(S)=[-1.0, 1.0, -1.0]
2025-08-22 11:38:08,100 | INFO | PCA time: 2.0 ms
2025-08-22 11:38:08,101 | INFO | Bottom alignment: bottom_q=0.20, band_q=0.05, min_z_shift=-14.622217, xy_center=[-72.08853686007754, 7.178442564774086]
2025-08-22 11:38:08,101 | INFO | Bottom leveling time: 0.6 ms | bottom_xy_center=[-72.08853686007754, 7.178442564774086]
2025-08-22 11:38:08,101 | INFO | Requested samples 4096 >= candidates 4096; returning all indices.
2025-08-22 11:38:08,101 | INFO | Final points: (4096, 3), normals: (4096, 3)
2025-08-22 11:38:08,102 | INFO | Aligned normalized AABB min=[-25.284136651679262, -43.37703261901954, 0.0] max=[180.56989678780133, 26.54143565369437, 27.742306533658248]
2025-08-22 11:38:08,102 | INFO | Final radii percentiles: p5=16.458945, p50=77.086982, p95=163.817773; centroid_norm=73.905997
2025-08-22 11:38:08,102 | INFO | Axis x stats (final): min=-25.284137, mean=72.088537, std=56.075580, max=180.569897
2025-08-22 11:38:08,102 | INFO | Axis y stats (final): min=-43.377033, mean=-7.178443, std=18.349012, max=26.541436
2025-08-22 11:38:08,102 | INFO | Axis z stats (final): min=0.000000, mean=14.622217, std=5.581555, max=27.742307
2025-08-22 11:38:08,102 | INFO | Normal lengths: min=1.000000, mean=1.000000, max=1.000000
2025-08-22 11:38:08,102 | INFO | Final FPS time: 1.2 ms
2025-08-22 11:38:08,110 | INFO | Saved bundle (npz): D:\Cursor Repos\From p2p\data\pointcloud\insoles\061_insole_R.npz | points=(4096, 3) normals=(4096, 3)
2025-08-22 11:38:08,110 | INFO | Completed successfully.
