2025-08-19 13:00:54,934 | INFO | Input STL: D:\Cursor Repos\From p2p\data\raw\insoles\062_insole_R.stl
2025-08-19 13:00:54,934 | INFO | Output log: D:\Cursor Repos\From p2p\Log\preprocess\insoles\062_insole_R.log
2025-08-19 13:00:54,934 | INFO | Parameters: num_points=4096, candidate_multiplier=4, z_low_percent=None, z_high_percent=None, seed=None
2025-08-19 13:00:54,934 | INFO | File: size_bytes=3069484, mtime=2025-08-13 14:54:15
2025-08-19 13:00:54,935 | INFO | Env: python=3.11.13, numpy=2.1.2, trimesh=4.7.4, platform=Windows-10-10.0.26100-SP0
2025-08-19 13:00:55,146 | INFO | Mesh: vertices=30694, faces=61388
2025-08-19 13:00:55,196 | WARNING | Mesh is not watertight; surface sampling may include boundary artifacts
2025-08-19 13:00:55,205 | INFO | Mesh surface area: 42762.446506
2025-08-19 13:00:55,247 | INFO | Mesh volume: 116320.016928
2025-08-19 13:00:55,252 | INFO | Mesh AABB min=[-43.097999572753906, -125.76180267333984, -0.896399974822998] max=[41.902000427246094, 124.23809814453125, 28.911399841308594]
2025-08-19 13:00:55,252 | INFO | Boundary edges: 0
2025-08-19 13:00:55,252 | INFO | Load mesh time: 317.1 ms
2025-08-19 13:00:55,252 | INFO | Surface sampling: candidates=16384 (target=4096, multiplier=4)
2025-08-19 13:00:55,279 | INFO | Running Farthest Point Sampling (FPS) to enforce even spacing
2025-08-19 13:00:55,388 | INFO | FPS progress: 409/4096
2025-08-19 13:00:55,504 | INFO | FPS progress: 818/4096
2025-08-19 13:00:55,615 | INFO | FPS progress: 1227/4096
2025-08-19 13:00:55,731 | INFO | FPS progress: 1636/4096
2025-08-19 13:00:55,854 | INFO | FPS progress: 2045/4096
2025-08-19 13:00:55,973 | INFO | FPS progress: 2454/4096
2025-08-19 13:00:56,087 | INFO | FPS progress: 2863/4096
2025-08-19 13:00:56,195 | INFO | FPS progress: 3272/4096
2025-08-19 13:00:56,306 | INFO | FPS progress: 3681/4096
2025-08-19 13:00:56,420 | INFO | FPS progress: 4090/4096
2025-08-19 13:00:56,423 | INFO | Round 1: accumulated=4096, kept=4096 (100.00%), time=1170.6 ms
2025-08-19 13:00:56,423 | INFO | Requested samples 4096 >= candidates 4096; returning all indices.
2025-08-19 13:00:56,424 | INFO | Sampled points: (4096, 3), normals: (4096, 3)
2025-08-19 13:00:56,424 | INFO | Sampling time: 1171.6 ms
2025-08-19 13:00:56,424 | INFO | Centering only: centroid=[-5.597228719485758, -9.964556572334157, 5.078071092449534] | scale fixed to 1.000000 (no scaling)
2025-08-19 13:00:56,424 | INFO | Axis x stats (centered): min=-37.379572, mean=-0.000000, std=22.372804, max=47.472820
2025-08-19 13:00:56,424 | INFO | Axis y stats (centered): min=-115.630942, mean=-0.000000, std=68.746064, max=133.990263
2025-08-19 13:00:56,424 | INFO | Axis z stats (centered): min=-5.973577, mean=-0.000000, std=7.058971, max=23.528345
2025-08-19 13:00:56,424 | INFO | Centering time: 0.7 ms
2025-08-19 13:00:56,425 | INFO | PCA alignment: explained variance ratio=0.9008, 0.0924, 0.0067
2025-08-19 13:00:56,426 | INFO | Rotation matrix (columns are principal axes):
[[-0.060559 -0.995025 -0.07911 ]
 [-0.996917  0.064254 -0.045023]
 [ 0.049882  0.076139 -0.995849]]
2025-08-19 13:00:56,426 | INFO | Rotation matrix det=1.000000
2025-08-19 13:00:56,426 | INFO | Orientation enforcement: mean_nz=0.005454 -> sz=1, width_low=70.649320, width_high=56.850993 -> sx=-1, sy=-1
2025-08-19 13:00:56,426 | INFO | Orientation signs diag(S)=[-1.0, -1.0, 1.0]
2025-08-19 13:00:56,426 | INFO | PCA time: 2.2 ms
2025-08-19 13:00:56,426 | INFO | Requested samples 4096 >= candidates 4096; returning all indices.
2025-08-19 13:00:56,427 | INFO | Final points: (4096, 3), normals: (4096, 3)
2025-08-19 13:00:56,428 | INFO | Aligned normalized AABB min=[-116.43818244381079, -40.999135343515945, -16.92277834549687] max=[134.12388330757503, 44.073129797770996, 12.56118172863808]
2025-08-19 13:00:56,428 | INFO | Final radii percentiles: p5=18.276205, p50=63.631482, p95=115.198490; centroid_norm=0.000000
2025-08-19 13:00:56,428 | INFO | Axis x stats (final): min=-116.438182, mean=-0.000000, std=68.943419, max=134.123883
2025-08-19 13:00:56,428 | INFO | Axis y stats (final): min=-40.999135, mean=-0.000000, std=22.084597, max=44.073130
2025-08-19 13:00:56,429 | INFO | Axis z stats (final): min=-16.922778, mean=0.000000, std=5.955526, max=12.561182
2025-08-19 13:00:56,429 | INFO | Normal lengths: min=1.000000, mean=1.000000, max=1.000000
2025-08-19 13:00:56,429 | INFO | Final FPS time: 2.9 ms
2025-08-19 13:00:56,456 | INFO | Saved bundle (npz): D:\Cursor Repos\From p2p\data\pointcloud\insoles\062_insole_R.npz | points=(4096, 3) normals=(4096, 3)
2025-08-19 13:00:56,456 | INFO | Completed successfully.
