2025-08-19 13:01:01,235 | INFO | Input STL: D:\Cursor Repos\From p2p\data\raw\insoles\064_insole_L.stl
2025-08-19 13:01:01,235 | INFO | Output log: D:\Cursor Repos\From p2p\Log\preprocess\insoles\064_insole_L.log
2025-08-19 13:01:01,235 | INFO | Parameters: num_points=4096, candidate_multiplier=4, z_low_percent=None, z_high_percent=None, seed=None
2025-08-19 13:01:01,236 | INFO | File: size_bytes=2800284, mtime=2025-08-13 13:42:03
2025-08-19 13:01:01,236 | INFO | Env: python=3.11.13, numpy=2.1.2, trimesh=4.7.4, platform=Windows-10-10.0.26100-SP0
2025-08-19 13:01:01,355 | INFO | Mesh: vertices=28004, faces=56004
2025-08-19 13:01:01,414 | INFO | Mesh surface area: 27836.280538
2025-08-19 13:01:01,453 | INFO | Mesh volume: 67128.268207
2025-08-19 13:01:01,458 | INFO | Mesh AABB min=[-35.040401458740234, -98.22810363769531, -0.8974000215530396] max=[34.95970153808594, 96.77200317382812, 23.168500900268555]
2025-08-19 13:01:01,458 | INFO | Boundary edges: 0
2025-08-19 13:01:01,458 | INFO | Load mesh time: 222.5 ms
2025-08-19 13:01:01,458 | INFO | Surface sampling: candidates=16384 (target=4096, multiplier=4)
2025-08-19 13:01:01,483 | INFO | Running Farthest Point Sampling (FPS) to enforce even spacing
2025-08-19 13:01:01,597 | INFO | FPS progress: 409/4096
2025-08-19 13:01:01,714 | INFO | FPS progress: 818/4096
2025-08-19 13:01:01,823 | INFO | FPS progress: 1227/4096
2025-08-19 13:01:01,932 | INFO | FPS progress: 1636/4096
2025-08-19 13:01:02,043 | INFO | FPS progress: 2045/4096
2025-08-19 13:01:02,158 | INFO | FPS progress: 2454/4096
2025-08-19 13:01:02,278 | INFO | FPS progress: 2863/4096
2025-08-19 13:01:02,391 | INFO | FPS progress: 3272/4096
2025-08-19 13:01:02,505 | INFO | FPS progress: 3681/4096
2025-08-19 13:01:02,621 | INFO | FPS progress: 4090/4096
2025-08-19 13:01:02,624 | INFO | Round 1: accumulated=4096, kept=4096 (100.00%), time=1164.9 ms
2025-08-19 13:01:02,629 | INFO | Requested samples 4096 >= candidates 4096; returning all indices.
2025-08-19 13:01:02,630 | INFO | Sampled points: (4096, 3), normals: (4096, 3)
2025-08-19 13:01:02,630 | INFO | Sampling time: 1171.9 ms
2025-08-19 13:01:02,632 | INFO | Centering only: centroid=[4.1656135417775815, -7.425165105473711, 4.365153842909201] | scale fixed to 1.000000 (no scaling)
2025-08-19 13:01:02,632 | INFO | Axis x stats (centered): min=-39.199865, mean=-0.000000, std=18.591539, max=30.568741
2025-08-19 13:01:02,633 | INFO | Axis y stats (centered): min=-90.702565, mean=0.000000, std=53.552005, max=103.992432
2025-08-19 13:01:02,633 | INFO | Axis z stats (centered): min=-5.262107, mean=0.000000, std=5.963537, max=18.750388
2025-08-19 13:01:02,633 | INFO | Centering time: 1.3 ms
2025-08-19 13:01:02,633 | INFO | PCA alignment: explained variance ratio=0.8884, 0.1037, 0.0079
2025-08-19 13:01:02,634 | INFO | Rotation matrix (columns are principal axes):
[[-0.065853  0.994217  0.08483 ]
 [ 0.996446  0.069999 -0.046857]
 [-0.052524  0.081443 -0.995293]]
2025-08-19 13:01:02,634 | INFO | Rotation matrix det=1.000000
2025-08-19 13:01:02,635 | INFO | Orientation enforcement: mean_nz=0.006214 -> sz=1, width_low=45.626610, width_high=58.393352 -> sx=1, sy=1
2025-08-19 13:01:02,635 | INFO | Orientation signs diag(S)=[1.0, 1.0, 1.0]
2025-08-19 13:01:02,635 | INFO | PCA time: 2.8 ms
2025-08-19 13:01:02,635 | INFO | Requested samples 4096 >= candidates 4096; returning all indices.
2025-08-19 13:01:02,635 | INFO | Final points: (4096, 3), normals: (4096, 3)
2025-08-19 13:01:02,637 | INFO | Aligned normalized AABB min=[-91.64393340812508, -36.50525429595428, -14.664465612631913] max=[103.98212845017902, 33.480341901313295, 10.722007287532987]
2025-08-19 13:01:02,637 | INFO | Final radii percentiles: p5=15.243495, p50=50.115172, p95=90.210579; centroid_norm=0.000000
2025-08-19 13:01:02,637 | INFO | Axis x stats (final): min=-91.643933, mean=0.000000, std=53.727014, max=103.982128
2025-08-19 13:01:02,637 | INFO | Axis y stats (final): min=-36.505254, mean=-0.000000, std=18.352862, max=33.480342
2025-08-19 13:01:02,637 | INFO | Axis z stats (final): min=-14.664466, mean=-0.000000, std=5.060304, max=10.722007
2025-08-19 13:01:02,638 | INFO | Normal lengths: min=1.000000, mean=1.000000, max=1.000000
2025-08-19 13:01:02,638 | INFO | Final FPS time: 2.6 ms
2025-08-19 13:01:02,666 | INFO | Saved bundle (npz): D:\Cursor Repos\From p2p\data\pointcloud\insoles\064_insole_L.npz | points=(4096, 3) normals=(4096, 3)
2025-08-19 13:01:02,667 | INFO | Completed successfully.
