2025-08-22 11:38:15,071 | INFO | Input STL: D:\Cursor Repos\From p2p\data\raw\insoles\064_insole_R.stl
2025-08-22 11:38:15,071 | INFO | Output log: D:\Cursor Repos\From p2p\Log\preprocess\insoles\064_insole_R.log
2025-08-22 11:38:15,072 | INFO | Parameters: num_points=4096, candidate_multiplier=4, z_low_percent=None, z_high_percent=None, seed=None
2025-08-22 11:38:15,072 | INFO | File: size_bytes=2815084, mtime=2025-08-13 13:42:06
2025-08-22 11:38:15,072 | INFO | Env: python=3.11.13, numpy=2.3.2, trimesh=4.7.4, platform=Windows-10-10.0.26100-SP0
2025-08-22 11:38:15,152 | INFO | Mesh: vertices=28152, faces=56300
2025-08-22 11:38:15,195 | INFO | Mesh surface area: 27836.268660
2025-08-22 11:38:15,219 | INFO | Mesh volume: 67128.209280
2025-08-22 11:38:15,222 | INFO | Mesh AABB min=[-34.95970153808594, -98.22810363769531, -0.8974000215530396] max=[35.040401458740234, 96.77200317382812, 23.168500900268555]
2025-08-22 11:38:15,223 | INFO | Boundary edges: 0
2025-08-22 11:38:15,223 | INFO | Load mesh time: 150.8 ms
2025-08-22 11:38:15,223 | INFO | Surface sampling: candidates=16384 (target=4096, multiplier=4)
2025-08-22 11:38:15,239 | INFO | Running Farthest Point Sampling (FPS) to enforce even spacing
2025-08-22 11:38:15,323 | INFO | FPS progress: 409/4096
2025-08-22 11:38:15,407 | INFO | FPS progress: 818/4096
2025-08-22 11:38:15,489 | INFO | FPS progress: 1227/4096
2025-08-22 11:38:15,576 | INFO | FPS progress: 1636/4096
2025-08-22 11:38:15,658 | INFO | FPS progress: 2045/4096
2025-08-22 11:38:15,743 | INFO | FPS progress: 2454/4096
2025-08-22 11:38:15,827 | INFO | FPS progress: 2863/4096
2025-08-22 11:38:15,913 | INFO | FPS progress: 3272/4096
2025-08-22 11:38:15,997 | INFO | FPS progress: 3681/4096
2025-08-22 11:38:16,080 | INFO | FPS progress: 4090/4096
2025-08-22 11:38:16,082 | INFO | Round 1: accumulated=4096, kept=4096 (100.00%), time=859.4 ms
2025-08-22 11:38:16,082 | INFO | Requested samples 4096 >= candidates 4096; returning all indices.
2025-08-22 11:38:16,082 | INFO | Sampled points: (4096, 3), normals: (4096, 3)
2025-08-22 11:38:16,082 | INFO | Sampling time: 859.8 ms
2025-08-22 11:38:16,082 | INFO | Centering only: centroid=[-4.191171306624523, -7.80423685657813, 4.33925236184115] | scale fixed to 1.000000 (no scaling)
2025-08-22 11:38:16,082 | INFO | Axis x stats (centered): min=-30.725763, mean=0.000000, std=18.515355, max=39.140374
2025-08-22 11:38:16,082 | INFO | Axis y stats (centered): min=-90.404500, mean=-0.000000, std=53.327710, max=104.404202
2025-08-22 11:38:16,083 | INFO | Axis z stats (centered): min=-5.234522, mean=-0.000000, std=5.913150, max=18.801727
2025-08-22 11:38:16,083 | INFO | Centering time: 0.6 ms
2025-08-22 11:38:16,083 | INFO | PCA alignment: explained variance ratio=0.8880, 0.1041, 0.0079
2025-08-22 11:38:16,084 | INFO | Rotation matrix (columns are principal axes):
[[-0.061298 -0.994601 -0.083732]
 [-0.996797  0.065318 -0.046141]
 [ 0.051361  0.080636 -0.995419]]
2025-08-22 11:38:16,084 | INFO | Rotation matrix det=1.000000
2025-08-22 11:38:16,085 | INFO | Orientation enforcement (flat-to-neg-z): sz=-1, width_low=58.289490, width_high=46.629248 -> sx=-1, sy=1
2025-08-22 11:38:16,085 | INFO | Orientation signs diag(S)=[-1.0, 1.0, -1.0]
2025-08-22 11:38:16,085 | INFO | PCA time: 2.1 ms
2025-08-22 11:38:16,086 | INFO | Bottom alignment: bottom_q=0.20, band_q=0.05, min_z_shift=-14.840346, xy_center=[-67.32129123677657, 6.91897958078089]
2025-08-22 11:38:16,086 | INFO | Bottom leveling time: 1.1 ms | bottom_xy_center=[-67.32129123677657, 6.91897958078089]
2025-08-22 11:38:16,086 | INFO | Requested samples 4096 >= candidates 4096; returning all indices.
2025-08-22 11:38:16,086 | INFO | Final points: (4096, 3), normals: (4096, 3)
2025-08-22 11:38:16,087 | INFO | Aligned normalized AABB min=[-24.37355045568394, -43.28353432331319, 0.0] max=[171.3171485865061, 26.45839131252255, 26.88870320770495]
2025-08-22 11:38:16,087 | INFO | Final radii percentiles: p5=16.293615, p50=71.613645, p95=155.407697; centroid_norm=69.283941
2025-08-22 11:38:16,087 | INFO | Axis x stats (final): min=-24.373550, mean=67.321291, std=53.439286, max=171.317149
2025-08-22 11:38:16,087 | INFO | Axis y stats (final): min=-43.283534, mean=-6.918980, std=18.288423, max=26.458391
2025-08-22 11:38:16,087 | INFO | Axis z stats (final): min=0.000000, mean=14.840346, std=5.603986, max=26.888703
2025-08-22 11:38:16,087 | INFO | Normal lengths: min=1.000000, mean=1.000000, max=1.000000
2025-08-22 11:38:16,087 | INFO | Final FPS time: 1.2 ms
2025-08-22 11:38:16,096 | INFO | Saved bundle (npz): D:\Cursor Repos\From p2p\data\pointcloud\insoles\064_insole_R.npz | points=(4096, 3) normals=(4096, 3)
2025-08-22 11:38:16,096 | INFO | Completed successfully.
