2025-08-22 11:38:17,141 | INFO | Input STL: D:\Cursor Repos\From p2p\data\raw\insoles\065_insole_R.stl
2025-08-22 11:38:17,141 | INFO | Output log: D:\Cursor Repos\From p2p\Log\preprocess\insoles\065_insole_R.log
2025-08-22 11:38:17,141 | INFO | Parameters: num_points=4096, candidate_multiplier=4, z_low_percent=None, z_high_percent=None, seed=None
2025-08-22 11:38:17,141 | INFO | File: size_bytes=2720984, mtime=2025-08-07 13:51:42
2025-08-22 11:38:17,141 | INFO | Env: python=3.11.13, numpy=2.3.2, trimesh=4.7.4, platform=Windows-10-10.0.26100-SP0
2025-08-22 11:38:17,225 | INFO | Mesh: vertices=27211, faces=54418
2025-08-22 11:38:17,264 | INFO | Mesh surface area: 35482.295410
2025-08-22 11:38:17,287 | INFO | Mesh volume: 86882.998393
2025-08-22 11:38:17,291 | INFO | Mesh AABB min=[-39.006900787353516, -115.6240005493164, -0.89410001039505] max=[38.980499267578125, 115.26490020751953, 23.662500381469727]
2025-08-22 11:38:17,291 | INFO | Boundary edges: 0
2025-08-22 11:38:17,291 | INFO | Load mesh time: 148.8 ms
2025-08-22 11:38:17,291 | INFO | Surface sampling: candidates=16384 (target=4096, multiplier=4)
2025-08-22 11:38:17,306 | INFO | Running Farthest Point Sampling (FPS) to enforce even spacing
2025-08-22 11:38:17,397 | INFO | FPS progress: 409/4096
2025-08-22 11:38:17,476 | INFO | FPS progress: 818/4096
2025-08-22 11:38:17,557 | INFO | FPS progress: 1227/4096
2025-08-22 11:38:17,637 | INFO | FPS progress: 1636/4096
2025-08-22 11:38:17,721 | INFO | FPS progress: 2045/4096
2025-08-22 11:38:17,809 | INFO | FPS progress: 2454/4096
2025-08-22 11:38:17,891 | INFO | FPS progress: 2863/4096
2025-08-22 11:38:17,970 | INFO | FPS progress: 3272/4096
2025-08-22 11:38:18,051 | INFO | FPS progress: 3681/4096
2025-08-22 11:38:18,142 | INFO | FPS progress: 4090/4096
2025-08-22 11:38:18,145 | INFO | Round 1: accumulated=4096, kept=4096 (100.00%), time=854.4 ms
2025-08-22 11:38:18,146 | INFO | Requested samples 4096 >= candidates 4096; returning all indices.
2025-08-22 11:38:18,146 | INFO | Sampled points: (4096, 3), normals: (4096, 3)
2025-08-22 11:38:18,146 | INFO | Sampling time: 854.9 ms
2025-08-22 11:38:18,146 | INFO | Centering only: centroid=[-4.62934724304379, -6.109209485408275, 4.115124752437825] | scale fixed to 1.000000 (no scaling)
2025-08-22 11:38:18,146 | INFO | Axis x stats (centered): min=-34.341893, mean=-0.000000, std=20.547712, max=43.560114
2025-08-22 11:38:18,146 | INFO | Axis y stats (centered): min=-109.418291, mean=-0.000000, std=62.735120, max=121.034652
2025-08-22 11:38:18,146 | INFO | Axis z stats (centered): min=-5.008916, mean=0.000000, std=5.729850, max=19.532530
2025-08-22 11:38:18,146 | INFO | Centering time: 0.4 ms
2025-08-22 11:38:18,146 | INFO | PCA alignment: explained variance ratio=0.9002, 0.0941, 0.0057
2025-08-22 11:38:18,147 | INFO | Rotation matrix (columns are principal axes):
[[-0.056146 -0.995814 -0.072128]
 [-0.997677  0.058748 -0.034477]
 [ 0.03857   0.070025 -0.996799]]
2025-08-22 11:38:18,147 | INFO | Rotation matrix det=1.000000
2025-08-22 11:38:18,148 | INFO | Orientation enforcement (flat-to-neg-z): sz=-1, width_low=64.875115, width_high=51.612456 -> sx=-1, sy=1
2025-08-22 11:38:18,148 | INFO | Orientation signs diag(S)=[-1.0, 1.0, -1.0]
2025-08-22 11:38:18,148 | INFO | PCA time: 2.3 ms
2025-08-22 11:38:18,149 | INFO | Bottom alignment: bottom_q=0.20, band_q=0.05, min_z_shift=-13.817507, xy_center=[-81.8347880715601, 8.653604155189266]
2025-08-22 11:38:18,149 | INFO | Bottom leveling time: 0.9 ms | bottom_xy_center=[-81.8347880715601, 8.653604155189266]
2025-08-22 11:38:18,149 | INFO | Requested samples 4096 >= candidates 4096; returning all indices.
2025-08-22 11:38:18,149 | INFO | Final points: (4096, 3), normals: (4096, 3)
2025-08-22 11:38:18,150 | INFO | Aligned normalized AABB min=[-28.62438616886665, -49.187030462845065, 0.0] max=[202.5344298292996, 28.540155656185235, 27.662984838007667]
2025-08-22 11:38:18,150 | INFO | Final radii percentiles: p5=17.741478, p50=86.862294, p95=183.015493; centroid_norm=83.443040
2025-08-22 11:38:18,150 | INFO | Axis x stats (final): min=-28.624386, mean=81.834788, std=62.839702, max=202.534430
2025-08-22 11:38:18,151 | INFO | Axis y stats (final): min=-49.187030, mean=-8.653604, std=20.302187, max=28.540156
2025-08-22 11:38:18,151 | INFO | Axis z stats (final): min=0.000000, mean=13.817507, std=5.452337, max=27.662985
2025-08-22 11:38:18,151 | INFO | Normal lengths: min=1.000000, mean=1.000000, max=1.000000
2025-08-22 11:38:18,151 | INFO | Final FPS time: 1.6 ms
2025-08-22 11:38:18,160 | INFO | Saved bundle (npz): D:\Cursor Repos\From p2p\data\pointcloud\insoles\065_insole_R.npz | points=(4096, 3) normals=(4096, 3)
2025-08-22 11:38:18,161 | INFO | Completed successfully.
