2025-08-19 13:01:07,026 | INFO | Input STL: D:\Cursor Repos\From p2p\data\raw\insoles\066_insole_L.stl
2025-08-19 13:01:07,026 | INFO | Output log: D:\Cursor Repos\From p2p\Log\preprocess\insoles\066_insole_L.log
2025-08-19 13:01:07,026 | INFO | Parameters: num_points=4096, candidate_multiplier=4, z_low_percent=None, z_high_percent=None, seed=None
2025-08-19 13:01:07,027 | INFO | File: size_bytes=2807884, mtime=2025-08-14 10:07:47
2025-08-19 13:01:07,027 | INFO | Env: python=3.11.13, numpy=2.1.2, trimesh=4.7.4, platform=Windows-10-10.0.26100-SP0
2025-08-19 13:01:07,171 | INFO | Mesh: vertices=28080, faces=56156
2025-08-19 13:01:07,223 | INFO | Mesh surface area: 43778.293180
2025-08-19 13:01:07,259 | INFO | Mesh volume: 110885.735933
2025-08-19 13:01:07,263 | INFO | Mesh AABB min=[-43.42530059814453, -130.89779663085938, -0.8971999883651733] max=[44.57469940185547, 130.10240173339844, 22.431699752807617]
2025-08-19 13:01:07,263 | INFO | Boundary edges: 0
2025-08-19 13:01:07,263 | INFO | Load mesh time: 236.2 ms
2025-08-19 13:01:07,263 | INFO | Surface sampling: candidates=16384 (target=4096, multiplier=4)
2025-08-19 13:01:07,285 | INFO | Running Farthest Point Sampling (FPS) to enforce even spacing
2025-08-19 13:01:07,396 | INFO | FPS progress: 409/4096
2025-08-19 13:01:07,503 | INFO | FPS progress: 818/4096
2025-08-19 13:01:07,611 | INFO | FPS progress: 1227/4096
2025-08-19 13:01:07,726 | INFO | FPS progress: 1636/4096
2025-08-19 13:01:07,837 | INFO | FPS progress: 2045/4096
2025-08-19 13:01:07,957 | INFO | FPS progress: 2454/4096
2025-08-19 13:01:08,087 | INFO | FPS progress: 2863/4096
2025-08-19 13:01:08,202 | INFO | FPS progress: 3272/4096
2025-08-19 13:01:08,311 | INFO | FPS progress: 3681/4096
2025-08-19 13:01:08,419 | INFO | FPS progress: 4090/4096
2025-08-19 13:01:08,420 | INFO | Round 1: accumulated=4096, kept=4096 (100.00%), time=1157.1 ms
2025-08-19 13:01:08,420 | INFO | Requested samples 4096 >= candidates 4096; returning all indices.
2025-08-19 13:01:08,421 | INFO | Sampled points: (4096, 3), normals: (4096, 3)
2025-08-19 13:01:08,421 | INFO | Sampling time: 1157.6 ms
2025-08-19 13:01:08,421 | INFO | Centering only: centroid=[5.514520769511406, -6.470378653532753, 3.97359766387604] | scale fixed to 1.000000 (no scaling)
2025-08-19 13:01:08,421 | INFO | Axis x stats (centered): min=-48.932963, mean=-0.000000, std=22.997352, max=38.996656
2025-08-19 13:01:08,421 | INFO | Axis y stats (centered): min=-124.366017, mean=0.000000, std=70.973521, max=136.538833
2025-08-19 13:01:08,421 | INFO | Axis z stats (centered): min=-4.870188, mean=-0.000000, std=5.599676, max=18.302540
2025-08-19 13:01:08,421 | INFO | Centering time: 0.7 ms
2025-08-19 13:01:08,422 | INFO | PCA alignment: explained variance ratio=0.9035, 0.0922, 0.0043
2025-08-19 13:01:08,422 | INFO | Rotation matrix (columns are principal axes):
[[-0.056335  0.996622  0.059754]
 [ 0.997859  0.058194 -0.029847]
 [-0.033224  0.057945 -0.997767]]
2025-08-19 13:01:08,422 | INFO | Rotation matrix det=1.000000
2025-08-19 13:01:08,423 | INFO | Orientation enforcement: mean_nz=0.007066 -> sz=1, width_low=58.966139, width_high=74.024732 -> sx=1, sy=1
2025-08-19 13:01:08,423 | INFO | Orientation signs diag(S)=[1.0, 1.0, 1.0]
2025-08-19 13:01:08,423 | INFO | PCA time: 1.7 ms
2025-08-19 13:01:08,423 | INFO | Requested samples 4096 >= candidates 4096; returning all indices.
2025-08-19 13:01:08,423 | INFO | Final points: (4096, 3), normals: (4096, 3)
2025-08-19 13:01:08,424 | INFO | Aligned normalized AABB min=[-125.12373793389364, -45.74710924777764, -14.941144566571225] max=[136.5184873804763, 42.29569556654679, 9.702504003979913]
2025-08-19 13:01:08,424 | INFO | Final radii percentiles: p5=18.432264, p50=65.363350, p95=120.999829; centroid_norm=0.000000
2025-08-19 13:01:08,424 | INFO | Axis x stats (final): min=-125.123738, mean=0.000000, std=71.113307, max=136.518487
2025-08-19 13:01:08,424 | INFO | Axis y stats (final): min=-45.747109, mean=-0.000000, std=22.720567, max=42.295696
2025-08-19 13:01:08,424 | INFO | Axis z stats (final): min=-14.941145, mean=0.000000, std=4.914127, max=9.702504
2025-08-19 13:01:08,425 | INFO | Normal lengths: min=1.000000, mean=1.000000, max=1.000000
2025-08-19 13:01:08,425 | INFO | Final FPS time: 1.8 ms
2025-08-19 13:01:08,450 | INFO | Saved bundle (npz): D:\Cursor Repos\From p2p\data\pointcloud\insoles\066_insole_L.npz | points=(4096, 3) normals=(4096, 3)
2025-08-19 13:01:08,450 | INFO | Completed successfully.
