2025-08-22 11:38:23,331 | INFO | Input STL: D:\Cursor Repos\From p2p\data\raw\insoles\068_insole_R.stl
2025-08-22 11:38:23,331 | INFO | Output log: D:\Cursor Repos\From p2p\Log\preprocess\insoles\068_insole_R.log
2025-08-22 11:38:23,331 | INFO | Parameters: num_points=4096, candidate_multiplier=4, z_low_percent=None, z_high_percent=None, seed=None
2025-08-22 11:38:23,332 | INFO | File: size_bytes=2438884, mtime=2025-08-07 13:56:44
2025-08-22 11:38:23,332 | INFO | Env: python=3.11.13, numpy=2.3.2, trimesh=4.7.4, platform=Windows-10-10.0.26100-SP0
2025-08-22 11:38:23,405 | INFO | Mesh: vertices=24390, faces=48776
2025-08-22 11:38:23,437 | INFO | Mesh surface area: 26614.300060
2025-08-22 11:38:23,458 | INFO | Mesh volume: 64160.510456
2025-08-22 11:38:23,461 | INFO | Mesh AABB min=[-35.17190170288086, -92.27680206298828, -0.9009000062942505] max=[36.82830047607422, 92.72319793701172, 21.792400360107422]
2025-08-22 11:38:23,461 | INFO | Boundary edges: 0
2025-08-22 11:38:23,461 | INFO | Load mesh time: 129.6 ms
2025-08-22 11:38:23,461 | INFO | Surface sampling: candidates=16384 (target=4096, multiplier=4)
2025-08-22 11:38:23,478 | INFO | Running Farthest Point Sampling (FPS) to enforce even spacing
2025-08-22 11:38:23,558 | INFO | FPS progress: 409/4096
2025-08-22 11:38:23,640 | INFO | FPS progress: 818/4096
2025-08-22 11:38:23,724 | INFO | FPS progress: 1227/4096
2025-08-22 11:38:23,815 | INFO | FPS progress: 1636/4096
2025-08-22 11:38:23,909 | INFO | FPS progress: 2045/4096
2025-08-22 11:38:24,000 | INFO | FPS progress: 2454/4096
2025-08-22 11:38:24,090 | INFO | FPS progress: 2863/4096
2025-08-22 11:38:24,171 | INFO | FPS progress: 3272/4096
2025-08-22 11:38:24,258 | INFO | FPS progress: 3681/4096
2025-08-22 11:38:24,338 | INFO | FPS progress: 4090/4096
2025-08-22 11:38:24,340 | INFO | Round 1: accumulated=4096, kept=4096 (100.00%), time=878.2 ms
2025-08-22 11:38:24,340 | INFO | Requested samples 4096 >= candidates 4096; returning all indices.
2025-08-22 11:38:24,340 | INFO | Sampled points: (4096, 3), normals: (4096, 3)
2025-08-22 11:38:24,340 | INFO | Sampling time: 879.0 ms
2025-08-22 11:38:24,340 | INFO | Centering only: centroid=[-2.9987522435046223, -5.140320395561985, 4.034199870111844] | scale fixed to 1.000000 (no scaling)
2025-08-22 11:38:24,340 | INFO | Axis x stats (centered): min=-32.036739, mean=-0.000000, std=18.977230, max=39.700197
2025-08-22 11:38:24,341 | INFO | Axis y stats (centered): min=-87.112452, mean=0.000000, std=50.997589, max=97.783454
2025-08-22 11:38:24,341 | INFO | Axis z stats (centered): min=-4.933052, mean=0.000000, std=5.535408, max=17.665429
2025-08-22 11:38:24,341 | INFO | Centering time: 1.0 ms
2025-08-22 11:38:24,341 | INFO | PCA alignment: explained variance ratio=0.8749, 0.1175, 0.0076
2025-08-22 11:38:24,343 | INFO | Rotation matrix (columns are principal axes):
[[-0.066262 -0.995919 -0.061272]
 [-0.996494  0.069193 -0.047024]
 [ 0.051071  0.057941 -0.997013]]
2025-08-22 11:38:24,343 | INFO | Rotation matrix det=1.000000
2025-08-22 11:38:24,343 | INFO | Orientation enforcement (flat-to-neg-z): sz=-1, width_low=59.598446, width_high=47.697690 -> sx=-1, sy=1
2025-08-22 11:38:24,344 | INFO | Orientation signs diag(S)=[-1.0, 1.0, -1.0]
2025-08-22 11:38:24,344 | INFO | PCA time: 2.1 ms
2025-08-22 11:38:24,345 | INFO | Bottom alignment: bottom_q=0.20, band_q=0.05, min_z_shift=-13.701738, xy_center=[-67.05768302654877, 6.792606199758829]
2025-08-22 11:38:24,345 | INFO | Bottom leveling time: 0.7 ms | bottom_xy_center=[-67.05768302654877, 6.792606199758829]
2025-08-22 11:38:24,345 | INFO | Requested samples 4096 >= candidates 4096; returning all indices.
2025-08-22 11:38:24,345 | INFO | Final points: (4096, 3), normals: (4096, 3)
2025-08-22 11:38:24,345 | INFO | Aligned normalized AABB min=[-21.495743677690342, -43.938332495243195, 0.0] max=[164.52171112605058, 27.921197082510737, 25.79898653444696]
2025-08-22 11:38:24,345 | INFO | Final radii percentiles: p5=15.960358, p50=72.393085, p95=149.833372; centroid_norm=68.779430
2025-08-22 11:38:24,346 | INFO | Axis x stats (final): min=-21.495744, mean=67.057683, std=51.116313, max=164.521711
2025-08-22 11:38:24,346 | INFO | Axis y stats (final): min=-43.938332, mean=-6.792606, std=18.732065, max=27.921197
2025-08-22 11:38:24,346 | INFO | Axis z stats (final): min=0.000000, mean=13.701738, std=5.269008, max=25.798987
2025-08-22 11:38:24,346 | INFO | Normal lengths: min=1.000000, mean=1.000000, max=1.000000
2025-08-22 11:38:24,346 | INFO | Final FPS time: 1.2 ms
2025-08-22 11:38:24,354 | INFO | Saved bundle (npz): D:\Cursor Repos\From p2p\data\pointcloud\insoles\068_insole_R.npz | points=(4096, 3) normals=(4096, 3)
2025-08-22 11:38:24,355 | INFO | Completed successfully.
