2025-08-22 11:38:31,456 | INFO | Input STL: D:\Cursor Repos\From p2p\data\raw\insoles\071_insole_R.stl
2025-08-22 11:38:31,456 | INFO | Output log: D:\Cursor Repos\From p2p\Log\preprocess\insoles\071_insole_R.log
2025-08-22 11:38:31,456 | INFO | Parameters: num_points=4096, candidate_multiplier=4, z_low_percent=None, z_high_percent=None, seed=None
2025-08-22 11:38:31,456 | INFO | File: size_bytes=31978984, mtime=2025-08-07 13:51:20
2025-08-22 11:38:31,456 | INFO | Env: python=3.11.13, numpy=2.3.2, trimesh=4.7.4, platform=Windows-10-10.0.26100-SP0
2025-08-22 11:38:32,588 | INFO | Mesh: vertices=319796, faces=639578
2025-08-22 11:38:32,986 | WARNING | Mesh is not watertight; surface sampling may include boundary artifacts
2025-08-22 11:38:33,093 | INFO | Mesh surface area: 47368.395989
2025-08-22 11:38:33,409 | INFO | Mesh volume: 118811.498439
2025-08-22 11:38:33,449 | INFO | Mesh AABB min=[-34.462501525878906, -131.74119567871094, -0.8998000025749207] max=[61.537601470947266, 158.25880432128906, 24.84440040588379]
2025-08-22 11:38:33,449 | INFO | Boundary edges: 0
2025-08-22 11:38:33,449 | INFO | Load mesh time: 1993.0 ms
2025-08-22 11:38:33,449 | INFO | Surface sampling: candidates=16384 (target=4096, multiplier=4)
2025-08-22 11:38:33,615 | INFO | Running Farthest Point Sampling (FPS) to enforce even spacing
2025-08-22 11:38:33,696 | INFO | FPS progress: 409/4096
2025-08-22 11:38:33,773 | INFO | FPS progress: 818/4096
2025-08-22 11:38:33,856 | INFO | FPS progress: 1227/4096
2025-08-22 11:38:33,941 | INFO | FPS progress: 1636/4096
2025-08-22 11:38:34,023 | INFO | FPS progress: 2045/4096
2025-08-22 11:38:34,108 | INFO | FPS progress: 2454/4096
2025-08-22 11:38:34,194 | INFO | FPS progress: 2863/4096
2025-08-22 11:38:34,279 | INFO | FPS progress: 3272/4096
2025-08-22 11:38:34,358 | INFO | FPS progress: 3681/4096
2025-08-22 11:38:34,439 | INFO | FPS progress: 4090/4096
2025-08-22 11:38:34,440 | INFO | Round 1: accumulated=4096, kept=4096 (100.00%), time=990.8 ms
2025-08-22 11:38:34,440 | INFO | Requested samples 4096 >= candidates 4096; returning all indices.
2025-08-22 11:38:34,441 | INFO | Sampled points: (4096, 3), normals: (4096, 3)
2025-08-22 11:38:34,441 | INFO | Sampling time: 991.4 ms
2025-08-22 11:38:34,441 | INFO | Centering only: centroid=[12.72098402264436, 10.958415947165602, 4.008429255897171] | scale fixed to 1.000000 (no scaling)
2025-08-22 11:38:34,441 | INFO | Axis x stats (centered): min=-38.665785, mean=0.000000, std=22.982622, max=48.567634
2025-08-22 11:38:34,441 | INFO | Axis y stats (centered): min=-134.946926, mean=0.000000, std=76.441977, max=147.041602
2025-08-22 11:38:34,441 | INFO | Axis z stats (centered): min=-4.905244, mean=0.000000, std=5.848511, max=20.738991
2025-08-22 11:38:34,441 | INFO | Centering time: 0.4 ms
2025-08-22 11:38:34,442 | INFO | PCA alignment: explained variance ratio=0.9154, 0.0805, 0.0041
2025-08-22 11:38:34,459 | INFO | Rotation matrix (columns are principal axes):
[[-0.052163 -0.996317 -0.068054]
 [-0.998141  0.054165 -0.027924]
 [ 0.031507  0.066471 -0.997291]]
2025-08-22 11:38:34,459 | INFO | Rotation matrix det=1.000000
2025-08-22 11:38:34,461 | INFO | Orientation enforcement (flat-to-neg-z): sz=-1, width_low=72.753307, width_high=60.214078 -> sx=-1, sy=1
2025-08-22 11:38:34,461 | INFO | Orientation signs diag(S)=[-1.0, 1.0, -1.0]
2025-08-22 11:38:34,461 | INFO | PCA time: 19.8 ms
2025-08-22 11:38:34,463 | INFO | Bottom alignment: bottom_q=0.20, band_q=0.05, min_z_shift=-14.119500, xy_center=[-100.47971195745649, 10.570368397499681]
2025-08-22 11:38:34,463 | INFO | Bottom leveling time: 1.3 ms | bottom_xy_center=[-100.47971195745649, 10.570368397499681]
2025-08-22 11:38:34,463 | INFO | Requested samples 4096 >= candidates 4096; returning all indices.
2025-08-22 11:38:34,463 | INFO | Final points: (4096, 3), normals: (4096, 3)
2025-08-22 11:38:34,463 | INFO | Aligned normalized AABB min=[-35.164636253273244, -56.16352304729429, 0.0] max=[247.39857061322948, 31.420576290359985, 29.0531781229255]
2025-08-22 11:38:34,463 | INFO | Final radii percentiles: p5=19.945916, p50=106.164244, p95=223.940660; centroid_norm=102.016006
2025-08-22 11:38:34,464 | INFO | Axis x stats (final): min=-35.164636, mean=100.479712, std=76.547569, max=247.398571
2025-08-22 11:38:34,464 | INFO | Axis y stats (final): min=-56.163523, mean=-10.570368, std=22.686673, max=31.420576
2025-08-22 11:38:34,464 | INFO | Axis z stats (final): min=0.000000, mean=14.119500, std=5.618398, max=29.053178
2025-08-22 11:38:34,464 | INFO | Normal lengths: min=1.000000, mean=1.000000, max=1.000000
2025-08-22 11:38:34,464 | INFO | Final FPS time: 1.3 ms
2025-08-22 11:38:34,473 | INFO | Saved bundle (npz): D:\Cursor Repos\From p2p\data\pointcloud\insoles\071_insole_R.npz | points=(4096, 3) normals=(4096, 3)
2025-08-22 11:38:34,473 | INFO | Completed successfully.
