2025-08-22 11:38:36,574 | INFO | Input STL: D:\Cursor Repos\From p2p\data\raw\insoles\073_insole_L.stl
2025-08-22 11:38:36,575 | INFO | Output log: D:\Cursor Repos\From p2p\Log\preprocess\insoles\073_insole_L.log
2025-08-22 11:38:36,575 | INFO | Parameters: num_points=4096, candidate_multiplier=4, z_low_percent=None, z_high_percent=None, seed=None
2025-08-22 11:38:36,575 | INFO | File: size_bytes=2550884, mtime=2025-08-14 10:08:12
2025-08-22 11:38:36,575 | INFO | Env: python=3.11.13, numpy=2.3.2, trimesh=4.7.4, platform=Windows-10-10.0.26100-SP0
2025-08-22 11:38:36,668 | INFO | Mesh: vertices=25510, faces=51016
2025-08-22 11:38:36,699 | INFO | Mesh surface area: 32153.044177
2025-08-22 11:38:36,721 | INFO | Mesh volume: 80661.678081
2025-08-22 11:38:36,724 | INFO | Mesh AABB min=[-37.390098571777344, -110.1050033569336, -0.9772999882698059] max=[37.61000061035156, 108.8949966430664, 22.035900115966797]
2025-08-22 11:38:36,724 | INFO | Boundary edges: 0
2025-08-22 11:38:36,724 | INFO | Load mesh time: 150.2 ms
2025-08-22 11:38:36,724 | INFO | Surface sampling: candidates=16384 (target=4096, multiplier=4)
2025-08-22 11:38:36,741 | INFO | Running Farthest Point Sampling (FPS) to enforce even spacing
2025-08-22 11:38:36,835 | INFO | FPS progress: 409/4096
2025-08-22 11:38:36,919 | INFO | FPS progress: 818/4096
2025-08-22 11:38:36,996 | INFO | FPS progress: 1227/4096
2025-08-22 11:38:37,080 | INFO | FPS progress: 1636/4096
2025-08-22 11:38:37,156 | INFO | FPS progress: 2045/4096
2025-08-22 11:38:37,240 | INFO | FPS progress: 2454/4096
2025-08-22 11:38:37,323 | INFO | FPS progress: 2863/4096
2025-08-22 11:38:37,404 | INFO | FPS progress: 3272/4096
2025-08-22 11:38:37,489 | INFO | FPS progress: 3681/4096
2025-08-22 11:38:37,570 | INFO | FPS progress: 4090/4096
2025-08-22 11:38:37,572 | INFO | Round 1: accumulated=4096, kept=4096 (100.00%), time=846.8 ms
2025-08-22 11:38:37,572 | INFO | Requested samples 4096 >= candidates 4096; returning all indices.
2025-08-22 11:38:37,572 | INFO | Sampled points: (4096, 3), normals: (4096, 3)
2025-08-22 11:38:37,572 | INFO | Sampling time: 847.1 ms
2025-08-22 11:38:37,572 | INFO | Centering only: centroid=[4.379189868760836, -6.071720749265686, 4.094518858441615] | scale fixed to 1.000000 (no scaling)
2025-08-22 11:38:37,572 | INFO | Axis x stats (centered): min=-41.592282, mean=0.000000, std=19.673554, max=33.172744
2025-08-22 11:38:37,573 | INFO | Axis y stats (centered): min=-103.962833, mean=-0.000000, std=59.649438, max=114.738770
2025-08-22 11:38:37,573 | INFO | Axis z stats (centered): min=-5.036934, mean=-0.000000, std=5.589208, max=17.675071
2025-08-22 11:38:37,573 | INFO | Centering time: 1.0 ms
2025-08-22 11:38:37,573 | INFO | PCA alignment: explained variance ratio=0.8986, 0.0954, 0.0060
2025-08-22 11:38:37,574 | INFO | Rotation matrix (columns are principal axes):
[[-0.054283  0.995946  0.07173 ]
 [ 0.997702  0.057014 -0.036596]
 [-0.040538  0.069578 -0.996753]]
2025-08-22 11:38:37,574 | INFO | Rotation matrix det=1.000000
2025-08-22 11:38:37,574 | INFO | Orientation enforcement (flat-to-neg-z): sz=-1, width_low=49.690418, width_high=61.998354 -> sx=1, sy=-1
2025-08-22 11:38:37,574 | INFO | Orientation signs diag(S)=[1.0, -1.0, -1.0]
2025-08-22 11:38:37,575 | INFO | PCA time: 1.5 ms
2025-08-22 11:38:37,575 | INFO | Bottom alignment: bottom_q=0.20, band_q=0.05, min_z_shift=-13.563577, xy_center=[-77.97809708558644, -8.257005459655993]
2025-08-22 11:38:37,575 | INFO | Bottom leveling time: 0.6 ms | bottom_xy_center=[-77.97809708558644, -8.257005459655993]
2025-08-22 11:38:37,575 | INFO | Requested samples 4096 >= candidates 4096; returning all indices.
2025-08-22 11:38:37,575 | INFO | Final points: (4096, 3), normals: (4096, 3)
2025-08-22 11:38:37,576 | INFO | Aligned normalized AABB min=[-27.088698679478085, -27.424801850030704, 0.0] max=[192.63836223300805, 47.22993452036456, 26.050699948728383]
2025-08-22 11:38:37,576 | INFO | Final radii percentiles: p5=17.186654, p50=83.505887, p95=176.023268; centroid_norm=79.578467
2025-08-22 11:38:37,576 | INFO | Axis x stats (final): min=-27.088699, mean=77.978097, std=59.745570, max=192.638362
2025-08-22 11:38:37,576 | INFO | Axis y stats (final): min=-27.424802, mean=8.257005, std=19.459902, max=47.229935
2025-08-22 11:38:37,576 | INFO | Axis z stats (final): min=0.000000, mean=13.563577, std=5.303069, max=26.050700
2025-08-22 11:38:37,576 | INFO | Normal lengths: min=1.000000, mean=1.000000, max=1.000000
2025-08-22 11:38:37,577 | INFO | Final FPS time: 1.3 ms
2025-08-22 11:38:37,586 | INFO | Saved bundle (npz): D:\Cursor Repos\From p2p\data\pointcloud\insoles\073_insole_L.npz | points=(4096, 3) normals=(4096, 3)
2025-08-22 11:38:37,586 | INFO | Completed successfully.
