2025-08-22 11:38:38,603 | INFO | Input STL: D:\Cursor Repos\From p2p\data\raw\insoles\074_insole_L.stl
2025-08-22 11:38:38,603 | INFO | Output log: D:\Cursor Repos\From p2p\Log\preprocess\insoles\074_insole_L.log
2025-08-22 11:38:38,603 | INFO | Parameters: num_points=4096, candidate_multiplier=4, z_low_percent=None, z_high_percent=None, seed=None
2025-08-22 11:38:38,604 | INFO | File: size_bytes=2307684, mtime=2025-08-14 10:08:20
2025-08-22 11:38:38,604 | INFO | Env: python=3.11.13, numpy=2.3.2, trimesh=4.7.4, platform=Windows-10-10.0.26100-SP0
2025-08-22 11:38:38,673 | INFO | Mesh: vertices=23078, faces=46152
2025-08-22 11:38:38,702 | INFO | Mesh surface area: 21556.876038
2025-08-22 11:38:38,722 | INFO | Mesh volume: 50035.248446
2025-08-22 11:38:38,725 | INFO | Mesh AABB min=[-32.23609924316406, -83.0552978515625, -0.8992999792098999] max=[31.763999938964844, 83.9447021484375, 19.752599716186523]
2025-08-22 11:38:38,725 | INFO | Boundary edges: 0
2025-08-22 11:38:38,725 | INFO | Load mesh time: 120.9 ms
2025-08-22 11:38:38,725 | INFO | Surface sampling: candidates=16384 (target=4096, multiplier=4)
2025-08-22 11:38:38,740 | INFO | Running Farthest Point Sampling (FPS) to enforce even spacing
2025-08-22 11:38:38,833 | INFO | FPS progress: 409/4096
2025-08-22 11:38:38,916 | INFO | FPS progress: 818/4096
2025-08-22 11:38:39,000 | INFO | FPS progress: 1227/4096
2025-08-22 11:38:39,080 | INFO | FPS progress: 1636/4096
2025-08-22 11:38:39,163 | INFO | FPS progress: 2045/4096
2025-08-22 11:38:39,242 | INFO | FPS progress: 2454/4096
2025-08-22 11:38:39,321 | INFO | FPS progress: 2863/4096
2025-08-22 11:38:39,405 | INFO | FPS progress: 3272/4096
2025-08-22 11:38:39,486 | INFO | FPS progress: 3681/4096
2025-08-22 11:38:39,565 | INFO | FPS progress: 4090/4096
2025-08-22 11:38:39,567 | INFO | Round 1: accumulated=4096, kept=4096 (100.00%), time=841.3 ms
2025-08-22 11:38:39,567 | INFO | Requested samples 4096 >= candidates 4096; returning all indices.
2025-08-22 11:38:39,567 | INFO | Sampled points: (4096, 3), normals: (4096, 3)
2025-08-22 11:38:39,567 | INFO | Sampling time: 841.7 ms
2025-08-22 11:38:39,567 | INFO | Centering only: centroid=[3.35532757888143, -4.946654399350556, 3.941480534364104] | scale fixed to 1.000000 (no scaling)
2025-08-22 11:38:39,567 | INFO | Axis x stats (centered): min=-35.572672, mean=-0.000000, std=16.900959, max=28.218517
2025-08-22 11:38:39,567 | INFO | Axis y stats (centered): min=-77.988297, mean=-0.000000, std=45.836451, max=88.820562
2025-08-22 11:38:39,567 | INFO | Axis z stats (centered): min=-4.838848, mean=-0.000000, std=5.188269, max=15.750811
2025-08-22 11:38:39,567 | INFO | Centering time: 0.4 ms
2025-08-22 11:38:39,568 | INFO | PCA alignment: explained variance ratio=0.8767, 0.1151, 0.0082
2025-08-22 11:38:39,568 | INFO | Rotation matrix (columns are principal axes):
[[-0.068823  0.995827  0.05993 ]
 [ 0.996126  0.071891 -0.050638]
 [-0.054735  0.056212 -0.996917]]
2025-08-22 11:38:39,568 | INFO | Rotation matrix det=1.000000
2025-08-22 11:38:39,569 | INFO | Orientation enforcement (flat-to-neg-z): sz=-1, width_low=42.060908, width_high=53.793335 -> sx=1, sy=-1
2025-08-22 11:38:39,569 | INFO | Orientation signs diag(S)=[1.0, -1.0, -1.0]
2025-08-22 11:38:39,570 | INFO | PCA time: 2.1 ms
2025-08-22 11:38:39,570 | INFO | Bottom alignment: bottom_q=0.20, band_q=0.05, min_z_shift=-12.907614, xy_center=[-58.84717809399957, -5.176200282196131]
2025-08-22 11:38:39,570 | INFO | Bottom leveling time: 0.8 ms | bottom_xy_center=[-58.84717809399957, -5.176200282196131]
2025-08-22 11:38:39,570 | INFO | Requested samples 4096 >= candidates 4096; returning all indices.
2025-08-22 11:38:39,571 | INFO | Final points: (4096, 3), normals: (4096, 3)
2025-08-22 11:38:39,571 | INFO | Aligned normalized AABB min=[-20.41487360412784, -25.786839049500404, 0.0] max=[147.43994953132957, 38.231256042029756, 23.18037243511418]
2025-08-22 11:38:39,571 | INFO | Final radii percentiles: p5=14.812582, p50=63.165805, p95=134.511424; centroid_norm=60.468090
2025-08-22 11:38:39,571 | INFO | Axis x stats (final): min=-20.414874, mean=58.847178, std=45.955039, max=147.439950
2025-08-22 11:38:39,571 | INFO | Axis y stats (final): min=-25.786839, mean=5.176200, std=16.658092, max=38.231256
2025-08-22 11:38:39,572 | INFO | Axis z stats (final): min=0.000000, mean=12.907614, std=4.917637, max=23.180372
2025-08-22 11:38:39,572 | INFO | Normal lengths: min=1.000000, mean=1.000000, max=1.000000
2025-08-22 11:38:39,572 | INFO | Final FPS time: 1.2 ms
2025-08-22 11:38:39,579 | INFO | Saved bundle (npz): D:\Cursor Repos\From p2p\data\pointcloud\insoles\074_insole_L.npz | points=(4096, 3) normals=(4096, 3)
2025-08-22 11:38:39,579 | INFO | Completed successfully.
