2025-08-22 11:38:41,688 | INFO | Input STL: D:\Cursor Repos\From p2p\data\raw\insoles\075_insole_R.stl
2025-08-22 11:38:41,688 | INFO | Output log: D:\Cursor Repos\From p2p\Log\preprocess\insoles\075_insole_R.log
2025-08-22 11:38:41,688 | INFO | Parameters: num_points=4096, candidate_multiplier=4, z_low_percent=None, z_high_percent=None, seed=None
2025-08-22 11:38:41,688 | INFO | File: size_bytes=2752684, mtime=2025-08-13 13:42:35
2025-08-22 11:38:41,688 | INFO | Env: python=3.11.13, numpy=2.3.2, trimesh=4.7.4, platform=Windows-10-10.0.26100-SP0
2025-08-22 11:38:41,778 | INFO | Mesh: vertices=27528, faces=55052
2025-08-22 11:38:41,815 | INFO | Mesh surface area: 31560.631313
2025-08-22 11:38:41,837 | INFO | Mesh volume: 76972.752374
2025-08-22 11:38:41,839 | INFO | Mesh AABB min=[-37.362300872802734, -105.62229919433594, -0.8968999981880188] max=[37.62049865722656, 104.24369812011719, 25.891000747680664]
2025-08-22 11:38:41,841 | INFO | Boundary edges: 0
2025-08-22 11:38:41,841 | INFO | Load mesh time: 151.5 ms
2025-08-22 11:38:41,841 | INFO | Surface sampling: candidates=16384 (target=4096, multiplier=4)
2025-08-22 11:38:41,857 | INFO | Running Farthest Point Sampling (FPS) to enforce even spacing
2025-08-22 11:38:41,942 | INFO | FPS progress: 409/4096
2025-08-22 11:38:42,027 | INFO | FPS progress: 818/4096
2025-08-22 11:38:42,111 | INFO | FPS progress: 1227/4096
2025-08-22 11:38:42,192 | INFO | FPS progress: 1636/4096
2025-08-22 11:38:42,294 | INFO | FPS progress: 2045/4096
2025-08-22 11:38:42,387 | INFO | FPS progress: 2454/4096
2025-08-22 11:38:42,480 | INFO | FPS progress: 2863/4096
2025-08-22 11:38:42,566 | INFO | FPS progress: 3272/4096
2025-08-22 11:38:42,646 | INFO | FPS progress: 3681/4096
2025-08-22 11:38:42,729 | INFO | FPS progress: 4090/4096
2025-08-22 11:38:42,730 | INFO | Round 1: accumulated=4096, kept=4096 (100.00%), time=889.7 ms
2025-08-22 11:38:42,730 | INFO | Requested samples 4096 >= candidates 4096; returning all indices.
2025-08-22 11:38:42,730 | INFO | Sampled points: (4096, 3), normals: (4096, 3)
2025-08-22 11:38:42,730 | INFO | Sampling time: 890.4 ms
2025-08-22 11:38:42,731 | INFO | Centering only: centroid=[-4.386635211865724, -7.6069544138562115, 4.400780757739236] | scale fixed to 1.000000 (no scaling)
2025-08-22 11:38:42,731 | INFO | Axis x stats (centered): min=-32.758096, mean=-0.000000, std=19.817340, max=41.937200
2025-08-22 11:38:42,731 | INFO | Axis y stats (centered): min=-97.969886, mean=-0.000000, std=57.356266, max=111.771916
2025-08-22 11:38:42,731 | INFO | Axis z stats (centered): min=-5.296340, mean=0.000000, std=6.156033, max=21.451951
2025-08-22 11:38:42,731 | INFO | Centering time: 0.7 ms
2025-08-22 11:38:42,732 | INFO | PCA alignment: explained variance ratio=0.8900, 0.1025, 0.0075
2025-08-22 11:38:42,732 | INFO | Rotation matrix (columns are principal axes):
[[-0.068944 -0.99391  -0.085962]
 [-0.996452  0.072777 -0.042278]
 [ 0.048276  0.082742 -0.995401]]
2025-08-22 11:38:42,732 | INFO | Rotation matrix det=1.000000
2025-08-22 11:38:42,733 | INFO | Orientation enforcement (flat-to-neg-z): sz=-1, width_low=62.046035, width_high=50.142392 -> sx=-1, sy=1
2025-08-22 11:38:42,733 | INFO | Orientation signs diag(S)=[-1.0, 1.0, -1.0]
2025-08-22 11:38:42,733 | INFO | PCA time: 1.6 ms
2025-08-22 11:38:42,733 | INFO | Bottom alignment: bottom_q=0.20, band_q=0.05, min_z_shift=-14.884984, xy_center=[-72.84519445814361, 8.108044473017983]
2025-08-22 11:38:42,734 | INFO | Bottom leveling time: 0.6 ms | bottom_xy_center=[-72.84519445814361, 8.108044473017983]
2025-08-22 11:38:42,734 | INFO | Requested samples 4096 >= candidates 4096; returning all indices.
2025-08-22 11:38:42,734 | INFO | Final points: (4096, 3), normals: (4096, 3)
2025-08-22 11:38:42,734 | INFO | Aligned normalized AABB min=[-26.357005695982465, -46.75563659913277, 0.0] max=[184.34164301729146, 27.738682791037043, 29.69168013494891]
2025-08-22 11:38:42,734 | INFO | Final radii percentiles: p5=17.131723, p50=77.641947, p95=167.834320; centroid_norm=74.791213
2025-08-22 11:38:42,734 | INFO | Axis x stats (final): min=-26.357006, mean=72.845194, std=57.503323, max=184.341643
2025-08-22 11:38:42,736 | INFO | Axis y stats (final): min=-46.755637, mean=-8.108044, std=19.502734, max=27.738683
2025-08-22 11:38:42,736 | INFO | Axis z stats (final): min=0.000000, mean=14.884984, std=5.777213, max=29.691680
2025-08-22 11:38:42,736 | INFO | Normal lengths: min=1.000000, mean=1.000000, max=1.000000
2025-08-22 11:38:42,736 | INFO | Final FPS time: 1.5 ms
2025-08-22 11:38:42,744 | INFO | Saved bundle (npz): D:\Cursor Repos\From p2p\data\pointcloud\insoles\075_insole_R.npz | points=(4096, 3) normals=(4096, 3)
2025-08-22 11:38:42,744 | INFO | Completed successfully.
