2025-08-19 13:01:35,421 | INFO | Input STL: D:\Cursor Repos\From p2p\data\raw\insoles\076_insole_R.stl
2025-08-19 13:01:35,421 | INFO | Output log: D:\Cursor Repos\From p2p\Log\preprocess\insoles\076_insole_R.log
2025-08-19 13:01:35,421 | INFO | Parameters: num_points=4096, candidate_multiplier=4, z_low_percent=None, z_high_percent=None, seed=None
2025-08-19 13:01:35,423 | INFO | File: size_bytes=2707384, mtime=2025-08-13 13:00:47
2025-08-19 13:01:35,423 | INFO | Env: python=3.11.13, numpy=2.1.2, trimesh=4.7.4, platform=Windows-10-10.0.26100-SP0
2025-08-19 13:01:35,510 | INFO | Mesh: vertices=27075, faces=54146
2025-08-19 13:01:35,547 | INFO | Mesh surface area: 39276.676484
2025-08-19 13:01:35,578 | INFO | Mesh volume: 99460.426225
2025-08-19 13:01:35,583 | INFO | Mesh AABB min=[-40.780399322509766, -122.56069946289062, -0.8999000191688538] max=[41.21989822387695, 122.43930053710938, 23.095300674438477]
2025-08-19 13:01:35,583 | INFO | Boundary edges: 0
2025-08-19 13:01:35,583 | INFO | Load mesh time: 160.2 ms
2025-08-19 13:01:35,583 | INFO | Surface sampling: candidates=16384 (target=4096, multiplier=4)
2025-08-19 13:01:35,601 | INFO | Running Farthest Point Sampling (FPS) to enforce even spacing
2025-08-19 13:01:35,693 | INFO | FPS progress: 409/4096
2025-08-19 13:01:35,784 | INFO | FPS progress: 818/4096
2025-08-19 13:01:35,876 | INFO | FPS progress: 1227/4096
2025-08-19 13:01:35,978 | INFO | FPS progress: 1636/4096
2025-08-19 13:01:36,083 | INFO | FPS progress: 2045/4096
2025-08-19 13:01:36,164 | INFO | FPS progress: 2454/4096
2025-08-19 13:01:36,252 | INFO | FPS progress: 2863/4096
2025-08-19 13:01:36,338 | INFO | FPS progress: 3272/4096
2025-08-19 13:01:36,436 | INFO | FPS progress: 3681/4096
2025-08-19 13:01:36,537 | INFO | FPS progress: 4090/4096
2025-08-19 13:01:36,539 | INFO | Round 1: accumulated=4096, kept=4096 (100.00%), time=956.2 ms
2025-08-19 13:01:36,539 | INFO | Requested samples 4096 >= candidates 4096; returning all indices.
2025-08-19 13:01:36,539 | INFO | Sampled points: (4096, 3), normals: (4096, 3)
2025-08-19 13:01:36,539 | INFO | Sampling time: 956.8 ms
2025-08-19 13:01:36,539 | INFO | Centering only: centroid=[-4.506537397145018, -6.3650224834667615, 4.106146740991784] | scale fixed to 1.000000 (no scaling)
2025-08-19 13:01:36,539 | INFO | Axis x stats (centered): min=-36.044060, mean=0.000000, std=21.537974, max=45.600130
2025-08-19 13:01:36,539 | INFO | Axis y stats (centered): min=-116.172770, mean=0.000000, std=66.896664, max=128.318540
2025-08-19 13:01:36,540 | INFO | Axis z stats (centered): min=-5.003748, mean=-0.000000, std=5.805966, max=18.923338
2025-08-19 13:01:36,540 | INFO | Centering time: 0.5 ms
2025-08-19 13:01:36,540 | INFO | PCA alignment: explained variance ratio=0.9039, 0.0909, 0.0051
2025-08-19 13:01:36,540 | INFO | Rotation matrix (columns are principal axes):
[[-0.058177 -0.995922 -0.068948]
 [-0.997597  0.0606   -0.033585]
 [ 0.037626  0.066829 -0.997055]]
2025-08-19 13:01:36,540 | INFO | Rotation matrix det=1.000000
2025-08-19 13:01:36,540 | INFO | Orientation enforcement: mean_nz=0.002816 -> sz=1, width_low=68.602022, width_high=54.288048 -> sx=-1, sy=-1
2025-08-19 13:01:36,542 | INFO | Orientation signs diag(S)=[-1.0, -1.0, 1.0]
2025-08-19 13:01:36,542 | INFO | PCA time: 1.2 ms
2025-08-19 13:01:36,542 | INFO | Requested samples 4096 >= candidates 4096; returning all indices.
2025-08-19 13:01:36,542 | INFO | Final points: (4096, 3), normals: (4096, 3)
2025-08-19 13:01:36,543 | INFO | Aligned normalized AABB min=[-116.79552039290398, -39.21343834048487, -15.876724907860861] max=[128.17818453568222, 42.66295883944582, 10.141815827677279]
2025-08-19 13:01:36,543 | INFO | Final radii percentiles: p5=17.822470, p50=61.731443, p95=113.454896; centroid_norm=0.000000
2025-08-19 13:01:36,543 | INFO | Axis x stats (final): min=-116.795520, mean=0.000000, std=67.045146, max=128.178185
2025-08-19 13:01:36,543 | INFO | Axis y stats (final): min=-39.213438, mean=0.000000, std=21.265700, max=42.662959
2025-08-19 13:01:36,543 | INFO | Axis z stats (final): min=-15.876725, mean=0.000000, std=5.047340, max=10.141816
2025-08-19 13:01:36,543 | INFO | Normal lengths: min=1.000000, mean=1.000000, max=1.000000
2025-08-19 13:01:36,543 | INFO | Final FPS time: 2.1 ms
2025-08-19 13:01:36,553 | INFO | Saved bundle (npz): D:\Cursor Repos\From p2p\data\pointcloud\insoles\076_insole_R.npz | points=(4096, 3) normals=(4096, 3)
2025-08-19 13:01:36,553 | INFO | Completed successfully.
