2025-08-19 13:01:38,760 | INFO | Input STL: D:\Cursor Repos\From p2p\data\raw\insoles\078_insole_L.stl
2025-08-19 13:01:38,760 | INFO | Output log: D:\Cursor Repos\From p2p\Log\preprocess\insoles\078_insole_L.log
2025-08-19 13:01:38,760 | INFO | Parameters: num_points=4096, candidate_multiplier=4, z_low_percent=None, z_high_percent=None, seed=None
2025-08-19 13:01:38,760 | INFO | File: size_bytes=2561684, mtime=2025-08-14 09:53:36
2025-08-19 13:01:38,760 | INFO | Env: python=3.11.13, numpy=2.1.2, trimesh=4.7.4, platform=Windows-10-10.0.26100-SP0
2025-08-19 13:01:38,842 | INFO | Mesh: vertices=25618, faces=51232
2025-08-19 13:01:38,875 | INFO | Mesh surface area: 40079.733260
2025-08-19 13:01:38,902 | INFO | Mesh volume: 105919.082483
2025-08-19 13:01:38,904 | INFO | Mesh AABB min=[-42.768001556396484, -123.2384033203125, -0.8978999853134155] max=[41.23210144042969, 121.76190185546875, 23.494400024414062]
2025-08-19 13:01:38,905 | INFO | Boundary edges: 0
2025-08-19 13:01:38,905 | INFO | Load mesh time: 144.2 ms
2025-08-19 13:01:38,905 | INFO | Surface sampling: candidates=16384 (target=4096, multiplier=4)
2025-08-19 13:01:38,923 | INFO | Running Farthest Point Sampling (FPS) to enforce even spacing
2025-08-19 13:01:39,013 | INFO | FPS progress: 409/4096
2025-08-19 13:01:39,102 | INFO | FPS progress: 818/4096
2025-08-19 13:01:39,193 | INFO | FPS progress: 1227/4096
2025-08-19 13:01:39,283 | INFO | FPS progress: 1636/4096
2025-08-19 13:01:39,378 | INFO | FPS progress: 2045/4096
2025-08-19 13:01:39,479 | INFO | FPS progress: 2454/4096
2025-08-19 13:01:39,565 | INFO | FPS progress: 2863/4096
2025-08-19 13:01:39,651 | INFO | FPS progress: 3272/4096
2025-08-19 13:01:39,744 | INFO | FPS progress: 3681/4096
2025-08-19 13:01:39,833 | INFO | FPS progress: 4090/4096
2025-08-19 13:01:39,835 | INFO | Round 1: accumulated=4096, kept=4096 (100.00%), time=930.0 ms
2025-08-19 13:01:39,835 | INFO | Requested samples 4096 >= candidates 4096; returning all indices.
2025-08-19 13:01:39,835 | INFO | Sampled points: (4096, 3), normals: (4096, 3)
2025-08-19 13:01:39,835 | INFO | Sampling time: 930.6 ms
2025-08-19 13:01:39,835 | INFO | Centering only: centroid=[4.020311683182151, -7.061248567937996, 4.236930827726422] | scale fixed to 1.000000 (no scaling)
2025-08-19 13:01:39,835 | INFO | Axis x stats (centered): min=-46.696306, mean=0.000000, std=22.281091, max=37.194825
2025-08-19 13:01:39,837 | INFO | Axis y stats (centered): min=-116.139777, mean=0.000000, std=66.621555, max=128.626762
2025-08-19 13:01:39,837 | INFO | Axis z stats (centered): min=-5.133020, mean=-0.000000, std=5.827917, max=19.053853
2025-08-19 13:01:39,837 | INFO | Centering time: 0.6 ms
2025-08-19 13:01:39,837 | INFO | PCA alignment: explained variance ratio=0.8971, 0.0976, 0.0053
2025-08-19 13:01:39,837 | INFO | Rotation matrix (columns are principal axes):
[[-0.058295  0.995947  0.068497]
 [ 0.997655  0.060584 -0.03183 ]
 [-0.035851  0.066481 -0.997143]]
2025-08-19 13:01:39,837 | INFO | Rotation matrix det=1.000000
2025-08-19 13:01:39,838 | INFO | Orientation enforcement: mean_nz=-0.002350 -> sz=-1, width_low=56.538883, width_high=69.883090 -> sx=1, sy=-1
2025-08-19 13:01:39,838 | INFO | Orientation signs diag(S)=[1.0, -1.0, -1.0]
2025-08-19 13:01:39,838 | INFO | PCA time: 1.4 ms
2025-08-19 13:01:39,838 | INFO | Requested samples 4096 >= candidates 4096; returning all indices.
2025-08-19 13:01:39,838 | INFO | Final points: (4096, 3), normals: (4096, 3)
2025-08-19 13:01:39,839 | INFO | Aligned normalized AABB min=[-116.66938379747192, -40.349467479336234, -10.155283303621667] max=[128.6670209742744, 43.7460090614671, 15.954713433192543]
2025-08-19 13:01:39,839 | INFO | Final radii percentiles: p5=17.853608, p50=61.296105, p95=113.764184; centroid_norm=0.000000
2025-08-19 13:01:39,839 | INFO | Axis x stats (final): min=-116.669384, mean=0.000000, std=66.764524, max=128.667021
2025-08-19 13:01:39,839 | INFO | Axis y stats (final): min=-40.349467, mean=-0.000000, std=22.024997, max=43.746009
2025-08-19 13:01:39,839 | INFO | Axis z stats (final): min=-10.155283, mean=-0.000000, std=5.122616, max=15.954713
2025-08-19 13:01:39,839 | INFO | Normal lengths: min=1.000000, mean=1.000000, max=1.000000
2025-08-19 13:01:39,839 | INFO | Final FPS time: 1.3 ms
2025-08-19 13:01:39,863 | INFO | Saved bundle (npz): D:\Cursor Repos\From p2p\data\pointcloud\insoles\078_insole_L.npz | points=(4096, 3) normals=(4096, 3)
2025-08-19 13:01:39,863 | INFO | Completed successfully.
