2025-08-22 11:38:50,021 | INFO | Input STL: D:\Cursor Repos\From p2p\data\raw\insoles\079_insole_R.stl
2025-08-22 11:38:50,021 | INFO | Output log: D:\Cursor Repos\From p2p\Log\preprocess\insoles\079_insole_R.log
2025-08-22 11:38:50,021 | INFO | Parameters: num_points=4096, candidate_multiplier=4, z_low_percent=None, z_high_percent=None, seed=None
2025-08-22 11:38:50,021 | INFO | File: size_bytes=2433684, mtime=2025-08-14 10:01:03
2025-08-22 11:38:50,021 | INFO | Env: python=3.11.13, numpy=2.3.2, trimesh=4.7.4, platform=Windows-10-10.0.26100-SP0
2025-08-22 11:38:50,089 | INFO | Mesh: vertices=24338, faces=48672
2025-08-22 11:38:50,125 | INFO | Mesh surface area: 37243.204033
2025-08-22 11:38:50,143 | INFO | Mesh volume: 93282.987367
2025-08-22 11:38:50,146 | INFO | Mesh AABB min=[-40.77109909057617, -118.33920288085938, -0.894599974155426] max=[41.229000091552734, 116.66089630126953, 19.97249984741211]
2025-08-22 11:38:50,146 | INFO | Boundary edges: 0
2025-08-22 11:38:50,146 | INFO | Load mesh time: 125.4 ms
2025-08-22 11:38:50,146 | INFO | Surface sampling: candidates=16384 (target=4096, multiplier=4)
2025-08-22 11:38:50,162 | INFO | Running Farthest Point Sampling (FPS) to enforce even spacing
2025-08-22 11:38:50,245 | INFO | FPS progress: 409/4096
2025-08-22 11:38:50,325 | INFO | FPS progress: 818/4096
2025-08-22 11:38:50,403 | INFO | FPS progress: 1227/4096
2025-08-22 11:38:50,500 | INFO | FPS progress: 1636/4096
2025-08-22 11:38:50,578 | INFO | FPS progress: 2045/4096
2025-08-22 11:38:50,659 | INFO | FPS progress: 2454/4096
2025-08-22 11:38:50,736 | INFO | FPS progress: 2863/4096
2025-08-22 11:38:50,817 | INFO | FPS progress: 3272/4096
2025-08-22 11:38:50,909 | INFO | FPS progress: 3681/4096
2025-08-22 11:38:50,988 | INFO | FPS progress: 4090/4096
2025-08-22 11:38:50,990 | INFO | Round 1: accumulated=4096, kept=4096 (100.00%), time=843.4 ms
2025-08-22 11:38:50,990 | INFO | Requested samples 4096 >= candidates 4096; returning all indices.
2025-08-22 11:38:50,990 | INFO | Sampled points: (4096, 3), normals: (4096, 3)
2025-08-22 11:38:50,990 | INFO | Sampling time: 843.9 ms
2025-08-22 11:38:50,990 | INFO | Centering only: centroid=[-3.897709821905184, -6.044623537937746, 3.7136720599816497] | scale fixed to 1.000000 (no scaling)
2025-08-22 11:38:50,990 | INFO | Axis x stats (centered): min=-36.809089, mean=0.000000, std=21.783214, max=45.035863
2025-08-22 11:38:50,990 | INFO | Axis y stats (centered): min=-112.232996, mean=0.000000, std=63.960620, max=122.470232
2025-08-22 11:38:50,990 | INFO | Axis z stats (centered): min=-4.607867, mean=0.000000, std=5.126405, max=16.139299
2025-08-22 11:38:50,990 | INFO | Centering time: 0.4 ms
2025-08-22 11:38:50,991 | INFO | PCA alignment: explained variance ratio=0.8941, 0.1013, 0.0047
2025-08-22 11:38:50,991 | INFO | Rotation matrix (columns are principal axes):
[[-0.053314 -0.997575 -0.044733]
 [-0.998085  0.054641 -0.028996]
 [ 0.03137   0.043101 -0.998578]]
2025-08-22 11:38:50,992 | INFO | Rotation matrix det=1.000000
2025-08-22 11:38:50,993 | INFO | Orientation enforcement (flat-to-neg-z): sz=-1, width_low=68.826502, width_high=55.707037 -> sx=-1, sy=1
2025-08-22 11:38:50,993 | INFO | Orientation signs diag(S)=[-1.0, 1.0, -1.0]
2025-08-22 11:38:50,993 | INFO | PCA time: 2.5 ms
2025-08-22 11:38:50,994 | INFO | Bottom alignment: bottom_q=0.20, band_q=0.05, min_z_shift=-11.901652, xy_center=[-85.89667200479164, 9.115084954227072]
2025-08-22 11:38:50,994 | INFO | Bottom leveling time: 0.7 ms | bottom_xy_center=[-85.89667200479164, 9.115084954227072]
2025-08-22 11:38:50,994 | INFO | Requested samples 4096 >= candidates 4096; returning all indices.
2025-08-22 11:38:50,994 | INFO | Final points: (4096, 3), normals: (4096, 3)
2025-08-22 11:38:50,994 | INFO | Aligned normalized AABB min=[-27.220048492587324, -51.6532016829371, 0.0] max=[208.3413917316109, 30.582198175036353, 24.3102625032]
2025-08-22 11:38:50,994 | INFO | Final radii percentiles: p5=18.108744, p50=92.115383, p95=188.275385; centroid_norm=87.195025
2025-08-22 11:38:50,994 | INFO | Axis x stats (final): min=-27.220048, mean=85.896672, std=64.049533, max=208.341392
2025-08-22 11:38:50,995 | INFO | Axis y stats (final): min=-51.653202, mean=-9.115085, std=21.553941, max=30.582198
2025-08-22 11:38:50,995 | INFO | Axis z stats (final): min=0.000000, mean=11.901652, std=4.983406, max=24.310263
2025-08-22 11:38:50,995 | INFO | Normal lengths: min=1.000000, mean=1.000000, max=1.000000
2025-08-22 11:38:50,995 | INFO | Final FPS time: 1.2 ms
2025-08-22 11:38:51,003 | INFO | Saved bundle (npz): D:\Cursor Repos\From p2p\data\pointcloud\insoles\079_insole_R.npz | points=(4096, 3) normals=(4096, 3)
2025-08-22 11:38:51,003 | INFO | Completed successfully.
