2025-08-22 11:38:53,092 | INFO | Input STL: D:\Cursor Repos\From p2p\data\raw\insoles\081_insole_L.stl
2025-08-22 11:38:53,092 | INFO | Output log: D:\Cursor Repos\From p2p\Log\preprocess\insoles\081_insole_L.log
2025-08-22 11:38:53,092 | INFO | Parameters: num_points=4096, candidate_multiplier=4, z_low_percent=None, z_high_percent=None, seed=None
2025-08-22 11:38:53,092 | INFO | File: size_bytes=19044584, mtime=2025-08-14 10:58:09
2025-08-22 11:38:53,092 | INFO | Env: python=3.11.13, numpy=2.3.2, trimesh=4.7.4, platform=Windows-10-10.0.26100-SP0
2025-08-22 11:38:53,736 | INFO | Mesh: vertices=190447, faces=380890
2025-08-22 11:38:54,031 | INFO | Mesh surface area: 29028.308075
2025-08-22 11:38:54,198 | INFO | Mesh volume: 73714.457622
2025-08-22 11:38:54,225 | INFO | Mesh AABB min=[-37.04050064086914, -98.12560272216797, -0.8937000036239624] max=[36.95970153808594, 96.87439727783203, 22.891700744628906]
2025-08-22 11:38:54,225 | INFO | Boundary edges: 0
2025-08-22 11:38:54,225 | INFO | Load mesh time: 1133.0 ms
2025-08-22 11:38:54,225 | INFO | Surface sampling: candidates=16384 (target=4096, multiplier=4)
2025-08-22 11:38:54,316 | INFO | Running Farthest Point Sampling (FPS) to enforce even spacing
2025-08-22 11:38:54,401 | INFO | FPS progress: 409/4096
2025-08-22 11:38:54,480 | INFO | FPS progress: 818/4096
2025-08-22 11:38:54,574 | INFO | FPS progress: 1227/4096
2025-08-22 11:38:54,654 | INFO | FPS progress: 1636/4096
2025-08-22 11:38:54,740 | INFO | FPS progress: 2045/4096
2025-08-22 11:38:54,822 | INFO | FPS progress: 2454/4096
2025-08-22 11:38:54,902 | INFO | FPS progress: 2863/4096
2025-08-22 11:38:54,983 | INFO | FPS progress: 3272/4096
2025-08-22 11:38:55,062 | INFO | FPS progress: 3681/4096
2025-08-22 11:38:55,144 | INFO | FPS progress: 4090/4096
2025-08-22 11:38:55,146 | INFO | Round 1: accumulated=4096, kept=4096 (100.00%), time=920.2 ms
2025-08-22 11:38:55,146 | INFO | Requested samples 4096 >= candidates 4096; returning all indices.
2025-08-22 11:38:55,146 | INFO | Sampled points: (4096, 3), normals: (4096, 3)
2025-08-22 11:38:55,146 | INFO | Sampling time: 920.8 ms
2025-08-22 11:38:55,146 | INFO | Centering only: centroid=[3.9602037045394582, -6.203560869947688, 4.382722526059204] | scale fixed to 1.000000 (no scaling)
2025-08-22 11:38:55,146 | INFO | Axis x stats (centered): min=-40.893348, mean=0.000000, std=19.646179, max=32.889145
2025-08-22 11:38:55,146 | INFO | Axis y stats (centered): min=-91.819893, mean=-0.000000, std=53.570304, max=103.030042
2025-08-22 11:38:55,147 | INFO | Axis z stats (centered): min=-5.276423, mean=0.000000, std=5.714727, max=18.332427
2025-08-22 11:38:55,147 | INFO | Centering time: 0.6 ms
2025-08-22 11:38:55,148 | INFO | PCA alignment: explained variance ratio=0.8784, 0.1138, 0.0078
2025-08-22 11:38:55,148 | INFO | Rotation matrix (columns are principal axes):
[[-0.072014  0.995357  0.063859]
 [ 0.996385  0.074686 -0.040491]
 [-0.045073  0.060712 -0.997137]]
2025-08-22 11:38:55,148 | INFO | Rotation matrix det=1.000000
2025-08-22 11:38:55,149 | INFO | Orientation enforcement (flat-to-neg-z): sz=-1, width_low=48.883793, width_high=60.571974 -> sx=1, sy=-1
2025-08-22 11:38:55,149 | INFO | Orientation signs diag(S)=[1.0, -1.0, -1.0]
2025-08-22 11:38:55,149 | INFO | PCA time: 2.4 ms
2025-08-22 11:38:55,150 | INFO | Bottom alignment: bottom_q=0.20, band_q=0.05, min_z_shift=-13.534825, xy_center=[-69.28606981508244, -6.64548378850378]
2025-08-22 11:38:55,150 | INFO | Bottom leveling time: 0.7 ms | bottom_xy_center=[-69.28606981508244, -6.64548378850378]
2025-08-22 11:38:55,150 | INFO | Requested samples 4096 >= candidates 4096; returning all indices.
2025-08-22 11:38:55,150 | INFO | Final points: (4096, 3), normals: (4096, 3)
2025-08-22 11:38:55,151 | INFO | Aligned normalized AABB min=[-23.91502804982258, -29.23142534624374, 0.0] max=[172.0374667043895, 44.63423163645779, 26.637691218659725]
2025-08-22 11:38:55,151 | INFO | Final radii percentiles: p5=16.382979, p50=74.521719, p95=156.770326; centroid_norm=70.907781
2025-08-22 11:38:55,151 | INFO | Axis x stats (final): min=-23.915028, mean=69.286070, std=53.708520, max=172.037467
2025-08-22 11:38:55,151 | INFO | Axis y stats (final): min=-29.231425, mean=6.645484, std=19.331479, max=44.634232
2025-08-22 11:38:55,151 | INFO | Axis z stats (final): min=0.000000, mean=13.534825, std=5.486051, max=26.637691
2025-08-22 11:38:55,152 | INFO | Normal lengths: min=1.000000, mean=1.000000, max=1.000000
2025-08-22 11:38:55,152 | INFO | Final FPS time: 1.7 ms
2025-08-22 11:38:55,161 | INFO | Saved bundle (npz): D:\Cursor Repos\From p2p\data\pointcloud\insoles\081_insole_L.npz | points=(4096, 3) normals=(4096, 3)
2025-08-22 11:38:55,161 | INFO | Completed successfully.
