2025-08-22 11:39:01,225 | INFO | Input STL: D:\Cursor Repos\From p2p\data\raw\insoles\084_insole_L.stl
2025-08-22 11:39:01,225 | INFO | Output log: D:\Cursor Repos\From p2p\Log\preprocess\insoles\084_insole_L.log
2025-08-22 11:39:01,225 | INFO | Parameters: num_points=4096, candidate_multiplier=4, z_low_percent=None, z_high_percent=None, seed=None
2025-08-22 11:39:01,226 | INFO | File: size_bytes=3091184, mtime=2025-08-13 13:25:41
2025-08-22 11:39:01,226 | INFO | Env: python=3.11.13, numpy=2.3.2, trimesh=4.7.4, platform=Windows-10-10.0.26100-SP0
2025-08-22 11:39:01,333 | INFO | Mesh: vertices=30913, faces=61822
2025-08-22 11:39:01,397 | INFO | Mesh surface area: 42539.928017
2025-08-22 11:39:01,430 | INFO | Mesh volume: 108519.625659
2025-08-22 11:39:01,435 | INFO | Mesh AABB min=[-43.332401275634766, -127.95330047607422, -0.9007999897003174] max=[43.667701721191406, 127.04669952392578, 22.550399780273438]
2025-08-22 11:39:01,435 | INFO | Boundary edges: 0
2025-08-22 11:39:01,435 | INFO | Load mesh time: 208.8 ms
2025-08-22 11:39:01,435 | INFO | Surface sampling: candidates=16384 (target=4096, multiplier=4)
2025-08-22 11:39:01,458 | INFO | Running Farthest Point Sampling (FPS) to enforce even spacing
2025-08-22 11:39:01,547 | INFO | FPS progress: 409/4096
2025-08-22 11:39:01,629 | INFO | FPS progress: 818/4096
2025-08-22 11:39:01,707 | INFO | FPS progress: 1227/4096
2025-08-22 11:39:01,787 | INFO | FPS progress: 1636/4096
2025-08-22 11:39:01,882 | INFO | FPS progress: 2045/4096
2025-08-22 11:39:01,966 | INFO | FPS progress: 2454/4096
2025-08-22 11:39:02,048 | INFO | FPS progress: 2863/4096
2025-08-22 11:39:02,128 | INFO | FPS progress: 3272/4096
2025-08-22 11:39:02,213 | INFO | FPS progress: 3681/4096
2025-08-22 11:39:02,294 | INFO | FPS progress: 4090/4096
2025-08-22 11:39:02,295 | INFO | Round 1: accumulated=4096, kept=4096 (100.00%), time=859.3 ms
2025-08-22 11:39:02,295 | INFO | Requested samples 4096 >= candidates 4096; returning all indices.
2025-08-22 11:39:02,295 | INFO | Sampled points: (4096, 3), normals: (4096, 3)
2025-08-22 11:39:02,295 | INFO | Sampling time: 859.6 ms
2025-08-22 11:39:02,295 | INFO | Centering only: centroid=[4.946747645582903, -5.892885892258168, 3.966786741892781] | scale fixed to 1.000000 (no scaling)
2025-08-22 11:39:02,295 | INFO | Axis x stats (centered): min=-48.206069, mean=-0.000000, std=22.888488, max=38.688971
2025-08-22 11:39:02,295 | INFO | Axis y stats (centered): min=-121.983444, mean=0.000000, std=69.185117, max=132.369683
2025-08-22 11:39:02,296 | INFO | Axis z stats (centered): min=-4.864817, mean=-0.000000, std=5.587093, max=18.490239
2025-08-22 11:39:02,296 | INFO | Centering time: 0.5 ms
2025-08-22 11:39:02,296 | INFO | PCA alignment: explained variance ratio=0.8998, 0.0956, 0.0046
2025-08-22 11:39:02,296 | INFO | Rotation matrix (columns are principal axes):
[[-0.058368  0.996657  0.057167]
 [ 0.997734  0.060159 -0.030127]
 [-0.033465  0.055279 -0.99791 ]]
2025-08-22 11:39:02,296 | INFO | Rotation matrix det=1.000000
2025-08-22 11:39:02,297 | INFO | Orientation enforcement (flat-to-neg-z): sz=-1, width_low=58.888089, width_high=71.777916 -> sx=1, sy=-1
2025-08-22 11:39:02,297 | INFO | Orientation signs diag(S)=[1.0, -1.0, -1.0]
2025-08-22 11:39:02,297 | INFO | PCA time: 1.9 ms
2025-08-22 11:39:02,298 | INFO | Bottom alignment: bottom_q=0.20, band_q=0.05, min_z_shift=-13.525480, xy_center=[-92.62807097116523, -9.451805566496736]
2025-08-22 11:39:02,298 | INFO | Bottom leveling time: 0.6 ms | bottom_xy_center=[-92.62807097116523, -9.451805566496736]
2025-08-22 11:39:02,298 | INFO | Requested samples 4096 >= candidates 4096; returning all indices.
2025-08-22 11:39:02,298 | INFO | Final points: (4096, 3), normals: (4096, 3)
2025-08-22 11:39:02,299 | INFO | Aligned normalized AABB min=[-30.282309800198675, -32.563052306649205, 0.0] max=[224.78483295541275, 54.50376702940405, 27.018579685452227]
2025-08-22 11:39:02,299 | INFO | Final radii percentiles: p5=19.702652, p50=98.952299, p95=204.048118; centroid_norm=94.086316
2025-08-22 11:39:02,299 | INFO | Axis x stats (final): min=-30.282310, mean=92.628071, std=69.300813, max=224.784833
2025-08-22 11:39:02,299 | INFO | Axis y stats (final): min=-32.563052, mean=9.451806, std=22.582475, max=54.503767
2025-08-22 11:39:02,299 | INFO | Axis z stats (final): min=0.000000, mean=13.525480, std=5.395183, max=27.018580
2025-08-22 11:39:02,299 | INFO | Normal lengths: min=1.000000, mean=1.000000, max=1.000000
2025-08-22 11:39:02,299 | INFO | Final FPS time: 1.2 ms
2025-08-22 11:39:02,308 | INFO | Saved bundle (npz): D:\Cursor Repos\From p2p\data\pointcloud\insoles\084_insole_L.npz | points=(4096, 3) normals=(4096, 3)
2025-08-22 11:39:02,308 | INFO | Completed successfully.
