2025-08-22 11:39:05,356 | INFO | Input STL: D:\Cursor Repos\From p2p\data\raw\insoles\086_insole_L.stl
2025-08-22 11:39:05,356 | INFO | Output log: D:\Cursor Repos\From p2p\Log\preprocess\insoles\086_insole_L.log
2025-08-22 11:39:05,356 | INFO | Parameters: num_points=4096, candidate_multiplier=4, z_low_percent=None, z_high_percent=None, seed=None
2025-08-22 11:39:05,357 | INFO | File: size_bytes=2735984, mtime=2025-08-14 09:52:07
2025-08-22 11:39:05,357 | INFO | Env: python=3.11.13, numpy=2.3.2, trimesh=4.7.4, platform=Windows-10-10.0.26100-SP0
2025-08-22 11:39:05,448 | INFO | Mesh: vertices=27361, faces=54718
2025-08-22 11:39:05,480 | INFO | Mesh surface area: 37020.171851
2025-08-22 11:39:05,503 | INFO | Mesh volume: 92285.270092
2025-08-22 11:39:05,506 | INFO | Mesh AABB min=[-41.4281005859375, -115.17630004882812, -0.8981000185012817] max=[41.57210159301758, 114.82369995117188, 21.725200653076172]
2025-08-22 11:39:05,506 | INFO | Boundary edges: 0
2025-08-22 11:39:05,506 | INFO | Load mesh time: 149.4 ms
2025-08-22 11:39:05,506 | INFO | Surface sampling: candidates=16384 (target=4096, multiplier=4)
2025-08-22 11:39:05,525 | INFO | Running Farthest Point Sampling (FPS) to enforce even spacing
2025-08-22 11:39:05,606 | INFO | FPS progress: 409/4096
2025-08-22 11:39:05,703 | INFO | FPS progress: 818/4096
2025-08-22 11:39:05,798 | INFO | FPS progress: 1227/4096
2025-08-22 11:39:05,890 | INFO | FPS progress: 1636/4096
2025-08-22 11:39:05,972 | INFO | FPS progress: 2045/4096
2025-08-22 11:39:06,053 | INFO | FPS progress: 2454/4096
2025-08-22 11:39:06,130 | INFO | FPS progress: 2863/4096
2025-08-22 11:39:06,214 | INFO | FPS progress: 3272/4096
2025-08-22 11:39:06,293 | INFO | FPS progress: 3681/4096
2025-08-22 11:39:06,369 | INFO | FPS progress: 4090/4096
2025-08-22 11:39:06,371 | INFO | Round 1: accumulated=4096, kept=4096 (100.00%), time=865.1 ms
2025-08-22 11:39:06,372 | INFO | Requested samples 4096 >= candidates 4096; returning all indices.
2025-08-22 11:39:06,372 | INFO | Sampled points: (4096, 3), normals: (4096, 3)
2025-08-22 11:39:06,372 | INFO | Sampling time: 865.9 ms
2025-08-22 11:39:06,372 | INFO | Centering only: centroid=[4.504187761491185, -5.499842769468668, 3.768787144641199] | scale fixed to 1.000000 (no scaling)
2025-08-22 11:39:06,373 | INFO | Axis x stats (centered): min=-45.828864, mean=-0.000000, std=21.875115, max=37.027988
2025-08-22 11:39:06,373 | INFO | Axis y stats (centered): min=-109.628152, mean=0.000000, std=62.468835, max=120.180657
2025-08-22 11:39:06,373 | INFO | Axis z stats (centered): min=-4.664987, mean=0.000000, std=5.309838, max=17.885531
2025-08-22 11:39:06,373 | INFO | Centering time: 0.6 ms
2025-08-22 11:39:06,373 | INFO | PCA alignment: explained variance ratio=0.8886, 0.1062, 0.0052
2025-08-22 11:39:06,374 | INFO | Rotation matrix (columns are principal axes):
[[-0.05749   0.997114  0.04959 ]
 [ 0.997788  0.059048 -0.030545]
 [-0.033385  0.047724 -0.998302]]
2025-08-22 11:39:06,374 | INFO | Rotation matrix det=1.000000
2025-08-22 11:39:06,375 | INFO | Orientation enforcement (flat-to-neg-z): sz=-1, width_low=55.781306, width_high=68.289083 -> sx=1, sy=-1
2025-08-22 11:39:06,375 | INFO | Orientation signs diag(S)=[1.0, -1.0, -1.0]
2025-08-22 11:39:06,375 | INFO | PCA time: 1.8 ms
2025-08-22 11:39:06,375 | INFO | Bottom alignment: bottom_q=0.20, band_q=0.05, min_z_shift=-12.504785, xy_center=[-83.8778360561184, -10.456804119964918]
2025-08-22 11:39:06,375 | INFO | Bottom leveling time: 0.7 ms | bottom_xy_center=[-83.8778360561184, -10.456804119964918]
2025-08-22 11:39:06,375 | INFO | Requested samples 4096 >= candidates 4096; returning all indices.
2025-08-22 11:39:06,376 | INFO | Final points: (4096, 3), normals: (4096, 3)
2025-08-22 11:39:06,377 | INFO | Aligned normalized AABB min=[-26.607753078598122, -29.348791575212314, 0.0] max=[203.99411873665542, 53.39030920716395, 26.23566314819204]
2025-08-22 11:39:06,377 | INFO | Final radii percentiles: p5=18.020987, p50=90.419516, p95=184.643686; centroid_norm=85.447093
2025-08-22 11:39:06,377 | INFO | Axis x stats (final): min=-26.607753, mean=83.877836, std=62.568499, max=203.994119
2025-08-22 11:39:06,377 | INFO | Axis y stats (final): min=-29.348792, mean=10.456804, std=21.623562, max=53.390309
2025-08-22 11:39:06,377 | INFO | Axis z stats (final): min=0.000000, mean=12.504785, std=5.164776, max=26.235663
2025-08-22 11:39:06,377 | INFO | Normal lengths: min=1.000000, mean=1.000000, max=1.000000
2025-08-22 11:39:06,377 | INFO | Final FPS time: 1.9 ms
2025-08-22 11:39:06,387 | INFO | Saved bundle (npz): D:\Cursor Repos\From p2p\data\pointcloud\insoles\086_insole_L.npz | points=(4096, 3) normals=(4096, 3)
2025-08-22 11:39:06,387 | INFO | Completed successfully.
