2025-08-22 11:39:12,548 | INFO | Input STL: D:\Cursor Repos\From p2p\data\raw\insoles\088_insole_R.stl
2025-08-22 11:39:12,548 | INFO | Output log: D:\Cursor Repos\From p2p\Log\preprocess\insoles\088_insole_R.log
2025-08-22 11:39:12,548 | INFO | Parameters: num_points=4096, candidate_multiplier=4, z_low_percent=None, z_high_percent=None, seed=None
2025-08-22 11:39:12,548 | INFO | File: size_bytes=32473484, mtime=2025-08-14 10:58:09
2025-08-22 11:39:12,548 | INFO | Env: python=3.11.13, numpy=2.3.2, trimesh=4.7.4, platform=Windows-10-10.0.26100-SP0
2025-08-22 11:39:13,765 | INFO | Mesh: vertices=324736, faces=649468
2025-08-22 11:39:14,244 | INFO | Mesh surface area: 50164.494363
2025-08-22 11:39:14,618 | INFO | Mesh volume: 130694.209866
2025-08-22 11:39:14,659 | INFO | Mesh AABB min=[-46.78820037841797, -140.7825927734375, -0.8934999704360962] max=[48.212100982666016, 141.21780395507812, 22.643999099731445]
2025-08-22 11:39:14,659 | INFO | Boundary edges: 0
2025-08-22 11:39:14,659 | INFO | Load mesh time: 2110.8 ms
2025-08-22 11:39:14,659 | INFO | Surface sampling: candidates=16384 (target=4096, multiplier=4)
2025-08-22 11:39:14,806 | INFO | Running Farthest Point Sampling (FPS) to enforce even spacing
2025-08-22 11:39:14,889 | INFO | FPS progress: 409/4096
2025-08-22 11:39:14,970 | INFO | FPS progress: 818/4096
2025-08-22 11:39:15,057 | INFO | FPS progress: 1227/4096
2025-08-22 11:39:15,136 | INFO | FPS progress: 1636/4096
2025-08-22 11:39:15,216 | INFO | FPS progress: 2045/4096
2025-08-22 11:39:15,300 | INFO | FPS progress: 2454/4096
2025-08-22 11:39:15,382 | INFO | FPS progress: 2863/4096
2025-08-22 11:39:15,460 | INFO | FPS progress: 3272/4096
2025-08-22 11:39:15,542 | INFO | FPS progress: 3681/4096
2025-08-22 11:39:15,627 | INFO | FPS progress: 4090/4096
2025-08-22 11:39:15,628 | INFO | Round 1: accumulated=4096, kept=4096 (100.00%), time=969.0 ms
2025-08-22 11:39:15,628 | INFO | Requested samples 4096 >= candidates 4096; returning all indices.
2025-08-22 11:39:15,628 | INFO | Sampled points: (4096, 3), normals: (4096, 3)
2025-08-22 11:39:15,628 | INFO | Sampling time: 969.3 ms
2025-08-22 11:39:15,629 | INFO | Centering only: centroid=[-4.013146915829547, -4.437739677221831, 3.7379144647767197] | scale fixed to 1.000000 (no scaling)
2025-08-22 11:39:15,629 | INFO | Axis x stats (centered): min=-42.734897, mean=-0.000000, std=24.782010, max=52.018694
2025-08-22 11:39:15,629 | INFO | Axis y stats (centered): min=-136.138297, mean=-0.000000, std=76.491167, max=145.507338
2025-08-22 11:39:15,629 | INFO | Axis z stats (centered): min=-4.631414, mean=-0.000000, std=5.346539, max=18.817554
2025-08-22 11:39:15,629 | INFO | Centering time: 0.4 ms
2025-08-22 11:39:15,629 | INFO | PCA alignment: explained variance ratio=0.9038, 0.0926, 0.0037
2025-08-22 11:39:15,630 | INFO | Rotation matrix (columns are principal axes):
[[-0.051654 -0.997842 -0.040533]
 [-0.998324  0.052656 -0.024033]
 [ 0.026115  0.039223 -0.998889]]
2025-08-22 11:39:15,630 | INFO | Rotation matrix det=1.000000
2025-08-22 11:39:15,631 | INFO | Orientation enforcement (flat-to-neg-z): sz=-1, width_low=78.512485, width_high=64.836423 -> sx=-1, sy=1
2025-08-22 11:39:15,631 | INFO | Orientation signs diag(S)=[-1.0, 1.0, -1.0]
2025-08-22 11:39:15,631 | INFO | PCA time: 1.8 ms
2025-08-22 11:39:15,631 | INFO | Bottom alignment: bottom_q=0.20, band_q=0.05, min_z_shift=-12.201789, xy_center=[-105.66331090267053, 10.338962939649251]
2025-08-22 11:39:15,631 | INFO | Bottom leveling time: 0.6 ms | bottom_xy_center=[-105.66331090267053, 10.338962939649251]
2025-08-22 11:39:15,631 | INFO | Requested samples 4096 >= candidates 4096; returning all indices.
2025-08-22 11:39:15,632 | INFO | Final points: (4096, 3), normals: (4096, 3)
2025-08-22 11:39:15,632 | INFO | Aligned normalized AABB min=[-31.15078449406792, -59.57156531780455, 0.0] max=[251.0482513239708, 35.37869128985929, 26.953317932689778]
2025-08-22 11:39:15,632 | INFO | Final radii percentiles: p5=20.592807, p50=111.744425, p95=227.115304; centroid_norm=106.866801
2025-08-22 11:39:15,632 | INFO | Axis x stats (final): min=-31.150784, mean=105.663311, std=76.588928, max=251.048251
2025-08-22 11:39:15,632 | INFO | Axis y stats (final): min=-59.571565, mean=-10.338963, std=24.504882, max=35.378691
2025-08-22 11:39:15,632 | INFO | Axis z stats (final): min=0.000000, mean=12.201789, std=5.222935, max=26.953318
2025-08-22 11:39:15,633 | INFO | Normal lengths: min=1.000000, mean=1.000000, max=1.000000
2025-08-22 11:39:15,633 | INFO | Final FPS time: 1.2 ms
2025-08-22 11:39:15,642 | INFO | Saved bundle (npz): D:\Cursor Repos\From p2p\data\pointcloud\insoles\088_insole_R.npz | points=(4096, 3) normals=(4096, 3)
2025-08-22 11:39:15,642 | INFO | Completed successfully.
