2025-08-22 11:39:20,857 | INFO | Input STL: D:\Cursor Repos\From p2p\data\raw\insoles\090_insole_L.stl
2025-08-22 11:39:20,857 | INFO | Output log: D:\Cursor Repos\From p2p\Log\preprocess\insoles\090_insole_L.log
2025-08-22 11:39:20,858 | INFO | Parameters: num_points=4096, candidate_multiplier=4, z_low_percent=None, z_high_percent=None, seed=None
2025-08-22 11:39:20,858 | INFO | File: size_bytes=14796534, mtime=2025-08-14 09:53:33
2025-08-22 11:39:20,858 | INFO | Env: python=3.11.13, numpy=2.3.2, trimesh=4.7.4, platform=Windows-10-10.0.26100-SP0
2025-08-22 11:39:21,340 | INFO | Mesh: vertices=147971, faces=295929
2025-08-22 11:39:21,553 | WARNING | Mesh is not watertight; surface sampling may include boundary artifacts
2025-08-22 11:39:21,601 | INFO | Mesh surface area: 38687.870940
2025-08-22 11:39:21,752 | INFO | Mesh volume: 94733.073571
2025-08-22 11:39:21,775 | INFO | Mesh AABB min=[-42.27220153808594, -122.310302734375, -0.8959000110626221] max=[40.727901458740234, 120.69010162353516, 23.430299758911133]
2025-08-22 11:39:21,776 | INFO | Boundary edges: 0
2025-08-22 11:39:21,776 | INFO | Load mesh time: 917.5 ms
2025-08-22 11:39:21,776 | INFO | Surface sampling: candidates=16384 (target=4096, multiplier=4)
2025-08-22 11:39:21,842 | INFO | Running Farthest Point Sampling (FPS) to enforce even spacing
2025-08-22 11:39:21,929 | INFO | FPS progress: 409/4096
2025-08-22 11:39:22,011 | INFO | FPS progress: 818/4096
2025-08-22 11:39:22,096 | INFO | FPS progress: 1227/4096
2025-08-22 11:39:22,178 | INFO | FPS progress: 1636/4096
2025-08-22 11:39:22,260 | INFO | FPS progress: 2045/4096
2025-08-22 11:39:22,340 | INFO | FPS progress: 2454/4096
2025-08-22 11:39:22,420 | INFO | FPS progress: 2863/4096
2025-08-22 11:39:22,499 | INFO | FPS progress: 3272/4096
2025-08-22 11:39:22,582 | INFO | FPS progress: 3681/4096
2025-08-22 11:39:22,662 | INFO | FPS progress: 4090/4096
2025-08-22 11:39:22,663 | INFO | Round 1: accumulated=4096, kept=4096 (100.00%), time=888.1 ms
2025-08-22 11:39:22,664 | INFO | Requested samples 4096 >= candidates 4096; returning all indices.
2025-08-22 11:39:22,664 | INFO | Sampled points: (4096, 3), normals: (4096, 3)
2025-08-22 11:39:22,664 | INFO | Sampling time: 888.7 ms
2025-08-22 11:39:22,664 | INFO | Centering only: centroid=[3.362024385600553, -6.46663127963199, 3.709983467546253] | scale fixed to 1.000000 (no scaling)
2025-08-22 11:39:22,664 | INFO | Axis x stats (centered): min=-45.286532, mean=0.000000, std=21.618891, max=37.229774
2025-08-22 11:39:22,664 | INFO | Axis y stats (centered): min=-115.819436, mean=-0.000000, std=66.300927, max=127.055871
2025-08-22 11:39:22,665 | INFO | Axis z stats (centered): min=-4.604964, mean=-0.000000, std=5.281263, max=17.515970
2025-08-22 11:39:22,665 | INFO | Centering time: 0.6 ms
2025-08-22 11:39:22,665 | INFO | PCA alignment: explained variance ratio=0.9022, 0.0933, 0.0045
2025-08-22 11:39:22,665 | INFO | Rotation matrix (columns are principal axes):
[[-0.055607  0.99716   0.050798]
 [ 0.997902  0.057194 -0.030325]
 [-0.033144  0.049006 -0.998248]]
2025-08-22 11:39:22,665 | INFO | Rotation matrix det=1.000000
2025-08-22 11:39:22,666 | INFO | Orientation enforcement (flat-to-neg-z): sz=-1, width_low=56.447328, width_high=69.655013 -> sx=1, sy=-1
2025-08-22 11:39:22,666 | INFO | Orientation signs diag(S)=[1.0, -1.0, -1.0]
2025-08-22 11:39:22,666 | INFO | PCA time: 1.5 ms
2025-08-22 11:39:22,667 | INFO | Bottom alignment: bottom_q=0.20, band_q=0.05, min_z_shift=-12.632957, xy_center=[-88.68306537079914, -9.342471284754192]
2025-08-22 11:39:22,667 | INFO | Bottom leveling time: 0.7 ms | bottom_xy_center=[-88.68306537079914, -9.342471284754192]
2025-08-22 11:39:22,667 | INFO | Requested samples 4096 >= candidates 4096; returning all indices.
2025-08-22 11:39:22,667 | INFO | Final points: (4096, 3), normals: (4096, 3)
2025-08-22 11:39:22,668 | INFO | Aligned normalized AABB min=[-28.090980758396455, -30.825661661046027, 0.0] max=[215.59540004481238, 52.02957747497369, 25.52692208359356]
2025-08-22 11:39:22,668 | INFO | Final radii percentiles: p5=17.917787, p50=94.097242, p95=195.384657; centroid_norm=90.064196
2025-08-22 11:39:22,668 | INFO | Axis x stats (final): min=-28.090981, mean=88.683065, std=66.402900, max=215.595400
2025-08-22 11:39:22,668 | INFO | Axis y stats (final): min=-30.825662, mean=9.342471, std=21.346383, max=52.029577
2025-08-22 11:39:22,668 | INFO | Axis z stats (final): min=0.000000, mean=12.632957, std=5.105676, max=25.526922
2025-08-22 11:39:22,668 | INFO | Normal lengths: min=1.000000, mean=1.000000, max=1.000000
2025-08-22 11:39:22,668 | INFO | Final FPS time: 1.3 ms
2025-08-22 11:39:22,677 | INFO | Saved bundle (npz): D:\Cursor Repos\From p2p\data\pointcloud\insoles\090_insole_L.npz | points=(4096, 3) normals=(4096, 3)
2025-08-22 11:39:22,677 | INFO | Completed successfully.
