2025-08-22 11:39:22,679 | INFO | Input STL: D:\Cursor Repos\From p2p\data\raw\insoles\090_insole_R.stl
2025-08-22 11:39:22,679 | INFO | Output log: D:\Cursor Repos\From p2p\Log\preprocess\insoles\090_insole_R.log
2025-08-22 11:39:22,679 | INFO | Parameters: num_points=4096, candidate_multiplier=4, z_low_percent=None, z_high_percent=None, seed=None
2025-08-22 11:39:22,679 | INFO | File: size_bytes=14794734, mtime=2025-08-14 09:53:35
2025-08-22 11:39:22,679 | INFO | Env: python=3.11.13, numpy=2.3.2, trimesh=4.7.4, platform=Windows-10-10.0.26100-SP0
2025-08-22 11:39:23,235 | INFO | Mesh: vertices=147953, faces=295893
2025-08-22 11:39:23,398 | WARNING | Mesh is not watertight; surface sampling may include boundary artifacts
2025-08-22 11:39:23,440 | INFO | Mesh surface area: 38687.868298
2025-08-22 11:39:23,615 | INFO | Mesh volume: 94733.060725
2025-08-22 11:39:23,635 | INFO | Mesh AABB min=[-40.727901458740234, -122.310302734375, -0.8959000110626221] max=[42.27220153808594, 120.69010162353516, 23.430299758911133]
2025-08-22 11:39:23,635 | INFO | Boundary edges: 0
2025-08-22 11:39:23,635 | INFO | Load mesh time: 955.6 ms
2025-08-22 11:39:23,635 | INFO | Surface sampling: candidates=16384 (target=4096, multiplier=4)
2025-08-22 11:39:23,717 | INFO | Running Farthest Point Sampling (FPS) to enforce even spacing
2025-08-22 11:39:23,800 | INFO | FPS progress: 409/4096
2025-08-22 11:39:23,896 | INFO | FPS progress: 818/4096
2025-08-22 11:39:23,976 | INFO | FPS progress: 1227/4096
2025-08-22 11:39:24,060 | INFO | FPS progress: 1636/4096
2025-08-22 11:39:24,137 | INFO | FPS progress: 2045/4096
2025-08-22 11:39:24,223 | INFO | FPS progress: 2454/4096
2025-08-22 11:39:24,299 | INFO | FPS progress: 2863/4096
2025-08-22 11:39:24,378 | INFO | FPS progress: 3272/4096
2025-08-22 11:39:24,465 | INFO | FPS progress: 3681/4096
2025-08-22 11:39:24,544 | INFO | FPS progress: 4090/4096
2025-08-22 11:39:24,545 | INFO | Round 1: accumulated=4096, kept=4096 (100.00%), time=911.0 ms
2025-08-22 11:39:24,546 | INFO | Requested samples 4096 >= candidates 4096; returning all indices.
2025-08-22 11:39:24,546 | INFO | Sampled points: (4096, 3), normals: (4096, 3)
2025-08-22 11:39:24,546 | INFO | Sampling time: 911.4 ms
2025-08-22 11:39:24,546 | INFO | Centering only: centroid=[-3.4328724598417124, -6.1122554790335455, 3.6956966262896587] | scale fixed to 1.000000 (no scaling)
2025-08-22 11:39:24,546 | INFO | Axis x stats (centered): min=-37.279074, mean=0.000000, std=21.695440, max=45.404503
2025-08-22 11:39:24,547 | INFO | Axis y stats (centered): min=-116.127149, mean=0.000000, std=66.415755, max=126.759897
2025-08-22 11:39:24,547 | INFO | Axis z stats (centered): min=-4.591471, mean=0.000000, std=5.276983, max=17.426378
2025-08-22 11:39:24,547 | INFO | Centering time: 1.3 ms
2025-08-22 11:39:24,548 | INFO | PCA alignment: explained variance ratio=0.9020, 0.0935, 0.0045
2025-08-22 11:39:24,548 | INFO | Rotation matrix (columns are principal axes):
[[-0.056555 -0.997096 -0.051001]
 [-0.997854  0.058139 -0.030134]
 [ 0.033011  0.049187 -0.998244]]
2025-08-22 11:39:24,548 | INFO | Rotation matrix det=1.000000
2025-08-22 11:39:24,549 | INFO | Orientation enforcement (flat-to-neg-z): sz=-1, width_low=69.133017, width_high=55.868354 -> sx=-1, sy=1
2025-08-22 11:39:24,549 | INFO | Orientation signs diag(S)=[-1.0, 1.0, -1.0]
2025-08-22 11:39:24,549 | INFO | PCA time: 2.5 ms
2025-08-22 11:39:24,551 | INFO | Bottom alignment: bottom_q=0.20, band_q=0.05, min_z_shift=-12.541188, xy_center=[-88.89280995366352, 9.33157844975802]
2025-08-22 11:39:24,551 | INFO | Bottom leveling time: 1.4 ms | bottom_xy_center=[-88.89280995366352, 9.33157844975802]
2025-08-22 11:39:24,551 | INFO | Requested samples 4096 >= candidates 4096; returning all indices.
2025-08-22 11:39:24,551 | INFO | Final points: (4096, 3), normals: (4096, 3)
2025-08-22 11:39:24,552 | INFO | Aligned normalized AABB min=[-28.02594439495958, -52.04004053857559, 0.0] max=[215.51633370230667, 30.805033219933186, 25.52586466140787]
2025-08-22 11:39:24,552 | INFO | Final radii percentiles: p5=18.345805, p50=94.623701, p95=195.116910; centroid_norm=90.256808
2025-08-22 11:39:24,552 | INFO | Axis x stats (final): min=-28.025944, mean=88.892810, std=66.521075, max=215.516334
2025-08-22 11:39:24,552 | INFO | Axis y stats (final): min=-52.040041, mean=-9.331578, std=21.413504, max=30.805033
2025-08-22 11:39:24,552 | INFO | Axis z stats (final): min=0.000000, mean=12.541188, std=5.098991, max=25.525865
2025-08-22 11:39:24,553 | INFO | Normal lengths: min=1.000000, mean=1.000000, max=1.000000
2025-08-22 11:39:24,553 | INFO | Final FPS time: 1.3 ms
2025-08-22 11:39:24,562 | INFO | Saved bundle (npz): D:\Cursor Repos\From p2p\data\pointcloud\insoles\090_insole_R.npz | points=(4096, 3) normals=(4096, 3)
2025-08-22 11:39:24,562 | INFO | Completed successfully.
