2025-08-22 11:39:24,564 | INFO | Input STL: D:\Cursor Repos\From p2p\data\raw\insoles\091_insole_L.stl
2025-08-22 11:39:24,564 | INFO | Output log: D:\Cursor Repos\From p2p\Log\preprocess\insoles\091_insole_L.log
2025-08-22 11:39:24,564 | INFO | Parameters: num_points=4096, candidate_multiplier=4, z_low_percent=None, z_high_percent=None, seed=None
2025-08-22 11:39:24,564 | INFO | File: size_bytes=2295784, mtime=2025-08-07 13:53:04
2025-08-22 11:39:24,564 | INFO | Env: python=3.11.13, numpy=2.3.2, trimesh=4.7.4, platform=Windows-10-10.0.26100-SP0
2025-08-22 11:39:24,638 | INFO | Mesh: vertices=22959, faces=45914
2025-08-22 11:39:24,671 | INFO | Mesh surface area: 27435.258574
2025-08-22 11:39:24,695 | INFO | Mesh volume: 66642.642747
2025-08-22 11:39:24,698 | INFO | Mesh AABB min=[-35.45069885253906, -94.68579864501953, -0.9049000144004822] max=[36.54930114746094, 95.31420135498047, 22.519699096679688]
2025-08-22 11:39:24,698 | INFO | Boundary edges: 0
2025-08-22 11:39:24,698 | INFO | Load mesh time: 134.7 ms
2025-08-22 11:39:24,698 | INFO | Surface sampling: candidates=16384 (target=4096, multiplier=4)
2025-08-22 11:39:24,715 | INFO | Running Farthest Point Sampling (FPS) to enforce even spacing
2025-08-22 11:39:24,799 | INFO | FPS progress: 409/4096
2025-08-22 11:39:24,886 | INFO | FPS progress: 818/4096
2025-08-22 11:39:24,962 | INFO | FPS progress: 1227/4096
2025-08-22 11:39:25,048 | INFO | FPS progress: 1636/4096
2025-08-22 11:39:25,129 | INFO | FPS progress: 2045/4096
2025-08-22 11:39:25,212 | INFO | FPS progress: 2454/4096
2025-08-22 11:39:25,292 | INFO | FPS progress: 2863/4096
2025-08-22 11:39:25,374 | INFO | FPS progress: 3272/4096
2025-08-22 11:39:25,454 | INFO | FPS progress: 3681/4096
2025-08-22 11:39:25,533 | INFO | FPS progress: 4090/4096
2025-08-22 11:39:25,535 | INFO | Round 1: accumulated=4096, kept=4096 (100.00%), time=835.8 ms
2025-08-22 11:39:25,535 | INFO | Requested samples 4096 >= candidates 4096; returning all indices.
2025-08-22 11:39:25,535 | INFO | Sampled points: (4096, 3), normals: (4096, 3)
2025-08-22 11:39:25,536 | INFO | Sampling time: 836.6 ms
2025-08-22 11:39:25,536 | INFO | Centering only: centroid=[4.915076720855075, -5.692736184937961, 4.208745357190386] | scale fixed to 1.000000 (no scaling)
2025-08-22 11:39:25,536 | INFO | Axis x stats (centered): min=-40.274067, mean=0.000000, std=18.996131, max=31.561412
2025-08-22 11:39:25,536 | INFO | Axis y stats (centered): min=-88.923549, mean=0.000000, std=52.329771, max=100.890223
2025-08-22 11:39:25,536 | INFO | Axis z stats (centered): min=-5.109334, mean=0.000000, std=5.777740, max=18.196302
2025-08-22 11:39:25,536 | INFO | Centering time: 0.5 ms
2025-08-22 11:39:25,536 | INFO | PCA alignment: explained variance ratio=0.8795, 0.1127, 0.0078
2025-08-22 11:39:25,537 | INFO | Rotation matrix (columns are principal axes):
[[-0.06297   0.995534  0.070336]
 [ 0.996669  0.066388 -0.04737 ]
 [-0.051827  0.067119 -0.996398]]
2025-08-22 11:39:25,537 | INFO | Rotation matrix det=1.000000
2025-08-22 11:39:25,537 | INFO | Orientation enforcement (flat-to-neg-z): sz=-1, width_low=46.759777, width_high=60.268708 -> sx=1, sy=-1
2025-08-22 11:39:25,538 | INFO | Orientation signs diag(S)=[1.0, -1.0, -1.0]
2025-08-22 11:39:25,538 | INFO | PCA time: 1.6 ms
2025-08-22 11:39:25,539 | INFO | Bottom alignment: bottom_q=0.20, band_q=0.05, min_z_shift=-14.314913, xy_center=[-67.74462945276704, -7.273974947913426]
2025-08-22 11:39:25,539 | INFO | Bottom leveling time: 1.1 ms | bottom_xy_center=[-67.74462945276704, -7.273974947913426]
2025-08-22 11:39:25,539 | INFO | Requested samples 4096 >= candidates 4096; returning all indices.
2025-08-22 11:39:25,539 | INFO | Final points: (4096, 3), normals: (4096, 3)
2025-08-22 11:39:25,540 | INFO | Aligned normalized AABB min=[-22.398727107020676, -27.1906909783597, 0.0] max=[168.49720452748582, 44.90811492174568, 26.701299519613528]
2025-08-22 11:39:25,540 | INFO | Final radii percentiles: p5=16.150590, p50=72.932996, p95=153.486819; centroid_norm=69.621565
2025-08-22 11:39:25,540 | INFO | Axis x stats (final): min=-22.398727, mean=67.744629, std=52.443198, max=168.497205
2025-08-22 11:39:25,540 | INFO | Axis y stats (final): min=-27.190691, mean=7.273975, std=18.767685, max=44.908115
2025-08-22 11:39:25,540 | INFO | Axis z stats (final): min=0.000000, mean=14.314913, std=5.488638, max=26.701300
2025-08-22 11:39:25,540 | INFO | Normal lengths: min=1.000000, mean=1.000000, max=1.000000
2025-08-22 11:39:25,540 | INFO | Final FPS time: 1.3 ms
2025-08-22 11:39:25,549 | INFO | Saved bundle (npz): D:\Cursor Repos\From p2p\data\pointcloud\insoles\091_insole_L.npz | points=(4096, 3) normals=(4096, 3)
2025-08-22 11:39:25,549 | INFO | Completed successfully.
