2025-08-22 11:39:26,604 | INFO | Input STL: D:\Cursor Repos\From p2p\data\raw\insoles\092_insole_L.stl
2025-08-22 11:39:26,604 | INFO | Output log: D:\Cursor Repos\From p2p\Log\preprocess\insoles\092_insole_L.log
2025-08-22 11:39:26,604 | INFO | Parameters: num_points=4096, candidate_multiplier=4, z_low_percent=None, z_high_percent=None, seed=None
2025-08-22 11:39:26,604 | INFO | File: size_bytes=2872884, mtime=2025-08-14 09:38:53
2025-08-22 11:39:26,604 | INFO | Env: python=3.11.13, numpy=2.3.2, trimesh=4.7.4, platform=Windows-10-10.0.26100-SP0
2025-08-22 11:39:26,714 | INFO | Mesh: vertices=28730, faces=57456
2025-08-22 11:39:26,750 | INFO | Mesh surface area: 48551.535533
2025-08-22 11:39:26,775 | INFO | Mesh volume: 128017.925187
2025-08-22 11:39:26,781 | INFO | Mesh AABB min=[-47.690399169921875, -134.48919677734375, -0.8946999907493591] max=[46.30950164794922, 135.5113983154297, 24.279699325561523]
2025-08-22 11:39:26,781 | INFO | Boundary edges: 0
2025-08-22 11:39:26,781 | INFO | Load mesh time: 176.8 ms
2025-08-22 11:39:26,781 | INFO | Surface sampling: candidates=16384 (target=4096, multiplier=4)
2025-08-22 11:39:26,801 | INFO | Running Farthest Point Sampling (FPS) to enforce even spacing
2025-08-22 11:39:26,897 | INFO | FPS progress: 409/4096
2025-08-22 11:39:26,994 | INFO | FPS progress: 818/4096
2025-08-22 11:39:27,090 | INFO | FPS progress: 1227/4096
2025-08-22 11:39:27,166 | INFO | FPS progress: 1636/4096
2025-08-22 11:39:27,253 | INFO | FPS progress: 2045/4096
2025-08-22 11:39:27,349 | INFO | FPS progress: 2454/4096
2025-08-22 11:39:27,440 | INFO | FPS progress: 2863/4096
2025-08-22 11:39:27,531 | INFO | FPS progress: 3272/4096
2025-08-22 11:39:27,612 | INFO | FPS progress: 3681/4096
2025-08-22 11:39:27,691 | INFO | FPS progress: 4090/4096
2025-08-22 11:39:27,693 | INFO | Round 1: accumulated=4096, kept=4096 (100.00%), time=911.5 ms
2025-08-22 11:39:27,693 | INFO | Requested samples 4096 >= candidates 4096; returning all indices.
2025-08-22 11:39:27,693 | INFO | Sampled points: (4096, 3), normals: (4096, 3)
2025-08-22 11:39:27,693 | INFO | Sampling time: 911.9 ms
2025-08-22 11:39:27,693 | INFO | Centering only: centroid=[4.441776242631376, -5.580866271594876, 4.039799834115403] | scale fixed to 1.000000 (no scaling)
2025-08-22 11:39:27,693 | INFO | Axis x stats (centered): min=-52.038650, mean=-0.000000, std=24.805214, max=41.804011
2025-08-22 11:39:27,694 | INFO | Axis y stats (centered): min=-128.724366, mean=0.000000, std=73.400854, max=140.418387
2025-08-22 11:39:27,694 | INFO | Axis z stats (centered): min=-4.934171, mean=0.000000, std=5.819946, max=20.074601
2025-08-22 11:39:27,694 | INFO | Centering time: 0.4 ms
2025-08-22 11:39:27,694 | INFO | PCA alignment: explained variance ratio=0.8965, 0.0991, 0.0044
2025-08-22 11:39:27,694 | INFO | Rotation matrix (columns are principal axes):
[[-0.062963  0.99615   0.060995]
 [ 0.997499  0.064779 -0.028266]
 [-0.032108  0.059063 -0.997738]]
2025-08-22 11:39:27,694 | INFO | Rotation matrix det=1.000000
2025-08-22 11:39:27,695 | INFO | Orientation enforcement (flat-to-neg-z): sz=-1, width_low=62.800892, width_high=78.953733 -> sx=1, sy=-1
2025-08-22 11:39:27,695 | INFO | Orientation signs diag(S)=[1.0, -1.0, -1.0]
2025-08-22 11:39:27,695 | INFO | PCA time: 1.6 ms
2025-08-22 11:39:27,696 | INFO | Bottom alignment: bottom_q=0.20, band_q=0.05, min_z_shift=-13.824090, xy_center=[-96.64610909674086, -11.957570396604288]
2025-08-22 11:39:27,696 | INFO | Bottom leveling time: 0.7 ms | bottom_xy_center=[-96.64610909674086, -11.957570396604288]
2025-08-22 11:39:27,696 | INFO | Requested samples 4096 >= candidates 4096; returning all indices.
2025-08-22 11:39:27,696 | INFO | Final points: (4096, 3), normals: (4096, 3)
2025-08-22 11:39:27,697 | INFO | Aligned normalized AABB min=[-32.79034443445936, -33.5367432603055, 0.0] max=[236.90335209493054, 60.9097550972231, 28.51221211280236]
2025-08-22 11:39:27,697 | INFO | Final radii percentiles: p5=20.055934, p50=103.392792, p95=214.916620; centroid_norm=98.359338
2025-08-22 11:39:27,697 | INFO | Axis x stats (final): min=-32.790344, mean=96.646109, std=73.542455, max=236.903352
2025-08-22 11:39:27,697 | INFO | Axis y stats (final): min=-33.536743, mean=11.957570, std=24.440262, max=60.909755
2025-08-22 11:39:27,697 | INFO | Axis z stats (final): min=0.000000, mean=13.824090, std=5.571065, max=28.512212
2025-08-22 11:39:27,697 | INFO | Normal lengths: min=1.000000, mean=1.000000, max=1.000000
2025-08-22 11:39:27,697 | INFO | Final FPS time: 1.4 ms
2025-08-22 11:39:27,706 | INFO | Saved bundle (npz): D:\Cursor Repos\From p2p\data\pointcloud\insoles\092_insole_L.npz | points=(4096, 3) normals=(4096, 3)
2025-08-22 11:39:27,707 | INFO | Completed successfully.
