2025-08-22 11:39:38,259 | INFO | Input STL: D:\Cursor Repos\From p2p\data\raw\insoles\095_insole_R.stl
2025-08-22 11:39:38,259 | INFO | Output log: D:\Cursor Repos\From p2p\Log\preprocess\insoles\095_insole_R.log
2025-08-22 11:39:38,259 | INFO | Parameters: num_points=4096, candidate_multiplier=4, z_low_percent=None, z_high_percent=None, seed=None
2025-08-22 11:39:38,259 | INFO | File: size_bytes=3068084, mtime=2025-08-07 13:51:34
2025-08-22 11:39:38,260 | INFO | Env: python=3.11.13, numpy=2.3.2, trimesh=4.7.4, platform=Windows-10-10.0.26100-SP0
2025-08-22 11:39:38,343 | INFO | Mesh: vertices=30682, faces=61360
2025-08-22 11:39:38,386 | INFO | Mesh surface area: 51269.975786
2025-08-22 11:39:38,414 | INFO | Mesh volume: 133484.305466
2025-08-22 11:39:38,417 | INFO | Mesh AABB min=[-49.74290084838867, -138.0811004638672, -0.9236999750137329] max=[49.25740051269531, 136.91929626464844, 23.63629913330078]
2025-08-22 11:39:38,417 | INFO | Boundary edges: 0
2025-08-22 11:39:38,417 | INFO | Load mesh time: 157.7 ms
2025-08-22 11:39:38,417 | INFO | Surface sampling: candidates=16384 (target=4096, multiplier=4)
2025-08-22 11:39:38,437 | INFO | Running Farthest Point Sampling (FPS) to enforce even spacing
2025-08-22 11:39:38,518 | INFO | FPS progress: 409/4096
2025-08-22 11:39:38,598 | INFO | FPS progress: 818/4096
2025-08-22 11:39:38,679 | INFO | FPS progress: 1227/4096
2025-08-22 11:39:38,767 | INFO | FPS progress: 1636/4096
2025-08-22 11:39:38,848 | INFO | FPS progress: 2045/4096
2025-08-22 11:39:38,928 | INFO | FPS progress: 2454/4096
2025-08-22 11:39:39,012 | INFO | FPS progress: 2863/4096
2025-08-22 11:39:39,096 | INFO | FPS progress: 3272/4096
2025-08-22 11:39:39,176 | INFO | FPS progress: 3681/4096
2025-08-22 11:39:39,264 | INFO | FPS progress: 4090/4096
2025-08-22 11:39:39,265 | INFO | Round 1: accumulated=4096, kept=4096 (100.00%), time=847.5 ms
2025-08-22 11:39:39,265 | INFO | Requested samples 4096 >= candidates 4096; returning all indices.
2025-08-22 11:39:39,265 | INFO | Sampled points: (4096, 3), normals: (4096, 3)
2025-08-22 11:39:39,265 | INFO | Sampling time: 847.9 ms
2025-08-22 11:39:39,266 | INFO | Centering only: centroid=[-5.604642372729243, -5.424669073128742, 3.9075374670611] | scale fixed to 1.000000 (no scaling)
2025-08-22 11:39:39,266 | INFO | Axis x stats (centered): min=-44.045842, mean=-0.000000, std=25.888301, max=54.776272
2025-08-22 11:39:39,266 | INFO | Axis y stats (centered): min=-132.507246, mean=-0.000000, std=74.602651, max=142.277550
2025-08-22 11:39:39,266 | INFO | Axis z stats (centered): min=-4.818985, mean=-0.000000, std=5.657095, max=19.611134
2025-08-22 11:39:39,266 | INFO | Centering time: 0.5 ms
2025-08-22 11:39:39,266 | INFO | PCA alignment: explained variance ratio=0.8916, 0.1044, 0.0040
2025-08-22 11:39:39,266 | INFO | Rotation matrix (columns are principal axes):
[[-0.060313 -0.996595 -0.05622 ]
 [-0.997726  0.061888 -0.026713]
 [ 0.030101  0.054481 -0.998061]]
2025-08-22 11:39:39,267 | INFO | Rotation matrix det=1.000000
2025-08-22 11:39:39,268 | INFO | Orientation enforcement (flat-to-neg-z): sz=-1, width_low=82.469683, width_high=67.844363 -> sx=-1, sy=1
2025-08-22 11:39:39,268 | INFO | Orientation signs diag(S)=[-1.0, 1.0, -1.0]
2025-08-22 11:39:39,268 | INFO | PCA time: 2.3 ms
2025-08-22 11:39:39,269 | INFO | Bottom alignment: bottom_q=0.20, band_q=0.05, min_z_shift=-13.497909, xy_center=[-99.21991521216427, 12.120081684000851]
2025-08-22 11:39:39,269 | INFO | Bottom leveling time: 0.6 ms | bottom_xy_center=[-99.21991521216427, 12.120081684000851]
2025-08-22 11:39:39,269 | INFO | Requested samples 4096 >= candidates 4096; returning all indices.
2025-08-22 11:39:39,269 | INFO | Final points: (4096, 3), normals: (4096, 3)
2025-08-22 11:39:39,270 | INFO | Aligned normalized AABB min=[-34.25632245988055, -63.27094133516668, 0.0] max=[241.42568243848868, 35.42666133936586, 27.785865453376694]
2025-08-22 11:39:39,270 | INFO | Final radii percentiles: p5=21.059410, p50=106.789638, p95=218.680494; centroid_norm=100.864669
2025-08-22 11:39:39,270 | INFO | Axis x stats (final): min=-34.256322, mean=99.219915, std=74.732314, max=241.425682
2025-08-22 11:39:39,270 | INFO | Axis y stats (final): min=-63.270941, mean=-12.120082, std=25.556864, max=35.426661
2025-08-22 11:39:39,270 | INFO | Axis z stats (final): min=0.000000, mean=13.497909, std=5.448885, max=27.785865
2025-08-22 11:39:39,270 | INFO | Normal lengths: min=1.000000, mean=1.000000, max=1.000000
2025-08-22 11:39:39,270 | INFO | Final FPS time: 1.2 ms
2025-08-22 11:39:39,280 | INFO | Saved bundle (npz): D:\Cursor Repos\From p2p\data\pointcloud\insoles\095_insole_R.npz | points=(4096, 3) normals=(4096, 3)
2025-08-22 11:39:39,280 | INFO | Completed successfully.
