2025-08-22 11:39:53,338 | INFO | Input STL: D:\Cursor Repos\From p2p\data\raw\insoles\099_insole_R.stl
2025-08-22 11:39:53,338 | INFO | Output log: D:\Cursor Repos\From p2p\Log\preprocess\insoles\099_insole_R.log
2025-08-22 11:39:53,338 | INFO | Parameters: num_points=4096, candidate_multiplier=4, z_low_percent=None, z_high_percent=None, seed=None
2025-08-22 11:39:53,338 | INFO | File: size_bytes=2713784, mtime=2025-08-13 13:44:04
2025-08-22 11:39:53,338 | INFO | Env: python=3.11.13, numpy=2.3.2, trimesh=4.7.4, platform=Windows-10-10.0.26100-SP0
2025-08-22 11:39:53,428 | INFO | Mesh: vertices=27139, faces=54274
2025-08-22 11:39:53,464 | INFO | Mesh surface area: 39389.019130
2025-08-22 11:39:53,494 | INFO | Mesh volume: 103690.435306
2025-08-22 11:39:53,498 | INFO | Mesh AABB min=[-40.67580032348633, -122.25740051269531, -0.8962000012397766] max=[42.32440185546875, 120.74310302734375, 24.256000518798828]
2025-08-22 11:39:53,498 | INFO | Boundary edges: 0
2025-08-22 11:39:53,498 | INFO | Load mesh time: 159.1 ms
2025-08-22 11:39:53,498 | INFO | Surface sampling: candidates=16384 (target=4096, multiplier=4)
2025-08-22 11:39:53,516 | INFO | Running Farthest Point Sampling (FPS) to enforce even spacing
2025-08-22 11:39:53,601 | INFO | FPS progress: 409/4096
2025-08-22 11:39:53,681 | INFO | FPS progress: 818/4096
2025-08-22 11:39:53,766 | INFO | FPS progress: 1227/4096
2025-08-22 11:39:53,855 | INFO | FPS progress: 1636/4096
2025-08-22 11:39:53,941 | INFO | FPS progress: 2045/4096
2025-08-22 11:39:54,022 | INFO | FPS progress: 2454/4096
2025-08-22 11:39:54,100 | INFO | FPS progress: 2863/4096
2025-08-22 11:39:54,184 | INFO | FPS progress: 3272/4096
2025-08-22 11:39:54,270 | INFO | FPS progress: 3681/4096
2025-08-22 11:39:54,351 | INFO | FPS progress: 4090/4096
2025-08-22 11:39:54,353 | INFO | Round 1: accumulated=4096, kept=4096 (100.00%), time=855.5 ms
2025-08-22 11:39:54,353 | INFO | Requested samples 4096 >= candidates 4096; returning all indices.
2025-08-22 11:39:54,353 | INFO | Sampled points: (4096, 3), normals: (4096, 3)
2025-08-22 11:39:54,353 | INFO | Sampling time: 855.9 ms
2025-08-22 11:39:54,353 | INFO | Centering only: centroid=[-3.702519736782721, -6.511613942437906, 4.278958891234261] | scale fixed to 1.000000 (no scaling)
2025-08-22 11:39:54,353 | INFO | Axis x stats (centered): min=-36.852433, mean=-0.000000, std=22.034738, max=45.890633
2025-08-22 11:39:54,353 | INFO | Axis y stats (centered): min=-115.733493, mean=-0.000000, std=66.431845, max=127.136278
2025-08-22 11:39:54,353 | INFO | Axis z stats (centered): min=-5.174239, mean=0.000000, std=5.959969, max=19.650590
2025-08-22 11:39:54,353 | INFO | Centering time: 0.4 ms
2025-08-22 11:39:54,354 | INFO | PCA alignment: explained variance ratio=0.8988, 0.0958, 0.0054
2025-08-22 11:39:54,354 | INFO | Rotation matrix (columns are principal axes):
[[-0.061645 -0.995486 -0.072157]
 [-0.997344  0.064246 -0.034301]
 [ 0.038782  0.069851 -0.996803]]
2025-08-22 11:39:54,354 | INFO | Rotation matrix det=1.000000
2025-08-22 11:39:54,355 | INFO | Orientation enforcement (flat-to-neg-z): sz=-1, width_low=67.607545, width_high=55.830737 -> sx=-1, sy=1
2025-08-22 11:39:54,355 | INFO | Orientation signs diag(S)=[-1.0, 1.0, -1.0]
2025-08-22 11:39:54,356 | INFO | PCA time: 2.0 ms
2025-08-22 11:39:54,356 | INFO | Bottom alignment: bottom_q=0.20, band_q=0.05, min_z_shift=-14.695442, xy_center=[-86.85164370806098, 9.69232400967967]
2025-08-22 11:39:54,356 | INFO | Bottom leveling time: 0.7 ms | bottom_xy_center=[-86.85164370806098, 9.69232400967967]
2025-08-22 11:39:54,356 | INFO | Requested samples 4096 >= candidates 4096; returning all indices.
2025-08-22 11:39:54,356 | INFO | Final points: (4096, 3), normals: (4096, 3)
2025-08-22 11:39:54,357 | INFO | Aligned normalized AABB min=[-29.948859257139958, -52.56354326361381, 0.0] max=[213.83778402999837, 30.438350128803453, 28.318385958250538]
2025-08-22 11:39:54,357 | INFO | Final radii percentiles: p5=18.643309, p50=92.858465, p95=194.351223; centroid_norm=88.617748
2025-08-22 11:39:54,357 | INFO | Axis x stats (final): min=-29.948859, mean=86.851644, std=66.561010, max=213.837784
2025-08-22 11:39:54,357 | INFO | Axis y stats (final): min=-52.563543, mean=-9.692324, std=21.717290, max=30.438350
2025-08-22 11:39:54,357 | INFO | Axis z stats (final): min=0.000000, mean=14.695442, std=5.677351, max=28.318386
2025-08-22 11:39:54,358 | INFO | Normal lengths: min=1.000000, mean=1.000000, max=1.000000
2025-08-22 11:39:54,358 | INFO | Final FPS time: 1.4 ms
2025-08-22 11:39:54,368 | INFO | Saved bundle (npz): D:\Cursor Repos\From p2p\data\pointcloud\insoles\099_insole_R.npz | points=(4096, 3) normals=(4096, 3)
2025-08-22 11:39:54,368 | INFO | Completed successfully.
