2025-08-22 11:39:52,337 | INFO | Input STL: D:\Cursor Repos\From p2p\data\raw\insoles\099_insole_L.stl
2025-08-22 11:39:52,337 | INFO | Output log: D:\Cursor Repos\From p2p\Log\preprocess\insoles\099_insole_L.log
2025-08-22 11:39:52,338 | INFO | Parameters: num_points=4096, candidate_multiplier=4, z_low_percent=None, z_high_percent=None, seed=None
2025-08-22 11:39:52,338 | INFO | File: size_bytes=2703584, mtime=2025-08-13 13:44:01
2025-08-22 11:39:52,338 | INFO | Env: python=3.11.13, numpy=2.3.2, trimesh=4.7.4, platform=Windows-10-10.0.26100-SP0
2025-08-22 11:39:52,411 | INFO | Mesh: vertices=27037, faces=54070
2025-08-22 11:39:52,450 | INFO | Mesh surface area: 39389.021821
2025-08-22 11:39:52,471 | INFO | Mesh volume: 103690.447501
2025-08-22 11:39:52,474 | INFO | Mesh AABB min=[-42.32440185546875, -122.25740051269531, -0.8962000012397766] max=[40.67580032348633, 120.74310302734375, 24.256000518798828]
2025-08-22 11:39:52,474 | INFO | Boundary edges: 0
2025-08-22 11:39:52,474 | INFO | Load mesh time: 136.6 ms
2025-08-22 11:39:52,474 | INFO | Surface sampling: candidates=16384 (target=4096, multiplier=4)
2025-08-22 11:39:52,490 | INFO | Running Farthest Point Sampling (FPS) to enforce even spacing
2025-08-22 11:39:52,578 | INFO | FPS progress: 409/4096
2025-08-22 11:39:52,661 | INFO | FPS progress: 818/4096
2025-08-22 11:39:52,744 | INFO | FPS progress: 1227/4096
2025-08-22 11:39:52,827 | INFO | FPS progress: 1636/4096
2025-08-22 11:39:52,914 | INFO | FPS progress: 2045/4096
2025-08-22 11:39:52,992 | INFO | FPS progress: 2454/4096
2025-08-22 11:39:53,070 | INFO | FPS progress: 2863/4096
2025-08-22 11:39:53,147 | INFO | FPS progress: 3272/4096
2025-08-22 11:39:53,231 | INFO | FPS progress: 3681/4096
2025-08-22 11:39:53,319 | INFO | FPS progress: 4090/4096
2025-08-22 11:39:53,320 | INFO | Round 1: accumulated=4096, kept=4096 (100.00%), time=845.7 ms
2025-08-22 11:39:53,320 | INFO | Requested samples 4096 >= candidates 4096; returning all indices.
2025-08-22 11:39:53,320 | INFO | Sampled points: (4096, 3), normals: (4096, 3)
2025-08-22 11:39:53,320 | INFO | Sampling time: 846.1 ms
2025-08-22 11:39:53,320 | INFO | Centering only: centroid=[3.8340737381107446, -7.0228977180174486, 4.256814264527039] | scale fixed to 1.000000 (no scaling)
2025-08-22 11:39:53,321 | INFO | Axis x stats (centered): min=-46.119113, mean=-0.000000, std=21.894631, max=36.820225
2025-08-22 11:39:53,321 | INFO | Axis y stats (centered): min=-115.145754, mean=0.000000, std=66.264416, max=127.599720
2025-08-22 11:39:53,321 | INFO | Axis z stats (centered): min=-5.151939, mean=-0.000000, std=5.974921, max=19.735190
2025-08-22 11:39:53,321 | INFO | Centering time: 0.8 ms
2025-08-22 11:39:53,321 | INFO | PCA alignment: explained variance ratio=0.8994, 0.0951, 0.0055
2025-08-22 11:39:53,322 | INFO | Rotation matrix (columns are principal axes):
[[-0.062022  0.995417  0.072785]
 [ 0.997313  0.064658 -0.034427]
 [-0.038975  0.070455 -0.996753]]
2025-08-22 11:39:53,322 | INFO | Rotation matrix det=1.000000
2025-08-22 11:39:53,323 | INFO | Orientation enforcement (flat-to-neg-z): sz=-1, width_low=55.237534, width_high=69.210627 -> sx=1, sy=-1
2025-08-22 11:39:53,323 | INFO | Orientation signs diag(S)=[1.0, -1.0, -1.0]
2025-08-22 11:39:53,323 | INFO | PCA time: 1.8 ms
2025-08-22 11:39:53,323 | INFO | Bottom alignment: bottom_q=0.20, band_q=0.05, min_z_shift=-14.748100, xy_center=[-86.03980047901231, -9.460347152160496]
2025-08-22 11:39:53,323 | INFO | Bottom leveling time: 0.7 ms | bottom_xy_center=[-86.03980047901231, -9.460347152160496]
2025-08-22 11:39:53,323 | INFO | Requested samples 4096 >= candidates 4096; returning all indices.
2025-08-22 11:39:53,324 | INFO | Final points: (4096, 3), normals: (4096, 3)
2025-08-22 11:39:53,324 | INFO | Aligned normalized AABB min=[-30.19049947778116, -30.570795450641185, 0.0] max=[213.58170334810438, 52.536297023404146, 28.197713339489514]
2025-08-22 11:39:53,324 | INFO | Final radii percentiles: p5=18.866846, p50=92.016680, p95=193.787808; centroid_norm=87.805762
2025-08-22 11:39:53,324 | INFO | Axis x stats (final): min=-30.190499, mean=86.039800, std=66.394470, max=213.581703
2025-08-22 11:39:53,324 | INFO | Axis y stats (final): min=-30.570795, mean=9.460347, std=21.570771, max=52.536297
2025-08-22 11:39:53,325 | INFO | Axis z stats (final): min=0.000000, mean=14.748100, std=5.702941, max=28.197713
2025-08-22 11:39:53,325 | INFO | Normal lengths: min=1.000000, mean=1.000000, max=1.000000
2025-08-22 11:39:53,325 | INFO | Final FPS time: 1.4 ms
2025-08-22 11:39:53,336 | INFO | Saved bundle (npz): D:\Cursor Repos\From p2p\data\pointcloud\insoles\099_insole_L.npz | points=(4096, 3) normals=(4096, 3)
2025-08-22 11:39:53,336 | INFO | Completed successfully.
