2025-08-22 11:39:57,998 | INFO | Input STL: D:\Cursor Repos\From p2p\data\raw\insoles\101_insole_L.stl
2025-08-22 11:39:57,999 | INFO | Output log: D:\Cursor Repos\From p2p\Log\preprocess\insoles\101_insole_L.log
2025-08-22 11:39:57,999 | INFO | Parameters: num_points=4096, candidate_multiplier=4, z_low_percent=None, z_high_percent=None, seed=None
2025-08-22 11:39:57,999 | INFO | File: size_bytes=2652284, mtime=2025-08-14 10:01:29
2025-08-22 11:39:57,999 | INFO | Env: python=3.11.13, numpy=2.3.2, trimesh=4.7.4, platform=Windows-10-10.0.26100-SP0
2025-08-22 11:39:58,094 | INFO | Mesh: vertices=26524, faces=53044
2025-08-22 11:39:58,130 | INFO | Mesh surface area: 41502.351784
2025-08-22 11:39:58,152 | INFO | Mesh volume: 109660.760427
2025-08-22 11:39:58,155 | INFO | Mesh AABB min=[-41.84109878540039, -126.1864013671875, -0.932200014591217] max=[43.15890121459961, 124.81420135498047, 23.189199447631836]
2025-08-22 11:39:58,155 | INFO | Boundary edges: 0
2025-08-22 11:39:58,155 | INFO | Load mesh time: 156.0 ms
2025-08-22 11:39:58,155 | INFO | Surface sampling: candidates=16384 (target=4096, multiplier=4)
2025-08-22 11:39:58,172 | INFO | Running Farthest Point Sampling (FPS) to enforce even spacing
2025-08-22 11:39:58,257 | INFO | FPS progress: 409/4096
2025-08-22 11:39:58,347 | INFO | FPS progress: 818/4096
2025-08-22 11:39:58,436 | INFO | FPS progress: 1227/4096
2025-08-22 11:39:58,524 | INFO | FPS progress: 1636/4096
2025-08-22 11:39:58,604 | INFO | FPS progress: 2045/4096
2025-08-22 11:39:58,682 | INFO | FPS progress: 2454/4096
2025-08-22 11:39:58,760 | INFO | FPS progress: 2863/4096
2025-08-22 11:39:58,852 | INFO | FPS progress: 3272/4096
2025-08-22 11:39:58,936 | INFO | FPS progress: 3681/4096
2025-08-22 11:39:59,016 | INFO | FPS progress: 4090/4096
2025-08-22 11:39:59,017 | INFO | Round 1: accumulated=4096, kept=4096 (100.00%), time=862.2 ms
2025-08-22 11:39:59,018 | INFO | Requested samples 4096 >= candidates 4096; returning all indices.
2025-08-22 11:39:59,018 | INFO | Sampled points: (4096, 3), normals: (4096, 3)
2025-08-22 11:39:59,018 | INFO | Sampling time: 862.6 ms
2025-08-22 11:39:59,018 | INFO | Centering only: centroid=[5.070931026447647, -6.7886690322104775, 4.1024912108529294] | scale fixed to 1.000000 (no scaling)
2025-08-22 11:39:59,018 | INFO | Axis x stats (centered): min=-46.791707, mean=0.000000, std=22.476469, max=37.979796
2025-08-22 11:39:59,018 | INFO | Axis y stats (centered): min=-119.335039, mean=0.000000, std=68.935052, max=131.376892
2025-08-22 11:39:59,018 | INFO | Axis z stats (centered): min=-5.032937, mean=-0.000000, std=5.487177, max=18.943753
2025-08-22 11:39:59,018 | INFO | Centering time: 0.4 ms
2025-08-22 11:39:59,018 | INFO | PCA alignment: explained variance ratio=0.9021, 0.0933, 0.0047
2025-08-22 11:39:59,019 | INFO | Rotation matrix (columns are principal axes):
[[-0.055256  0.997372  0.046853]
 [ 0.997991  0.056625 -0.028411]
 [-0.03099   0.045189 -0.998498]]
2025-08-22 11:39:59,019 | INFO | Rotation matrix det=1.000000
2025-08-22 11:39:59,020 | INFO | Orientation enforcement (flat-to-neg-z): sz=-1, width_low=57.950353, width_high=70.343254 -> sx=1, sy=-1
2025-08-22 11:39:59,020 | INFO | Orientation signs diag(S)=[1.0, -1.0, -1.0]
2025-08-22 11:39:59,020 | INFO | PCA time: 2.2 ms
2025-08-22 11:39:59,021 | INFO | Bottom alignment: bottom_q=0.20, band_q=0.05, min_z_shift=-12.790018, xy_center=[-91.87715628998659, -9.349923154539312]
2025-08-22 11:39:59,021 | INFO | Bottom leveling time: 1.2 ms | bottom_xy_center=[-91.87715628998659, -9.349923154539312]
2025-08-22 11:39:59,021 | INFO | Requested samples 4096 >= candidates 4096; returning all indices.
2025-08-22 11:39:59,022 | INFO | Final points: (4096, 3), normals: (4096, 3)
2025-08-22 11:39:59,022 | INFO | Aligned normalized AABB min=[-28.433624150407084, -31.703053844524923, 0.0] max=[223.08581379425772, 53.13086438545275, 26.335164367073475]
2025-08-22 11:39:59,022 | INFO | Final radii percentiles: p5=19.116665, p50=97.413877, p95=203.389461; centroid_norm=93.233135
2025-08-22 11:39:59,023 | INFO | Axis x stats (final): min=-28.433624, mean=91.877156, std=69.037346, max=223.085814
2025-08-22 11:39:59,023 | INFO | Axis y stats (final): min=-31.703054, mean=9.349923, std=22.194011, max=53.130864
2025-08-22 11:39:59,023 | INFO | Axis z stats (final): min=0.000000, mean=12.790018, std=5.349113, max=26.335164
2025-08-22 11:39:59,023 | INFO | Normal lengths: min=1.000000, mean=1.000000, max=1.000000
2025-08-22 11:39:59,023 | INFO | Final FPS time: 1.5 ms
2025-08-22 11:39:59,031 | INFO | Saved bundle (npz): D:\Cursor Repos\From p2p\data\pointcloud\insoles\101_insole_L.npz | points=(4096, 3) normals=(4096, 3)
2025-08-22 11:39:59,031 | INFO | Completed successfully.
