2025-08-22 11:40:04,263 | INFO | Input STL: D:\Cursor Repos\From p2p\data\raw\insoles\104_insole_L.stl
2025-08-22 11:40:04,264 | INFO | Output log: D:\Cursor Repos\From p2p\Log\preprocess\insoles\104_insole_L.log
2025-08-22 11:40:04,264 | INFO | Parameters: num_points=4096, candidate_multiplier=4, z_low_percent=None, z_high_percent=None, seed=None
2025-08-22 11:40:04,264 | INFO | File: size_bytes=2670484, mtime=2025-08-14 10:00:39
2025-08-22 11:40:04,264 | INFO | Env: python=3.11.13, numpy=2.3.2, trimesh=4.7.4, platform=Windows-10-10.0.26100-SP0
2025-08-22 11:40:04,369 | INFO | Mesh: vertices=26705, faces=53408
2025-08-22 11:40:04,398 | WARNING | Mesh is not watertight; surface sampling may include boundary artifacts
2025-08-22 11:40:04,406 | INFO | Mesh surface area: 37469.854721
2025-08-22 11:40:04,430 | INFO | Mesh volume: 95272.755651
2025-08-22 11:40:04,433 | INFO | Mesh AABB min=[-41.30540084838867, -115.8677978515625, -0.8949000239372253] max=[40.69490051269531, 117.13269805908203, 22.44260025024414]
2025-08-22 11:40:04,434 | INFO | Boundary edges: 0
2025-08-22 11:40:04,434 | INFO | Load mesh time: 170.0 ms
2025-08-22 11:40:04,434 | INFO | Surface sampling: candidates=16384 (target=4096, multiplier=4)
2025-08-22 11:40:04,453 | INFO | Running Farthest Point Sampling (FPS) to enforce even spacing
2025-08-22 11:40:04,531 | INFO | FPS progress: 409/4096
2025-08-22 11:40:04,610 | INFO | FPS progress: 818/4096
2025-08-22 11:40:04,693 | INFO | FPS progress: 1227/4096
2025-08-22 11:40:04,776 | INFO | FPS progress: 1636/4096
2025-08-22 11:40:04,871 | INFO | FPS progress: 2045/4096
2025-08-22 11:40:04,958 | INFO | FPS progress: 2454/4096
2025-08-22 11:40:05,043 | INFO | FPS progress: 2863/4096
2025-08-22 11:40:05,131 | INFO | FPS progress: 3272/4096
2025-08-22 11:40:05,222 | INFO | FPS progress: 3681/4096
2025-08-22 11:40:05,316 | INFO | FPS progress: 4090/4096
2025-08-22 11:40:05,317 | INFO | Round 1: accumulated=4096, kept=4096 (100.00%), time=884.0 ms
2025-08-22 11:40:05,317 | INFO | Requested samples 4096 >= candidates 4096; returning all indices.
2025-08-22 11:40:05,319 | INFO | Sampled points: (4096, 3), normals: (4096, 3)
2025-08-22 11:40:05,319 | INFO | Sampling time: 884.4 ms
2025-08-22 11:40:05,319 | INFO | Centering only: centroid=[4.243630816551323, -5.926834808690293, 4.097651581954973] | scale fixed to 1.000000 (no scaling)
2025-08-22 11:40:05,319 | INFO | Axis x stats (centered): min=-45.491153, mean=-0.000000, std=21.700539, max=36.394294
2025-08-22 11:40:05,319 | INFO | Axis y stats (centered): min=-109.898485, mean=-0.000000, std=63.612630, max=122.942620
2025-08-22 11:40:05,319 | INFO | Axis z stats (centered): min=-4.992114, mean=-0.000000, std=5.719740, max=18.320966
2025-08-22 11:40:05,319 | INFO | Centering time: 0.4 ms
2025-08-22 11:40:05,319 | INFO | PCA alignment: explained variance ratio=0.8937, 0.1008, 0.0055
2025-08-22 11:40:05,320 | INFO | Rotation matrix (columns are principal axes):
[[-0.062611  0.995737  0.067734]
 [ 0.997322  0.064992 -0.033536]
 [-0.037795  0.065453 -0.99714 ]]
2025-08-22 11:40:05,320 | INFO | Rotation matrix det=1.000000
2025-08-22 11:40:05,320 | INFO | Orientation enforcement (flat-to-neg-z): sz=-1, width_low=54.552998, width_high=67.841798 -> sx=1, sy=-1
2025-08-22 11:40:05,321 | INFO | Orientation signs diag(S)=[1.0, -1.0, -1.0]
2025-08-22 11:40:05,321 | INFO | PCA time: 2.1 ms
2025-08-22 11:40:05,322 | INFO | Bottom alignment: bottom_q=0.20, band_q=0.05, min_z_shift=-13.835227, xy_center=[-82.3057158588791, -9.455922099746621]
2025-08-22 11:40:05,322 | INFO | Bottom leveling time: 1.0 ms | bottom_xy_center=[-82.3057158588791, -9.455922099746621]
2025-08-22 11:40:05,322 | INFO | Requested samples 4096 >= candidates 4096; returning all indices.
2025-08-22 11:40:05,322 | INFO | Final points: (4096, 3), normals: (4096, 3)
2025-08-22 11:40:05,323 | INFO | Aligned normalized AABB min=[-28.696270820667152, -30.111086980180858, 0.0] max=[205.18240638544808, 51.903537510234194, 26.82021105698911]
2025-08-22 11:40:05,323 | INFO | Final radii percentiles: p5=18.623340, p50=88.085209, p95=186.414343; centroid_norm=83.994398
2025-08-22 11:40:05,323 | INFO | Axis x stats (final): min=-28.696271, mean=82.305716, std=63.738550, max=205.182406
2025-08-22 11:40:05,323 | INFO | Axis y stats (final): min=-30.111087, mean=9.455922, std=21.396046, max=51.903538
2025-08-22 11:40:05,323 | INFO | Axis z stats (final): min=0.000000, mean=13.835227, std=5.459117, max=26.820211
2025-08-22 11:40:05,323 | INFO | Normal lengths: min=1.000000, mean=1.000000, max=1.000000
2025-08-22 11:40:05,323 | INFO | Final FPS time: 1.3 ms
2025-08-22 11:40:05,334 | INFO | Saved bundle (npz): D:\Cursor Repos\From p2p\data\pointcloud\insoles\104_insole_L.npz | points=(4096, 3) normals=(4096, 3)
2025-08-22 11:40:05,334 | INFO | Completed successfully.
