2025-08-19 13:03:02,260 | INFO | Input STL: D:\Cursor Repos\From p2p\data\raw\insoles\105_insole_R.stl
2025-08-19 13:03:02,260 | INFO | Output log: D:\Cursor Repos\From p2p\Log\preprocess\insoles\105_insole_R.log
2025-08-19 13:03:02,260 | INFO | Parameters: num_points=4096, candidate_multiplier=4, z_low_percent=None, z_high_percent=None, seed=None
2025-08-19 13:03:02,260 | INFO | File: size_bytes=2871284, mtime=2025-08-13 14:53:06
2025-08-19 13:03:02,261 | INFO | Env: python=3.11.13, numpy=2.1.2, trimesh=4.7.4, platform=Windows-10-10.0.26100-SP0
2025-08-19 13:03:02,343 | INFO | Mesh: vertices=28714, faces=57424
2025-08-19 13:03:02,382 | INFO | Mesh surface area: 40537.684877
2025-08-19 13:03:02,411 | INFO | Mesh volume: 107275.817040
2025-08-19 13:03:02,416 | INFO | Mesh AABB min=[-42.27619934082031, -122.964599609375, -0.8977000117301941] max=[42.72380065917969, 122.0354995727539, 23.585599899291992]
2025-08-19 13:03:02,416 | INFO | Boundary edges: 0
2025-08-19 13:03:02,416 | INFO | Load mesh time: 154.7 ms
2025-08-19 13:03:02,416 | INFO | Surface sampling: candidates=16384 (target=4096, multiplier=4)
2025-08-19 13:03:02,433 | INFO | Running Farthest Point Sampling (FPS) to enforce even spacing
2025-08-19 13:03:02,523 | INFO | FPS progress: 409/4096
2025-08-19 13:03:02,614 | INFO | FPS progress: 818/4096
2025-08-19 13:03:02,693 | INFO | FPS progress: 1227/4096
2025-08-19 13:03:02,772 | INFO | FPS progress: 1636/4096
2025-08-19 13:03:02,853 | INFO | FPS progress: 2045/4096
2025-08-19 13:03:02,931 | INFO | FPS progress: 2454/4096
2025-08-19 13:03:03,012 | INFO | FPS progress: 2863/4096
2025-08-19 13:03:03,098 | INFO | FPS progress: 3272/4096
2025-08-19 13:03:03,187 | INFO | FPS progress: 3681/4096
2025-08-19 13:03:03,280 | INFO | FPS progress: 4090/4096
2025-08-19 13:03:03,282 | INFO | Round 1: accumulated=4096, kept=4096 (100.00%), time=866.9 ms
2025-08-19 13:03:03,283 | INFO | Requested samples 4096 >= candidates 4096; returning all indices.
2025-08-19 13:03:03,283 | INFO | Sampled points: (4096, 3), normals: (4096, 3)
2025-08-19 13:03:03,284 | INFO | Sampling time: 868.0 ms
2025-08-19 13:03:03,284 | INFO | Centering only: centroid=[-4.334443725760092, -6.633804551258669, 4.163077878210955] | scale fixed to 1.000000 (no scaling)
2025-08-19 13:03:03,284 | INFO | Axis x stats (centered): min=-37.794840, mean=0.000000, std=22.445046, max=46.884389
2025-08-19 13:03:03,284 | INFO | Axis y stats (centered): min=-116.275477, mean=-0.000000, std=66.734262, max=128.368227
2025-08-19 13:03:03,285 | INFO | Axis z stats (centered): min=-5.059863, mean=-0.000000, std=5.877082, max=19.346383
2025-08-19 13:03:03,285 | INFO | Centering time: 0.8 ms
2025-08-19 13:03:03,285 | INFO | PCA alignment: explained variance ratio=0.8963, 0.0984, 0.0053
2025-08-19 13:03:03,293 | INFO | Rotation matrix (columns are principal axes):
[[-0.061021 -0.995904 -0.066726]
 [-0.99745   0.063321 -0.032916]
 [ 0.037006  0.064548 -0.997228]]
2025-08-19 13:03:03,294 | INFO | Rotation matrix det=1.000000
2025-08-19 13:03:03,294 | INFO | Orientation enforcement: mean_nz=-0.000914 -> sz=-1, width_low=71.343573, width_high=57.931541 -> sx=-1, sy=1
2025-08-19 13:03:03,294 | INFO | Orientation signs diag(S)=[-1.0, 1.0, -1.0]
2025-08-19 13:03:03,295 | INFO | PCA time: 10.3 ms
2025-08-19 13:03:03,295 | INFO | Requested samples 4096 >= candidates 4096; returning all indices.
2025-08-19 13:03:03,295 | INFO | Final points: (4096, 3), normals: (4096, 3)
2025-08-19 13:03:03,296 | INFO | Aligned normalized AABB min=[-116.85081845466378, -44.039599816673686, -10.179676927770261] max=[128.37737127987504, 41.168996150127576, 15.970155297332704]
2025-08-19 13:03:03,296 | INFO | Final radii percentiles: p5=18.277772, p50=61.926711, p95=113.497606; centroid_norm=0.000000
2025-08-19 13:03:03,296 | INFO | Axis x stats (final): min=-116.850818, mean=-0.000000, std=66.889846, max=128.377371
2025-08-19 13:03:03,296 | INFO | Axis y stats (final): min=-44.039600, mean=-0.000000, std=22.158895, max=41.168996
2025-08-19 13:03:03,296 | INFO | Axis z stats (final): min=-10.179677, mean=-0.000000, std=5.149154, max=15.970155
2025-08-19 13:03:03,297 | INFO | Normal lengths: min=1.000000, mean=1.000000, max=1.000000
2025-08-19 13:03:03,297 | INFO | Final FPS time: 2.1 ms
2025-08-19 13:03:03,320 | INFO | Saved bundle (npz): D:\Cursor Repos\From p2p\data\pointcloud\insoles\105_insole_R.npz | points=(4096, 3) normals=(4096, 3)
2025-08-19 13:03:03,320 | INFO | Completed successfully.
