2025-08-19 13:03:07,029 | INFO | Input STL: D:\Cursor Repos\From p2p\data\raw\insoles\107_insole_R.stl
2025-08-19 13:03:07,029 | INFO | Output log: D:\Cursor Repos\From p2p\Log\preprocess\insoles\107_insole_R.log
2025-08-19 13:03:07,029 | INFO | Parameters: num_points=4096, candidate_multiplier=4, z_low_percent=None, z_high_percent=None, seed=None
2025-08-19 13:03:07,029 | INFO | File: size_bytes=24539684, mtime=2025-08-14 10:59:50
2025-08-19 13:03:07,029 | INFO | Env: python=3.11.13, numpy=2.1.2, trimesh=4.7.4, platform=Windows-10-10.0.26100-SP0
2025-08-19 13:03:07,889 | INFO | Mesh: vertices=245398, faces=490792
2025-08-19 13:03:08,207 | INFO | Mesh surface area: 37430.115080
2025-08-19 13:03:08,431 | INFO | Mesh volume: 87004.671580
2025-08-19 13:03:08,460 | INFO | Mesh AABB min=[-40.83530044555664, -119.5386962890625, -0.8934999704360962] max=[41.16469955444336, 120.4614028930664, 19.82900047302246]
2025-08-19 13:03:08,460 | INFO | Boundary edges: 0
2025-08-19 13:03:08,460 | INFO | Load mesh time: 1430.7 ms
2025-08-19 13:03:08,460 | INFO | Surface sampling: candidates=16384 (target=4096, multiplier=4)
2025-08-19 13:03:08,559 | INFO | Running Farthest Point Sampling (FPS) to enforce even spacing
2025-08-19 13:03:08,654 | INFO | FPS progress: 409/4096
2025-08-19 13:03:08,745 | INFO | FPS progress: 818/4096
2025-08-19 13:03:08,824 | INFO | FPS progress: 1227/4096
2025-08-19 13:03:08,902 | INFO | FPS progress: 1636/4096
2025-08-19 13:03:08,979 | INFO | FPS progress: 2045/4096
2025-08-19 13:03:09,062 | INFO | FPS progress: 2454/4096
2025-08-19 13:03:09,144 | INFO | FPS progress: 2863/4096
2025-08-19 13:03:09,224 | INFO | FPS progress: 3272/4096
2025-08-19 13:03:09,300 | INFO | FPS progress: 3681/4096
2025-08-19 13:03:09,374 | INFO | FPS progress: 4090/4096
2025-08-19 13:03:09,375 | INFO | Round 1: accumulated=4096, kept=4096 (100.00%), time=915.3 ms
2025-08-19 13:03:09,375 | INFO | Requested samples 4096 >= candidates 4096; returning all indices.
2025-08-19 13:03:09,376 | INFO | Sampled points: (4096, 3), normals: (4096, 3)
2025-08-19 13:03:09,376 | INFO | Sampling time: 915.7 ms
2025-08-19 13:03:09,376 | INFO | Centering only: centroid=[-3.8515706762303576, -4.959661447718582, 3.5014443661297014] | scale fixed to 1.000000 (no scaling)
2025-08-19 13:03:09,376 | INFO | Axis x stats (centered): min=-36.846600, mean=-0.000000, std=21.262381, max=44.806516
2025-08-19 13:03:09,376 | INFO | Axis y stats (centered): min=-114.553674, mean=0.000000, std=65.440400, max=125.279771
2025-08-19 13:03:09,376 | INFO | Axis z stats (centered): min=-4.394944, mean=-0.000000, std=4.981924, max=16.251771
2025-08-19 13:03:09,376 | INFO | Centering time: 0.4 ms
2025-08-19 13:03:09,376 | INFO | PCA alignment: explained variance ratio=0.9031, 0.0928, 0.0042
2025-08-19 13:03:09,377 | INFO | Rotation matrix (columns are principal axes):
[[-0.054251 -0.997607 -0.042856]
 [-0.998023  0.055538 -0.029436]
 [ 0.031746  0.041174 -0.998648]]
2025-08-19 13:03:09,377 | INFO | Rotation matrix det=1.000000
2025-08-19 13:03:09,377 | INFO | Orientation enforcement: mean_nz=0.002259 -> sz=1, width_low=67.415681, width_high=54.834965 -> sx=-1, sy=-1
2025-08-19 13:03:09,377 | INFO | Orientation signs diag(S)=[-1.0, -1.0, 1.0]
2025-08-19 13:03:09,377 | INFO | PCA time: 1.1 ms
2025-08-19 13:03:09,377 | INFO | Requested samples 4096 >= candidates 4096; returning all indices.
2025-08-19 13:03:09,377 | INFO | Final points: (4096, 3), normals: (4096, 3)
2025-08-19 13:03:09,378 | INFO | Aligned normalized AABB min=[-115.11379174630291, -39.836601433570685, -13.963017533720334] max=[125.16884554805848, 42.44486994779257, 8.411238968738576]
2025-08-19 13:03:09,378 | INFO | Final radii percentiles: p5=17.207872, p50=60.359223, p95=111.514203; centroid_norm=0.000000
2025-08-19 13:03:09,378 | INFO | Axis x stats (final): min=-115.113792, mean=0.000000, std=65.559502, max=125.168846
2025-08-19 13:03:09,378 | INFO | Axis y stats (final): min=-39.836601, mean=-0.000000, std=21.012214, max=42.444870
2025-08-19 13:03:09,378 | INFO | Axis z stats (final): min=-13.963018, mean=0.000000, std=4.448924, max=8.411239
2025-08-19 13:03:09,378 | INFO | Normal lengths: min=1.000000, mean=1.000000, max=1.000000
2025-08-19 13:03:09,378 | INFO | Final FPS time: 1.3 ms
2025-08-19 13:03:09,402 | INFO | Saved bundle (npz): D:\Cursor Repos\From p2p\data\pointcloud\insoles\107_insole_R.npz | points=(4096, 3) normals=(4096, 3)
2025-08-19 13:03:09,402 | INFO | Completed successfully.
