2025-08-22 11:40:14,376 | INFO | Input STL: D:\Cursor Repos\From p2p\data\raw\insoles\108_insole_L.stl
2025-08-22 11:40:14,377 | INFO | Output log: D:\Cursor Repos\From p2p\Log\preprocess\insoles\108_insole_L.log
2025-08-22 11:40:14,377 | INFO | Parameters: num_points=4096, candidate_multiplier=4, z_low_percent=None, z_high_percent=None, seed=None
2025-08-22 11:40:14,377 | INFO | File: size_bytes=3342284, mtime=2025-08-13 13:43:18
2025-08-22 11:40:14,377 | INFO | Env: python=3.11.13, numpy=2.3.2, trimesh=4.7.4, platform=Windows-10-10.0.26100-SP0
2025-08-22 11:40:14,490 | INFO | Mesh: vertices=33424, faces=66844
2025-08-22 11:40:14,536 | INFO | Mesh surface area: 44029.045737
2025-08-22 11:40:14,578 | INFO | Mesh volume: 107668.558365
2025-08-22 11:40:14,585 | INFO | Mesh AABB min=[-44.157901763916016, -133.03489685058594, -0.8934999704360962] max=[42.842098236083984, 133.96499633789062, 23.431800842285156]
2025-08-22 11:40:14,585 | INFO | Boundary edges: 0
2025-08-22 11:40:14,585 | INFO | Load mesh time: 207.9 ms
2025-08-22 11:40:14,585 | INFO | Surface sampling: candidates=16384 (target=4096, multiplier=4)
2025-08-22 11:40:14,607 | INFO | Running Farthest Point Sampling (FPS) to enforce even spacing
2025-08-22 11:40:14,684 | INFO | FPS progress: 409/4096
2025-08-22 11:40:14,764 | INFO | FPS progress: 818/4096
2025-08-22 11:40:14,855 | INFO | FPS progress: 1227/4096
2025-08-22 11:40:14,953 | INFO | FPS progress: 1636/4096
2025-08-22 11:40:15,046 | INFO | FPS progress: 2045/4096
2025-08-22 11:40:15,130 | INFO | FPS progress: 2454/4096
2025-08-22 11:40:15,219 | INFO | FPS progress: 2863/4096
2025-08-22 11:40:15,306 | INFO | FPS progress: 3272/4096
2025-08-22 11:40:15,384 | INFO | FPS progress: 3681/4096
2025-08-22 11:40:15,466 | INFO | FPS progress: 4090/4096
2025-08-22 11:40:15,468 | INFO | Round 1: accumulated=4096, kept=4096 (100.00%), time=883.2 ms
2025-08-22 11:40:15,468 | INFO | Requested samples 4096 >= candidates 4096; returning all indices.
2025-08-22 11:40:15,468 | INFO | Sampled points: (4096, 3), normals: (4096, 3)
2025-08-22 11:40:15,468 | INFO | Sampling time: 883.6 ms
2025-08-22 11:40:15,468 | INFO | Centering only: centroid=[4.3646459776470214, -6.233893195320636, 3.9510045693670657] | scale fixed to 1.000000 (no scaling)
2025-08-22 11:40:15,468 | INFO | Axis x stats (centered): min=-48.272255, mean=-0.000000, std=22.634940, max=38.407475
2025-08-22 11:40:15,468 | INFO | Axis y stats (centered): min=-126.666397, mean=-0.000000, std=72.503060, max=139.265420
2025-08-22 11:40:15,469 | INFO | Axis z stats (centered): min=-4.844505, mean=-0.000000, std=5.625728, max=19.453722
2025-08-22 11:40:15,469 | INFO | Centering time: 0.4 ms
2025-08-22 11:40:15,469 | INFO | PCA alignment: explained variance ratio=0.9096, 0.0862, 0.0042
2025-08-22 11:40:15,469 | INFO | Rotation matrix (columns are principal axes):
[[-0.054486  0.996638  0.061185]
 [ 0.997972  0.056374 -0.029563]
 [-0.032913  0.05945  -0.997689]]
2025-08-22 11:40:15,469 | INFO | Rotation matrix det=1.000000
2025-08-22 11:40:15,470 | INFO | Orientation enforcement (flat-to-neg-z): sz=-1, width_low=58.656859, width_high=70.832632 -> sx=1, sy=-1
2025-08-22 11:40:15,470 | INFO | Orientation signs diag(S)=[1.0, -1.0, -1.0]
2025-08-22 11:40:15,470 | INFO | PCA time: 1.7 ms
2025-08-22 11:40:15,471 | INFO | Bottom alignment: bottom_q=0.20, band_q=0.05, min_z_shift=-13.104152, xy_center=[-95.25585943766421, -9.61124287398755]
2025-08-22 11:40:15,472 | INFO | Bottom leveling time: 1.1 ms | bottom_xy_center=[-95.25585943766421, -9.61124287398755]
2025-08-22 11:40:15,472 | INFO | Requested samples 4096 >= candidates 4096; returning all indices.
2025-08-22 11:40:15,472 | INFO | Final points: (4096, 3), normals: (4096, 3)
2025-08-22 11:40:15,472 | INFO | Aligned normalized AABB min=[-32.196833091325175, -31.876708620966284, 0.0] max=[234.70718626570957, 54.90414274070373, 27.28281048898427]
2025-08-22 11:40:15,472 | INFO | Final radii percentiles: p5=19.600345, p50=100.512975, p95=211.655203; centroid_norm=96.632156
2025-08-22 11:40:15,472 | INFO | Axis x stats (final): min=-32.196833, mean=95.255859, std=72.614865, max=234.707186
2025-08-22 11:40:15,473 | INFO | Axis y stats (final): min=-31.876709, mean=9.611243, std=22.340930, max=54.904143
2025-08-22 11:40:15,473 | INFO | Axis z stats (final): min=0.000000, mean=13.104152, std=5.352313, max=27.282810
2025-08-22 11:40:15,473 | INFO | Normal lengths: min=1.000000, mean=1.000000, max=1.000000
2025-08-22 11:40:15,473 | INFO | Final FPS time: 1.2 ms
2025-08-22 11:40:15,482 | INFO | Saved bundle (npz): D:\Cursor Repos\From p2p\data\pointcloud\insoles\108_insole_L.npz | points=(4096, 3) normals=(4096, 3)
2025-08-22 11:40:15,482 | INFO | Completed successfully.
