2025-08-22 11:40:16,592 | INFO | Input STL: D:\Cursor Repos\From p2p\data\raw\insoles\109_insole_L.stl
2025-08-22 11:40:16,592 | INFO | Output log: D:\Cursor Repos\From p2p\Log\preprocess\insoles\109_insole_L.log
2025-08-22 11:40:16,592 | INFO | Parameters: num_points=4096, candidate_multiplier=4, z_low_percent=None, z_high_percent=None, seed=None
2025-08-22 11:40:16,592 | INFO | File: size_bytes=2617984, mtime=2025-08-14 10:01:19
2025-08-22 11:40:16,592 | INFO | Env: python=3.11.13, numpy=2.3.2, trimesh=4.7.4, platform=Windows-10-10.0.26100-SP0
2025-08-22 11:40:16,675 | INFO | Mesh: vertices=26181, faces=52358
2025-08-22 11:40:16,714 | INFO | Mesh surface area: 46745.661759
2025-08-22 11:40:16,740 | INFO | Mesh volume: 120748.298277
2025-08-22 11:40:16,745 | INFO | Mesh AABB min=[-46.17279815673828, -134.36680603027344, -0.9620000123977661] max=[44.82699966430664, 135.63330078125, 21.89310073852539]
2025-08-22 11:40:16,745 | INFO | Boundary edges: 0
2025-08-22 11:40:16,745 | INFO | Load mesh time: 151.6 ms
2025-08-22 11:40:16,745 | INFO | Surface sampling: candidates=16384 (target=4096, multiplier=4)
2025-08-22 11:40:16,764 | INFO | Running Farthest Point Sampling (FPS) to enforce even spacing
2025-08-22 11:40:16,882 | INFO | FPS progress: 409/4096
2025-08-22 11:40:16,974 | INFO | FPS progress: 818/4096
2025-08-22 11:40:17,052 | INFO | FPS progress: 1227/4096
2025-08-22 11:40:17,129 | INFO | FPS progress: 1636/4096
2025-08-22 11:40:17,219 | INFO | FPS progress: 2045/4096
2025-08-22 11:40:17,309 | INFO | FPS progress: 2454/4096
2025-08-22 11:40:17,403 | INFO | FPS progress: 2863/4096
2025-08-22 11:40:17,488 | INFO | FPS progress: 3272/4096
2025-08-22 11:40:17,565 | INFO | FPS progress: 3681/4096
2025-08-22 11:40:17,648 | INFO | FPS progress: 4090/4096
2025-08-22 11:40:17,649 | INFO | Round 1: accumulated=4096, kept=4096 (100.00%), time=904.6 ms
2025-08-22 11:40:17,649 | INFO | Requested samples 4096 >= candidates 4096; returning all indices.
2025-08-22 11:40:17,649 | INFO | Sampled points: (4096, 3), normals: (4096, 3)
2025-08-22 11:40:17,650 | INFO | Sampling time: 905.1 ms
2025-08-22 11:40:17,650 | INFO | Centering only: centroid=[4.260895644176205, -4.586117162442912, 3.789177926521411] | scale fixed to 1.000000 (no scaling)
2025-08-22 11:40:17,650 | INFO | Axis x stats (centered): min=-50.424155, mean=0.000000, std=23.958175, max=40.409812
2025-08-22 11:40:17,650 | INFO | Axis y stats (centered): min=-129.686645, mean=-0.000000, std=73.427581, max=140.009616
2025-08-22 11:40:17,650 | INFO | Axis z stats (centered): min=-4.716303, mean=-0.000000, std=5.487576, max=18.097667
2025-08-22 11:40:17,651 | INFO | Centering time: 1.0 ms
2025-08-22 11:40:17,651 | INFO | PCA alignment: explained variance ratio=0.9026, 0.0935, 0.0039
2025-08-22 11:40:17,651 | INFO | Rotation matrix (columns are principal axes):
[[-0.05541   0.996965  0.054688]
 [ 0.997966  0.057029 -0.0285  ]
 [-0.031533  0.052998 -0.998097]]
2025-08-22 11:40:17,651 | INFO | Rotation matrix det=1.000000
2025-08-22 11:40:17,652 | INFO | Orientation enforcement (flat-to-neg-z): sz=-1, width_low=62.834371, width_high=76.104036 -> sx=1, sy=-1
2025-08-22 11:40:17,652 | INFO | Orientation signs diag(S)=[1.0, -1.0, -1.0]
2025-08-22 11:40:17,652 | INFO | PCA time: 1.8 ms
2025-08-22 11:40:17,654 | INFO | Bottom alignment: bottom_q=0.20, band_q=0.05, min_z_shift=-13.429781, xy_center=[-99.45529889983894, -10.147742577793114]
2025-08-22 11:40:17,654 | INFO | Bottom leveling time: 0.7 ms | bottom_xy_center=[-99.45529889983894, -10.147742577793114]
2025-08-22 11:40:17,654 | INFO | Requested samples 4096 >= candidates 4096; returning all indices.
2025-08-22 11:40:17,654 | INFO | Final points: (4096, 3), normals: (4096, 3)
2025-08-22 11:40:17,654 | INFO | Aligned normalized AABB min=[-31.02698172818222, -33.61928767003438, 0.0] max=[239.23501909017875, 57.48513479053399, 25.841191242824195]
2025-08-22 11:40:17,654 | INFO | Final radii percentiles: p5=20.762588, p50=106.208468, p95=216.720787; centroid_norm=100.869679
2025-08-22 11:40:17,655 | INFO | Axis x stats (final): min=-31.026982, mean=99.455299, std=73.538716, max=239.235019
2025-08-22 11:40:17,655 | INFO | Axis y stats (final): min=-33.619288, mean=10.147743, std=23.660839, max=57.485135
2025-08-22 11:40:17,655 | INFO | Axis z stats (final): min=0.000000, mean=13.429781, std=5.285751, max=25.841191
2025-08-22 11:40:17,655 | INFO | Normal lengths: min=1.000000, mean=1.000000, max=1.000000
2025-08-22 11:40:17,655 | INFO | Final FPS time: 1.3 ms
2025-08-22 11:40:17,665 | INFO | Saved bundle (npz): D:\Cursor Repos\From p2p\data\pointcloud\insoles\109_insole_L.npz | points=(4096, 3) normals=(4096, 3)
2025-08-22 11:40:17,665 | INFO | Completed successfully.
