2025-08-22 11:40:25,026 | INFO | Input STL: D:\Cursor Repos\From p2p\data\raw\insoles\113_insole_L.stl
2025-08-22 11:40:25,027 | INFO | Output log: D:\Cursor Repos\From p2p\Log\preprocess\insoles\113_insole_L.log
2025-08-22 11:40:25,027 | INFO | Parameters: num_points=4096, candidate_multiplier=4, z_low_percent=None, z_high_percent=None, seed=None
2025-08-22 11:40:25,027 | INFO | File: size_bytes=2813284, mtime=2025-08-07 13:50:22
2025-08-22 11:40:25,027 | INFO | Env: python=3.11.13, numpy=2.3.2, trimesh=4.7.4, platform=Windows-10-10.0.26100-SP0
2025-08-22 11:40:25,100 | INFO | Mesh: vertices=28133, faces=56264
2025-08-22 11:40:25,132 | WARNING | Mesh is not watertight; surface sampling may include boundary artifacts
2025-08-22 11:40:25,139 | INFO | Mesh surface area: 41486.928098
2025-08-22 11:40:25,169 | INFO | Mesh volume: 104139.263725
2025-08-22 11:40:25,172 | INFO | Mesh AABB min=[-41.33919906616211, -127.14119720458984, -0.894599974155426] max=[42.66080093383789, 125.85890197753906, 23.98200035095215]
2025-08-22 11:40:25,172 | INFO | Boundary edges: 0
2025-08-22 11:40:25,172 | INFO | Load mesh time: 145.3 ms
2025-08-22 11:40:25,172 | INFO | Surface sampling: candidates=16384 (target=4096, multiplier=4)
2025-08-22 11:40:25,190 | INFO | Running Farthest Point Sampling (FPS) to enforce even spacing
2025-08-22 11:40:25,280 | INFO | FPS progress: 409/4096
2025-08-22 11:40:25,361 | INFO | FPS progress: 818/4096
2025-08-22 11:40:25,445 | INFO | FPS progress: 1227/4096
2025-08-22 11:40:25,526 | INFO | FPS progress: 1636/4096
2025-08-22 11:40:25,611 | INFO | FPS progress: 2045/4096
2025-08-22 11:40:25,690 | INFO | FPS progress: 2454/4096
2025-08-22 11:40:25,771 | INFO | FPS progress: 2863/4096
2025-08-22 11:40:25,853 | INFO | FPS progress: 3272/4096
2025-08-22 11:40:25,938 | INFO | FPS progress: 3681/4096
2025-08-22 11:40:26,021 | INFO | FPS progress: 4090/4096
2025-08-22 11:40:26,022 | INFO | Round 1: accumulated=4096, kept=4096 (100.00%), time=850.6 ms
2025-08-22 11:40:26,022 | INFO | Requested samples 4096 >= candidates 4096; returning all indices.
2025-08-22 11:40:26,022 | INFO | Sampled points: (4096, 3), normals: (4096, 3)
2025-08-22 11:40:26,023 | INFO | Sampling time: 851.0 ms
2025-08-22 11:40:26,023 | INFO | Centering only: centroid=[5.405423416962321, -7.7424824173426545, 4.1671137172815005] | scale fixed to 1.000000 (no scaling)
2025-08-22 11:40:26,023 | INFO | Axis x stats (centered): min=-46.544443, mean=0.000000, std=22.229048, max=37.220761
2025-08-22 11:40:26,023 | INFO | Axis y stats (centered): min=-119.397242, mean=-0.000000, std=68.798547, max=133.523849
2025-08-22 11:40:26,023 | INFO | Axis z stats (centered): min=-5.061443, mean=-0.000000, std=5.858719, max=19.615514
2025-08-22 11:40:26,023 | INFO | Centering time: 0.4 ms
2025-08-22 11:40:26,023 | INFO | PCA alignment: explained variance ratio=0.9035, 0.0914, 0.0050
2025-08-22 11:40:26,023 | INFO | Rotation matrix (columns are principal axes):
[[-0.059293  0.995974  0.067228]
 [ 0.997605  0.061524 -0.031614]
 [-0.035623  0.065193 -0.997237]]
2025-08-22 11:40:26,024 | INFO | Rotation matrix det=1.000000
2025-08-22 11:40:26,025 | INFO | Orientation enforcement (flat-to-neg-z): sz=-1, width_low=56.537830, width_high=70.285237 -> sx=1, sy=-1
2025-08-22 11:40:26,025 | INFO | Orientation signs diag(S)=[1.0, -1.0, -1.0]
2025-08-22 11:40:26,025 | INFO | PCA time: 2.2 ms
2025-08-22 11:40:26,028 | INFO | Bottom alignment: bottom_q=0.20, band_q=0.05, min_z_shift=-14.193937, xy_center=[-90.12793420534409, -10.132601396285894]
2025-08-22 11:40:26,028 | INFO | Bottom leveling time: 1.8 ms | bottom_xy_center=[-90.12793420534409, -10.132601396285894]
2025-08-22 11:40:26,028 | INFO | Requested samples 4096 >= candidates 4096; returning all indices.
2025-08-22 11:40:26,028 | INFO | Final points: (4096, 3), normals: (4096, 3)
2025-08-22 11:40:26,028 | INFO | Aligned normalized AABB min=[-30.19135421655085, -30.381367159873264, 0.0] max=[223.4759203488445, 53.621585177297334, 28.554686409159622]
2025-08-22 11:40:26,028 | INFO | Final radii percentiles: p5=18.871345, p50=95.857381, p95=201.715719; centroid_norm=91.799684
2025-08-22 11:40:26,029 | INFO | Axis x stats (final): min=-30.191354, mean=90.127934, std=68.920996, max=223.475920
2025-08-22 11:40:26,029 | INFO | Axis y stats (final): min=-30.381367, mean=10.132601, std=21.911824, max=53.621585
2025-08-22 11:40:26,029 | INFO | Axis z stats (final): min=0.000000, mean=14.193937, std=5.609232, max=28.554686
2025-08-22 11:40:26,029 | INFO | Normal lengths: min=1.000000, mean=1.000000, max=1.000000
2025-08-22 11:40:26,029 | INFO | Final FPS time: 1.5 ms
2025-08-22 11:40:26,038 | INFO | Saved bundle (npz): D:\Cursor Repos\From p2p\data\pointcloud\insoles\113_insole_L.npz | points=(4096, 3) normals=(4096, 3)
2025-08-22 11:40:26,038 | INFO | Completed successfully.
