2025-08-22 11:40:27,088 | INFO | Input STL: D:\Cursor Repos\From p2p\data\raw\insoles\114_insole_L.stl
2025-08-22 11:40:27,088 | INFO | Output log: D:\Cursor Repos\From p2p\Log\preprocess\insoles\114_insole_L.log
2025-08-22 11:40:27,088 | INFO | Parameters: num_points=4096, candidate_multiplier=4, z_low_percent=None, z_high_percent=None, seed=None
2025-08-22 11:40:27,088 | INFO | File: size_bytes=2414084, mtime=2025-08-13 13:20:11
2025-08-22 11:40:27,088 | INFO | Env: python=3.11.13, numpy=2.3.2, trimesh=4.7.4, platform=Windows-10-10.0.26100-SP0
2025-08-22 11:40:27,167 | INFO | Mesh: vertices=24142, faces=48280
2025-08-22 11:40:27,204 | INFO | Mesh surface area: 24838.071937
2025-08-22 11:40:27,225 | INFO | Mesh volume: 61162.698293
2025-08-22 11:40:27,228 | INFO | Mesh AABB min=[-32.98680114746094, -92.01750183105469, -0.8939999938011169] max=[33.013301849365234, 90.98249816894531, 22.92970085144043]
2025-08-22 11:40:27,228 | INFO | Boundary edges: 0
2025-08-22 11:40:27,228 | INFO | Load mesh time: 140.0 ms
2025-08-22 11:40:27,228 | INFO | Surface sampling: candidates=16384 (target=4096, multiplier=4)
2025-08-22 11:40:27,243 | INFO | Running Farthest Point Sampling (FPS) to enforce even spacing
2025-08-22 11:40:27,323 | INFO | FPS progress: 409/4096
2025-08-22 11:40:27,405 | INFO | FPS progress: 818/4096
2025-08-22 11:40:27,490 | INFO | FPS progress: 1227/4096
2025-08-22 11:40:27,568 | INFO | FPS progress: 1636/4096
2025-08-22 11:40:27,648 | INFO | FPS progress: 2045/4096
2025-08-22 11:40:27,734 | INFO | FPS progress: 2454/4096
2025-08-22 11:40:27,832 | INFO | FPS progress: 2863/4096
2025-08-22 11:40:27,925 | INFO | FPS progress: 3272/4096
2025-08-22 11:40:28,018 | INFO | FPS progress: 3681/4096
2025-08-22 11:40:28,103 | INFO | FPS progress: 4090/4096
2025-08-22 11:40:28,106 | INFO | Round 1: accumulated=4096, kept=4096 (100.00%), time=876.9 ms
2025-08-22 11:40:28,106 | INFO | Requested samples 4096 >= candidates 4096; returning all indices.
2025-08-22 11:40:28,106 | INFO | Sampled points: (4096, 3), normals: (4096, 3)
2025-08-22 11:40:28,106 | INFO | Sampling time: 877.3 ms
2025-08-22 11:40:28,106 | INFO | Centering only: centroid=[4.06311569209726, -6.412254758104473, 4.307612645782061] | scale fixed to 1.000000 (no scaling)
2025-08-22 11:40:28,106 | INFO | Axis x stats (centered): min=-36.996503, mean=0.000000, std=17.603659, max=28.823431
2025-08-22 11:40:28,106 | INFO | Axis y stats (centered): min=-85.437902, mean=-0.000000, std=50.411150, max=97.267598
2025-08-22 11:40:28,106 | INFO | Axis z stats (centered): min=-5.201396, mean=0.000000, std=5.849670, max=18.487378
2025-08-22 11:40:28,106 | INFO | Centering time: 0.5 ms
2025-08-22 11:40:28,107 | INFO | PCA alignment: explained variance ratio=0.8870, 0.1044, 0.0086
2025-08-22 11:40:28,107 | INFO | Rotation matrix (columns are principal axes):
[[-0.06856   0.994328  0.081307]
 [ 0.99612   0.072735 -0.049551]
 [-0.055184  0.077594 -0.995457]]
2025-08-22 11:40:28,107 | INFO | Rotation matrix det=1.000000
2025-08-22 11:40:28,108 | INFO | Orientation enforcement (flat-to-neg-z): sz=-1, width_low=43.370815, width_high=54.008884 -> sx=1, sy=-1
2025-08-22 11:40:28,108 | INFO | Orientation signs diag(S)=[1.0, -1.0, -1.0]
2025-08-22 11:40:28,109 | INFO | PCA time: 2.0 ms
2025-08-22 11:40:28,110 | INFO | Bottom alignment: bottom_q=0.20, band_q=0.05, min_z_shift=-14.343468, xy_center=[-64.72822755830298, -6.2714356123062425]
2025-08-22 11:40:28,110 | INFO | Bottom leveling time: 1.1 ms | bottom_xy_center=[-64.72822755830298, -6.2714356123062425]
2025-08-22 11:40:28,110 | INFO | Requested samples 4096 >= candidates 4096; returning all indices.
2025-08-22 11:40:28,110 | INFO | Final points: (4096, 3), normals: (4096, 3)
2025-08-22 11:40:28,110 | INFO | Aligned normalized AABB min=[-22.26163306763506, -25.43848173014381, 0.0] max=[161.66037851665013, 40.504249333384585, 26.48051687057404]
2025-08-22 11:40:28,110 | INFO | Final radii percentiles: p5=15.663449, p50=69.602175, p95=147.488382; centroid_norm=66.594365
2025-08-22 11:40:28,111 | INFO | Axis x stats (final): min=-22.261633, mean=64.728228, std=50.545780, max=161.660379
2025-08-22 11:40:28,111 | INFO | Axis y stats (final): min=-25.438482, mean=6.271436, std=17.331365, max=40.504249
2025-08-22 11:40:28,111 | INFO | Axis z stats (final): min=0.000000, mean=14.343468, std=5.489930, max=26.480517
2025-08-22 11:40:28,111 | INFO | Normal lengths: min=1.000000, mean=1.000000, max=1.000000
2025-08-22 11:40:28,111 | INFO | Final FPS time: 1.2 ms
2025-08-22 11:40:28,120 | INFO | Saved bundle (npz): D:\Cursor Repos\From p2p\data\pointcloud\insoles\114_insole_L.npz | points=(4096, 3) normals=(4096, 3)
2025-08-22 11:40:28,120 | INFO | Completed successfully.
