2025-08-22 11:40:41,747 | INFO | Input STL: D:\Cursor Repos\From p2p\data\raw\insoles\118_insole_L.stl
2025-08-22 11:40:41,747 | INFO | Output log: D:\Cursor Repos\From p2p\Log\preprocess\insoles\118_insole_L.log
2025-08-22 11:40:41,747 | INFO | Parameters: num_points=4096, candidate_multiplier=4, z_low_percent=None, z_high_percent=None, seed=None
2025-08-22 11:40:41,748 | INFO | File: size_bytes=2852984, mtime=2025-08-14 09:40:08
2025-08-22 11:40:41,748 | INFO | Env: python=3.11.13, numpy=2.3.2, trimesh=4.7.4, platform=Windows-10-10.0.26100-SP0
2025-08-22 11:40:41,842 | INFO | Mesh: vertices=28531, faces=57058
2025-08-22 11:40:41,882 | INFO | Mesh surface area: 44600.770144
2025-08-22 11:40:41,908 | INFO | Mesh volume: 108799.325409
2025-08-22 11:40:41,911 | INFO | Mesh AABB min=[-45.68790054321289, -129.38070678710938, -0.8956000208854675] max=[44.312198638916016, 130.61929321289062, 22.976299285888672]
2025-08-22 11:40:41,911 | INFO | Boundary edges: 0
2025-08-22 11:40:41,911 | INFO | Load mesh time: 163.3 ms
2025-08-22 11:40:41,911 | INFO | Surface sampling: candidates=16384 (target=4096, multiplier=4)
2025-08-22 11:40:41,929 | INFO | Running Farthest Point Sampling (FPS) to enforce even spacing
2025-08-22 11:40:42,013 | INFO | FPS progress: 409/4096
2025-08-22 11:40:42,093 | INFO | FPS progress: 818/4096
2025-08-22 11:40:42,183 | INFO | FPS progress: 1227/4096
2025-08-22 11:40:42,285 | INFO | FPS progress: 1636/4096
2025-08-22 11:40:42,373 | INFO | FPS progress: 2045/4096
2025-08-22 11:40:42,452 | INFO | FPS progress: 2454/4096
2025-08-22 11:40:42,532 | INFO | FPS progress: 2863/4096
2025-08-22 11:40:42,612 | INFO | FPS progress: 3272/4096
2025-08-22 11:40:42,690 | INFO | FPS progress: 3681/4096
2025-08-22 11:40:42,771 | INFO | FPS progress: 4090/4096
2025-08-22 11:40:42,773 | INFO | Round 1: accumulated=4096, kept=4096 (100.00%), time=861.4 ms
2025-08-22 11:40:42,773 | INFO | Requested samples 4096 >= candidates 4096; returning all indices.
2025-08-22 11:40:42,773 | INFO | Sampled points: (4096, 3), normals: (4096, 3)
2025-08-22 11:40:42,773 | INFO | Sampling time: 861.8 ms
2025-08-22 11:40:42,773 | INFO | Centering only: centroid=[4.2619089654945785, -4.777263124392231, 3.762210984063809] | scale fixed to 1.000000 (no scaling)
2025-08-22 11:40:42,773 | INFO | Axis x stats (centered): min=-49.919332, mean=0.000000, std=23.677828, max=39.969244
2025-08-22 11:40:42,773 | INFO | Axis y stats (centered): min=-124.476782, mean=0.000000, std=71.227972, max=135.308456
2025-08-22 11:40:42,773 | INFO | Axis z stats (centered): min=-4.657001, mean=-0.000000, std=5.557620, max=19.050765
2025-08-22 11:40:42,773 | INFO | Centering time: 0.4 ms
2025-08-22 11:40:42,774 | INFO | PCA alignment: explained variance ratio=0.8997, 0.0962, 0.0041
2025-08-22 11:40:42,774 | INFO | Rotation matrix (columns are principal axes):
[[-0.061974  0.996547  0.05526 ]
 [ 0.997487  0.063748 -0.030932]
 [-0.034348  0.053204 -0.997993]]
2025-08-22 11:40:42,774 | INFO | Rotation matrix det=1.000000
2025-08-22 11:40:42,775 | INFO | Orientation enforcement (flat-to-neg-z): sz=-1, width_low=60.721710, width_high=74.109647 -> sx=1, sy=-1
2025-08-22 11:40:42,775 | INFO | Orientation signs diag(S)=[1.0, -1.0, -1.0]
2025-08-22 11:40:42,775 | INFO | PCA time: 1.9 ms
2025-08-22 11:40:42,775 | INFO | Bottom alignment: bottom_q=0.20, band_q=0.05, min_z_shift=-13.541338, xy_center=[-95.24006177770964, -10.406063620642652]
2025-08-22 11:40:42,776 | INFO | Bottom leveling time: 0.7 ms | bottom_xy_center=[-95.24006177770964, -10.406063620642652]
2025-08-22 11:40:42,776 | INFO | Requested samples 4096 >= candidates 4096; returning all indices.
2025-08-22 11:40:42,776 | INFO | Final points: (4096, 3), normals: (4096, 3)
2025-08-22 11:40:42,776 | INFO | Aligned normalized AABB min=[-30.277060854904917, -33.04500114967641, 0.0] max=[230.428855094004, 57.05060266812882, 26.69691244187019]
2025-08-22 11:40:42,776 | INFO | Final radii percentiles: p5=19.446780, p50=101.809742, p95=209.935312; centroid_norm=96.759100
2025-08-22 11:40:42,776 | INFO | Axis x stats (final): min=-30.277061, mean=95.240062, std=71.363406, max=230.428855
2025-08-22 11:40:42,777 | INFO | Axis y stats (final): min=-33.045001, mean=10.406064, std=23.322498, max=57.050603
2025-08-22 11:40:42,777 | INFO | Axis z stats (final): min=0.000000, mean=13.541338, std=5.317508, max=26.696912
2025-08-22 11:40:42,777 | INFO | Normal lengths: min=1.000000, mean=1.000000, max=1.000000
2025-08-22 11:40:42,777 | INFO | Final FPS time: 1.3 ms
2025-08-22 11:40:42,787 | INFO | Saved bundle (npz): D:\Cursor Repos\From p2p\data\pointcloud\insoles\118_insole_L.npz | points=(4096, 3) normals=(4096, 3)
2025-08-22 11:40:42,787 | INFO | Completed successfully.
