2025-08-22 11:40:48,045 | INFO | Input STL: D:\Cursor Repos\From p2p\data\raw\insoles\121_insole_L.stl
2025-08-22 11:40:48,045 | INFO | Output log: D:\Cursor Repos\From p2p\Log\preprocess\insoles\121_insole_L.log
2025-08-22 11:40:48,045 | INFO | Parameters: num_points=4096, candidate_multiplier=4, z_low_percent=None, z_high_percent=None, seed=None
2025-08-22 11:40:48,045 | INFO | File: size_bytes=2978284, mtime=2025-08-13 14:41:39
2025-08-22 11:40:48,045 | INFO | Env: python=3.11.13, numpy=2.3.2, trimesh=4.7.4, platform=Windows-10-10.0.26100-SP0
2025-08-22 11:40:48,150 | INFO | Mesh: vertices=29683, faces=59564
2025-08-22 11:40:48,181 | WARNING | Mesh is not watertight; surface sampling may include boundary artifacts
2025-08-22 11:40:48,190 | INFO | Mesh surface area: 49115.907453
2025-08-22 11:40:48,221 | INFO | Mesh volume: 130156.669485
2025-08-22 11:40:48,225 | INFO | Mesh AABB min=[-46.21799850463867, -138.30239868164062, -0.902999997138977] max=[47.04909896850586, 136.54989624023438, 23.960599899291992]
2025-08-22 11:40:48,225 | INFO | Boundary edges: 0
2025-08-22 11:40:48,225 | INFO | Load mesh time: 180.1 ms
2025-08-22 11:40:48,225 | INFO | Surface sampling: candidates=16384 (target=4096, multiplier=4)
2025-08-22 11:40:48,247 | INFO | Running Farthest Point Sampling (FPS) to enforce even spacing
2025-08-22 11:40:48,333 | INFO | FPS progress: 409/4096
2025-08-22 11:40:48,415 | INFO | FPS progress: 818/4096
2025-08-22 11:40:48,494 | INFO | FPS progress: 1227/4096
2025-08-22 11:40:48,575 | INFO | FPS progress: 1636/4096
2025-08-22 11:40:48,656 | INFO | FPS progress: 2045/4096
2025-08-22 11:40:48,742 | INFO | FPS progress: 2454/4096
2025-08-22 11:40:48,827 | INFO | FPS progress: 2863/4096
2025-08-22 11:40:48,917 | INFO | FPS progress: 3272/4096
2025-08-22 11:40:48,995 | INFO | FPS progress: 3681/4096
2025-08-22 11:40:49,090 | INFO | FPS progress: 4090/4096
2025-08-22 11:40:49,092 | INFO | Round 1: accumulated=4096, kept=4096 (100.00%), time=866.7 ms
2025-08-22 11:40:49,092 | INFO | Requested samples 4096 >= candidates 4096; returning all indices.
2025-08-22 11:40:49,092 | INFO | Sampled points: (4096, 3), normals: (4096, 3)
2025-08-22 11:40:49,092 | INFO | Sampling time: 867.3 ms
2025-08-22 11:40:49,093 | INFO | Centering only: centroid=[5.768946828257478, -5.4769646291151695, 4.013980404740123] | scale fixed to 1.000000 (no scaling)
2025-08-22 11:40:49,093 | INFO | Axis x stats (centered): min=-51.927522, mean=0.000000, std=24.538188, max=41.183921
2025-08-22 11:40:49,093 | INFO | Axis y stats (centered): min=-132.733679, mean=-0.000000, std=74.772675, max=141.566889
2025-08-22 11:40:49,093 | INFO | Axis z stats (centered): min=-4.916428, mean=0.000000, std=5.858765, max=19.787433
2025-08-22 11:40:49,093 | INFO | Centering time: 0.7 ms
2025-08-22 11:40:49,094 | INFO | PCA alignment: explained variance ratio=0.9013, 0.0944, 0.0043
2025-08-22 11:40:49,094 | INFO | Rotation matrix (columns are principal axes):
[[-0.056943  0.996348  0.063632]
 [ 0.997868  0.058833 -0.028235]
 [-0.031876  0.061888 -0.997574]]
2025-08-22 11:40:49,094 | INFO | Rotation matrix det=1.000000
2025-08-22 11:40:49,096 | INFO | Orientation enforcement (flat-to-neg-z): sz=-1, width_low=63.485060, width_high=77.188515 -> sx=1, sy=-1
2025-08-22 11:40:49,096 | INFO | Orientation signs diag(S)=[1.0, -1.0, -1.0]
2025-08-22 11:40:49,096 | INFO | PCA time: 2.6 ms
2025-08-22 11:40:49,096 | INFO | Bottom alignment: bottom_q=0.20, band_q=0.05, min_z_shift=-14.295886, xy_center=[-100.23587687793676, -11.75456657161589]
2025-08-22 11:40:49,097 | INFO | Bottom leveling time: 0.7 ms | bottom_xy_center=[-100.23587687793676, -11.75456657161589]
2025-08-22 11:40:49,097 | INFO | Requested samples 4096 >= candidates 4096; returning all indices.
2025-08-22 11:40:49,097 | INFO | Final points: (4096, 3), normals: (4096, 3)
2025-08-22 11:40:49,097 | INFO | Aligned normalized AABB min=[-33.27220437711571, -32.23632052680061, 0.0] max=[241.76411557311062, 60.75546873594564, 28.347841919012538]
2025-08-22 11:40:49,097 | INFO | Final radii percentiles: p5=21.024417, p50=108.073031, p95=220.143865; centroid_norm=101.930237
2025-08-22 11:40:49,098 | INFO | Axis x stats (final): min=-33.272204, mean=100.235877, std=74.891952, max=241.764116
2025-08-22 11:40:49,098 | INFO | Axis y stats (final): min=-32.236321, mean=11.754567, std=24.225367, max=60.755469
2025-08-22 11:40:49,098 | INFO | Axis z stats (final): min=0.000000, mean=14.295886, std=5.632743, max=28.347842
2025-08-22 11:40:49,098 | INFO | Normal lengths: min=1.000000, mean=1.000000, max=1.000000
2025-08-22 11:40:49,098 | INFO | Final FPS time: 1.2 ms
2025-08-22 11:40:49,106 | INFO | Saved bundle (npz): D:\Cursor Repos\From p2p\data\pointcloud\insoles\121_insole_L.npz | points=(4096, 3) normals=(4096, 3)
2025-08-22 11:40:49,106 | INFO | Completed successfully.
