2025-08-22 11:40:49,108 | INFO | Input STL: D:\Cursor Repos\From p2p\data\raw\insoles\121_insole_R.stl
2025-08-22 11:40:49,108 | INFO | Output log: D:\Cursor Repos\From p2p\Log\preprocess\insoles\121_insole_R.log
2025-08-22 11:40:49,108 | INFO | Parameters: num_points=4096, candidate_multiplier=4, z_low_percent=None, z_high_percent=None, seed=None
2025-08-22 11:40:49,108 | INFO | File: size_bytes=2974684, mtime=2025-08-13 14:41:41
2025-08-22 11:40:49,108 | INFO | Env: python=3.11.13, numpy=2.3.2, trimesh=4.7.4, platform=Windows-10-10.0.26100-SP0
2025-08-22 11:40:49,222 | INFO | Mesh: vertices=29647, faces=59492
2025-08-22 11:40:49,259 | WARNING | Mesh is not watertight; surface sampling may include boundary artifacts
2025-08-22 11:40:49,268 | INFO | Mesh surface area: 49115.904073
2025-08-22 11:40:49,296 | INFO | Mesh volume: 130156.668778
2025-08-22 11:40:49,300 | INFO | Mesh AABB min=[-47.04909896850586, -138.30239868164062, -0.902999997138977] max=[46.21799850463867, 136.54989624023438, 23.960599899291992]
2025-08-22 11:40:49,300 | INFO | Boundary edges: 0
2025-08-22 11:40:49,300 | INFO | Load mesh time: 191.8 ms
2025-08-22 11:40:49,300 | INFO | Surface sampling: candidates=16384 (target=4096, multiplier=4)
2025-08-22 11:40:49,319 | INFO | Running Farthest Point Sampling (FPS) to enforce even spacing
2025-08-22 11:40:49,418 | INFO | FPS progress: 409/4096
2025-08-22 11:40:49,510 | INFO | FPS progress: 818/4096
2025-08-22 11:40:49,602 | INFO | FPS progress: 1227/4096
2025-08-22 11:40:49,689 | INFO | FPS progress: 1636/4096
2025-08-22 11:40:49,772 | INFO | FPS progress: 2045/4096
2025-08-22 11:40:49,861 | INFO | FPS progress: 2454/4096
2025-08-22 11:40:49,947 | INFO | FPS progress: 2863/4096
2025-08-22 11:40:50,032 | INFO | FPS progress: 3272/4096
2025-08-22 11:40:50,119 | INFO | FPS progress: 3681/4096
2025-08-22 11:40:50,203 | INFO | FPS progress: 4090/4096
2025-08-22 11:40:50,204 | INFO | Round 1: accumulated=4096, kept=4096 (100.00%), time=904.2 ms
2025-08-22 11:40:50,205 | INFO | Requested samples 4096 >= candidates 4096; returning all indices.
2025-08-22 11:40:50,205 | INFO | Sampled points: (4096, 3), normals: (4096, 3)
2025-08-22 11:40:50,205 | INFO | Sampling time: 904.6 ms
2025-08-22 11:40:50,205 | INFO | Centering only: centroid=[-5.916501295128825, -6.534688404744962, 4.0991786459505954] | scale fixed to 1.000000 (no scaling)
2025-08-22 11:40:50,205 | INFO | Axis x stats (centered): min=-41.069271, mean=0.000000, std=24.587032, max=52.099352
2025-08-22 11:40:50,205 | INFO | Axis y stats (centered): min=-131.684558, mean=-0.000000, std=74.791917, max=142.647628
2025-08-22 11:40:50,205 | INFO | Axis z stats (centered): min=-4.997259, mean=-0.000000, std=5.904879, max=19.715755
2025-08-22 11:40:50,205 | INFO | Centering time: 0.4 ms
2025-08-22 11:40:50,206 | INFO | PCA alignment: explained variance ratio=0.9011, 0.0946, 0.0043
2025-08-22 11:40:50,206 | INFO | Rotation matrix (columns are principal axes):
[[-0.057868 -0.996391 -0.062097]
 [-0.997794  0.059753 -0.028936]
 [ 0.032543  0.060286 -0.997651]]
2025-08-22 11:40:50,206 | INFO | Rotation matrix det=1.000000
2025-08-22 11:40:50,207 | INFO | Orientation enforcement (flat-to-neg-z): sz=-1, width_low=77.684689, width_high=63.279538 -> sx=-1, sy=1
2025-08-22 11:40:50,207 | INFO | Orientation signs diag(S)=[-1.0, 1.0, -1.0]
2025-08-22 11:40:50,207 | INFO | PCA time: 1.6 ms
2025-08-22 11:40:50,207 | INFO | Bottom alignment: bottom_q=0.20, band_q=0.05, min_z_shift=-14.431814, xy_center=[-98.85256118497293, 11.94122817933586]
2025-08-22 11:40:50,208 | INFO | Bottom leveling time: 0.9 ms | bottom_xy_center=[-98.85256118497293, 11.94122817933586]
2025-08-22 11:40:50,208 | INFO | Requested samples 4096 >= candidates 4096; returning all indices.
2025-08-22 11:40:50,208 | INFO | Final points: (4096, 3), normals: (4096, 3)
2025-08-22 11:40:50,209 | INFO | Aligned normalized AABB min=[-33.754229209056575, -60.97046729554246, 0.0] max=[241.57107291289063, 32.24016614553839, 28.558321403985502]
2025-08-22 11:40:50,209 | INFO | Final radii percentiles: p5=20.408540, p50=105.539626, p95=219.879891; centroid_norm=100.611625
2025-08-22 11:40:50,210 | INFO | Axis x stats (final): min=-33.754229, mean=98.852561, std=74.914434, max=241.571073
2025-08-22 11:40:50,210 | INFO | Axis y stats (final): min=-60.970467, mean=-11.941228, std=24.261911, max=32.240166
2025-08-22 11:40:50,210 | INFO | Axis z stats (final): min=0.000000, mean=14.431814, std=5.692789, max=28.558321
2025-08-22 11:40:50,210 | INFO | Normal lengths: min=1.000000, mean=1.000000, max=1.000000
2025-08-22 11:40:50,210 | INFO | Final FPS time: 1.6 ms
2025-08-22 11:40:50,219 | INFO | Saved bundle (npz): D:\Cursor Repos\From p2p\data\pointcloud\insoles\121_insole_R.npz | points=(4096, 3) normals=(4096, 3)
2025-08-22 11:40:50,219 | INFO | Completed successfully.
