2025-08-22 11:40:51,245 | INFO | Input STL: D:\Cursor Repos\From p2p\data\raw\insoles\122_insole_R.stl
2025-08-22 11:40:51,245 | INFO | Output log: D:\Cursor Repos\From p2p\Log\preprocess\insoles\122_insole_R.log
2025-08-22 11:40:51,245 | INFO | Parameters: num_points=4096, candidate_multiplier=4, z_low_percent=None, z_high_percent=None, seed=None
2025-08-22 11:40:51,245 | INFO | File: size_bytes=2636984, mtime=2025-08-14 09:54:26
2025-08-22 11:40:51,245 | INFO | Env: python=3.11.13, numpy=2.3.2, trimesh=4.7.4, platform=Windows-10-10.0.26100-SP0
2025-08-22 11:40:51,349 | INFO | Mesh: vertices=26371, faces=52738
2025-08-22 11:40:51,390 | INFO | Mesh surface area: 33966.977107
2025-08-22 11:40:51,418 | INFO | Mesh volume: 87514.425308
2025-08-22 11:40:51,422 | INFO | Mesh AABB min=[-37.794898986816406, -112.15480041503906, -0.8942000269889832] max=[38.205101013183594, 110.84529876708984, 23.586200714111328]
2025-08-22 11:40:51,422 | INFO | Boundary edges: 0
2025-08-22 11:40:51,422 | INFO | Load mesh time: 177.9 ms
2025-08-22 11:40:51,422 | INFO | Surface sampling: candidates=16384 (target=4096, multiplier=4)
2025-08-22 11:40:51,443 | INFO | Running Farthest Point Sampling (FPS) to enforce even spacing
2025-08-22 11:40:51,530 | INFO | FPS progress: 409/4096
2025-08-22 11:40:51,620 | INFO | FPS progress: 818/4096
2025-08-22 11:40:51,702 | INFO | FPS progress: 1227/4096
2025-08-22 11:40:51,784 | INFO | FPS progress: 1636/4096
2025-08-22 11:40:51,872 | INFO | FPS progress: 2045/4096
2025-08-22 11:40:51,954 | INFO | FPS progress: 2454/4096
2025-08-22 11:40:52,033 | INFO | FPS progress: 2863/4096
2025-08-22 11:40:52,119 | INFO | FPS progress: 3272/4096
2025-08-22 11:40:52,205 | INFO | FPS progress: 3681/4096
2025-08-22 11:40:52,287 | INFO | FPS progress: 4090/4096
2025-08-22 11:40:52,289 | INFO | Round 1: accumulated=4096, kept=4096 (100.00%), time=865.8 ms
2025-08-22 11:40:52,289 | INFO | Requested samples 4096 >= candidates 4096; returning all indices.
2025-08-22 11:40:52,289 | INFO | Sampled points: (4096, 3), normals: (4096, 3)
2025-08-22 11:40:52,289 | INFO | Sampling time: 866.3 ms
2025-08-22 11:40:52,289 | INFO | Centering only: centroid=[-4.2533281412845, -6.979648823729958, 4.324555668560412] | scale fixed to 1.000000 (no scaling)
2025-08-22 11:40:52,289 | INFO | Axis x stats (centered): min=-33.481861, mean=-0.000000, std=20.166541, max=42.342451
2025-08-22 11:40:52,290 | INFO | Axis y stats (centered): min=-105.097799, mean=0.000000, std=60.846986, max=117.665998
2025-08-22 11:40:52,290 | INFO | Axis z stats (centered): min=-5.218156, mean=0.000000, std=5.995776, max=19.247667
2025-08-22 11:40:52,290 | INFO | Centering time: 0.5 ms
2025-08-22 11:40:52,290 | INFO | PCA alignment: explained variance ratio=0.8979, 0.0956, 0.0065
2025-08-22 11:40:52,290 | INFO | Rotation matrix (columns are principal axes):
[[-0.062422 -0.994694 -0.081774]
 [-0.997144  0.065647 -0.037353]
 [ 0.042523  0.079209 -0.995951]]
2025-08-22 11:40:52,290 | INFO | Rotation matrix det=1.000000
2025-08-22 11:40:52,292 | INFO | Orientation enforcement (flat-to-neg-z): sz=-1, width_low=62.871592, width_high=51.086030 -> sx=-1, sy=1
2025-08-22 11:40:52,292 | INFO | Orientation signs diag(S)=[-1.0, 1.0, -1.0]
2025-08-22 11:40:52,292 | INFO | PCA time: 3.0 ms
2025-08-22 11:40:52,292 | INFO | Bottom alignment: bottom_q=0.20, band_q=0.05, min_z_shift=-14.437179, xy_center=[-78.51918461162626, 8.681707319598761]
2025-08-22 11:40:52,294 | INFO | Bottom leveling time: 0.7 ms | bottom_xy_center=[-78.51918461162626, 8.681707319598761]
2025-08-22 11:40:52,294 | INFO | Requested samples 4096 >= candidates 4096; returning all indices.
2025-08-22 11:40:52,294 | INFO | Final points: (4096, 3), normals: (4096, 3)
2025-08-22 11:40:52,294 | INFO | Aligned normalized AABB min=[-27.583923500141793, -48.00401520490979, 0.0] max=[196.17129468378758, 27.80776205094168, 27.808330734107216]
2025-08-22 11:40:52,294 | INFO | Final radii percentiles: p5=17.330713, p50=84.296554, p95=177.156381; centroid_norm=80.306080
2025-08-22 11:40:52,294 | INFO | Axis x stats (final): min=-27.583924, mean=78.519185, std=60.972751, max=196.171295
2025-08-22 11:40:52,295 | INFO | Axis y stats (final): min=-48.004015, mean=-8.681707, std=19.877792, max=27.807762
2025-08-22 11:40:52,295 | INFO | Axis z stats (final): min=0.000000, mean=14.437179, std=5.673744, max=27.808331
2025-08-22 11:40:52,295 | INFO | Normal lengths: min=1.000000, mean=1.000000, max=1.000000
2025-08-22 11:40:52,295 | INFO | Final FPS time: 1.3 ms
2025-08-22 11:40:52,304 | INFO | Saved bundle (npz): D:\Cursor Repos\From p2p\data\pointcloud\insoles\122_insole_R.npz | points=(4096, 3) normals=(4096, 3)
2025-08-22 11:40:52,304 | INFO | Completed successfully.
