2025-08-19 13:03:53,008 | INFO | Input STL: D:\Cursor Repos\From p2p\data\raw\insoles\124_insole_R.stl
2025-08-19 13:03:53,008 | INFO | Output log: D:\Cursor Repos\From p2p\Log\preprocess\insoles\124_insole_R.log
2025-08-19 13:03:53,008 | INFO | Parameters: num_points=4096, candidate_multiplier=4, z_low_percent=None, z_high_percent=None, seed=None
2025-08-19 13:03:53,008 | INFO | File: size_bytes=24548184, mtime=2025-08-14 10:06:28
2025-08-19 13:03:53,008 | INFO | Env: python=3.11.13, numpy=2.1.2, trimesh=4.7.4, platform=Windows-10-10.0.26100-SP0
2025-08-19 13:03:53,838 | INFO | Mesh: vertices=245483, faces=490962
2025-08-19 13:03:54,166 | INFO | Mesh surface area: 36401.775066
2025-08-19 13:03:54,409 | INFO | Mesh volume: 91457.695764
2025-08-19 13:03:54,442 | INFO | Mesh AABB min=[-40.57460021972656, -113.15070343017578, -0.8937000036239624] max=[39.42539978027344, 114.84980010986328, 25.834400177001953]
2025-08-19 13:03:54,442 | INFO | Boundary edges: 0
2025-08-19 13:03:54,442 | INFO | Load mesh time: 1434.1 ms
2025-08-19 13:03:54,442 | INFO | Surface sampling: candidates=16384 (target=4096, multiplier=4)
2025-08-19 13:03:54,546 | INFO | Running Farthest Point Sampling (FPS) to enforce even spacing
2025-08-19 13:03:54,637 | INFO | FPS progress: 409/4096
2025-08-19 13:03:54,735 | INFO | FPS progress: 818/4096
2025-08-19 13:03:54,828 | INFO | FPS progress: 1227/4096
2025-08-19 13:03:54,913 | INFO | FPS progress: 1636/4096
2025-08-19 13:03:55,003 | INFO | FPS progress: 2045/4096
2025-08-19 13:03:55,095 | INFO | FPS progress: 2454/4096
2025-08-19 13:03:55,183 | INFO | FPS progress: 2863/4096
2025-08-19 13:03:55,270 | INFO | FPS progress: 3272/4096
2025-08-19 13:03:55,359 | INFO | FPS progress: 3681/4096
2025-08-19 13:03:55,447 | INFO | FPS progress: 4090/4096
2025-08-19 13:03:55,449 | INFO | Round 1: accumulated=4096, kept=4096 (100.00%), time=1006.2 ms
2025-08-19 13:03:55,449 | INFO | Requested samples 4096 >= candidates 4096; returning all indices.
2025-08-19 13:03:55,449 | INFO | Sampled points: (4096, 3), normals: (4096, 3)
2025-08-19 13:03:55,449 | INFO | Sampling time: 1006.8 ms
2025-08-19 13:03:55,449 | INFO | Centering only: centroid=[-5.384524366679507, -6.867561915322502, 4.5384562144861125] | scale fixed to 1.000000 (no scaling)
2025-08-19 13:03:55,450 | INFO | Axis x stats (centered): min=-35.057395, mean=0.000000, std=21.128390, max=44.736868
2025-08-19 13:03:55,450 | INFO | Axis y stats (centered): min=-106.102498, mean=-0.000000, std=62.707204, max=121.625253
2025-08-19 13:03:55,450 | INFO | Axis z stats (centered): min=-5.432156, mean=-0.000000, std=6.303306, max=21.046873
2025-08-19 13:03:55,450 | INFO | Centering time: 0.8 ms
2025-08-19 13:03:55,450 | INFO | PCA alignment: explained variance ratio=0.8948, 0.0986, 0.0066
2025-08-19 13:03:55,451 | INFO | Rotation matrix (columns are principal axes):
[[-0.060621 -0.995336 -0.075036]
 [-0.997058  0.063915 -0.042312]
 [ 0.046911  0.072251 -0.996283]]
2025-08-19 13:03:55,451 | INFO | Rotation matrix det=1.000000
2025-08-19 13:03:55,451 | INFO | Orientation enforcement: mean_nz=0.000913 -> sz=1, width_low=68.137351, width_high=52.305424 -> sx=-1, sy=-1
2025-08-19 13:03:55,452 | INFO | Orientation signs diag(S)=[-1.0, -1.0, 1.0]
2025-08-19 13:03:55,452 | INFO | PCA time: 1.8 ms
2025-08-19 13:03:55,452 | INFO | Requested samples 4096 >= candidates 4096; returning all indices.
2025-08-19 13:03:55,452 | INFO | Final points: (4096, 3), normals: (4096, 3)
2025-08-19 13:03:55,453 | INFO | Aligned normalized AABB min=[-107.17340766831236, -38.19345769381655, -15.83755315301013] max=[121.56919734946608, 41.71451061305819, 11.066318285129368]
2025-08-19 13:03:55,453 | INFO | Final radii percentiles: p5=17.182368, p50=58.632395, p95=105.431735; centroid_norm=0.000000
2025-08-19 13:03:55,453 | INFO | Axis x stats (final): min=-107.173408, mean=-0.000000, std=62.877585, max=121.569197
2025-08-19 13:03:55,453 | INFO | Axis y stats (final): min=-38.193458, mean=0.000000, std=20.875147, max=41.714511
2025-08-19 13:03:55,453 | INFO | Axis z stats (final): min=-15.837553, mean=-0.000000, std=5.382523, max=11.066318
2025-08-19 13:03:55,453 | INFO | Normal lengths: min=1.000000, mean=1.000000, max=1.000000
2025-08-19 13:03:55,453 | INFO | Final FPS time: 1.9 ms
2025-08-19 13:03:55,478 | INFO | Saved bundle (npz): D:\Cursor Repos\From p2p\data\pointcloud\insoles\124_insole_R.npz | points=(4096, 3) normals=(4096, 3)
2025-08-19 13:03:55,478 | INFO | Completed successfully.
