2025-08-19 13:04:01,798 | INFO | Input STL: D:\Cursor Repos\From p2p\data\raw\insoles\128_insole_L.stl
2025-08-19 13:04:01,798 | INFO | Output log: D:\Cursor Repos\From p2p\Log\preprocess\insoles\128_insole_L.log
2025-08-19 13:04:01,798 | INFO | Parameters: num_points=4096, candidate_multiplier=4, z_low_percent=None, z_high_percent=None, seed=None
2025-08-19 13:04:01,799 | INFO | File: size_bytes=2678284, mtime=2025-08-13 13:42:27
2025-08-19 13:04:01,799 | INFO | Env: python=3.11.13, numpy=2.1.2, trimesh=4.7.4, platform=Windows-10-10.0.26100-SP0
2025-08-19 13:04:01,903 | INFO | Mesh: vertices=26784, faces=53564
2025-08-19 13:04:01,939 | INFO | Mesh surface area: 45456.850617
2025-08-19 13:04:01,960 | INFO | Mesh volume: 117029.601624
2025-08-19 13:04:01,963 | INFO | Mesh AABB min=[-44.382198333740234, -132.87950134277344, -0.9168000221252441] max=[45.61790084838867, 132.1208953857422, 24.27120018005371]
2025-08-19 13:04:01,963 | INFO | Boundary edges: 0
2025-08-19 13:04:01,963 | INFO | Load mesh time: 164.3 ms
2025-08-19 13:04:01,963 | INFO | Surface sampling: candidates=16384 (target=4096, multiplier=4)
2025-08-19 13:04:01,977 | INFO | Running Farthest Point Sampling (FPS) to enforce even spacing
2025-08-19 13:04:02,060 | INFO | FPS progress: 409/4096
2025-08-19 13:04:02,139 | INFO | FPS progress: 818/4096
2025-08-19 13:04:02,218 | INFO | FPS progress: 1227/4096
2025-08-19 13:04:02,294 | INFO | FPS progress: 1636/4096
2025-08-19 13:04:02,372 | INFO | FPS progress: 2045/4096
2025-08-19 13:04:02,453 | INFO | FPS progress: 2454/4096
2025-08-19 13:04:02,533 | INFO | FPS progress: 2863/4096
2025-08-19 13:04:02,604 | INFO | FPS progress: 3272/4096
2025-08-19 13:04:02,691 | INFO | FPS progress: 3681/4096
2025-08-19 13:04:02,774 | INFO | FPS progress: 4090/4096
2025-08-19 13:04:02,775 | INFO | Round 1: accumulated=4096, kept=4096 (100.00%), time=811.5 ms
2025-08-19 13:04:02,775 | INFO | Requested samples 4096 >= candidates 4096; returning all indices.
2025-08-19 13:04:02,775 | INFO | Sampled points: (4096, 3), normals: (4096, 3)
2025-08-19 13:04:02,775 | INFO | Sampling time: 811.8 ms
2025-08-19 13:04:02,775 | INFO | Centering only: centroid=[5.371901906602641, -5.905256408575751, 3.9995706024815307] | scale fixed to 1.000000 (no scaling)
2025-08-19 13:04:02,775 | INFO | Axis x stats (centered): min=-49.623116, mean=0.000000, std=23.576089, max=40.179678
2025-08-19 13:04:02,775 | INFO | Axis y stats (centered): min=-126.782427, mean=-0.000000, std=72.071096, max=137.764310
2025-08-19 13:04:02,775 | INFO | Axis z stats (centered): min=-4.900490, mean=0.000000, std=5.758791, max=20.106010
2025-08-19 13:04:02,775 | INFO | Centering time: 0.5 ms
2025-08-19 13:04:02,776 | INFO | PCA alignment: explained variance ratio=0.9017, 0.0938, 0.0044
2025-08-19 13:04:02,776 | INFO | Rotation matrix (columns are principal axes):
[[-0.057214  0.996438  0.061951]
 [ 0.997822  0.059113 -0.029267]
 [-0.032825  0.060141 -0.99765 ]]
2025-08-19 13:04:02,776 | INFO | Rotation matrix det=1.000000
2025-08-19 13:04:02,776 | INFO | Orientation enforcement: mean_nz=0.005190 -> sz=1, width_low=59.751184, width_high=75.576433 -> sx=1, sy=1
2025-08-19 13:04:02,776 | INFO | Orientation signs diag(S)=[1.0, 1.0, 1.0]
2025-08-19 13:04:02,776 | INFO | PCA time: 1.5 ms
2025-08-19 13:04:02,776 | INFO | Requested samples 4096 >= candidates 4096; returning all indices.
2025-08-19 13:04:02,778 | INFO | Final points: (4096, 3), normals: (4096, 3)
2025-08-19 13:04:02,778 | INFO | Aligned normalized AABB min=[-127.41358765730988, -46.661600021666885, -16.972346218261453] max=[137.8271780538976, 43.426916616990376, 9.88802397930804]
2025-08-19 13:04:02,779 | INFO | Final radii percentiles: p5=18.988658, p50=66.344515, p95=122.567212; centroid_norm=0.000000
2025-08-19 13:04:02,779 | INFO | Axis x stats (final): min=-127.413588, mean=-0.000000, std=72.215064, max=137.827178
2025-08-19 13:04:02,779 | INFO | Axis y stats (final): min=-46.661600, mean=0.000000, std=23.292062, max=43.426917
2025-08-19 13:04:02,779 | INFO | Axis z stats (final): min=-16.972346, mean=-0.000000, std=5.069803, max=9.888024
2025-08-19 13:04:02,779 | INFO | Normal lengths: min=1.000000, mean=1.000000, max=1.000000
2025-08-19 13:04:02,780 | INFO | Final FPS time: 2.1 ms
2025-08-19 13:04:02,802 | INFO | Saved bundle (npz): D:\Cursor Repos\From p2p\data\pointcloud\insoles\128_insole_L.npz | points=(4096, 3) normals=(4096, 3)
2025-08-19 13:04:02,802 | INFO | Completed successfully.
