2025-08-19 13:04:03,854 | INFO | Input STL: D:\Cursor Repos\From p2p\data\raw\insoles\129_insole_L.stl
2025-08-19 13:04:03,854 | INFO | Output log: D:\Cursor Repos\From p2p\Log\preprocess\insoles\129_insole_L.log
2025-08-19 13:04:03,854 | INFO | Parameters: num_points=4096, candidate_multiplier=4, z_low_percent=None, z_high_percent=None, seed=None
2025-08-19 13:04:03,855 | INFO | File: size_bytes=2845684, mtime=2025-08-13 14:53:14
2025-08-19 13:04:03,855 | INFO | Env: python=3.11.13, numpy=2.1.2, trimesh=4.7.4, platform=Windows-10-10.0.26100-SP0
2025-08-19 13:04:03,946 | INFO | Mesh: vertices=28458, faces=56912
2025-08-19 13:04:03,984 | INFO | Mesh surface area: 49459.147749
2025-08-19 13:04:04,009 | INFO | Mesh volume: 128795.367689
2025-08-19 13:04:04,012 | INFO | Mesh AABB min=[-47.74420166015625, -137.31129455566406, -0.8949000239372253] max=[47.25590133666992, 135.68850708007812, 24.273700714111328]
2025-08-19 13:04:04,012 | INFO | Boundary edges: 0
2025-08-19 13:04:04,012 | INFO | Load mesh time: 156.8 ms
2025-08-19 13:04:04,012 | INFO | Surface sampling: candidates=16384 (target=4096, multiplier=4)
2025-08-19 13:04:04,027 | INFO | Running Farthest Point Sampling (FPS) to enforce even spacing
2025-08-19 13:04:04,102 | INFO | FPS progress: 409/4096
2025-08-19 13:04:04,176 | INFO | FPS progress: 818/4096
2025-08-19 13:04:04,257 | INFO | FPS progress: 1227/4096
2025-08-19 13:04:04,335 | INFO | FPS progress: 1636/4096
2025-08-19 13:04:04,418 | INFO | FPS progress: 2045/4096
2025-08-19 13:04:04,495 | INFO | FPS progress: 2454/4096
2025-08-19 13:04:04,570 | INFO | FPS progress: 2863/4096
2025-08-19 13:04:04,645 | INFO | FPS progress: 3272/4096
2025-08-19 13:04:04,724 | INFO | FPS progress: 3681/4096
2025-08-19 13:04:04,803 | INFO | FPS progress: 4090/4096
2025-08-19 13:04:04,804 | INFO | Round 1: accumulated=4096, kept=4096 (100.00%), time=792.5 ms
2025-08-19 13:04:04,804 | INFO | Requested samples 4096 >= candidates 4096; returning all indices.
2025-08-19 13:04:04,804 | INFO | Sampled points: (4096, 3), normals: (4096, 3)
2025-08-19 13:04:04,804 | INFO | Sampling time: 792.9 ms
2025-08-19 13:04:04,804 | INFO | Centering only: centroid=[5.011436675435243, -6.471071657705578, 4.040037925483426] | scale fixed to 1.000000 (no scaling)
2025-08-19 13:04:04,805 | INFO | Axis x stats (centered): min=-52.605683, mean=-0.000000, std=24.787807, max=42.142487
2025-08-19 13:04:04,805 | INFO | Axis y stats (centered): min=-130.832756, mean=-0.000000, std=74.500297, max=141.694727
2025-08-19 13:04:04,805 | INFO | Axis z stats (centered): min=-4.934157, mean=-0.000000, std=5.849207, max=20.036007
2025-08-19 13:04:04,805 | INFO | Centering time: 0.7 ms
2025-08-19 13:04:04,805 | INFO | PCA alignment: explained variance ratio=0.8991, 0.0966, 0.0042
2025-08-19 13:04:04,812 | INFO | Rotation matrix (columns are principal axes):
[[-0.05982   0.996051  0.065606]
 [ 0.997708  0.061743 -0.027678]
 [-0.03162   0.0638   -0.997462]]
2025-08-19 13:04:04,812 | INFO | Rotation matrix det=1.000000
2025-08-19 13:04:04,813 | INFO | Orientation enforcement: mean_nz=0.000009 -> sz=1, width_low=64.990823, width_high=80.345133 -> sx=1, sy=1
2025-08-19 13:04:04,813 | INFO | Orientation signs diag(S)=[1.0, 1.0, 1.0]
2025-08-19 13:04:04,813 | INFO | PCA time: 7.4 ms
2025-08-19 13:04:04,813 | INFO | Requested samples 4096 >= candidates 4096; returning all indices.
2025-08-19 13:04:04,813 | INFO | Final points: (4096, 3), normals: (4096, 3)
2025-08-19 13:04:04,813 | INFO | Aligned normalized AABB min=[-131.41510752062976, -49.39793910827782, -16.7061882508775] max=[141.90723682295177, 45.48713891226001, 10.046610862648537]
2025-08-19 13:04:04,813 | INFO | Final radii percentiles: p5=19.905661, p50=68.959647, p95=126.776509; centroid_norm=0.000000
2025-08-19 13:04:04,814 | INFO | Axis x stats (final): min=-131.415108, mean=-0.000000, std=74.655925, max=141.907237
2025-08-19 13:04:04,814 | INFO | Axis y stats (final): min=-49.397939, mean=-0.000000, std=24.476516, max=45.487139
2025-08-19 13:04:04,814 | INFO | Axis z stats (final): min=-16.706188, mean=0.000000, std=5.131844, max=10.046611
2025-08-19 13:04:04,814 | INFO | Normal lengths: min=1.000000, mean=1.000000, max=1.000000
2025-08-19 13:04:04,814 | INFO | Final FPS time: 1.3 ms
2025-08-19 13:04:04,837 | INFO | Saved bundle (npz): D:\Cursor Repos\From p2p\data\pointcloud\insoles\129_insole_L.npz | points=(4096, 3) normals=(4096, 3)
2025-08-19 13:04:04,838 | INFO | Completed successfully.
