2025-08-19 13:04:04,839 | INFO | Input STL: D:\Cursor Repos\From p2p\data\raw\insoles\129_insole_R.stl
2025-08-19 13:04:04,839 | INFO | Output log: D:\Cursor Repos\From p2p\Log\preprocess\insoles\129_insole_R.log
2025-08-19 13:04:04,839 | INFO | Parameters: num_points=4096, candidate_multiplier=4, z_low_percent=None, z_high_percent=None, seed=None
2025-08-19 13:04:04,839 | INFO | File: size_bytes=2860784, mtime=2025-08-13 14:53:16
2025-08-19 13:04:04,839 | INFO | Env: python=3.11.13, numpy=2.1.2, trimesh=4.7.4, platform=Windows-10-10.0.26100-SP0
2025-08-19 13:04:04,921 | INFO | Mesh: vertices=28609, faces=57214
2025-08-19 13:04:04,962 | INFO | Mesh surface area: 49459.151352
2025-08-19 13:04:04,996 | INFO | Mesh volume: 128795.352121
2025-08-19 13:04:05,000 | INFO | Mesh AABB min=[-47.25590133666992, -137.31129455566406, -0.8949000239372253] max=[47.74420166015625, 135.68850708007812, 24.273700714111328]
2025-08-19 13:04:05,000 | INFO | Boundary edges: 0
2025-08-19 13:04:05,000 | INFO | Load mesh time: 161.1 ms
2025-08-19 13:04:05,000 | INFO | Surface sampling: candidates=16384 (target=4096, multiplier=4)
2025-08-19 13:04:05,017 | INFO | Running Farthest Point Sampling (FPS) to enforce even spacing
2025-08-19 13:04:05,101 | INFO | FPS progress: 409/4096
2025-08-19 13:04:05,189 | INFO | FPS progress: 818/4096
2025-08-19 13:04:05,273 | INFO | FPS progress: 1227/4096
2025-08-19 13:04:05,359 | INFO | FPS progress: 1636/4096
2025-08-19 13:04:05,443 | INFO | FPS progress: 2045/4096
2025-08-19 13:04:05,537 | INFO | FPS progress: 2454/4096
2025-08-19 13:04:05,631 | INFO | FPS progress: 2863/4096
2025-08-19 13:04:05,712 | INFO | FPS progress: 3272/4096
2025-08-19 13:04:05,794 | INFO | FPS progress: 3681/4096
2025-08-19 13:04:05,873 | INFO | FPS progress: 4090/4096
2025-08-19 13:04:05,875 | INFO | Round 1: accumulated=4096, kept=4096 (100.00%), time=875.1 ms
2025-08-19 13:04:05,875 | INFO | Requested samples 4096 >= candidates 4096; returning all indices.
2025-08-19 13:04:05,875 | INFO | Sampled points: (4096, 3), normals: (4096, 3)
2025-08-19 13:04:05,875 | INFO | Sampling time: 875.7 ms
2025-08-19 13:04:05,876 | INFO | Centering only: centroid=[-4.727025058173706, -7.232966344615872, 4.044851092725456] | scale fixed to 1.000000 (no scaling)
2025-08-19 13:04:05,876 | INFO | Axis x stats (centered): min=-42.492837, mean=0.000000, std=24.934629, max=52.335234
2025-08-19 13:04:05,876 | INFO | Axis y stats (centered): min=-129.970733, mean=0.000000, std=74.261497, max=142.692906
2025-08-19 13:04:05,876 | INFO | Axis z stats (centered): min=-4.938551, mean=0.000000, std=5.852809, max=19.951971
2025-08-19 13:04:05,876 | INFO | Centering time: 0.8 ms
2025-08-19 13:04:05,876 | INFO | PCA alignment: explained variance ratio=0.8971, 0.0986, 0.0043
2025-08-19 13:04:05,877 | INFO | Rotation matrix (columns are principal axes):
[[-0.055571 -0.996588 -0.061031]
 [-0.997933  0.057415 -0.028884]
 [ 0.032289  0.0593   -0.997718]]
2025-08-19 13:04:05,877 | INFO | Rotation matrix det=1.000000
2025-08-19 13:04:05,877 | INFO | Orientation enforcement: mean_nz=0.010505 -> sz=1, width_low=79.592101, width_high=65.367777 -> sx=-1, sy=-1
2025-08-19 13:04:05,877 | INFO | Orientation signs diag(S)=[-1.0, -1.0, 1.0]
2025-08-19 13:04:05,877 | INFO | PCA time: 1.4 ms
2025-08-19 13:04:05,877 | INFO | Requested samples 4096 >= candidates 4096; returning all indices.
2025-08-19 13:04:05,877 | INFO | Final points: (4096, 3), normals: (4096, 3)
2025-08-19 13:04:05,879 | INFO | Aligned normalized AABB min=[-130.62476374506718, -45.80118424245587, -16.660380812881876] max=[142.72132823071226, 49.31292292268139, 10.031662143363643]
2025-08-19 13:04:05,879 | INFO | Final radii percentiles: p5=20.194448, p50=68.701108, p95=126.830642; centroid_norm=0.000000
2025-08-19 13:04:05,879 | INFO | Axis x stats (final): min=-130.624764, mean=0.000000, std=74.401662, max=142.721328
2025-08-19 13:04:05,879 | INFO | Axis y stats (final): min=-45.801184, mean=0.000000, std=24.671635, max=49.312923
2025-08-19 13:04:05,879 | INFO | Axis z stats (final): min=-16.660381, mean=-0.000000, std=5.144334, max=10.031662
2025-08-19 13:04:05,879 | INFO | Normal lengths: min=1.000000, mean=1.000000, max=1.000000
2025-08-19 13:04:05,879 | INFO | Final FPS time: 1.3 ms
2025-08-19 13:04:05,903 | INFO | Saved bundle (npz): D:\Cursor Repos\From p2p\data\pointcloud\insoles\129_insole_R.npz | points=(4096, 3) normals=(4096, 3)
2025-08-19 13:04:05,903 | INFO | Completed successfully.
