2025-08-22 11:41:16,118 | INFO | Input STL: D:\Cursor Repos\From p2p\data\raw\insoles\133_insole_L.stl
2025-08-22 11:41:16,118 | INFO | Output log: D:\Cursor Repos\From p2p\Log\preprocess\insoles\133_insole_L.log
2025-08-22 11:41:16,119 | INFO | Parameters: num_points=4096, candidate_multiplier=4, z_low_percent=None, z_high_percent=None, seed=None
2025-08-22 11:41:16,119 | INFO | File: size_bytes=2674084, mtime=2025-08-14 09:37:46
2025-08-22 11:41:16,119 | INFO | Env: python=3.11.13, numpy=2.3.2, trimesh=4.7.4, platform=Windows-10-10.0.26100-SP0
2025-08-22 11:41:16,206 | INFO | Mesh: vertices=26741, faces=53480
2025-08-22 11:41:16,238 | WARNING | Mesh is not watertight; surface sampling may include boundary artifacts
2025-08-22 11:41:16,245 | INFO | Mesh surface area: 30495.011716
2025-08-22 11:41:16,271 | INFO | Mesh volume: 77327.344132
2025-08-22 11:41:16,275 | INFO | Mesh AABB min=[-35.88990020751953, -103.78389739990234, -0.9157999753952026] max=[36.11040115356445, 103.21610260009766, 27.113800048828125]
2025-08-22 11:41:16,275 | INFO | Boundary edges: 0
2025-08-22 11:41:16,275 | INFO | Load mesh time: 155.2 ms
2025-08-22 11:41:16,275 | INFO | Surface sampling: candidates=16384 (target=4096, multiplier=4)
2025-08-22 11:41:16,292 | INFO | Running Farthest Point Sampling (FPS) to enforce even spacing
2025-08-22 11:41:16,371 | INFO | FPS progress: 409/4096
2025-08-22 11:41:16,465 | INFO | FPS progress: 818/4096
2025-08-22 11:41:16,565 | INFO | FPS progress: 1227/4096
2025-08-22 11:41:16,667 | INFO | FPS progress: 1636/4096
2025-08-22 11:41:16,764 | INFO | FPS progress: 2045/4096
2025-08-22 11:41:16,866 | INFO | FPS progress: 2454/4096
2025-08-22 11:41:16,962 | INFO | FPS progress: 2863/4096
2025-08-22 11:41:17,063 | INFO | FPS progress: 3272/4096
2025-08-22 11:41:17,139 | INFO | FPS progress: 3681/4096
2025-08-22 11:41:17,227 | INFO | FPS progress: 4090/4096
2025-08-22 11:41:17,228 | INFO | Round 1: accumulated=4096, kept=4096 (100.00%), time=953.5 ms
2025-08-22 11:41:17,228 | INFO | Requested samples 4096 >= candidates 4096; returning all indices.
2025-08-22 11:41:17,229 | INFO | Sampled points: (4096, 3), normals: (4096, 3)
2025-08-22 11:41:17,229 | INFO | Sampling time: 954.0 ms
2025-08-22 11:41:17,229 | INFO | Centering only: centroid=[4.634057643067351, -8.68475939474506, 4.82999296000323] | scale fixed to 1.000000 (no scaling)
2025-08-22 11:41:17,229 | INFO | Axis x stats (centered): min=-40.380609, mean=-0.000000, std=18.975400, max=31.353530
2025-08-22 11:41:17,229 | INFO | Axis y stats (centered): min=-94.986327, mean=-0.000000, std=57.136354, max=111.858452
2025-08-22 11:41:17,229 | INFO | Axis z stats (centered): min=-5.731954, mean=0.000000, std=6.697429, max=22.247042
2025-08-22 11:41:17,229 | INFO | Centering time: 0.4 ms
2025-08-22 11:41:17,229 | INFO | PCA alignment: explained variance ratio=0.8958, 0.0957, 0.0085
2025-08-22 11:41:17,230 | INFO | Rotation matrix (columns are principal axes):
[[-0.060761  0.994898  0.080535]
 [ 0.99634   0.065313 -0.055152]
 [-0.060131  0.076889 -0.995225]]
2025-08-22 11:41:17,230 | INFO | Rotation matrix det=1.000000
2025-08-22 11:41:17,230 | INFO | Orientation enforcement (flat-to-neg-z): sz=-1, width_low=47.494408, width_high=60.878176 -> sx=1, sy=-1
2025-08-22 11:41:17,231 | INFO | Orientation signs diag(S)=[1.0, -1.0, -1.0]
2025-08-22 11:41:17,231 | INFO | PCA time: 1.6 ms
2025-08-22 11:41:17,231 | INFO | Bottom alignment: bottom_q=0.20, band_q=0.05, min_z_shift=-16.589780, xy_center=[-72.44118841801189, -5.764704547302268]
2025-08-22 11:41:17,231 | INFO | Bottom leveling time: 0.6 ms | bottom_xy_center=[-72.44118841801189, -5.764704547302268]
2025-08-22 11:41:17,231 | INFO | Requested samples 4096 >= candidates 4096; returning all indices.
2025-08-22 11:41:17,231 | INFO | Final points: (4096, 3), normals: (4096, 3)
2025-08-22 11:41:17,232 | INFO | Aligned normalized AABB min=[-24.18531367538499, -28.684228141813904, 0.0] max=[184.00720406556235, 43.02756506815746, 29.302687596643892]
2025-08-22 11:41:17,232 | INFO | Final radii percentiles: p5=17.152980, p50=76.201393, p95=167.069108; centroid_norm=74.539777
2025-08-22 11:41:17,233 | INFO | Axis x stats (final): min=-24.185314, mean=72.441188, std=57.271883, max=184.007204
2025-08-22 11:41:17,233 | INFO | Axis y stats (final): min=-28.684228, mean=5.764705, std=18.722748, max=43.027565
2025-08-22 11:41:17,233 | INFO | Axis z stats (final): min=0.000000, mean=16.589780, std=6.234932, max=29.302688
2025-08-22 11:41:17,233 | INFO | Normal lengths: min=1.000000, mean=1.000000, max=1.000000
2025-08-22 11:41:17,233 | INFO | Final FPS time: 2.1 ms
2025-08-22 11:41:17,243 | INFO | Saved bundle (npz): D:\Cursor Repos\From p2p\data\pointcloud\insoles\133_insole_L.npz | points=(4096, 3) normals=(4096, 3)
2025-08-22 11:41:17,243 | INFO | Completed successfully.
