2025-08-19 13:04:14,525 | INFO | Input STL: D:\Cursor Repos\From p2p\data\raw\insoles\134_insole_L.stl
2025-08-19 13:04:14,525 | INFO | Output log: D:\Cursor Repos\From p2p\Log\preprocess\insoles\134_insole_L.log
2025-08-19 13:04:14,525 | INFO | Parameters: num_points=4096, candidate_multiplier=4, z_low_percent=None, z_high_percent=None, seed=None
2025-08-19 13:04:14,525 | INFO | File: size_bytes=2777484, mtime=2025-08-13 13:20:35
2025-08-19 13:04:14,525 | INFO | Env: python=3.11.13, numpy=2.1.2, trimesh=4.7.4, platform=Windows-10-10.0.26100-SP0
2025-08-19 13:04:14,618 | INFO | Mesh: vertices=27776, faces=55548
2025-08-19 13:04:14,669 | INFO | Mesh surface area: 50998.791143
2025-08-19 13:04:14,703 | INFO | Mesh volume: 130715.332955
2025-08-19 13:04:14,706 | INFO | Mesh AABB min=[-49.1776008605957, -139.58509826660156, -0.8942999839782715] max=[47.8224983215332, 140.4149932861328, 24.045299530029297]
2025-08-19 13:04:14,706 | INFO | Boundary edges: 0
2025-08-19 13:04:14,706 | INFO | Load mesh time: 181.1 ms
2025-08-19 13:04:14,706 | INFO | Surface sampling: candidates=16384 (target=4096, multiplier=4)
2025-08-19 13:04:14,730 | INFO | Running Farthest Point Sampling (FPS) to enforce even spacing
2025-08-19 13:04:14,825 | INFO | FPS progress: 409/4096
2025-08-19 13:04:14,914 | INFO | FPS progress: 818/4096
2025-08-19 13:04:15,005 | INFO | FPS progress: 1227/4096
2025-08-19 13:04:15,096 | INFO | FPS progress: 1636/4096
2025-08-19 13:04:15,184 | INFO | FPS progress: 2045/4096
2025-08-19 13:04:15,274 | INFO | FPS progress: 2454/4096
2025-08-19 13:04:15,366 | INFO | FPS progress: 2863/4096
2025-08-19 13:04:15,455 | INFO | FPS progress: 3272/4096
2025-08-19 13:04:15,544 | INFO | FPS progress: 3681/4096
2025-08-19 13:04:15,636 | INFO | FPS progress: 4090/4096
2025-08-19 13:04:15,638 | INFO | Round 1: accumulated=4096, kept=4096 (100.00%), time=932.0 ms
2025-08-19 13:04:15,638 | INFO | Requested samples 4096 >= candidates 4096; returning all indices.
2025-08-19 13:04:15,639 | INFO | Sampled points: (4096, 3), normals: (4096, 3)
2025-08-19 13:04:15,639 | INFO | Sampling time: 932.8 ms
2025-08-19 13:04:15,639 | INFO | Centering only: centroid=[4.561056582352171, -5.021344024840314, 3.858819440638867] | scale fixed to 1.000000 (no scaling)
2025-08-19 13:04:15,639 | INFO | Axis x stats (centered): min=-53.651591, mean=-0.000000, std=25.162737, max=43.187713
2025-08-19 13:04:15,639 | INFO | Axis y stats (centered): min=-134.442586, mean=0.000000, std=76.134156, max=145.230734
2025-08-19 13:04:15,639 | INFO | Axis z stats (centered): min=-4.752575, mean=-0.000000, std=5.719552, max=20.165470
2025-08-19 13:04:15,639 | INFO | Centering time: 0.7 ms
2025-08-19 13:04:15,640 | INFO | PCA alignment: explained variance ratio=0.9007, 0.0954, 0.0039
2025-08-19 13:04:15,640 | INFO | Rotation matrix (columns are principal axes):
[[-0.059803  0.996645  0.055873]
 [ 0.997702  0.061465 -0.028508]
 [-0.031846  0.054039 -0.998031]]
2025-08-19 13:04:15,640 | INFO | Rotation matrix det=1.000000
2025-08-19 13:04:15,642 | INFO | Orientation enforcement: mean_nz=0.006771 -> sz=1, width_low=65.181257, width_high=81.741769 -> sx=1, sy=1
2025-08-19 13:04:15,642 | INFO | Orientation signs diag(S)=[1.0, 1.0, 1.0]
2025-08-19 13:04:15,642 | INFO | PCA time: 1.8 ms
2025-08-19 13:04:15,642 | INFO | Requested samples 4096 >= candidates 4096; returning all indices.
2025-08-19 13:04:15,642 | INFO | Final points: (4096, 3), normals: (4096, 3)
2025-08-19 13:04:15,643 | INFO | Aligned normalized AABB min=[-135.2301039484438, -50.23505537658222, -16.885849318763114] max=[145.15568706505152, 46.66056055562702, 9.755038166553769]
2025-08-19 13:04:15,643 | INFO | Final radii percentiles: p5=20.219744, p50=69.735733, p95=130.398754; centroid_norm=0.000000
2025-08-19 13:04:15,643 | INFO | Axis x stats (final): min=-135.230104, mean=0.000000, std=76.294048, max=145.155687
2025-08-19 13:04:15,643 | INFO | Axis y stats (final): min=-50.235055, mean=-0.000000, std=24.827323, max=46.660561
2025-08-19 13:04:15,643 | INFO | Axis z stats (final): min=-16.885849, mean=0.000000, std=5.010852, max=9.755038
2025-08-19 13:04:15,643 | INFO | Normal lengths: min=1.000000, mean=1.000000, max=1.000000
2025-08-19 13:04:15,643 | INFO | Final FPS time: 1.9 ms
2025-08-19 13:04:15,671 | INFO | Saved bundle (npz): D:\Cursor Repos\From p2p\data\pointcloud\insoles\134_insole_L.npz | points=(4096, 3) normals=(4096, 3)
2025-08-19 13:04:15,671 | INFO | Completed successfully.
