2025-08-22 11:41:21,484 | INFO | Input STL: D:\Cursor Repos\From p2p\data\raw\insoles\135_insole_R.stl
2025-08-22 11:41:21,484 | INFO | Output log: D:\Cursor Repos\From p2p\Log\preprocess\insoles\135_insole_R.log
2025-08-22 11:41:21,484 | INFO | Parameters: num_points=4096, candidate_multiplier=4, z_low_percent=None, z_high_percent=None, seed=None
2025-08-22 11:41:21,485 | INFO | File: size_bytes=2411184, mtime=2025-08-14 10:58:43
2025-08-22 11:41:21,485 | INFO | Env: python=3.11.13, numpy=2.3.2, trimesh=4.7.4, platform=Windows-10-10.0.26100-SP0
2025-08-22 11:41:21,557 | INFO | Mesh: vertices=24113, faces=48222
2025-08-22 11:41:21,593 | INFO | Mesh surface area: 33429.148612
2025-08-22 11:41:21,612 | INFO | Mesh volume: 79650.831494
2025-08-22 11:41:21,615 | INFO | Mesh AABB min=[-38.699501037597656, -112.10359954833984, -0.8948000073432922] max=[39.30070114135742, 110.89620208740234, 19.80739974975586]
2025-08-22 11:41:21,615 | INFO | Boundary edges: 0
2025-08-22 11:41:21,615 | INFO | Load mesh time: 130.9 ms
2025-08-22 11:41:21,615 | INFO | Surface sampling: candidates=16384 (target=4096, multiplier=4)
2025-08-22 11:41:21,631 | INFO | Running Farthest Point Sampling (FPS) to enforce even spacing
2025-08-22 11:41:21,716 | INFO | FPS progress: 409/4096
2025-08-22 11:41:21,800 | INFO | FPS progress: 818/4096
2025-08-22 11:41:21,887 | INFO | FPS progress: 1227/4096
2025-08-22 11:41:21,970 | INFO | FPS progress: 1636/4096
2025-08-22 11:41:22,054 | INFO | FPS progress: 2045/4096
2025-08-22 11:41:22,139 | INFO | FPS progress: 2454/4096
2025-08-22 11:41:22,226 | INFO | FPS progress: 2863/4096
2025-08-22 11:41:22,319 | INFO | FPS progress: 3272/4096
2025-08-22 11:41:22,401 | INFO | FPS progress: 3681/4096
2025-08-22 11:41:22,481 | INFO | FPS progress: 4090/4096
2025-08-22 11:41:22,482 | INFO | Round 1: accumulated=4096, kept=4096 (100.00%), time=866.2 ms
2025-08-22 11:41:22,482 | INFO | Requested samples 4096 >= candidates 4096; returning all indices.
2025-08-22 11:41:22,483 | INFO | Sampled points: (4096, 3), normals: (4096, 3)
2025-08-22 11:41:22,483 | INFO | Sampling time: 866.9 ms
2025-08-22 11:41:22,483 | INFO | Centering only: centroid=[-3.802403920557572, -6.117575641213385, 3.6709746841299693] | scale fixed to 1.000000 (no scaling)
2025-08-22 11:41:22,483 | INFO | Axis x stats (centered): min=-34.890143, mean=0.000000, std=20.423617, max=43.027054
2025-08-22 11:41:22,483 | INFO | Axis y stats (centered): min=-105.823597, mean=-0.000000, std=61.034923, max=116.635036
2025-08-22 11:41:22,483 | INFO | Axis z stats (centered): min=-4.565636, mean=-0.000000, std=5.086380, max=16.072688
2025-08-22 11:41:22,483 | INFO | Centering time: 0.6 ms
2025-08-22 11:41:22,484 | INFO | PCA alignment: explained variance ratio=0.8972, 0.0979, 0.0048
2025-08-22 11:41:22,484 | INFO | Rotation matrix (columns are principal axes):
[[-0.054369 -0.997338 -0.048598]
 [-0.997857  0.056043 -0.033762]
 [ 0.036396  0.046658 -0.998248]]
2025-08-22 11:41:22,484 | INFO | Rotation matrix det=1.000000
2025-08-22 11:41:22,485 | INFO | Orientation enforcement (flat-to-neg-z): sz=-1, width_low=65.016803, width_high=51.271274 -> sx=-1, sy=1
2025-08-22 11:41:22,485 | INFO | Orientation signs diag(S)=[-1.0, 1.0, -1.0]
2025-08-22 11:41:22,485 | INFO | PCA time: 1.9 ms
2025-08-22 11:41:22,486 | INFO | Bottom alignment: bottom_q=0.20, band_q=0.05, min_z_shift=-12.243486, xy_center=[-81.67708145699099, 7.258208641668699]
2025-08-22 11:41:22,486 | INFO | Bottom leveling time: 0.6 ms | bottom_xy_center=[-81.67708145699099, 7.258208641668699]
2025-08-22 11:41:22,486 | INFO | Requested samples 4096 >= candidates 4096; returning all indices.
2025-08-22 11:41:22,487 | INFO | Final points: (4096, 3), normals: (4096, 3)
2025-08-22 11:41:22,487 | INFO | Aligned normalized AABB min=[-24.916789853150235, -47.573329385748316, 0.0] max=[198.1815470305079, 30.11776563725346, 24.53707316224949]
2025-08-22 11:41:22,487 | INFO | Final radii percentiles: p5=17.205063, p50=87.112695, p95=179.992406; centroid_norm=82.907962
2025-08-22 11:41:22,487 | INFO | Axis x stats (final): min=-24.916790, mean=81.677081, std=61.127487, max=198.181547
2025-08-22 11:41:22,488 | INFO | Axis y stats (final): min=-47.573329, mean=-7.258209, std=20.192944, max=30.117766
2025-08-22 11:41:22,488 | INFO | Axis z stats (final): min=0.000000, mean=12.243486, std=4.892086, max=24.537073
2025-08-22 11:41:22,488 | INFO | Normal lengths: min=1.000000, mean=1.000000, max=1.000000
2025-08-22 11:41:22,488 | INFO | Final FPS time: 1.7 ms
2025-08-22 11:41:22,496 | INFO | Saved bundle (npz): D:\Cursor Repos\From p2p\data\pointcloud\insoles\135_insole_R.npz | points=(4096, 3) normals=(4096, 3)
2025-08-22 11:41:22,496 | INFO | Completed successfully.
