2025-08-22 11:41:20,462 | INFO | Input STL: D:\Cursor Repos\From p2p\data\raw\insoles\135_insole_L.stl
2025-08-22 11:41:20,462 | INFO | Output log: D:\Cursor Repos\From p2p\Log\preprocess\insoles\135_insole_L.log
2025-08-22 11:41:20,462 | INFO | Parameters: num_points=4096, candidate_multiplier=4, z_low_percent=None, z_high_percent=None, seed=None
2025-08-22 11:41:20,462 | INFO | File: size_bytes=2435984, mtime=2025-08-14 10:58:43
2025-08-22 11:41:20,462 | INFO | Env: python=3.11.13, numpy=2.3.2, trimesh=4.7.4, platform=Windows-10-10.0.26100-SP0
2025-08-22 11:41:20,531 | INFO | Mesh: vertices=24361, faces=48718
2025-08-22 11:41:20,563 | INFO | Mesh surface area: 33429.158454
2025-08-22 11:41:20,584 | INFO | Mesh volume: 79650.843146
2025-08-22 11:41:20,587 | INFO | Mesh AABB min=[-39.30070114135742, -112.10359954833984, -0.8948000073432922] max=[38.699501037597656, 110.89620208740234, 19.80739974975586]
2025-08-22 11:41:20,587 | INFO | Boundary edges: 0
2025-08-22 11:41:20,587 | INFO | Load mesh time: 125.1 ms
2025-08-22 11:41:20,587 | INFO | Surface sampling: candidates=16384 (target=4096, multiplier=4)
2025-08-22 11:41:20,602 | INFO | Running Farthest Point Sampling (FPS) to enforce even spacing
2025-08-22 11:41:20,693 | INFO | FPS progress: 409/4096
2025-08-22 11:41:20,776 | INFO | FPS progress: 818/4096
2025-08-22 11:41:20,866 | INFO | FPS progress: 1227/4096
2025-08-22 11:41:20,949 | INFO | FPS progress: 1636/4096
2025-08-22 11:41:21,031 | INFO | FPS progress: 2045/4096
2025-08-22 11:41:21,110 | INFO | FPS progress: 2454/4096
2025-08-22 11:41:21,200 | INFO | FPS progress: 2863/4096
2025-08-22 11:41:21,291 | INFO | FPS progress: 3272/4096
2025-08-22 11:41:21,379 | INFO | FPS progress: 3681/4096
2025-08-22 11:41:21,468 | INFO | FPS progress: 4090/4096
2025-08-22 11:41:21,470 | INFO | Round 1: accumulated=4096, kept=4096 (100.00%), time=882.1 ms
2025-08-22 11:41:21,470 | INFO | Requested samples 4096 >= candidates 4096; returning all indices.
2025-08-22 11:41:21,470 | INFO | Sampled points: (4096, 3), normals: (4096, 3)
2025-08-22 11:41:21,470 | INFO | Sampling time: 882.6 ms
2025-08-22 11:41:21,471 | INFO | Centering only: centroid=[3.788682827571849, -6.113106051476344, 3.6362998191670934] | scale fixed to 1.000000 (no scaling)
2025-08-22 11:41:21,471 | INFO | Axis x stats (centered): min=-43.026872, mean=0.000000, std=20.266991, max=34.818517
2025-08-22 11:41:21,471 | INFO | Axis y stats (centered): min=-105.791315, mean=-0.000000, std=60.894467, max=116.890570
2025-08-22 11:41:21,471 | INFO | Axis z stats (centered): min=-4.530934, mean=0.000000, std=5.048149, max=15.944989
2025-08-22 11:41:21,471 | INFO | Centering time: 0.5 ms
2025-08-22 11:41:21,471 | INFO | PCA alignment: explained variance ratio=0.8983, 0.0969, 0.0048
2025-08-22 11:41:21,471 | INFO | Rotation matrix (columns are principal axes):
[[-0.05539   0.997383  0.046475]
 [ 0.997824  0.056962 -0.033214]
 [-0.035774  0.044534 -0.998367]]
2025-08-22 11:41:21,471 | INFO | Rotation matrix det=1.000000
2025-08-22 11:41:21,472 | INFO | Orientation enforcement (flat-to-neg-z): sz=-1, width_low=51.046792, width_high=65.140496 -> sx=1, sy=-1
2025-08-22 11:41:21,472 | INFO | Orientation signs diag(S)=[1.0, -1.0, -1.0]
2025-08-22 11:41:21,472 | INFO | PCA time: 1.5 ms
2025-08-22 11:41:21,473 | INFO | Bottom alignment: bottom_q=0.20, band_q=0.05, min_z_shift=-12.097705, xy_center=[-81.47911399304917, -7.9951238837313765]
2025-08-22 11:41:21,473 | INFO | Bottom leveling time: 0.6 ms | bottom_xy_center=[-81.47911399304917, -7.9951238837313765]
2025-08-22 11:41:21,473 | INFO | Requested samples 4096 >= candidates 4096; returning all indices.
2025-08-22 11:41:21,473 | INFO | Final points: (4096, 3), normals: (4096, 3)
2025-08-22 11:41:21,474 | INFO | Aligned normalized AABB min=[-25.265887862696005, -29.31213225410558, 0.0] max=[198.27536513880148, 48.29061865118291, 24.476231037815502]
2025-08-22 11:41:21,474 | INFO | Final radii percentiles: p5=17.074562, p50=86.952978, p95=179.899372; centroid_norm=82.759425
2025-08-22 11:41:21,474 | INFO | Axis x stats (final): min=-25.265888, mean=81.479114, std=60.988644, max=198.275365
2025-08-22 11:41:21,474 | INFO | Axis y stats (final): min=-29.312132, mean=7.995124, std=20.023850, max=48.290619
2025-08-22 11:41:21,474 | INFO | Axis z stats (final): min=0.000000, mean=12.097705, std=4.878680, max=24.476231
2025-08-22 11:41:21,474 | INFO | Normal lengths: min=1.000000, mean=1.000000, max=1.000000
2025-08-22 11:41:21,475 | INFO | Final FPS time: 1.4 ms
2025-08-22 11:41:21,483 | INFO | Saved bundle (npz): D:\Cursor Repos\From p2p\data\pointcloud\insoles\135_insole_L.npz | points=(4096, 3) normals=(4096, 3)
2025-08-22 11:41:21,483 | INFO | Completed successfully.
