2025-08-22 11:41:28,100 | INFO | Input STL: D:\Cursor Repos\From p2p\data\raw\insoles\138_insole_L.stl
2025-08-22 11:41:28,101 | INFO | Output log: D:\Cursor Repos\From p2p\Log\preprocess\insoles\138_insole_L.log
2025-08-22 11:41:28,101 | INFO | Parameters: num_points=4096, candidate_multiplier=4, z_low_percent=None, z_high_percent=None, seed=None
2025-08-22 11:41:28,101 | INFO | File: size_bytes=16623884, mtime=2025-08-14 09:53:19
2025-08-22 11:41:28,101 | INFO | Env: python=3.11.13, numpy=2.3.2, trimesh=4.7.4, platform=Windows-10-10.0.26100-SP0
2025-08-22 11:41:28,694 | INFO | Mesh: vertices=166240, faces=332476
2025-08-22 11:41:28,928 | INFO | Mesh surface area: 44384.990494
2025-08-22 11:41:29,107 | INFO | Mesh volume: 113359.519983
2025-08-22 11:41:29,126 | INFO | Mesh AABB min=[-45.91550064086914, -128.09730529785156, -0.8934999704360962] max=[45.08449935913086, 128.90269470214844, 22.618999481201172]
2025-08-22 11:41:29,127 | INFO | Boundary edges: 0
2025-08-22 11:41:29,127 | INFO | Load mesh time: 1026.0 ms
2025-08-22 11:41:29,127 | INFO | Surface sampling: candidates=16384 (target=4096, multiplier=4)
2025-08-22 11:41:29,201 | INFO | Running Farthest Point Sampling (FPS) to enforce even spacing
2025-08-22 11:41:29,281 | INFO | FPS progress: 409/4096
2025-08-22 11:41:29,363 | INFO | FPS progress: 818/4096
2025-08-22 11:41:29,443 | INFO | FPS progress: 1227/4096
2025-08-22 11:41:29,523 | INFO | FPS progress: 1636/4096
2025-08-22 11:41:29,604 | INFO | FPS progress: 2045/4096
2025-08-22 11:41:29,686 | INFO | FPS progress: 2454/4096
2025-08-22 11:41:29,765 | INFO | FPS progress: 2863/4096
2025-08-22 11:41:29,851 | INFO | FPS progress: 3272/4096
2025-08-22 11:41:29,937 | INFO | FPS progress: 3681/4096
2025-08-22 11:41:30,018 | INFO | FPS progress: 4090/4096
2025-08-22 11:41:30,019 | INFO | Round 1: accumulated=4096, kept=4096 (100.00%), time=892.3 ms
2025-08-22 11:41:30,019 | INFO | Requested samples 4096 >= candidates 4096; returning all indices.
2025-08-22 11:41:30,020 | INFO | Sampled points: (4096, 3), normals: (4096, 3)
2025-08-22 11:41:30,020 | INFO | Sampling time: 892.8 ms
2025-08-22 11:41:30,020 | INFO | Centering only: centroid=[4.380203654909113, -4.502227909084051, 3.826152972014355] | scale fixed to 1.000000 (no scaling)
2025-08-22 11:41:30,020 | INFO | Axis x stats (centered): min=-50.144473, mean=-0.000000, std=23.783653, max=40.624014
2025-08-22 11:41:30,020 | INFO | Axis y stats (centered): min=-123.576916, mean=0.000000, std=69.705683, max=132.859271
2025-08-22 11:41:30,020 | INFO | Axis z stats (centered): min=-4.719653, mean=-0.000000, std=5.449932, max=18.721142
2025-08-22 11:41:30,020 | INFO | Centering time: 0.5 ms
2025-08-22 11:41:30,020 | INFO | PCA alignment: explained variance ratio=0.8941, 0.1015, 0.0044
2025-08-22 11:41:30,021 | INFO | Rotation matrix (columns are principal axes):
[[-0.055932  0.997034  0.052863]
 [ 0.997978  0.057429 -0.027252]
 [-0.030207  0.051232 -0.99823 ]]
2025-08-22 11:41:30,021 | INFO | Rotation matrix det=1.000000
2025-08-22 11:41:30,022 | INFO | Orientation enforcement (flat-to-neg-z): sz=-1, width_low=61.869045, width_high=74.988768 -> sx=1, sy=-1
2025-08-22 11:41:30,022 | INFO | Orientation signs diag(S)=[1.0, -1.0, -1.0]
2025-08-22 11:41:30,022 | INFO | PCA time: 2.6 ms
2025-08-22 11:41:30,024 | INFO | Bottom alignment: bottom_q=0.20, band_q=0.05, min_z_shift=-12.776345, xy_center=[-93.38071136742045, -10.108517845116223]
2025-08-22 11:41:30,024 | INFO | Bottom leveling time: 1.3 ms | bottom_xy_center=[-93.38071136742045, -10.108517845116223]
2025-08-22 11:41:30,024 | INFO | Requested samples 4096 >= candidates 4096; returning all indices.
2025-08-22 11:41:30,024 | INFO | Final points: (4096, 3), normals: (4096, 3)
2025-08-22 11:41:30,024 | INFO | Aligned normalized AABB min=[-30.986933446627646, -33.62260369704857, 0.0] max=[226.3089997640557, 57.23811849212983, 26.98117119157419]
2025-08-22 11:41:30,024 | INFO | Final radii percentiles: p5=19.880798, p50=99.791397, p95=205.881257; centroid_norm=94.791215
2025-08-22 11:41:30,025 | INFO | Axis x stats (final): min=-30.986933, mean=93.380711, std=69.812060, max=226.309000
2025-08-22 11:41:30,025 | INFO | Axis y stats (final): min=-33.622604, mean=10.108518, std=23.512609, max=57.238118
2025-08-22 11:41:30,025 | INFO | Axis z stats (final): min=0.000000, mean=12.776345, std=5.261144, max=26.981171
2025-08-22 11:41:30,025 | INFO | Normal lengths: min=1.000000, mean=1.000000, max=1.000000
2025-08-22 11:41:30,025 | INFO | Final FPS time: 1.2 ms
2025-08-22 11:41:30,035 | INFO | Saved bundle (npz): D:\Cursor Repos\From p2p\data\pointcloud\insoles\138_insole_L.npz | points=(4096, 3) normals=(4096, 3)
2025-08-22 11:41:30,035 | INFO | Completed successfully.
