2025-08-22 11:41:33,112 | INFO | Input STL: D:\Cursor Repos\From p2p\data\raw\insoles\139_insole_R.stl
2025-08-22 11:41:33,112 | INFO | Output log: D:\Cursor Repos\From p2p\Log\preprocess\insoles\139_insole_R.log
2025-08-22 11:41:33,112 | INFO | Parameters: num_points=4096, candidate_multiplier=4, z_low_percent=None, z_high_percent=None, seed=None
2025-08-22 11:41:33,112 | INFO | File: size_bytes=2379484, mtime=2025-08-13 14:53:35
2025-08-22 11:41:33,112 | INFO | Env: python=3.11.13, numpy=2.3.2, trimesh=4.7.4, platform=Windows-10-10.0.26100-SP0
2025-08-22 11:41:33,176 | INFO | Mesh: vertices=23796, faces=47588
2025-08-22 11:41:33,209 | INFO | Mesh surface area: 41518.964211
2025-08-22 11:41:33,230 | INFO | Mesh volume: 101033.230445
2025-08-22 11:41:33,232 | INFO | Mesh AABB min=[-43.66830062866211, -126.28759765625, -0.8992999792098999] max=[42.33190155029297, 124.71289825439453, 22.941699981689453]
2025-08-22 11:41:33,232 | INFO | Boundary edges: 0
2025-08-22 11:41:33,232 | INFO | Load mesh time: 120.4 ms
2025-08-22 11:41:33,232 | INFO | Surface sampling: candidates=16384 (target=4096, multiplier=4)
2025-08-22 11:41:33,247 | INFO | Running Farthest Point Sampling (FPS) to enforce even spacing
2025-08-22 11:41:33,331 | INFO | FPS progress: 409/4096
2025-08-22 11:41:33,410 | INFO | FPS progress: 818/4096
2025-08-22 11:41:33,491 | INFO | FPS progress: 1227/4096
2025-08-22 11:41:33,573 | INFO | FPS progress: 1636/4096
2025-08-22 11:41:33,669 | INFO | FPS progress: 2045/4096
2025-08-22 11:41:33,765 | INFO | FPS progress: 2454/4096
2025-08-22 11:41:33,860 | INFO | FPS progress: 2863/4096
2025-08-22 11:41:33,941 | INFO | FPS progress: 3272/4096
2025-08-22 11:41:34,024 | INFO | FPS progress: 3681/4096
2025-08-22 11:41:34,104 | INFO | FPS progress: 4090/4096
2025-08-22 11:41:34,105 | INFO | Round 1: accumulated=4096, kept=4096 (100.00%), time=872.7 ms
2025-08-22 11:41:34,106 | INFO | Requested samples 4096 >= candidates 4096; returning all indices.
2025-08-22 11:41:34,106 | INFO | Sampled points: (4096, 3), normals: (4096, 3)
2025-08-22 11:41:34,106 | INFO | Sampling time: 873.1 ms
2025-08-22 11:41:34,106 | INFO | Centering only: centroid=[-5.029477086115222, -6.220952324289239, 3.8090441054008966] | scale fixed to 1.000000 (no scaling)
2025-08-22 11:41:34,106 | INFO | Axis x stats (centered): min=-38.598001, mean=0.000000, std=22.647737, max=47.329782
2025-08-22 11:41:34,106 | INFO | Axis y stats (centered): min=-120.043299, mean=0.000000, std=68.436555, max=130.512817
2025-08-22 11:41:34,106 | INFO | Axis z stats (centered): min=-4.705530, mean=-0.000000, std=5.589446, max=19.007352
2025-08-22 11:41:34,106 | INFO | Centering time: 0.4 ms
2025-08-22 11:41:34,107 | INFO | PCA alignment: explained variance ratio=0.8999, 0.0956, 0.0046
2025-08-22 11:41:34,107 | INFO | Rotation matrix (columns are principal axes):
[[-0.059344 -0.996531 -0.058351]
 [-0.997603  0.061289 -0.032127]
 [ 0.035592  0.056305 -0.997779]]
2025-08-22 11:41:34,107 | INFO | Rotation matrix det=1.000000
2025-08-22 11:41:34,108 | INFO | Orientation enforcement (flat-to-neg-z): sz=-1, width_low=70.315435, width_high=58.063116 -> sx=-1, sy=1
2025-08-22 11:41:34,109 | INFO | Orientation signs diag(S)=[-1.0, 1.0, -1.0]
2025-08-22 11:41:34,109 | INFO | PCA time: 2.4 ms
2025-08-22 11:41:34,109 | INFO | Bottom alignment: bottom_q=0.20, band_q=0.05, min_z_shift=-13.627669, xy_center=[-91.63981568469299, 9.48278015295044]
2025-08-22 11:41:34,109 | INFO | Bottom leveling time: 0.7 ms | bottom_xy_center=[-91.63981568469299, 9.48278015295044]
2025-08-22 11:41:34,109 | INFO | Requested samples 4096 >= candidates 4096; returning all indices.
2025-08-22 11:41:34,110 | INFO | Final points: (4096, 3), normals: (4096, 3)
2025-08-22 11:41:34,110 | INFO | Aligned normalized AABB min=[-29.445332447956503, -53.94253856353053, 0.0] max=[222.20647777517246, 32.29466572765403, 27.308365948051517]
2025-08-22 11:41:34,110 | INFO | Final radii percentiles: p5=19.515148, p50=97.289870, p95=202.102615; centroid_norm=93.131586
2025-08-22 11:41:34,110 | INFO | Axis x stats (final): min=-29.445332, mean=91.639816, std=68.556073, max=222.206478
2025-08-22 11:41:34,110 | INFO | Axis y stats (final): min=-53.942539, mean=-9.482780, std=22.334885, max=32.294666
2025-08-22 11:41:34,110 | INFO | Axis z stats (final): min=0.000000, mean=13.627669, std=5.379743, max=27.308366
2025-08-22 11:41:34,111 | INFO | Normal lengths: min=1.000000, mean=1.000000, max=1.000000
2025-08-22 11:41:34,111 | INFO | Final FPS time: 1.2 ms
2025-08-22 11:41:34,119 | INFO | Saved bundle (npz): D:\Cursor Repos\From p2p\data\pointcloud\insoles\139_insole_R.npz | points=(4096, 3) normals=(4096, 3)
2025-08-22 11:41:34,119 | INFO | Completed successfully.
