2025-08-19 13:04:28,248 | INFO | Input STL: D:\Cursor Repos\From p2p\data\raw\insoles\139_insole_L.stl
2025-08-19 13:04:28,248 | INFO | Output log: D:\Cursor Repos\From p2p\Log\preprocess\insoles\139_insole_L.log
2025-08-19 13:04:28,248 | INFO | Parameters: num_points=4096, candidate_multiplier=4, z_low_percent=None, z_high_percent=None, seed=None
2025-08-19 13:04:28,248 | INFO | File: size_bytes=3027684, mtime=2025-08-13 14:53:33
2025-08-19 13:04:28,248 | INFO | Env: python=3.11.13, numpy=2.1.2, trimesh=4.7.4, platform=Windows-10-10.0.26100-SP0
2025-08-19 13:04:28,371 | INFO | Mesh: vertices=30278, faces=60552
2025-08-19 13:04:28,416 | INFO | Mesh surface area: 41780.735476
2025-08-19 13:04:28,442 | INFO | Mesh volume: 117365.212311
2025-08-19 13:04:28,445 | INFO | Mesh AABB min=[-42.37289810180664, -126.28009796142578, -0.9020000100135803] max=[43.62710189819336, 124.71990203857422, 22.756999969482422]
2025-08-19 13:04:28,445 | INFO | Boundary edges: 0
2025-08-19 13:04:28,445 | INFO | Load mesh time: 196.8 ms
2025-08-19 13:04:28,445 | INFO | Surface sampling: candidates=16384 (target=4096, multiplier=4)
2025-08-19 13:04:28,460 | INFO | Running Farthest Point Sampling (FPS) to enforce even spacing
2025-08-19 13:04:28,536 | INFO | FPS progress: 409/4096
2025-08-19 13:04:28,612 | INFO | FPS progress: 818/4096
2025-08-19 13:04:28,690 | INFO | FPS progress: 1227/4096
2025-08-19 13:04:28,767 | INFO | FPS progress: 1636/4096
2025-08-19 13:04:28,844 | INFO | FPS progress: 2045/4096
2025-08-19 13:04:28,925 | INFO | FPS progress: 2454/4096
2025-08-19 13:04:29,002 | INFO | FPS progress: 2863/4096
2025-08-19 13:04:29,080 | INFO | FPS progress: 3272/4096
2025-08-19 13:04:29,153 | INFO | FPS progress: 3681/4096
2025-08-19 13:04:29,229 | INFO | FPS progress: 4090/4096
2025-08-19 13:04:29,231 | INFO | Round 1: accumulated=4096, kept=4096 (100.00%), time=785.3 ms
2025-08-19 13:04:29,231 | INFO | Requested samples 4096 >= candidates 4096; returning all indices.
2025-08-19 13:04:29,231 | INFO | Sampled points: (4096, 3), normals: (4096, 3)
2025-08-19 13:04:29,231 | INFO | Sampling time: 785.8 ms
2025-08-19 13:04:29,231 | INFO | Centering only: centroid=[5.132412182627529, -6.782387005404962, 4.234045831232166] | scale fixed to 1.000000 (no scaling)
2025-08-19 13:04:29,231 | INFO | Axis x stats (centered): min=-47.448332, mean=-0.000000, std=22.745160, max=38.319061
2025-08-19 13:04:29,231 | INFO | Axis y stats (centered): min=-119.358067, mean=-0.000000, std=68.835114, max=131.166225
2025-08-19 13:04:29,231 | INFO | Axis z stats (centered): min=-5.134836, mean=0.000000, std=5.756835, max=18.519620
2025-08-19 13:04:29,231 | INFO | Centering time: 0.5 ms
2025-08-19 13:04:29,232 | INFO | PCA alignment: explained variance ratio=0.8995, 0.0955, 0.0050
2025-08-19 13:04:29,232 | INFO | Rotation matrix (columns are principal axes):
[[-0.056616  0.997074  0.051358]
 [ 0.997823  0.058251 -0.030934]
 [-0.033835  0.049495 -0.998201]]
2025-08-19 13:04:29,232 | INFO | Rotation matrix det=1.000000
2025-08-19 13:04:29,233 | INFO | Orientation enforcement: mean_nz=0.003925 -> sz=1, width_low=58.066682, width_high=72.234964 -> sx=1, sy=1
2025-08-19 13:04:29,233 | INFO | Orientation signs diag(S)=[1.0, 1.0, 1.0]
2025-08-19 13:04:29,233 | INFO | PCA time: 1.4 ms
2025-08-19 13:04:29,233 | INFO | Requested samples 4096 >= candidates 4096; returning all indices.
2025-08-19 13:04:29,233 | INFO | Final points: (4096, 3), normals: (4096, 3)
2025-08-19 13:04:29,233 | INFO | Aligned normalized AABB min=[-119.83199654940186, -44.76856559631385, -15.704069674063318] max=[131.31223723508663, 41.62424767986643, 9.743374180189955]
2025-08-19 13:04:29,233 | INFO | Final radii percentiles: p5=18.670736, p50=63.558712, p95=116.775768; centroid_norm=0.000000
2025-08-19 13:04:29,233 | INFO | Axis x stats (final): min=-119.831997, mean=-0.000000, std=68.972665, max=131.312237
2025-08-19 13:04:29,233 | INFO | Axis y stats (final): min=-44.768566, mean=-0.000000, std=22.471634, max=41.624248
2025-08-19 13:04:29,233 | INFO | Axis z stats (final): min=-15.704070, mean=-0.000000, std=5.153010, max=9.743374
2025-08-19 13:04:29,235 | INFO | Normal lengths: min=1.000000, mean=1.000000, max=1.000000
2025-08-19 13:04:29,235 | INFO | Final FPS time: 1.4 ms
2025-08-19 13:04:29,257 | INFO | Saved bundle (npz): D:\Cursor Repos\From p2p\data\pointcloud\insoles\139_insole_L.npz | points=(4096, 3) normals=(4096, 3)
2025-08-19 13:04:29,257 | INFO | Completed successfully.
