2025-08-19 13:04:35,502 | INFO | Input STL: D:\Cursor Repos\From p2p\data\raw\insoles\141_insole_R.stl
2025-08-19 13:04:35,502 | INFO | Output log: D:\Cursor Repos\From p2p\Log\preprocess\insoles\141_insole_R.log
2025-08-19 13:04:35,502 | INFO | Parameters: num_points=4096, candidate_multiplier=4, z_low_percent=None, z_high_percent=None, seed=None
2025-08-19 13:04:35,502 | INFO | File: size_bytes=2883184, mtime=2025-08-13 14:41:12
2025-08-19 13:04:35,502 | INFO | Env: python=3.11.13, numpy=2.1.2, trimesh=4.7.4, platform=Windows-10-10.0.26100-SP0
2025-08-19 13:04:35,578 | INFO | Mesh: vertices=28831, faces=57662
2025-08-19 13:04:35,614 | WARNING | Mesh is not watertight; surface sampling may include boundary artifacts
2025-08-19 13:04:35,622 | INFO | Mesh surface area: 35257.769894
2025-08-19 13:04:35,650 | INFO | Mesh volume: 89006.155696
2025-08-19 13:04:35,652 | INFO | Mesh AABB min=[-39.86040115356445, -112.01460266113281, -0.8974999785423279] max=[40.13970184326172, 110.98539733886719, 24.184099197387695]
2025-08-19 13:04:35,652 | INFO | Boundary edges: 0
2025-08-19 13:04:35,652 | INFO | Load mesh time: 149.9 ms
2025-08-19 13:04:35,652 | INFO | Surface sampling: candidates=16384 (target=4096, multiplier=4)
2025-08-19 13:04:35,670 | INFO | Running Farthest Point Sampling (FPS) to enforce even spacing
2025-08-19 13:04:35,749 | INFO | FPS progress: 409/4096
2025-08-19 13:04:35,825 | INFO | FPS progress: 818/4096
2025-08-19 13:04:35,901 | INFO | FPS progress: 1227/4096
2025-08-19 13:04:35,983 | INFO | FPS progress: 1636/4096
2025-08-19 13:04:36,065 | INFO | FPS progress: 2045/4096
2025-08-19 13:04:36,145 | INFO | FPS progress: 2454/4096
2025-08-19 13:04:36,220 | INFO | FPS progress: 2863/4096
2025-08-19 13:04:36,304 | INFO | FPS progress: 3272/4096
2025-08-19 13:04:36,388 | INFO | FPS progress: 3681/4096
2025-08-19 13:04:36,468 | INFO | FPS progress: 4090/4096
2025-08-19 13:04:36,470 | INFO | Round 1: accumulated=4096, kept=4096 (100.00%), time=818.0 ms
2025-08-19 13:04:36,471 | INFO | Requested samples 4096 >= candidates 4096; returning all indices.
2025-08-19 13:04:36,471 | INFO | Sampled points: (4096, 3), normals: (4096, 3)
2025-08-19 13:04:36,471 | INFO | Sampling time: 818.7 ms
2025-08-19 13:04:36,471 | INFO | Centering only: centroid=[-4.517169492250307, -7.046817457936492, 4.192341755099774] | scale fixed to 1.000000 (no scaling)
2025-08-19 13:04:36,471 | INFO | Axis x stats (centered): min=-35.326878, mean=-0.000000, std=21.182791, max=44.511563
2025-08-19 13:04:36,471 | INFO | Axis y stats (centered): min=-104.852925, mean=-0.000000, std=61.117645, max=117.928162
2025-08-19 13:04:36,471 | INFO | Axis z stats (centered): min=-5.088998, mean=-0.000000, std=5.941328, max=19.802322
2025-08-19 13:04:36,471 | INFO | Centering time: 0.5 ms
2025-08-19 13:04:36,472 | INFO | PCA alignment: explained variance ratio=0.8901, 0.1038, 0.0061
2025-08-19 13:04:36,472 | INFO | Rotation matrix (columns are principal axes):
[[-0.062516 -0.995475 -0.071564]
 [-0.997031  0.065521 -0.040446]
 [ 0.044952  0.068823 -0.996616]]
2025-08-19 13:04:36,472 | INFO | Rotation matrix det=1.000000
2025-08-19 13:04:36,473 | INFO | Orientation enforcement: mean_nz=0.004435 -> sz=1, width_low=66.359857, width_high=53.663339 -> sx=-1, sy=-1
2025-08-19 13:04:36,473 | INFO | Orientation signs diag(S)=[-1.0, -1.0, 1.0]
2025-08-19 13:04:36,473 | INFO | PCA time: 1.2 ms
2025-08-19 13:04:36,473 | INFO | Requested samples 4096 >= candidates 4096; returning all indices.
2025-08-19 13:04:36,473 | INFO | Final points: (4096, 3), normals: (4096, 3)
2025-08-19 13:04:36,473 | INFO | Aligned normalized AABB min=[-105.72538288917812, -38.47945478573504, -16.053432032225217] max=[117.90968385192629, 41.98393627771091, 10.508668638960819]
2025-08-19 13:04:36,474 | INFO | Final radii percentiles: p5=17.392227, p50=57.240969, p95=103.362316; centroid_norm=0.000000
2025-08-19 13:04:36,474 | INFO | Axis x stats (final): min=-105.725383, mean=-0.000000, std=61.283864, max=117.909684
2025-08-19 13:04:36,474 | INFO | Axis y stats (final): min=-38.479455, mean=-0.000000, std=20.924957, max=41.983936
2025-08-19 13:04:36,474 | INFO | Axis z stats (final): min=-16.053432, mean=0.000000, std=5.080427, max=10.508669
2025-08-19 13:04:36,474 | INFO | Normal lengths: min=1.000000, mean=1.000000, max=1.000000
2025-08-19 13:04:36,474 | INFO | Final FPS time: 1.3 ms
2025-08-19 13:04:36,489 | INFO | Saved bundle (npz): D:\Cursor Repos\From p2p\data\pointcloud\insoles\141_insole_R.npz | points=(4096, 3) normals=(4096, 3)
2025-08-19 13:04:36,489 | INFO | Completed successfully.
