2025-08-22 11:41:44,139 | INFO | Input STL: D:\Cursor Repos\From p2p\data\raw\insoles\143_insole_R.stl
2025-08-22 11:41:44,139 | INFO | Output log: D:\Cursor Repos\From p2p\Log\preprocess\insoles\143_insole_R.log
2025-08-22 11:41:44,139 | INFO | Parameters: num_points=4096, candidate_multiplier=4, z_low_percent=None, z_high_percent=None, seed=None
2025-08-22 11:41:44,139 | INFO | File: size_bytes=15589684, mtime=2025-08-07 13:51:58
2025-08-22 11:41:44,139 | INFO | Env: python=3.11.13, numpy=2.3.2, trimesh=4.7.4, platform=Windows-10-10.0.26100-SP0
2025-08-22 11:41:44,695 | INFO | Mesh: vertices=155898, faces=311792
2025-08-22 11:41:44,927 | INFO | Mesh surface area: 43589.204298
2025-08-22 11:41:45,084 | INFO | Mesh volume: 110277.667679
2025-08-22 11:41:45,103 | INFO | Mesh AABB min=[-45.04930114746094, -126.9489974975586, -0.8934999704360962] max=[44.95100021362305, 126.05139923095703, 24.401199340820312]
2025-08-22 11:41:45,103 | INFO | Boundary edges: 0
2025-08-22 11:41:45,103 | INFO | Load mesh time: 963.9 ms
2025-08-22 11:41:45,103 | INFO | Surface sampling: candidates=16384 (target=4096, multiplier=4)
2025-08-22 11:41:45,179 | INFO | Running Farthest Point Sampling (FPS) to enforce even spacing
2025-08-22 11:41:45,266 | INFO | FPS progress: 409/4096
2025-08-22 11:41:45,347 | INFO | FPS progress: 818/4096
2025-08-22 11:41:45,430 | INFO | FPS progress: 1227/4096
2025-08-22 11:41:45,506 | INFO | FPS progress: 1636/4096
2025-08-22 11:41:45,587 | INFO | FPS progress: 2045/4096
2025-08-22 11:41:45,705 | INFO | FPS progress: 2454/4096
2025-08-22 11:41:45,851 | INFO | FPS progress: 2863/4096
2025-08-22 11:41:45,947 | INFO | FPS progress: 3272/4096
2025-08-22 11:41:46,025 | INFO | FPS progress: 3681/4096
2025-08-22 11:41:46,105 | INFO | FPS progress: 4090/4096
2025-08-22 11:41:46,106 | INFO | Round 1: accumulated=4096, kept=4096 (100.00%), time=1003.0 ms
2025-08-22 11:41:46,106 | INFO | Requested samples 4096 >= candidates 4096; returning all indices.
2025-08-22 11:41:46,107 | INFO | Sampled points: (4096, 3), normals: (4096, 3)
2025-08-22 11:41:46,107 | INFO | Sampling time: 1003.4 ms
2025-08-22 11:41:46,107 | INFO | Centering only: centroid=[-5.087728847871589, -6.670343755392516, 4.002595776545382] | scale fixed to 1.000000 (no scaling)
2025-08-22 11:41:46,107 | INFO | Axis x stats (centered): min=-39.718815, mean=-0.000000, std=23.361553, max=49.806395
2025-08-22 11:41:46,107 | INFO | Axis y stats (centered): min=-120.209207, mean=0.000000, std=69.039093, max=132.626555
2025-08-22 11:41:46,107 | INFO | Axis z stats (centered): min=-4.896096, mean=-0.000000, std=5.768611, max=20.003299
2025-08-22 11:41:46,107 | INFO | Centering time: 0.5 ms
2025-08-22 11:41:46,108 | INFO | PCA alignment: explained variance ratio=0.8960, 0.0993, 0.0048
2025-08-22 11:41:46,108 | INFO | Rotation matrix (columns are principal axes):
[[-0.063393 -0.996096 -0.061427]
 [-0.997351  0.065433 -0.031786]
 [ 0.035682  0.059249 -0.997605]]
2025-08-22 11:41:46,108 | INFO | Rotation matrix det=1.000000
2025-08-22 11:41:46,109 | INFO | Orientation enforcement (flat-to-neg-z): sz=-1, width_low=75.376708, width_high=60.589121 -> sx=-1, sy=1
2025-08-22 11:41:46,109 | INFO | Orientation signs diag(S)=[-1.0, 1.0, -1.0]
2025-08-22 11:41:46,109 | INFO | PCA time: 1.6 ms
2025-08-22 11:41:46,109 | INFO | Bottom alignment: bottom_q=0.20, band_q=0.05, min_z_shift=-13.878180, xy_center=[-91.35622632020414, 10.104411337285097]
2025-08-22 11:41:46,109 | INFO | Bottom leveling time: 0.7 ms | bottom_xy_center=[-91.35622632020414, 10.104411337285097]
2025-08-22 11:41:46,110 | INFO | Requested samples 4096 >= candidates 4096; returning all indices.
2025-08-22 11:41:46,110 | INFO | Final points: (4096, 3), normals: (4096, 3)
2025-08-22 11:41:46,110 | INFO | Aligned normalized AABB min=[-29.917299787846915, -56.51417550377877, 0.0] max=[223.92772946749028, 33.26818074076867, 28.31975829377626]
2025-08-22 11:41:46,110 | INFO | Final radii percentiles: p5=19.561808, p50=97.199647, p95=203.218103; centroid_norm=92.955167
2025-08-22 11:41:46,110 | INFO | Axis x stats (final): min=-29.917300, mean=91.356226, std=69.176797, max=223.927729
2025-08-22 11:41:46,110 | INFO | Axis y stats (final): min=-56.514176, mean=-10.104411, std=23.012738, max=33.268181
2025-08-22 11:41:46,110 | INFO | Axis z stats (final): min=0.000000, mean=13.878180, std=5.515433, max=28.319758
2025-08-22 11:41:46,110 | INFO | Normal lengths: min=1.000000, mean=1.000000, max=1.000000
2025-08-22 11:41:46,110 | INFO | Final FPS time: 1.3 ms
2025-08-22 11:41:46,119 | INFO | Saved bundle (npz): D:\Cursor Repos\From p2p\data\pointcloud\insoles\143_insole_R.npz | points=(4096, 3) normals=(4096, 3)
2025-08-22 11:41:46,120 | INFO | Completed successfully.
