2025-08-22 11:41:49,267 | INFO | Input STL: D:\Cursor Repos\From p2p\data\raw\insoles\145_insole_R.stl
2025-08-22 11:41:49,267 | INFO | Output log: D:\Cursor Repos\From p2p\Log\preprocess\insoles\145_insole_R.log
2025-08-22 11:41:49,267 | INFO | Parameters: num_points=4096, candidate_multiplier=4, z_low_percent=None, z_high_percent=None, seed=None
2025-08-22 11:41:49,267 | INFO | File: size_bytes=2773784, mtime=2025-08-13 14:52:58
2025-08-22 11:41:49,267 | INFO | Env: python=3.11.13, numpy=2.3.2, trimesh=4.7.4, platform=Windows-10-10.0.26100-SP0
2025-08-22 11:41:49,345 | INFO | Mesh: vertices=27739, faces=55474
2025-08-22 11:41:49,379 | INFO | Mesh surface area: 40749.678400
2025-08-22 11:41:49,404 | INFO | Mesh volume: 104018.330261
2025-08-22 11:41:49,407 | INFO | Mesh AABB min=[-42.19960021972656, -123.90640258789062, -0.897599995136261] max=[42.80070114135742, 123.09359741210938, 23.447500228881836]
2025-08-22 11:41:49,407 | INFO | Boundary edges: 0
2025-08-22 11:41:49,407 | INFO | Load mesh time: 140.1 ms
2025-08-22 11:41:49,407 | INFO | Surface sampling: candidates=16384 (target=4096, multiplier=4)
2025-08-22 11:41:49,423 | INFO | Running Farthest Point Sampling (FPS) to enforce even spacing
2025-08-22 11:41:49,507 | INFO | FPS progress: 409/4096
2025-08-22 11:41:49,586 | INFO | FPS progress: 818/4096
2025-08-22 11:41:49,664 | INFO | FPS progress: 1227/4096
2025-08-22 11:41:49,750 | INFO | FPS progress: 1636/4096
2025-08-22 11:41:49,831 | INFO | FPS progress: 2045/4096
2025-08-22 11:41:49,917 | INFO | FPS progress: 2454/4096
2025-08-22 11:41:50,008 | INFO | FPS progress: 2863/4096
2025-08-22 11:41:50,106 | INFO | FPS progress: 3272/4096
2025-08-22 11:41:50,208 | INFO | FPS progress: 3681/4096
2025-08-22 11:41:50,299 | INFO | FPS progress: 4090/4096
2025-08-22 11:41:50,300 | INFO | Round 1: accumulated=4096, kept=4096 (100.00%), time=893.5 ms
2025-08-22 11:41:50,301 | INFO | Requested samples 4096 >= candidates 4096; returning all indices.
2025-08-22 11:41:50,301 | INFO | Sampled points: (4096, 3), normals: (4096, 3)
2025-08-22 11:41:50,301 | INFO | Sampling time: 893.9 ms
2025-08-22 11:41:50,301 | INFO | Centering only: centroid=[-4.676632067354934, -6.142885031303406, 4.090001401848943] | scale fixed to 1.000000 (no scaling)
2025-08-22 11:41:50,301 | INFO | Axis x stats (centered): min=-37.382131, mean=0.000000, std=22.353084, max=47.143508
2025-08-22 11:41:50,301 | INFO | Axis y stats (centered): min=-117.652435, mean=0.000000, std=67.522181, max=128.949718
2025-08-22 11:41:50,301 | INFO | Axis z stats (centered): min=-4.984989, mean=-0.000000, std=5.751504, max=19.187783
2025-08-22 11:41:50,301 | INFO | Centering time: 0.4 ms
2025-08-22 11:41:50,302 | INFO | PCA alignment: explained variance ratio=0.8994, 0.0956, 0.0050
2025-08-22 11:41:50,302 | INFO | Rotation matrix (columns are principal axes):
[[-0.060245 -0.99603  -0.065533]
 [-0.997524  0.062463 -0.032329]
 [ 0.036294  0.063423 -0.997327]]
2025-08-22 11:41:50,302 | INFO | Rotation matrix det=1.000000
2025-08-22 11:41:50,303 | INFO | Orientation enforcement (flat-to-neg-z): sz=-1, width_low=70.391415, width_high=57.495770 -> sx=-1, sy=1
2025-08-22 11:41:50,303 | INFO | Orientation signs diag(S)=[-1.0, 1.0, -1.0]
2025-08-22 11:41:50,303 | INFO | PCA time: 2.2 ms
2025-08-22 11:41:50,304 | INFO | Bottom alignment: bottom_q=0.20, band_q=0.05, min_z_shift=-14.169097, xy_center=[-89.00111089167358, 10.209200995107148]
2025-08-22 11:41:50,304 | INFO | Bottom leveling time: 0.6 ms | bottom_xy_center=[-89.00111089167358, 10.209200995107148]
2025-08-22 11:41:50,304 | INFO | Requested samples 4096 >= candidates 4096; returning all indices.
2025-08-22 11:41:50,304 | INFO | Final points: (4096, 3), normals: (4096, 3)
2025-08-22 11:41:50,305 | INFO | Aligned normalized AABB min=[-29.49317499988082, -54.22098562777938, 0.0] max=[217.77950323135946, 30.484862293180527, 27.224303818596297]
2025-08-22 11:41:50,305 | INFO | Final radii percentiles: p5=18.678908, p50=95.320429, p95=198.047874; centroid_norm=90.698340
2025-08-22 11:41:50,305 | INFO | Axis x stats (final): min=-29.493175, mean=89.001111, std=67.644109, max=217.779503
2025-08-22 11:41:50,305 | INFO | Axis y stats (final): min=-54.220986, mean=-10.209201, std=22.038574, max=30.484862
2025-08-22 11:41:50,305 | INFO | Axis z stats (final): min=0.000000, mean=14.169097, std=5.528188, max=27.224304
2025-08-22 11:41:50,305 | INFO | Normal lengths: min=1.000000, mean=1.000000, max=1.000000
2025-08-22 11:41:50,305 | INFO | Final FPS time: 1.2 ms
2025-08-22 11:41:50,314 | INFO | Saved bundle (npz): D:\Cursor Repos\From p2p\data\pointcloud\insoles\145_insole_R.npz | points=(4096, 3) normals=(4096, 3)
2025-08-22 11:41:50,314 | INFO | Completed successfully.
